<?xml version="1.0" encoding="UTF-8"?>
<TestRun id="23ae3c1c-cb97-4ea6-939c-cb34a49046a0" name="admin@SEM03VVM-020 2013-01-04 03:09:38" runUser="SEM03VVM-020\admin" xmlns="http://microsoft.com/schemas/VisualStudio/TeamTest/2010">
  <TestSettings name="Trace and Test Impact" id="898b9a22-3667-4088-8540-cf32376b8c1f">
    <Description>These are test settings for Trace and Test Impact.</Description>
    <RemoteController name="SEM03VVM-020" />
    <Execution location="Remote" hostProcessPlatform="MSIL">
      <TestTypeSpecific>
        <UnitTestRunConfig testTypeId="13cdc9d9-ddb5-4fa4-a97d-d965ccfc6d4b">
          <AssemblyResolution>
            <TestDirectory useLoadContext="true" />
          </AssemblyResolution>
        </UnitTestRunConfig>
        <WebTestRunConfiguration testTypeId="4e7599fa-5ecb-43e9-a887-cd63cf72d207">
          <Browser name="Internet Explorer 7.0">
            <Headers>
              <Header name="User-Agent" value="Mozilla/4.0 (compatible; MSIE 7.0; Windows NT 5.1)" />
              <Header name="Accept" value="*/*" />
              <Header name="Accept-Language" value="{{$IEAcceptLanguage}}" />
              <Header name="Accept-Encoding" value="GZIP" />
            </Headers>
          </Browser>
        </WebTestRunConfiguration>
      </TestTypeSpecific>
      <AgentRule name="LoadAgent">
        <DataCollectors>
          <DataCollector uri="datacollector://microsoft/SystemInfo/1.0" assemblyQualifiedName="Microsoft.VisualStudio.TestTools.DataCollection.SystemInfo.SystemInfoDataCollector, Microsoft.VisualStudio.TestTools.DataCollection.SystemInfo, Version=10.0.0.0, Culture=neutral, PublicKeyToken=b03f5f7f11d50a3a" friendlyName="System Information">
          </DataCollector>
          <DataCollector uri="datacollector://microsoft/HttpProxy/1.0" assemblyQualifiedName="Microsoft.VisualStudio.TraceCollector.HttpProxyCollector, Microsoft.VisualStudio.TraceCollector, Version=10.0.0.0, Culture=neutral, PublicKeyToken=b03f5f7f11d50a3a" friendlyName="ASP.NET Client Proxy for IntelliTrace and Test Impact">
          </DataCollector>
          <DataCollector uri="datacollector://microsoft/TestImpact/1.0" assemblyQualifiedName="Microsoft.VisualStudio.TraceCollector.TestImpactDataCollector, Microsoft.VisualStudio.TraceCollector, Version=10.0.0.0, Culture=neutral, PublicKeyToken=b03f5f7f11d50a3a" friendlyName="Test Impact">
          </DataCollector>
          <DataCollector uri="datacollector://microsoft/TraceDebugger/1.0" assemblyQualifiedName="Microsoft.VisualStudio.TraceCollector.TraceDebuggerDataCollector, Microsoft.VisualStudio.TraceCollector, Version=10.0.0.0, Culture=neutral, PublicKeyToken=b03f5f7f11d50a3a" friendlyName="IntelliTrace">
          </DataCollector>
        </DataCollectors>
      </AgentRule>
    </Execution>
    <Deployment runDeploymentRoot="admin_SEM03VVM-020 2013-01-04 03_09_38" />
  </TestSettings>
  <Times creation="2013-01-04T03:09:38.6657907-05:00" queuing="2013-01-04T03:09:39.1458181-05:00" start="2013-01-04T03:09:46.3522303-05:00" finish="2013-01-04T04:21:45.8412910-05:00" />
  <ResultSummary outcome="Error">
    <Counters total="1" executed="1" passed="0" error="0" failed="0" timeout="0" aborted="0" inconclusive="0" passedButRunAborted="0" notRunnable="0" notExecuted="0" disconnected="0" warning="0" completed="1" inProgress="0" pending="0" />
    <CollectorDataEntries>
      <Collector agentName="SEM03XVP-004" isFromRemoteAgent="true" uri="datacollector://microsoft/SystemInfo/1.0" collectorDisplayName="System Information">
        <UriAttachments>
          <UriAttachment>
            <A href="SEM03XVP-004\SystemInformation.xml">System Information from SEM03XVP-004</A>
          </UriAttachment>
        </UriAttachments>
      </Collector>
    </CollectorDataEntries>
    <DataCollectorMessages>
      <DataCollectorMessage timestamp="2013-01-04T07:15:55.0081859-05:00" dataCollectorUri="datacollector://microsoft/HttpProxy/1.0" dataCollectorFriendlyName="ASP.NET Client Proxy for IntelliTrace and Test Impact" agentName="SEM03XVP-004" level="Error">
        <Text>This adapter will not be used for this test run.  The following error occurred: Could not load file or assembly 'Microsoft.VisualStudio.HttpProxy, Version=10.0.0.0, Culture=neutral, PublicKeyToken=b03f5f7f11d50a3a' or one of its dependencies. An attempt was made to load a program with an incorrect format.
    </Text>
      </DataCollectorMessage>
      <DataCollectorMessage timestamp="2013-01-04T07:15:55.0576921-05:00" dataCollectorUri="datacollector://microsoft/TestImpact/1.0" dataCollectorFriendlyName="Test Impact" agentName="SEM03XVP-004" level="Warning">
        <Text>Diagnostics and data collection from IIS failed: An error occurred during website instrumentation: Internet Information Services could not be found on the machine.</Text>
      </DataCollectorMessage>
      <DataCollectorMessage timestamp="2013-01-04T08:27:59.1707848-05:00" dataCollectorUri="datacollector://microsoft/TraceDebugger/1.0" dataCollectorFriendlyName="IntelliTrace" agentName="SEM03XVP-004" level="Warning">
        <Text>Diagnostics and data collection from IIS failed: An error occurred during website instrumentation: Internet Information Services could not be found on the machine.</Text>
      </DataCollectorMessage>
    </DataCollectorMessages>
  </ResultSummary>
  <TestDefinitions>
    <WebTest name="AMS_5.99_IncentiveFetch" storage="c:\performance_test\amsproject\amsproject\ams_5.99_incentivefetch.webtest" id="2174fb59-ef6d-40fe-a700-d8319a27130a" persistedWebTest="77u/PD94bWwgdmVyc2lvbj0iMS4wIiBlbmNvZGluZz0iVVRGLTgiIHN0YW5kYWxvbmU9InllcyI/Pg0KPFdlYlRlc3QgTmFtZT0iQU1TXzUuOTlfSW5jZW50aXZlRmV0Y2giIElkPSIyMTc0ZmI1OS1lZjZkLTQwZmUtYTcwMC1kODMxOWEyNzEzMGEiIE93bmVyPSIiIFByaW9yaXR5PSIyMTQ3NDgzNjQ3IiBFbmFibGVkPSJUcnVlIiBDc3NQcm9qZWN0U3RydWN0dXJlPSIiIENzc0l0ZXJhdGlvbj0iIiBUaW1lb3V0PSIwIiBXb3JrSXRlbUlkcz0iIiB4bWxucz0iaHR0cDovL21pY3Jvc29mdC5jb20vc2NoZW1hcy9WaXN1YWxTdHVkaW8vVGVhbVRlc3QvMjAxMCIgRGVzY3JpcHRpb249IiIgQ3JlZGVudGlhbFVzZXJOYW1lPSIiIENyZWRlbnRpYWxQYXNzd29yZD0iIiBQcmVBdXRoZW50aWNhdGU9IlRydWUiIFByb3h5PSIiIFN0b3BPbkVycm9yPSJGYWxzZSIgUmVjb3JkZWRSZXN1bHRGaWxlPSJBTVNfNS45OV9JbmNlbnRpdmVGZXRjaC4xMTYxMjkzYi0zZTc3LTQ4ZTktYjAyOC1lZmQyZmI5MzVlN2YucmVjLndlYnRlc3RyZXN1bHQiPg0KICA8SXRlbXM+DQogICAgPFRyYW5zYWN0aW9uVGltZXIgTmFtZT0iQU1TX0luY3RGZXRjaF9GZXRjaCI+DQogICAgICA8SXRlbXM+DQogICAgICAgIDxDb21tZW50IENvbW1lbnRUZXh0PSJFbnRlciBVUkwiIC8+DQogICAgICAgIDxSZXF1ZXN0IE1ldGhvZD0iR0VUIiBWZXJzaW9uPSIxLjEiIFVybD0ie3tXZWJTZXJ2ZXIxfX0vY29ubmVjdG9ycy9DUEUvaW5jZW50aXZlZmV0Y2guYXNweCIgVGhpbmtUaW1lPSIyMiIgVGltZW91dD0iMzAwIiBQYXJzZURlcGVuZGVudFJlcXVlc3RzPSJUcnVlIiBGb2xsb3dSZWRpcmVjdHM9IlRydWUiIFJlY29yZFJlc3VsdD0iVHJ1ZSIgQ2FjaGU9IkZhbHNlIiBSZXNwb25zZVRpbWVHb2FsPSIwIiBFbmNvZGluZz0idXRmLTgiIEV4cGVjdGVkSHR0cFN0YXR1c0NvZGU9IjAiIEV4cGVjdGVkUmVzcG9uc2VVcmw9IiIgUmVwb3J0aW5nTmFtZT0iIj4NCiAgICAgICAgICA8UXVlcnlTdHJpbmdQYXJhbWV0ZXJzPg0KICAgICAgICAgICAgPFF1ZXJ5U3RyaW5nUGFyYW1ldGVyIE5hbWU9Im1vZGUiIFZhbHVlPSJmZXRjaCIgUmVjb3JkZWRWYWx1ZT0iZmV0Y2giIENvcnJlbGF0aW9uQmluZGluZz0iIiBVcmxFbmNvZGU9IkZhbHNlIiBVc2VUb0dyb3VwUmVzdWx0cz0iRmFsc2UiIC8+DQogICAgICAgICAgICA8UXVlcnlTdHJpbmdQYXJhbWV0ZXIgTmFtZT0ic2VyaWFsIiBWYWx1ZT0ie3tEYXRhU291cmNlMS5JbmN0RmV0Y2gjY3N2LlNlcmlhbH19IiBSZWNvcmRlZFZhbHVlPSIxIiBDb3JyZWxhdGlvbkJpbmRpbmc9IiIgVXJsRW5jb2RlPSJGYWxzZSIgVXNlVG9Hcm91cFJlc3VsdHM9IkZhbHNlIiAvPg0KICAgICAgICAgIDwvUXVlcnlTdHJpbmdQYXJhbWV0ZXJzPg0KICAgICAgICA8L1JlcXVlc3Q+DQogICAgICA8L0l0ZW1zPg0KICAgIDwvVHJhbnNhY3Rpb25UaW1lcj4NCiAgICA8VHJhbnNhY3Rpb25UaW1lciBOYW1lPSJBTVNfSW5jdEZldGNoX0FjayI+DQogICAgICA8SXRlbXM+DQogICAgICAgIDxDb21tZW50IENvbW1lbnRUZXh0PSJBY2sgbW9kZSIgLz4NCiAgICAgICAgPFJlcXVlc3QgTWV0aG9kPSJHRVQiIFZlcnNpb249IjEuMSIgVXJsPSJ7e1dlYlNlcnZlcjF9fS9jb25uZWN0b3JzL0NQRS9pbmNlbnRpdmVmZXRjaC5hc3B4IiBUaGlua1RpbWU9IjAiIFRpbWVvdXQ9IjMwMCIgUGFyc2VEZXBlbmRlbnRSZXF1ZXN0cz0iVHJ1ZSIgRm9sbG93UmVkaXJlY3RzPSJUcnVlIiBSZWNvcmRSZXN1bHQ9IlRydWUiIENhY2hlPSJGYWxzZSIgUmVzcG9uc2VUaW1lR29hbD0iMCIgRW5jb2Rpbmc9IldpbmRvd3MtMTI1MiIgRXhwZWN0ZWRIdHRwU3RhdHVzQ29kZT0iMCIgRXhwZWN0ZWRSZXNwb25zZVVybD0iIiBSZXBvcnRpbmdOYW1lPSIiPg0KICAgICAgICAgIDxWYWxpZGF0aW9uUnVsZXM+DQogICAgICAgICAgICA8VmFsaWRhdGlvblJ1bGUgQ2xhc3NuYW1lPSJNaWNyb3NvZnQuVmlzdWFsU3R1ZGlvLlRlc3RUb29scy5XZWJUZXN0aW5nLlJ1bGVzLlZhbGlkYXRpb25SdWxlRmluZFRleHQsIE1pY3Jvc29mdC5WaXN1YWxTdHVkaW8uUXVhbGl0eVRvb2xzLldlYlRlc3RGcmFtZXdvcmssIFZlcnNpb249MTAuMC4wLjAsIEN1bHR1cmU9bmV1dHJhbCwgUHVibGljS2V5VG9rZW49YjAzZjVmN2YxMWQ1MGEzYSIgRGlzcGxheU5hbWU9IkZpbmQgVGV4dCIgRGVzY3JpcHRpb249IlZlcmlmaWVzIHRoZSBleGlzdGVuY2Ugb2YgdGhlIHNwZWNpZmllZCB0ZXh0IGluIHRoZSByZXNwb25zZS4iIExldmVsPSJIaWdoIiBFeGVjdHVpb25PcmRlcj0iQmVmb3JlRGVwZW5kZW50cyI+DQogICAgICAgICAgICAgIDxSdWxlUGFyYW1ldGVycz4NCiAgICAgICAgICAgICAgICA8UnVsZVBhcmFtZXRlciBOYW1lPSJGaW5kVGV4dCIgVmFsdWU9IkFDSyIgLz4NCiAgICAgICAgICAgICAgICA8UnVsZVBhcmFtZXRlciBOYW1lPSJJZ25vcmVDYXNlIiBWYWx1ZT0iRmFsc2UiIC8+DQogICAgICAgICAgICAgICAgPFJ1bGVQYXJhbWV0ZXIgTmFtZT0iVXNlUmVndWxhckV4cHJlc3Npb24iIFZhbHVlPSJGYWxzZSIgLz4NCiAgICAgICAgICAgICAgICA8UnVsZVBhcmFtZXRlciBOYW1lPSJQYXNzSWZUZXh0Rm91bmQiIFZhbHVlPSJUcnVlIiAvPg0KICAgICAgICAgICAgICA8L1J1bGVQYXJhbWV0ZXJzPg0KICAgICAgICAgICAgPC9WYWxpZGF0aW9uUnVsZT4NCiAgICAgICAgICA8L1ZhbGlkYXRpb25SdWxlcz4NCiAgICAgICAgICA8UXVlcnlTdHJpbmdQYXJhbWV0ZXJzPg0KICAgICAgICAgICAgPFF1ZXJ5U3RyaW5nUGFyYW1ldGVyIE5hbWU9Im1vZGUiIFZhbHVlPSJhY2siIFJlY29yZGVkVmFsdWU9ImFjayIgQ29ycmVsYXRpb25CaW5kaW5nPSIiIFVybEVuY29kZT0iRmFsc2UiIFVzZVRvR3JvdXBSZXN1bHRzPSJGYWxzZSIgLz4NCiAgICAgICAgICAgIDxRdWVyeVN0cmluZ1BhcmFtZXRlciBOYW1lPSJzZXJpYWwiIFZhbHVlPSJ7e0RhdGFTb3VyY2UxLkluY3RGZXRjaCNjc3YuU2VyaWFsfX0iIFJlY29yZGVkVmFsdWU9IjEiIENvcnJlbGF0aW9uQmluZGluZz0iIiBVcmxFbmNvZGU9IkZhbHNlIiBVc2VUb0dyb3VwUmVzdWx0cz0iRmFsc2UiIC8+DQogICAgICAgICAgPC9RdWVyeVN0cmluZ1BhcmFtZXRlcnM+DQogICAgICAgIDwvUmVxdWVzdD4NCiAgICAgIDwvSXRlbXM+DQogICAgPC9UcmFuc2FjdGlvblRpbWVyPg0KICA8L0l0ZW1zPg0KICA8RGF0YVNvdXJjZXM+DQogICAgPERhdGFTb3VyY2UgTmFtZT0iRGF0YVNvdXJjZTEiIFByb3ZpZGVyPSJNaWNyb3NvZnQuVmlzdWFsU3R1ZGlvLlRlc3RUb29scy5EYXRhU291cmNlLkNTViIgQ29ubmVjdGlvbj0ifERhdGFEaXJlY3Rvcnl8XEluY3RGZXRjaC5jc3YiPg0KICAgICAgPFRhYmxlcz4NCiAgICAgICAgPERhdGFTb3VyY2VUYWJsZSBOYW1lPSJJbmN0RmV0Y2gjY3N2IiBTZWxlY3RDb2x1bW5zPSJTZWxlY3RPbmx5Qm91bmRDb2x1bW5zIiBBY2Nlc3NNZXRob2Q9IlVuaXF1ZSIgLz4NCiAgICAgIDwvVGFibGVzPg0KICAgIDwvRGF0YVNvdXJjZT4NCiAgPC9EYXRhU291cmNlcz4NCiAgPENvbnRleHRQYXJhbWV0ZXJzPg0KICAgIDxDb250ZXh0UGFyYW1ldGVyIE5hbWU9IldlYlNlcnZlcjEiIFZhbHVlPSJodHRwOi8vMTkyLjE2OC4xMDIuMjUxIiAvPg0KICA8L0NvbnRleHRQYXJhbWV0ZXJzPg0KICA8VmFsaWRhdGlvblJ1bGVzPg0KICAgIDxWYWxpZGF0aW9uUnVsZSBDbGFzc25hbWU9Ik1pY3Jvc29mdC5WaXN1YWxTdHVkaW8uVGVzdFRvb2xzLldlYlRlc3RpbmcuUnVsZXMuVmFsaWRhdGVSZXNwb25zZVVybCwgTWljcm9zb2Z0LlZpc3VhbFN0dWRpby5RdWFsaXR5VG9vbHMuV2ViVGVzdEZyYW1ld29yaywgVmVyc2lvbj0xMC4wLjAuMCwgQ3VsdHVyZT1uZXV0cmFsLCBQdWJsaWNLZXlUb2tlbj1iMDNmNWY3ZjExZDUwYTNhIiBEaXNwbGF5TmFtZT0iUmVzcG9uc2UgVVJMIiBEZXNjcmlwdGlvbj0iVmFsaWRhdGVzIHRoYXQgdGhlIHJlc3BvbnNlIFVSTCBhZnRlciByZWRpcmVjdHMgYXJlIGZvbGxvd2VkIGlzIHRoZSBzYW1lIGFzIHRoZSByZWNvcmRlZCByZXNwb25zZSBVUkwuICBRdWVyeVN0cmluZyBwYXJhbWV0ZXJzIGFyZSBpZ25vcmVkLiIgTGV2ZWw9IkxvdyIgRXhlY3R1aW9uT3JkZXI9IkJlZm9yZURlcGVuZGVudHMiIC8+DQogICAgPFZhbGlkYXRpb25SdWxlIENsYXNzbmFtZT0iTWljcm9zb2Z0LlZpc3VhbFN0dWRpby5UZXN0VG9vbHMuV2ViVGVzdGluZy5SdWxlcy5WYWxpZGF0aW9uUnVsZVJlc3BvbnNlVGltZUdvYWwsIE1pY3Jvc29mdC5WaXN1YWxTdHVkaW8uUXVhbGl0eVRvb2xzLldlYlRlc3RGcmFtZXdvcmssIFZlcnNpb249MTAuMC4wLjAsIEN1bHR1cmU9bmV1dHJhbCwgUHVibGljS2V5VG9rZW49YjAzZjVmN2YxMWQ1MGEzYSIgRGlzcGxheU5hbWU9IlJlc3BvbnNlIFRpbWUgR29hbCIgRGVzY3JpcHRpb249IlZhbGlkYXRlcyB0aGF0IHRoZSByZXNwb25zZSB0aW1lIGZvciB0aGUgcmVxdWVzdCBpcyBsZXNzIHRoYW4gb3IgZXF1YWwgdG8gdGhlIHJlc3BvbnNlIHRpbWUgZ29hbCBhcyBzcGVjaWZpZWQgb24gdGhlIHJlcXVlc3QuICBSZXNwb25zZSB0aW1lIGdvYWxzIG9mIHplcm8gd2lsbCBiZSBpZ25vcmVkLiIgTGV2ZWw9IkxvdyIgRXhlY3R1aW9uT3JkZXI9IkFmdGVyRGVwZW5kZW50cyI+DQogICAgICA8UnVsZVBhcmFtZXRlcnM+DQogICAgICAgIDxSdWxlUGFyYW1ldGVyIE5hbWU9IlRvbGVyYW5jZSIgVmFsdWU9IjAiIC8+DQogICAgICA8L1J1bGVQYXJhbWV0ZXJzPg0KICAgIDwvVmFsaWRhdGlvblJ1bGU+DQogIDwvVmFsaWRhdGlvblJ1bGVzPg0KPC9XZWJUZXN0Pg==">
    </WebTest>
    <WebTest name="AMS_5.99_EOC_AddOffer" storage="c:\performance_test\amsproject\amsproject\ams_5.99_eoc_addoffer.webtest" id="7f02b49d-7d8a-4a0a-aab0-71c9f588943b" persistedWebTest="77u/PD94bWwgdmVyc2lvbj0iMS4wIiBlbmNvZGluZz0iVVRGLTgiIHN0YW5kYWxvbmU9InllcyI/Pg0KPFdlYlRlc3QgTmFtZT0iQU1TXzUuOTlfRU9DX0FkZE9mZmVyIiBJZD0iN2YwMmI0OWQtN2Q4YS00YTBhLWFhYjAtNzFjOWY1ODg5NDNiIiBPd25lcj0iIiBQcmlvcml0eT0iMjE0NzQ4MzY0NyIgRW5hYmxlZD0iVHJ1ZSIgQ3NzUHJvamVjdFN0cnVjdHVyZT0iIiBDc3NJdGVyYXRpb249IiIgVGltZW91dD0iMCIgV29ya0l0ZW1JZHM9IiIgeG1sbnM9Imh0dHA6Ly9taWNyb3NvZnQuY29tL3NjaGVtYXMvVmlzdWFsU3R1ZGlvL1RlYW1UZXN0LzIwMTAiIERlc2NyaXB0aW9uPSIiIENyZWRlbnRpYWxVc2VyTmFtZT0iIiBDcmVkZW50aWFsUGFzc3dvcmQ9IiIgUHJlQXV0aGVudGljYXRlPSJUcnVlIiBQcm94eT0iIiBTdG9wT25FcnJvcj0iRmFsc2UiIFJlY29yZGVkUmVzdWx0RmlsZT0iV2ViVGVzdDEuNzhlOTJmODUtNDYxZS00NjRhLWE0MTgtMDMzY2NmZDk0OGQxLnJlYy53ZWJ0ZXN0cmVzdWx0Ij4NCiAgPEl0ZW1zPg0KICAgIDxUcmFuc2FjdGlvblRpbWVyIE5hbWU9IkFNU19DZW50c19PZmYiPg0KICAgICAgPEl0ZW1zPg0KICAgICAgICA8Q29tbWVudCBDb21tZW50VGV4dD0iQ2VudCBPZmYiIC8+DQogICAgICAgIDxSZXF1ZXN0IE1ldGhvZD0iUE9TVCIgVmVyc2lvbj0iMS4xIiBVcmw9Int7V2ViU2VydmVyMX19L2Nvbm5lY3RvcnMvQ1BFL0V4dGVybmFsT2ZmZXJDb25uZWN0b3IuYXNteCIgVGhpbmtUaW1lPSIwIiBUaW1lb3V0PSIzMDAiIFBhcnNlRGVwZW5kZW50UmVxdWVzdHM9IlRydWUiIEZvbGxvd1JlZGlyZWN0cz0iVHJ1ZSIgUmVjb3JkUmVzdWx0PSJUcnVlIiBDYWNoZT0iRmFsc2UiIFJlc3BvbnNlVGltZUdvYWw9IjAiIEVuY29kaW5nPSJ1dGYtOCIgRXhwZWN0ZWRIdHRwU3RhdHVzQ29kZT0iMCIgRXhwZWN0ZWRSZXNwb25zZVVybD0iIiBSZXBvcnRpbmdOYW1lPSIiPg0KICAgICAgICAgIDxIZWFkZXJzPg0KICAgICAgICAgICAgPEhlYWRlciBOYW1lPSJTT0FQQWN0aW9uIiBWYWx1ZT0iaHR0cDovL3d3dy5jb3BpZW50dGVjaC5jb20vRXh0ZXJuYWxPZmZlckNvbm5lY3Rvci9BZGRPZmZlciIgLz4NCiAgICAgICAgICA8L0hlYWRlcnM+DQogICAgICAgICAgPFZhbGlkYXRpb25SdWxlcz4NCiAgICAgICAgICAgIDxWYWxpZGF0aW9uUnVsZSBDbGFzc25hbWU9Ik1pY3Jvc29mdC5WaXN1YWxTdHVkaW8uVGVzdFRvb2xzLldlYlRlc3RpbmcuUnVsZXMuVmFsaWRhdGlvblJ1bGVGaW5kVGV4dCwgTWljcm9zb2Z0LlZpc3VhbFN0dWRpby5RdWFsaXR5VG9vbHMuV2ViVGVzdEZyYW1ld29yaywgVmVyc2lvbj0xMC4wLjAuMCwgQ3VsdHVyZT1uZXV0cmFsLCBQdWJsaWNLZXlUb2tlbj1iMDNmNWY3ZjExZDUwYTNhIiBEaXNwbGF5TmFtZT0iRmluZCBUZXh0IiBEZXNjcmlwdGlvbj0iVmVyaWZpZXMgdGhlIGV4aXN0ZW5jZSBvZiB0aGUgc3BlY2lmaWVkIHRleHQgaW4gdGhlIHJlc3BvbnNlLiIgTGV2ZWw9IkhpZ2giIEV4ZWN0dWlvbk9yZGVyPSJCZWZvcmVEZXBlbmRlbnRzIj4NCiAgICAgICAgICAgICAgPFJ1bGVQYXJhbWV0ZXJzPg0KICAgICAgICAgICAgICAgIDxSdWxlUGFyYW1ldGVyIE5hbWU9IkZpbmRUZXh0IiBWYWx1ZT0ic3VjY2Vzcz0mcXVvdDt0cnVlJnF1b3Q7IiAvPg0KICAgICAgICAgICAgICAgIDxSdWxlUGFyYW1ldGVyIE5hbWU9Iklnbm9yZUNhc2UiIFZhbHVlPSJGYWxzZSIgLz4NCiAgICAgICAgICAgICAgICA8UnVsZVBhcmFtZXRlciBOYW1lPSJVc2VSZWd1bGFyRXhwcmVzc2lvbiIgVmFsdWU9IkZhbHNlIiAvPg0KICAgICAgICAgICAgICAgIDxSdWxlUGFyYW1ldGVyIE5hbWU9IlBhc3NJZlRleHRGb3VuZCIgVmFsdWU9IlRydWUiIC8+DQogICAgICAgICAgICAgIDwvUnVsZVBhcmFtZXRlcnM+DQogICAgICAgICAgICA8L1ZhbGlkYXRpb25SdWxlPg0KICAgICAgICAgIDwvVmFsaWRhdGlvblJ1bGVzPg0KICAgICAgICAgIDxTdHJpbmdIdHRwQm9keSBDb250ZW50VHlwZT0idGV4dC94bWwiIEluc2VydEJ5dGVPcmRlck1hcms9IkZhbHNlIj5QQUEvQUhnQWJRQnNBQ0FBZGdCbEFISUFjd0JwQUc4QWJnQTlBQ0lBTVFBdUFEQUFJZ0FnQUdVQWJnQmpBRzhBWkFCcEFHNEFad0E5QUNJQWRRQjBBR1lBTFFBNEFDSUFQd0ErQUEwQUNnQThBSE1BYndCaEFIQUFPZ0JGQUc0QWRnQmxBR3dBYndCd0FHVUFJQUI0QUcwQWJBQnVBSE1BT2dCNEFITUFhUUE5QUNJQWFBQjBBSFFBY0FBNkFDOEFMd0IzQUhjQWR3QXVBSGNBTXdBdUFHOEFjZ0JuQUM4QU1nQXdBREFBTVFBdkFGZ0FUUUJNQUZNQVl3Qm9BR1VBYlFCaEFDMEFhUUJ1QUhNQWRBQmhBRzRBWXdCbEFDSUFJQUI0QUcwQWJBQnVBSE1BT2dCNEFITUFaQUE5QUNJQWFBQjBBSFFBY0FBNkFDOEFMd0IzQUhjQWR3QXVBSGNBTXdBdUFHOEFjZ0JuQUM4QU1nQXdBREFBTVFBdkFGZ0FUUUJNQUZNQVl3Qm9BR1VBYlFCaEFDSUFJQUI0QUcwQWJBQnVBSE1BT2dCekFHOEFZUUJ3QUQwQUlnQm9BSFFBZEFCd0FEb0FMd0F2QUhNQVl3Qm9BR1VBYlFCaEFITUFMZ0I0QUcwQWJBQnpBRzhBWVFCd0FDNEFid0J5QUdjQUx3QnpBRzhBWVFCd0FDOEFaUUJ1QUhZQVpRQnNBRzhBY0FCbEFDOEFJZ0ErQUEwQUNnQWdBQ0FBUEFCekFHOEFZUUJ3QURvQVFnQnZBR1FBZVFBK0FBMEFDZ0FnQUNBQUlBQWdBRHdBUVFCa0FHUUFUd0JtQUdZQVpRQnlBQ0FBZUFCdEFHd0FiZ0J6QUQwQUlnQm9BSFFBZEFCd0FEb0FMd0F2QUhjQWR3QjNBQzRBWXdCdkFIQUFhUUJsQUc0QWRBQjBBR1VBWXdCb0FDNEFZd0J2QUcwQUx3QkZBSGdBZEFCbEFISUFiZ0JoQUd3QVR3Qm1BR1lBWlFCeUFFTUFid0J1QUc0QVpRQmpBSFFBYndCeUFDOEFJZ0ErQUEwQUNnQWdBQ0FBSUFBZ0FDQUFJQUE4QUVVQWVBQjBBR1VBY2dCdUFHRUFiQUJUQUc4QWRRQnlBR01BWlFCSkFFUUFQZ0JVQUdVQWN3QjBBRk1BYndCMUFISUFZd0JsQURFQVBBQXZBRVVBZUFCMEFHVUFjZ0J1QUdFQWJBQlRBRzhBZFFCeUFHTUFaUUJKQUVRQVBnQU5BQW9BUEFCUEFHWUFaZ0JsQUhJQVdBQnRBR3dBUGdBOEFDRUFXd0JEQUVRQVFRQlVBRUVBV3dBOEFEOEFlQUJ0QUd3QUlBQjJBR1VBY2dCekFHa0Fid0J1QUQwQUlnQXhBQzRBTUFBaUFDQUFaUUJ1QUdNQWJ3QmtBR2tBYmdCbkFEMEFJZ0IxQUhRQVpnQXRBRGdBSWdBL0FENEFEUUFLQUR3QVR3Qm1BR1lBWlFCeUFDQUFlQUJ0QUd3QWJnQnpBRG9BZUFCekFHa0FQUUFpQUdnQWRBQjBBSEFBT2dBdkFDOEFkd0IzQUhjQUxnQjNBRE1BTGdCdkFISUFad0F2QURJQU1BQXdBREVBTHdCWUFFMEFUQUJUQUdNQWFBQmxBRzBBWVFBdEFHa0FiZ0J6QUhRQVlRQnVBR01BWlFBaUFDQUFlQUJ6QUdrQU9nQnVBRzhBVGdCaEFHMEFaUUJ6QUhBQVlRQmpBR1VBVXdCakFHZ0FaUUJ0QUdFQVRBQnZBR01BWVFCMEFHa0Fid0J1QUQwQUlnQkVBR2tBY3dCakFHOEFkUUJ1QUhRQVpRQmtBQzRBZUFCekFHUUFJZ0FnQUhRQWVRQndBR1VBUFFBaUFFTUFSUUJPQUZRQVV3QmZBRThBUmdCR0FDSUFQZ0FOQUFvQUlBQWdBRHdBVGdCaEFHMEFaUUErQUVNQVpRQnVBSFFBY3dBZ0FHOEFaZ0JtQUhzQWV3QkVBR0VBZEFCaEFGTUFid0IxQUhJQVl3QmxBREVBTGdCdkFHWUFaZ0JsQUhJQWN3QWpBR01BY3dCMkFDNEFRd0JsQUc0QWRBQnpBSDBBZlFBOEFDOEFUZ0JoQUcwQVpRQStBQ0FBRFFBS0FDQUFJQUE4QUVRQVpRQnpBR01BY2dCcEFIQUFkQUJwQUc4QWJnQStBRTBBZVFBZ0FFTUFaUUJ1QUhRQWN3QWdBRzhBWmdCbUFDQUFid0JtQUdZQVpRQnlBRHdBTHdCRUFHVUFjd0JqQUhJQWFRQndBSFFBYVFCdkFHNEFQZ0FnQUEwQUNnQWdBQ0FBUEFCVEFIUUFZUUJ5QUhRQVJBQmhBSFFBWlFBK0FESUFNQUF4QURJQUxRQXdBRFVBTFFBd0FERUFQQUF2QUZNQWRBQmhBSElBZEFCRUFHRUFkQUJsQUQ0QURRQUtBQ0FBSUFBOEFFVUFiZ0JrQUVRQVlRQjBBR1VBUGdBeUFEQUFNUUF5QUMwQU1RQXlBQzBBTXdBeEFEd0FMd0JGQUc0QVpBQkVBR0VBZEFCbEFENEFEUUFLQUNBQUlBQThBRU1BYUFCaEFISUFad0JsQUdJQVlRQmpBR3NBVmdCbEFHNEFaQUJ2QUhJQVF3QnZBR1FBWlFBK0FGWUFSUUJPQURFQVBBQXZBRU1BYUFCaEFISUFad0JsQUdJQVlRQmpBR3NBVmdCbEFHNEFaQUJ2QUhJQVF3QnZBR1FBWlFBK0FBMEFDZ0FnQUNBQVBBQk1BR2tBYlFCcEFIUUFjd0ErQUEwQUNnQWdBQ0FBSUFBZ0FEd0FSZ0J5QUdVQWNRQjFBR1VBYmdCakFIa0FQZ0JQQUU0QVF3QkZBRjhBVUFCRkFGSUFYd0JVQUZJQVFRQk9BRk1BUVFCREFGUUFTUUJQQUU0QVBBQXZBRVlBY2dCbEFIRUFkUUJsQUc0QVl3QjVBRDRBRFFBS0FDQUFJQUE4QUM4QVRBQnBBRzBBYVFCMEFITUFQZ0FOQUFvQUlBQWdBRHdBUXdCdkFHNEFaQUJwQUhRQWFRQnZBRzRBY3dBK0FBMEFDZ0FnQUNBQUlBQWdBQ0FBUEFCREFIVUFjd0IwQUc4QWJRQmxBSElBUGdBTkFBb0FJQUFnQUNBQUlBQWdBQ0FBSUFBOEFFTUFkUUJ6QUhRQWJ3QnRBR1VBY2dCTUFHa0Fjd0IwQUNBQWJnQmhBRzBBWlFBOUFDSUFRd0JsQUc0QWRBQnpBQ0FBVHdCbUFHWUFJQUJVQUdVQWN3QjBBQ0FBUndCeUFHOEFkUUJ3QUNJQUlBQnBBR1FBUFFBaUFDSUFQZ0E4QUNFQVd3QkRBRVFBUVFCVUFFRUFXd0F5QURBQU1BQXdBREFBTUFBd0FEQUFNQUF3QURBQU1BQXdBREFBTUFBd0FEUUFNd0EwQUN3QU1BQU5BQW9BTWdBd0FEQUFNQUF3QURBQU1BQXdBREFBTUFBd0FEQUFNQUF3QURBQU1BQTBBRE1BTlFBc0FEQUFEUUFLQURJQU1BQXdBREFBTUFBd0FEQUFNQUF3QURBQU1BQXdBREFBTUFBd0FEQUFOQUF6QURZQUxBQXdBQTBBQ2dBeUFEQUFNQUF3QURBQU1BQXdBREFBTUFBd0FEQUFNQUF3QURBQU1BQXdBRFFBTXdBM0FDd0FNQUFOQUFvQU1nQXdBREFBTUFBd0FEQUFNQUF3QURBQU1BQXdBREFBTUFBd0FEQUFNQUEwQURNQU9BQXNBREFBRFFBS0FESUFNQUF3QURBQU1BQXdBREFBTUFBd0FEQUFNQUF3QURBQU1BQXdBREFBTkFBekFEa0FMQUF3QUEwQUNnQXlBREFBTUFBd0FEQUFNQUF3QURBQU1BQXdBREFBTUFBd0FEQUFNQUF3QURRQU5BQXdBQ3dBTUFBTkFBb0FNZ0F3QURBQU1BQXdBREFBTUFBd0FEQUFNQUF3QURBQU1BQXdBREFBTUFBMEFEUUFNUUFzQURBQURRQUtBRElBTUFBd0FEQUFNQUF3QURBQU1BQXdBREFBTUFBd0FEQUFNQUF3QURBQU5BQTBBRElBTEFBd0FBMEFDZ0F5QURBQU1BQXdBREFBTUFBd0FEQUFNQUF3QURBQU1BQXdBREFBTUFBd0FEUUFOQUF6QUN3QU1BQU5BQW9BTWdBd0FEQUFNQUF3QURBQU1BQXdBREFBTUFBd0FEQUFNQUF3QURBQU1BQTBBRFFBTkFBc0FEQUFEUUFLQURJQU1BQXdBREFBTUFBd0FEQUFNQUF3QURBQU1BQXdBREFBTUFBd0FEQUFOQUEwQURVQUxBQXdBQTBBQ2dBeUFEQUFNQUF3QURBQU1BQXdBREFBTUFBd0FEQUFNQUF3QURBQU1BQXdBRFFBTkFBMkFDd0FNQUFOQUFvQU1nQXdBREFBTUFBd0FEQUFNQUF3QURBQU1BQXdBREFBTUFBd0FEQUFNQUEwQURRQU53QXNBREFBRFFBS0FESUFNQUF3QURBQU1BQXdBREFBTUFBd0FEQUFNQUF3QURBQU1BQXdBREFBTkFBMEFEZ0FMQUF3QUEwQUNnQXlBREFBTUFBd0FEQUFNQUF3QURBQU1BQXdBREFBTUFBd0FEQUFNQUF3QURRQU5BQTVBQ3dBTUFBTkFBb0FNZ0F3QURBQU1BQXdBREFBTUFBd0FEQUFNQUF3QURBQU1BQXdBREFBTUFBMEFEVUFNQUFzQURBQURRQUtBRElBTUFBd0FEQUFNQUF3QURBQU1BQXdBREFBTUFBd0FEQUFNQUF3QURBQU5BQTFBREVBTEFBd0FBMEFDZ0F5QURBQU1BQXdBREFBTUFBd0FEQUFNQUF3QURBQU1BQXdBREFBTUFBd0FEUUFOUUF5QUN3QU1BQU5BQW9BTWdBd0FEQUFNQUF3QURBQU1BQXdBREFBTUFBd0FEQUFNQUF3QURBQU1BQTBBRFVBTXdBc0FEQUFEUUFLQURJQU1BQXdBREFBTUFBd0FEQUFNQUF3QURBQU1BQXdBREFBTUFBd0FEQUFOQUExQURRQUxBQXdBQTBBQ2dBeUFEQUFNQUF3QURBQU1BQXdBREFBTUFBd0FEQUFNQUF3QURBQU1BQXdBRFFBTlFBMUFDd0FNQUFOQUFvQU1nQXdBREFBTUFBd0FEQUFNQUF3QURBQU1BQXdBREFBTUFBd0FEQUFNQUEwQURVQU5nQXNBREFBRFFBS0FESUFNQUF3QURBQU1BQXdBREFBTUFBd0FEQUFNQUF3QURBQU1BQXdBREFBTkFBMUFEY0FMQUF3QUEwQUNnQXlBREFBTUFBd0FEQUFNQUF3QURBQU1BQXdBREFBTUFBd0FEQUFNQUF3QURRQU5RQTRBQ3dBTUFBTkFBb0FNZ0F3QURBQU1BQXdBREFBTUFBd0FEQUFNQUF3QURBQU1BQXdBREFBTUFBMEFEVUFPUUFzQURBQURRQUtBRElBTUFBd0FEQUFNQUF3QURBQU1BQXdBREFBTUFBd0FEQUFNQUF3QURBQU5BQTJBREFBTEFBd0FBMEFDZ0F5QURBQU1BQXdBREFBTUFBd0FEQUFNQUF3QURBQU1BQXdBREFBTUFBd0FEUUFOZ0F4QUN3QU1BQU5BQW9BTWdBd0FEQUFNQUF3QURBQU1BQXdBREFBTUFBd0FEQUFNQUF3QURBQU1BQTBBRFlBTWdBc0FEQUFEUUFLQURJQU1BQXdBREFBTUFBd0FEQUFNQUF3QURBQU1BQXdBREFBTUFBd0FEQUFOQUEyQURNQUxBQXdBQTBBQ2dCZEFGMEFYUUJkQUQ0QVBBQWhBRnNBUXdCRUFFRUFWQUJCQUZzQVBnQThBQzhBUXdCMUFITUFkQUJ2QUcwQVpRQnlBRXdBYVFCekFIUUFQZ0FOQUFvQUlBQWdBQ0FBSUFBZ0FEd0FMd0JEQUhVQWN3QjBBRzhBYlFCbEFISUFQZ0FOQUFvQUlBQWdBQ0FBSUFBZ0FEd0FVQUJ5QUc4QVpBQjFBR01BZEFBK0FBMEFDZ0FnQUNBQUlBQWdBQ0FBSUFBOEFGQUFjZ0J2QUdRQWRRQmpBSFFBVEFCcEFITUFkQUFnQUc0QVlRQnRBR1VBUFFBaUFFTUFaUUJ1QUhRQWN3QWdBRzhBWmdCbUFDQUFRd0J2QUc0QVpBQnBBSFFBYVFCdkFHNEFZUUJzQUNBQVJ3QnlBRzhBZFFCd0FDSUFJQUIxQUc0QWFRQjBBRlFBZVFCd0FHVUFQUUFpQUVrQVZBQkZBRTBBVXdBaUFDQUFjUUIxQUdFQWJnQjBBR2tBZEFCNUFEMEFJZ0F4QUNJQUlBQnBBR1FBUFFBaUFDSUFQZ0E4QUNFQVd3QkRBRVFBUVFCVUFFRUFXd0F4QUN3QUlBQXhBQTBBQ2dBeUFDd0FNUUFOQUFvQU13QXNBREVBRFFBS0FEUUFMQUF4QUEwQUNnQTFBQ3dBTVFBTkFBb0FOZ0FzQURFQURRQUtBRGNBTEFBeEFBMEFDZ0E0QUN3QU1RQU5BQW9BT1FBc0FERUFEUUFLQURFQU1BQXNBREVBRFFBS0FGMEFYUUJkQUYwQVBnQThBQ0VBV3dCREFFUUFRUUJVQUVFQVd3QStBRHdBTHdCUUFISUFid0JrQUhVQVl3QjBBRXdBYVFCekFIUUFQZ0FOQUFvQUlBQWdBQ0FBSUFBZ0FEd0FMd0JRQUhJQWJ3QmtBSFVBWXdCMEFENEFEUUFLQUNBQUlBQThBQzhBUXdCdkFHNEFaQUJwQUhRQWFRQnZBRzRBY3dBK0FBMEFDZ0FnQUNBQVBBQlNBR1VBZHdCaEFISUFaQUJ6QUQ0QUlBQU5BQW9BSUFBZ0FDQUFJQUE4QUVRQWFRQnpBR01BYndCMUFHNEFkQUErQUEwQUNnQWdBQ0FBSUFBZ0FDQUFJQUE4QUVRQWFRQnpBR01BYndCMUFHNEFkQUJVQUhrQWNBQmxBRDRBU1FCVUFFVUFUUUJmQUV3QVJRQldBRVVBVEFBOEFDOEFSQUJwQUhNQVl3QnZBSFVBYmdCMEFGUUFlUUJ3QUdVQVBnQU5BQW9BSUFBZ0FDQUFJQUFnQUNBQVBBQlFBSElBYndCa0FIVUFZd0IwQUV3QWFRQnpBSFFBSUFCdUFHRUFiUUJsQUQwQUlnQkRBR1VBYmdCMEFITUFJQUJ2QUdZQVpnQWdBRklBWlFCM0FHRUFjZ0JrQUNBQVJ3QnlBRzhBZFFCd0FDSUFJQUJwQUdRQVBRQWlBQ0lBUGdBOEFDRUFXd0JEQUVRQVFRQlVBRUVBV3dBeEFERUFMQUFnQURFQURRQUtBREVBTWdBc0FERUFEUUFLQURFQU13QXNBREVBRFFBS0FERUFOQUFzQURFQURRQUtBREVBTlFBc0FERUFEUUFLQURFQU5nQXNBREVBRFFBS0FERUFOd0FzQURFQURRQUtBREVBT0FBc0FERUFEUUFLQURFQU9RQXNBREVBRFFBS0FESUFNQUFzQURFQURRQUtBRjBBWFFCZEFGMEFQZ0E4QUNFQVd3QkRBRVFBUVFCVUFFRUFXd0ErQUR3QUx3QlFBSElBYndCa0FIVUFZd0IwQUV3QWFRQnpBSFFBUGdBTkFBb0FJQUFnQUNBQUlBQWdBQ0FBUEFCQkFHMEFid0IxQUc0QWRBQlVBSGtBY0FCbEFENEFSZ0JKQUZnQVJRQkVBRjhBUVFCTkFFOEFWUUJPQUZRQVh3QlBBRVlBUmdBOEFDOEFRUUJ0QUc4QWRRQnVBSFFBVkFCNUFIQUFaUUErQUEwQUNnQWdBQ0FBSUFBZ0FDQUFJQUE4QUVRQWFRQnpBR01BYndCMUFHNEFkQUJCQUcwQWJ3QjFBRzRBZEFBK0FESUFMZ0E1QURrQVBBQXZBRVFBYVFCekFHTUFid0IxQUc0QWRBQkJBRzBBYndCMUFHNEFkQUErQUEwQUNnQWdBQ0FBSUFBZ0FEd0FMd0JFQUdrQWN3QmpBRzhBZFFCdUFIUUFQZ0FOQUFvQUlBQWdBRHdBTHdCU0FHVUFkd0JoQUhJQVpBQnpBRDRBRFFBS0FEd0FMd0JQQUdZQVpnQmxBSElBUGdCZEFGMEFQZ0E4QUM4QVR3Qm1BR1lBWlFCeUFGZ0FiUUJzQUQ0QURRQUtBQ0FBSUFBZ0FDQUFQQUF2QUVFQVpBQmtBRThBWmdCbUFHVUFjZ0ErQUEwQUNnQWdBQ0FBUEFBdkFITUFid0JoQUhBQU9nQkNBRzhBWkFCNUFENEFEUUFLQUR3QUx3QnpBRzhBWVFCd0FEb0FSUUJ1QUhZQVpRQnNBRzhBY0FCbEFENEE8L1N0cmluZ0h0dHBCb2R5Pg0KICAgICAgICA8L1JlcXVlc3Q+DQogICAgICA8L0l0ZW1zPg0KICAgIDwvVHJhbnNhY3Rpb25UaW1lcj4NCiAgICA8VHJhbnNhY3Rpb25UaW1lciBOYW1lPSJBTVNfRnJlZV9PZmYiPg0KICAgICAgPEl0ZW1zPg0KICAgICAgICA8Q29tbWVudCBDb21tZW50VGV4dD0iRnJlZSBvZmZlciIgLz4NCiAgICAgICAgPFJlcXVlc3QgTWV0aG9kPSJQT1NUIiBWZXJzaW9uPSIxLjEiIFVybD0ie3tXZWJTZXJ2ZXIxfX0vY29ubmVjdG9ycy9DUEUvRXh0ZXJuYWxPZmZlckNvbm5lY3Rvci5hc214IiBUaGlua1RpbWU9IjAiIFRpbWVvdXQ9IjMwMCIgUGFyc2VEZXBlbmRlbnRSZXF1ZXN0cz0iVHJ1ZSIgRm9sbG93UmVkaXJlY3RzPSJUcnVlIiBSZWNvcmRSZXN1bHQ9IlRydWUiIENhY2hlPSJGYWxzZSIgUmVzcG9uc2VUaW1lR29hbD0iMCIgRW5jb2Rpbmc9InV0Zi04IiBFeHBlY3RlZEh0dHBTdGF0dXNDb2RlPSIwIiBFeHBlY3RlZFJlc3BvbnNlVXJsPSIiIFJlcG9ydGluZ05hbWU9IiI+DQogICAgICAgICAgPEhlYWRlcnM+DQogICAgICAgICAgICA8SGVhZGVyIE5hbWU9IlNPQVBBY3Rpb24iIFZhbHVlPSJodHRwOi8vd3d3LmNvcGllbnR0ZWNoLmNvbS9FeHRlcm5hbE9mZmVyQ29ubmVjdG9yL0FkZE9mZmVyIiAvPg0KICAgICAgICAgIDwvSGVhZGVycz4NCiAgICAgICAgICA8VmFsaWRhdGlvblJ1bGVzPg0KICAgICAgICAgICAgPFZhbGlkYXRpb25SdWxlIENsYXNzbmFtZT0iTWljcm9zb2Z0LlZpc3VhbFN0dWRpby5UZXN0VG9vbHMuV2ViVGVzdGluZy5SdWxlcy5WYWxpZGF0aW9uUnVsZUZpbmRUZXh0LCBNaWNyb3NvZnQuVmlzdWFsU3R1ZGlvLlF1YWxpdHlUb29scy5XZWJUZXN0RnJhbWV3b3JrLCBWZXJzaW9uPTEwLjAuMC4wLCBDdWx0dXJlPW5ldXRyYWwsIFB1YmxpY0tleVRva2VuPWIwM2Y1ZjdmMTFkNTBhM2EiIERpc3BsYXlOYW1lPSJGaW5kIFRleHQiIERlc2NyaXB0aW9uPSJWZXJpZmllcyB0aGUgZXhpc3RlbmNlIG9mIHRoZSBzcGVjaWZpZWQgdGV4dCBpbiB0aGUgcmVzcG9uc2UuIiBMZXZlbD0iSGlnaCIgRXhlY3R1aW9uT3JkZXI9IkJlZm9yZURlcGVuZGVudHMiPg0KICAgICAgICAgICAgICA8UnVsZVBhcmFtZXRlcnM+DQogICAgICAgICAgICAgICAgPFJ1bGVQYXJhbWV0ZXIgTmFtZT0iRmluZFRleHQiIFZhbHVlPSJzdWNjZXNzPSZxdW90O3RydWUmcXVvdDsiIC8+DQogICAgICAgICAgICAgICAgPFJ1bGVQYXJhbWV0ZXIgTmFtZT0iSWdub3JlQ2FzZSIgVmFsdWU9IkZhbHNlIiAvPg0KICAgICAgICAgICAgICAgIDxSdWxlUGFyYW1ldGVyIE5hbWU9IlVzZVJlZ3VsYXJFeHByZXNzaW9uIiBWYWx1ZT0iRmFsc2UiIC8+DQogICAgICAgICAgICAgICAgPFJ1bGVQYXJhbWV0ZXIgTmFtZT0iUGFzc0lmVGV4dEZvdW5kIiBWYWx1ZT0iVHJ1ZSIgLz4NCiAgICAgICAgICAgICAgPC9SdWxlUGFyYW1ldGVycz4NCiAgICAgICAgICAgIDwvVmFsaWRhdGlvblJ1bGU+DQogICAgICAgICAgPC9WYWxpZGF0aW9uUnVsZXM+DQogICAgICAgICAgPFN0cmluZ0h0dHBCb2R5IENvbnRlbnRUeXBlPSJ0ZXh0L3htbCIgSW5zZXJ0Qnl0ZU9yZGVyTWFyaz0iRmFsc2UiPlBBQS9BSGdBYlFCc0FDQUFkZ0JsQUhJQWN3QnBBRzhBYmdBOUFDSUFNUUF1QURBQUlnQWdBR1VBYmdCakFHOEFaQUJwQUc0QVp3QTlBQ0lBZFFCMEFHWUFMUUE0QUNJQVB3QStBQTBBQ2dBOEFITUFid0JoQUhBQU9nQkZBRzRBZGdCbEFHd0Fid0J3QUdVQUlBQjRBRzBBYkFCdUFITUFPZ0I0QUhNQWFRQTlBQ0lBYUFCMEFIUUFjQUE2QUM4QUx3QjNBSGNBZHdBdUFIY0FNd0F1QUc4QWNnQm5BQzhBTWdBd0FEQUFNUUF2QUZnQVRRQk1BRk1BWXdCb0FHVUFiUUJoQUMwQWFRQnVBSE1BZEFCaEFHNEFZd0JsQUNJQUlBQjRBRzBBYkFCdUFITUFPZ0I0QUhNQVpBQTlBQ0lBYUFCMEFIUUFjQUE2QUM4QUx3QjNBSGNBZHdBdUFIY0FNd0F1QUc4QWNnQm5BQzhBTWdBd0FEQUFNUUF2QUZnQVRRQk1BRk1BWXdCb0FHVUFiUUJoQUNJQUlBQjRBRzBBYkFCdUFITUFPZ0J6QUc4QVlRQndBRDBBSWdCb0FIUUFkQUJ3QURvQUx3QXZBSE1BWXdCb0FHVUFiUUJoQUhNQUxnQjRBRzBBYkFCekFHOEFZUUJ3QUM0QWJ3QnlBR2NBTHdCekFHOEFZUUJ3QUM4QVpRQnVBSFlBWlFCc0FHOEFjQUJsQUM4QUlnQStBQTBBQ2dBZ0FDQUFQQUJ6QUc4QVlRQndBRG9BUWdCdkFHUUFlUUErQUEwQUNnQWdBQ0FBSUFBZ0FEd0FRUUJrQUdRQVR3Qm1BR1lBWlFCeUFDQUFlQUJ0QUd3QWJnQnpBRDBBSWdCb0FIUUFkQUJ3QURvQUx3QXZBSGNBZHdCM0FDNEFZd0J2QUhBQWFRQmxBRzRBZEFCMEFHVUFZd0JvQUM0QVl3QnZBRzBBTHdCRkFIZ0FkQUJsQUhJQWJnQmhBR3dBVHdCbUFHWUFaUUJ5QUVNQWJ3QnVBRzRBWlFCakFIUUFid0J5QUM4QUlnQStBQTBBQ2dBZ0FDQUFJQUFnQUNBQUlBQThBRVVBZUFCMEFHVUFjZ0J1QUdFQWJBQlRBRzhBZFFCeUFHTUFaUUJKQUVRQVBnQlVBR1VBY3dCMEFGTUFid0IxQUhJQVl3QmxBREVBUEFBdkFFVUFlQUIwQUdVQWNnQnVBR0VBYkFCVEFHOEFkUUJ5QUdNQVpRQkpBRVFBUGdBTkFBb0FQQUJQQUdZQVpnQmxBSElBV0FCdEFHd0FQZ0E4QUNFQVd3QkRBRVFBUVFCVUFFRUFXd0E4QUQ4QWVBQnRBR3dBSUFCMkFHVUFjZ0J6QUdrQWJ3QnVBRDBBSWdBeEFDNEFNQUFpQUNBQVpRQnVBR01BYndCa0FHa0FiZ0JuQUQwQUlnQjFBSFFBWmdBdEFEZ0FJZ0EvQUQ0QURRQUtBRHdBVHdCbUFHWUFaUUJ5QUNBQWRBQjVBSEFBWlFBOUFDSUFSZ0JTQUVVQVJRQWlBRDRBRFFBS0FDQUFJQUE4QUU0QVlRQnRBR1VBUGdCR0FISUFaUUJsQUNBQVNRQjBBR1VBYlFBZ0FGUUFaUUJ6QUhRQUlBQlBBR1lBWmdCbEFISUFld0I3QUVRQVlRQjBBR0VBVXdCdkFIVUFjZ0JqQUdVQU1RQXVBRzhBWmdCbUFHVUFjZ0J6QUNNQVl3QnpBSFlBTGdCR0FISUFaUUJsQUgwQWZRQThBQzhBVGdCaEFHMEFaUUErQUEwQUNnQWdBQ0FBUEFCRUFHVUFjd0JqQUhJQWFRQndBSFFBYVFCdkFHNEFQZ0JUQUdNQVlRQnVBQ0FBTlFBZ0FHa0FkQUJsQUcwQWN3QWdBR2NBWlFCMEFDQUFNZ0FnQUVZQWNnQmxBR1VBUEFBdkFFUUFaUUJ6QUdNQWNnQnBBSEFBZEFCcEFHOEFiZ0ErQUEwQUNnQWdBQ0FBUEFCVEFIUUFZUUJ5QUhRQVJBQmhBSFFBWlFBK0FESUFNQUF4QURJQUxRQXdBREVBTFFBeEFEQUFQQUF2QUZNQWRBQmhBSElBZEFCRUFHRUFkQUJsQUQ0QURRQUtBQ0FBSUFBOEFFVUFiZ0JrQUVRQVlRQjBBR1VBUGdBeUFEQUFNUUF5QUMwQU1RQXlBQzBBTXdBeEFEd0FMd0JGQUc0QVpBQkVBR0VBZEFCbEFENEFEUUFLQUNBQUlBQThBRXdBYVFCdEFHa0FkQUJ6QUQ0QURRQUtBQ0FBSUFBZ0FDQUFQQUJHQUhJQVpRQnhBSFVBWlFCdUFHTUFlUUErQUU4QVRnQkRBRVVBWHdCUUFFVUFVZ0JmQUU4QVJnQkdBRVVBVWdBOEFDOEFSZ0J5QUdVQWNRQjFBR1VBYmdCakFIa0FQZ0FOQUFvQUlBQWdBRHdBTHdCTUFHa0FiUUJwQUhRQWN3QStBQTBBQ2dBZ0FDQUFQQUJEQUc4QWJnQmtBR2tBZEFCcEFHOEFiZ0J6QUQ0QURRQUtBQ0FBSUFBZ0FDQUFQQUJEQUhVQWN3QjBBRzhBYlFCbEFISUFQZ0FOQUFvQUlBQWdBQ0FBSUFBZ0FDQUFJQUE4QUVNQWRRQnpBSFFBYndCdEFHVUFjZ0JNQUdrQWN3QjBBQ0FBYmdCaEFHMEFaUUE5QUNJQVJnQnlBR1VBWlFBZ0FFa0FkQUJsQUcwQUlBQlVBR1VBY3dCMEFDQUFSd0J5QUc4QWRRQndBQ0lBSUFCcEFHUUFQUUFpQUNJQVBnQThBQ0VBV3dCREFFUUFRUUJVQUVFQVd3QXlBREFBTUFBd0FEQUFNQUF3QURBQU1BQXdBREFBTUFBd0FEQUFNQUF3QURRQU13QTBBQ3dBTUFBTkFBb0FNZ0F3QURBQU1BQXdBREFBTUFBd0FEQUFNQUF3QURBQU1BQXdBREFBTUFBMEFETUFOUUFzQURBQURRQUtBRElBTUFBd0FEQUFNQUF3QURBQU1BQXdBREFBTUFBd0FEQUFNQUF3QURBQU5BQXpBRFlBTEFBd0FBMEFDZ0F5QURBQU1BQXdBREFBTUFBd0FEQUFNQUF3QURBQU1BQXdBREFBTUFBd0FEUUFNd0EzQUN3QU1BQU5BQW9BTWdBd0FEQUFNQUF3QURBQU1BQXdBREFBTUFBd0FEQUFNQUF3QURBQU1BQTBBRE1BT0FBc0FEQUFEUUFLQURJQU1BQXdBREFBTUFBd0FEQUFNQUF3QURBQU1BQXdBREFBTUFBd0FEQUFOQUF6QURrQUxBQXdBQTBBQ2dBeUFEQUFNQUF3QURBQU1BQXdBREFBTUFBd0FEQUFNQUF3QURBQU1BQXdBRFFBTkFBd0FDd0FNQUFOQUFvQU1nQXdBREFBTUFBd0FEQUFNQUF3QURBQU1BQXdBREFBTUFBd0FEQUFNQUEwQURRQU1RQXNBREFBRFFBS0FESUFNQUF3QURBQU1BQXdBREFBTUFBd0FEQUFNQUF3QURBQU1BQXdBREFBTkFBMEFESUFMQUF3QUEwQUNnQXlBREFBTUFBd0FEQUFNQUF3QURBQU1BQXdBREFBTUFBd0FEQUFNQUF3QURRQU5BQXpBQ3dBTUFBTkFBb0FNZ0F3QURBQU1BQXdBREFBTUFBd0FEQUFNQUF3QURBQU1BQXdBREFBTUFBMEFEUUFOQUFzQURBQURRQUtBRElBTUFBd0FEQUFNQUF3QURBQU1BQXdBREFBTUFBd0FEQUFNQUF3QURBQU5BQTBBRFVBTEFBd0FBMEFDZ0F5QURBQU1BQXdBREFBTUFBd0FEQUFNQUF3QURBQU1BQXdBREFBTUFBd0FEUUFOQUEyQUN3QU1BQU5BQW9BTWdBd0FEQUFNQUF3QURBQU1BQXdBREFBTUFBd0FEQUFNQUF3QURBQU1BQTBBRFFBTndBc0FEQUFEUUFLQURJQU1BQXdBREFBTUFBd0FEQUFNQUF3QURBQU1BQXdBREFBTUFBd0FEQUFOQUEwQURnQUxBQXdBQTBBQ2dBeUFEQUFNQUF3QURBQU1BQXdBREFBTUFBd0FEQUFNQUF3QURBQU1BQXdBRFFBTkFBNUFDd0FNQUFOQUFvQU1nQXdBREFBTUFBd0FEQUFNQUF3QURBQU1BQXdBREFBTUFBd0FEQUFNQUEwQURVQU1BQXNBREFBRFFBS0FESUFNQUF3QURBQU1BQXdBREFBTUFBd0FEQUFNQUF3QURBQU1BQXdBREFBTkFBMUFERUFMQUF3QUEwQUNnQXlBREFBTUFBd0FEQUFNQUF3QURBQU1BQXdBREFBTUFBd0FEQUFNQUF3QURRQU5RQXlBQ3dBTUFBTkFBb0FNZ0F3QURBQU1BQXdBREFBTUFBd0FEQUFNQUF3QURBQU1BQXdBREFBTUFBMEFEVUFNd0FzQURBQURRQUtBRElBTUFBd0FEQUFNQUF3QURBQU1BQXdBREFBTUFBd0FEQUFNQUF3QURBQU5BQTFBRFFBTEFBd0FBMEFDZ0F5QURBQU1BQXdBREFBTUFBd0FEQUFNQUF3QURBQU1BQXdBREFBTUFBd0FEUUFOUUExQUN3QU1BQU5BQW9BTWdBd0FEQUFNQUF3QURBQU1BQXdBREFBTUFBd0FEQUFNQUF3QURBQU1BQTBBRFVBTmdBc0FEQUFEUUFLQURJQU1BQXdBREFBTUFBd0FEQUFNQUF3QURBQU1BQXdBREFBTUFBd0FEQUFOQUExQURjQUxBQXdBQTBBQ2dBeUFEQUFNQUF3QURBQU1BQXdBREFBTUFBd0FEQUFNQUF3QURBQU1BQXdBRFFBTlFBNEFDd0FNQUFOQUFvQU1nQXdBREFBTUFBd0FEQUFNQUF3QURBQU1BQXdBREFBTUFBd0FEQUFNQUEwQURVQU9RQXNBREFBRFFBS0FESUFNQUF3QURBQU1BQXdBREFBTUFBd0FEQUFNQUF3QURBQU1BQXdBREFBTkFBMkFEQUFMQUF3QUEwQUNnQXlBREFBTUFBd0FEQUFNQUF3QURBQU1BQXdBREFBTUFBd0FEQUFNQUF3QURRQU5nQXhBQ3dBTUFBTkFBb0FNZ0F3QURBQU1BQXdBREFBTUFBd0FEQUFNQUF3QURBQU1BQXdBREFBTUFBMEFEWUFNZ0FzQURBQURRQUtBRElBTUFBd0FEQUFNQUF3QURBQU1BQXdBREFBTUFBd0FEQUFNQUF3QURBQU5BQTJBRE1BTEFBd0FBMEFDZ0JkQUYwQVhRQmRBRDRBUEFBaEFGc0FRd0JFQUVFQVZBQkJBRnNBUGdBOEFDOEFRd0IxQUhNQWRBQnZBRzBBWlFCeUFFd0FhUUJ6QUhRQVBnQU5BQW9BSUFBZ0FDQUFJQUE4QUM4QVF3QjFBSE1BZEFCdkFHMEFaUUJ5QUQ0QURRQUtBQ0FBSUFBZ0FDQUFQQUJRQUhJQWJ3QmtBSFVBWXdCMEFENEFEUUFLQUNBQUlBQWdBQ0FBSUFBZ0FEd0FVQUJ5QUc4QVpBQjFBR01BZEFCTUFHa0Fjd0IwQUNBQWJnQmhBRzBBWlFBOUFDSUFSZ0J5QUdVQVpRQWdBRWtBZEFCbEFHMEFJQUJVQUdVQWN3QjBBQ0FBUXdCdkFHNEFaQUJwQUhRQWFRQnZBRzRBWVFCc0FDQUFSd0J5QUc4QWRRQndBQ0lBSUFCMUFHNEFhUUIwQUZRQWVRQndBR1VBUFFBaUFFa0FWQUJGQUUwQVV3QWlBQ0FBY1FCMUFHRUFiZ0IwQUdrQWRBQjVBRDBBSWdBeEFDSUFJQUJwQUdRQVBRQWlBQ0lBUGdBOEFDRUFXd0JEQUVRQVFRQlVBRUVBV3dBeEFDd0FJQUF4QUEwQUNnQXlBQ3dBTVFBTkFBb0FNd0FzQURFQURRQUtBRFFBTEFBeEFBMEFDZ0ExQUN3QU1RQU5BQW9BTmdBc0FERUFEUUFLQURjQUxBQXhBQTBBQ2dBNEFDd0FNUUFOQUFvQU9RQXNBREVBRFFBS0FERUFNQUFzQURFQURRQUtBRjBBWFFCZEFGMEFQZ0E4QUNFQVd3QkRBRVFBUVFCVUFFRUFXd0ErQUR3QUx3QlFBSElBYndCa0FIVUFZd0IwQUV3QWFRQnpBSFFBUGdBTkFBb0FJQUFnQUNBQUlBQThBQzhBVUFCeUFHOEFaQUIxQUdNQWRBQStBQTBBQ2dBZ0FDQUFQQUF2QUVNQWJ3QnVBR1FBYVFCMEFHa0Fid0J1QUhNQVBnQU5BQW9BSUFBZ0FEd0FVZ0JsQUhjQVlRQnlBR1FBY3dBK0FBMEFDZ0FnQUNBQUlBQWdBRHdBUkFCcEFITUFZd0J2QUhVQWJnQjBBRDRBRFFBS0FDQUFJQUFnQUNBQUlBQWdBRHdBUkFCcEFITUFZd0J2QUhVQWJnQjBBRlFBZVFCd0FHVUFQZ0JKQUZRQVJRQk5BRjhBVEFCRkFGWUFSUUJNQUR3QUx3QkVBR2tBY3dCakFHOEFkUUJ1QUhRQVZBQjVBSEFBWlFBK0FBMEFDZ0FnQUNBQUlBQWdBQ0FBSUFBOEFGTUFZUUJ0QUdVQVFRQnpBRU1BYndCdUFHUUFhUUIwQUdrQWJ3QnVBRkFBY2dCdkFHUUFkUUJqQUhRQWN3QStBSFFBY2dCMUFHVUFQQUF2QUZNQVlRQnRBR1VBUVFCekFFTUFid0J1QUdRQWFRQjBBR2tBYndCdUFGQUFjZ0J2QUdRQWRRQmpBSFFBY3dBK0FBMEFDZ0FnQUNBQUlBQWdBQ0FBSUFBOEFFRUFiUUJ2QUhVQWJnQjBBRlFBZVFCd0FHVUFQZ0JHQUZJQVJRQkZBRHdBTHdCQkFHMEFid0IxQUc0QWRBQlVBSGtBY0FCbEFENEFEUUFLQUNBQUlBQWdBQ0FBSUFBZ0FEd0FTUUIwQUdVQWJRQk1BR2tBYlFCcEFIUUFQZ0F5QUR3QUx3QkpBSFFBWlFCdEFFd0FhUUJ0QUdrQWRBQStBQTBBQ2dBZ0FDQUFJQUFnQUR3QUx3QkVBR2tBY3dCakFHOEFkUUJ1QUhRQVBnQU5BQW9BSUFBZ0FEd0FMd0JTQUdVQWR3QmhBSElBWkFCekFENEFEUUFLQUR3QUx3QlBBR1lBWmdCbEFISUFQZ0JkQUYwQVBnQThBQzhBVHdCbUFHWUFaUUJ5QUZnQWJRQnNBRDRBRFFBS0FDQUFJQUFnQUNBQVBBQXZBRUVBWkFCa0FFOEFaZ0JtQUdVQWNnQStBQTBBQ2dBZ0FDQUFQQUF2QUhNQWJ3QmhBSEFBT2dCQ0FHOEFaQUI1QUQ0QURRQUtBRHdBTHdCekFHOEFZUUJ3QURvQVJRQnVBSFlBWlFCc0FHOEFjQUJsQUQ0QTwvU3RyaW5nSHR0cEJvZHk+DQogICAgICAgIDwvUmVxdWVzdD4NCiAgICAgIDwvSXRlbXM+DQogICAgPC9UcmFuc2FjdGlvblRpbWVyPg0KICAgIDxUcmFuc2FjdGlvblRpbWVyIE5hbWU9IkFNU19QZXJjZW50X09mZiI+DQogICAgICA8SXRlbXM+DQogICAgICAgIDxDb21tZW50IENvbW1lbnRUZXh0PSJQZXJjZW50T2ZmIiAvPg0KICAgICAgICA8UmVxdWVzdCBNZXRob2Q9IlBPU1QiIFZlcnNpb249IjEuMSIgVXJsPSJ7e1dlYlNlcnZlcjF9fS9jb25uZWN0b3JzL0NQRS9FeHRlcm5hbE9mZmVyQ29ubmVjdG9yLmFzbXgiIFRoaW5rVGltZT0iMCIgVGltZW91dD0iMzAwIiBQYXJzZURlcGVuZGVudFJlcXVlc3RzPSJUcnVlIiBGb2xsb3dSZWRpcmVjdHM9IlRydWUiIFJlY29yZFJlc3VsdD0iVHJ1ZSIgQ2FjaGU9IkZhbHNlIiBSZXNwb25zZVRpbWVHb2FsPSIwIiBFbmNvZGluZz0idXRmLTgiIEV4cGVjdGVkSHR0cFN0YXR1c0NvZGU9IjAiIEV4cGVjdGVkUmVzcG9uc2VVcmw9IiIgUmVwb3J0aW5nTmFtZT0iIj4NCiAgICAgICAgICA8SGVhZGVycz4NCiAgICAgICAgICAgIDxIZWFkZXIgTmFtZT0iU09BUEFjdGlvbiIgVmFsdWU9Imh0dHA6Ly93d3cuY29waWVudHRlY2guY29tL0V4dGVybmFsT2ZmZXJDb25uZWN0b3IvQWRkT2ZmZXIiIC8+DQogICAgICAgICAgPC9IZWFkZXJzPg0KICAgICAgICAgIDxWYWxpZGF0aW9uUnVsZXM+DQogICAgICAgICAgICA8VmFsaWRhdGlvblJ1bGUgQ2xhc3NuYW1lPSJNaWNyb3NvZnQuVmlzdWFsU3R1ZGlvLlRlc3RUb29scy5XZWJUZXN0aW5nLlJ1bGVzLlZhbGlkYXRpb25SdWxlRmluZFRleHQsIE1pY3Jvc29mdC5WaXN1YWxTdHVkaW8uUXVhbGl0eVRvb2xzLldlYlRlc3RGcmFtZXdvcmssIFZlcnNpb249MTAuMC4wLjAsIEN1bHR1cmU9bmV1dHJhbCwgUHVibGljS2V5VG9rZW49YjAzZjVmN2YxMWQ1MGEzYSIgRGlzcGxheU5hbWU9IkZpbmQgVGV4dCIgRGVzY3JpcHRpb249IlZlcmlmaWVzIHRoZSBleGlzdGVuY2Ugb2YgdGhlIHNwZWNpZmllZCB0ZXh0IGluIHRoZSByZXNwb25zZS4iIExldmVsPSJIaWdoIiBFeGVjdHVpb25PcmRlcj0iQmVmb3JlRGVwZW5kZW50cyI+DQogICAgICAgICAgICAgIDxSdWxlUGFyYW1ldGVycz4NCiAgICAgICAgICAgICAgICA8UnVsZVBhcmFtZXRlciBOYW1lPSJGaW5kVGV4dCIgVmFsdWU9InN1Y2Nlc3M9JnF1b3Q7dHJ1ZSZxdW90OyIgLz4NCiAgICAgICAgICAgICAgICA8UnVsZVBhcmFtZXRlciBOYW1lPSJJZ25vcmVDYXNlIiBWYWx1ZT0iRmFsc2UiIC8+DQogICAgICAgICAgICAgICAgPFJ1bGVQYXJhbWV0ZXIgTmFtZT0iVXNlUmVndWxhckV4cHJlc3Npb24iIFZhbHVlPSJGYWxzZSIgLz4NCiAgICAgICAgICAgICAgICA8UnVsZVBhcmFtZXRlciBOYW1lPSJQYXNzSWZUZXh0Rm91bmQiIFZhbHVlPSJUcnVlIiAvPg0KICAgICAgICAgICAgICA8L1J1bGVQYXJhbWV0ZXJzPg0KICAgICAgICAgICAgPC9WYWxpZGF0aW9uUnVsZT4NCiAgICAgICAgICA8L1ZhbGlkYXRpb25SdWxlcz4NCiAgICAgICAgICA8U3RyaW5nSHR0cEJvZHkgQ29udGVudFR5cGU9InRleHQveG1sIiBJbnNlcnRCeXRlT3JkZXJNYXJrPSJGYWxzZSI+UEFBL0FIZ0FiUUJzQUNBQWRnQmxBSElBY3dCcEFHOEFiZ0E5QUNJQU1RQXVBREFBSWdBZ0FHVUFiZ0JqQUc4QVpBQnBBRzRBWndBOUFDSUFkUUIwQUdZQUxRQTRBQ0lBUHdBK0FBMEFDZ0E4QUhNQWJ3QmhBSEFBT2dCRkFHNEFkZ0JsQUd3QWJ3QndBR1VBSUFCNEFHMEFiQUJ1QUhNQU9nQjRBSE1BYVFBOUFDSUFhQUIwQUhRQWNBQTZBQzhBTHdCM0FIY0Fkd0F1QUhjQU13QXVBRzhBY2dCbkFDOEFNZ0F3QURBQU1RQXZBRmdBVFFCTUFGTUFZd0JvQUdVQWJRQmhBQzBBYVFCdUFITUFkQUJoQUc0QVl3QmxBQ0lBSUFCNEFHMEFiQUJ1QUhNQU9nQjRBSE1BWkFBOUFDSUFhQUIwQUhRQWNBQTZBQzhBTHdCM0FIY0Fkd0F1QUhjQU13QXVBRzhBY2dCbkFDOEFNZ0F3QURBQU1RQXZBRmdBVFFCTUFGTUFZd0JvQUdVQWJRQmhBQ0lBSUFCNEFHMEFiQUJ1QUhNQU9nQnpBRzhBWVFCd0FEMEFJZ0JvQUhRQWRBQndBRG9BTHdBdkFITUFZd0JvQUdVQWJRQmhBSE1BTGdCNEFHMEFiQUJ6QUc4QVlRQndBQzRBYndCeUFHY0FMd0J6QUc4QVlRQndBQzhBWlFCdUFIWUFaUUJzQUc4QWNBQmxBQzhBSWdBK0FBMEFDZ0FnQUNBQVBBQnpBRzhBWVFCd0FEb0FRZ0J2QUdRQWVRQStBQTBBQ2dBZ0FDQUFJQUFnQUR3QVFRQmtBR1FBVHdCbUFHWUFaUUJ5QUNBQWVBQnRBR3dBYmdCekFEMEFJZ0JvQUhRQWRBQndBRG9BTHdBdkFIY0Fkd0IzQUM0QVl3QnZBSEFBYVFCbEFHNEFkQUIwQUdVQVl3Qm9BQzRBWXdCdkFHMEFMd0JGQUhnQWRBQmxBSElBYmdCaEFHd0FUd0JtQUdZQVpRQnlBRU1BYndCdUFHNEFaUUJqQUhRQWJ3QnlBQzhBSWdBK0FBMEFDZ0FnQUNBQUlBQWdBQ0FBSUFBOEFFVUFlQUIwQUdVQWNnQnVBR0VBYkFCVEFHOEFkUUJ5QUdNQVpRQkpBRVFBUGdCVUFHVUFjd0IwQUZNQWJ3QjFBSElBWXdCbEFERUFQQUF2QUVVQWVBQjBBR1VBY2dCdUFHRUFiQUJUQUc4QWRRQnlBR01BWlFCSkFFUUFQZ0FOQUFvQVBBQlBBR1lBWmdCbEFISUFXQUJ0QUd3QVBnQThBQ0VBV3dCREFFUUFRUUJVQUVFQVd3QThBRDhBZUFCdEFHd0FJQUIyQUdVQWNnQnpBR2tBYndCdUFEMEFJZ0F4QUM0QU1BQWlBQ0FBWlFCdUFHTUFid0JrQUdrQWJnQm5BRDBBSWdCMUFIUUFaZ0F0QURnQUlnQS9BRDRBRFFBS0FEd0FUd0JtQUdZQVpRQnlBQ0FBZUFCdEFHd0FiZ0J6QURvQWVBQnpBR2tBUFFBaUFHZ0FkQUIwQUhBQU9nQXZBQzhBZHdCM0FIY0FMZ0IzQURNQUxnQnZBSElBWndBdkFESUFNQUF3QURFQUx3QllBRTBBVEFCVEFHTUFhQUJsQUcwQVlRQXRBR2tBYmdCekFIUUFZUUJ1QUdNQVpRQWlBQ0FBZUFCekFHa0FPZ0J1QUc4QVRnQmhBRzBBWlFCekFIQUFZUUJqQUdVQVV3QmpBR2dBWlFCdEFHRUFUQUJ2QUdNQVlRQjBBR2tBYndCdUFEMEFJZ0JFQUdrQWN3QmpBRzhBZFFCdUFIUUFaUUJrQUM0QWVBQnpBR1FBSWdBZ0FIUUFlUUJ3QUdVQVBRQWlBRkFBUlFCU0FFTUFSUUJPQUZRQVh3QlBBRVlBUmdBaUFENEFEUUFLQUNBQUlBQThBRTRBWVFCdEFHVUFQZ0JRQUdVQWNnQmpBR1VBYmdCMEFDQUFid0JtQUdZQWV3QjdBRVFBWVFCMEFHRUFVd0J2QUhVQWNnQmpBR1VBTVFBdUFHOEFaZ0JtQUdVQWNnQnpBQ01BWXdCekFIWUFMZ0JRQUdVQWNnQmpBR1VBYmdCMEFIMEFmUUE4QUM4QVRnQmhBRzBBWlFBK0FDQUFEUUFLQUNBQUlBQThBRVFBWlFCekFHTUFjZ0JwQUhBQWRBQnBBRzhBYmdBK0FFMEFlUUFnQUZBQVpRQnlBR01BWlFCdUFIUUFJQUJ2QUdZQVpnQWdBRzhBWmdCbUFHVUFjZ0E4QUM4QVJBQmxBSE1BWXdCeUFHa0FjQUIwQUdrQWJ3QnVBRDRBSUFBTkFBb0FJQUFnQUR3QVV3QjBBR0VBY2dCMEFFUUFZUUIwQUdVQVBnQXlBREFBTVFBeUFDMEFNQUExQUMwQU1BQXhBRHdBTHdCVEFIUUFZUUJ5QUhRQVJBQmhBSFFBWlFBK0FBMEFDZ0FnQUNBQVBBQkZBRzRBWkFCRUFHRUFkQUJsQUQ0QU1nQXdBREVBTWdBdEFERUFNZ0F0QURNQU1RQThBQzhBUlFCdUFHUUFSQUJoQUhRQVpRQStBQTBBQ2dBZ0FDQUFQQUJNQUdrQWJRQnBBSFFBY3dBK0FBMEFDZ0FnQUNBQUlBQWdBRHdBUmdCeUFHVUFjUUIxQUdVQWJnQmpBSGtBUGdCUEFFNEFRd0JGQUY4QVVBQkZBRklBWHdCVUFGSUFRUUJPQUZNQVFRQkRBRlFBU1FCUEFFNEFQQUF2QUVZQWNnQmxBSEVBZFFCbEFHNEFZd0I1QUQ0QURRQUtBQ0FBSUFBOEFDOEFUQUJwQUcwQWFRQjBBSE1BUGdBTkFBb0FJQUFnQUR3QVF3QnZBRzRBWkFCcEFIUUFhUUJ2QUc0QWN3QStBQTBBQ2dBZ0FDQUFJQUFnQUNBQVBBQkRBSFVBY3dCMEFHOEFiUUJsQUhJQVBnQU5BQW9BSUFBZ0FDQUFJQUFnQUNBQUlBQThBRU1BZFFCekFIUUFid0J0QUdVQWNnQk1BR2tBY3dCMEFDQUFiZ0JoQUcwQVpRQTlBQ0lBVUFCbEFISUFZd0JsQUc0QWRBQWdBRThBWmdCbUFDQUFWQUJsQUhNQWRBQWdBRWNBY2dCdkFIVUFjQUFpQUNBQWFRQmtBRDBBSWdBaUFENEFQQUFoQUZzQVF3QkVBRUVBVkFCQkFGc0FNZ0F3QURBQU1BQXdBREFBTUFBd0FEQUFNQUF3QURBQU1BQXdBREFBTUFBMEFETUFOQUFzQURBQURRQUtBRElBTUFBd0FEQUFNQUF3QURBQU1BQXdBREFBTUFBd0FEQUFNQUF3QURBQU5BQXpBRFVBTEFBd0FBMEFDZ0F5QURBQU1BQXdBREFBTUFBd0FEQUFNQUF3QURBQU1BQXdBREFBTUFBd0FEUUFNd0EyQUN3QU1BQU5BQW9BTWdBd0FEQUFNQUF3QURBQU1BQXdBREFBTUFBd0FEQUFNQUF3QURBQU1BQTBBRE1BTndBc0FEQUFEUUFLQURJQU1BQXdBREFBTUFBd0FEQUFNQUF3QURBQU1BQXdBREFBTUFBd0FEQUFOQUF6QURnQUxBQXdBQTBBQ2dBeUFEQUFNQUF3QURBQU1BQXdBREFBTUFBd0FEQUFNQUF3QURBQU1BQXdBRFFBTXdBNUFDd0FNQUFOQUFvQU1nQXdBREFBTUFBd0FEQUFNQUF3QURBQU1BQXdBREFBTUFBd0FEQUFNQUEwQURRQU1BQXNBREFBRFFBS0FESUFNQUF3QURBQU1BQXdBREFBTUFBd0FEQUFNQUF3QURBQU1BQXdBREFBTkFBMEFERUFMQUF3QUEwQUNnQXlBREFBTUFBd0FEQUFNQUF3QURBQU1BQXdBREFBTUFBd0FEQUFNQUF3QURRQU5BQXlBQ3dBTUFBTkFBb0FNZ0F3QURBQU1BQXdBREFBTUFBd0FEQUFNQUF3QURBQU1BQXdBREFBTUFBMEFEUUFNd0FzQURBQURRQUtBRElBTUFBd0FEQUFNQUF3QURBQU1BQXdBREFBTUFBd0FEQUFNQUF3QURBQU5BQTBBRFFBTEFBd0FBMEFDZ0F5QURBQU1BQXdBREFBTUFBd0FEQUFNQUF3QURBQU1BQXdBREFBTUFBd0FEUUFOQUExQUN3QU1BQU5BQW9BTWdBd0FEQUFNQUF3QURBQU1BQXdBREFBTUFBd0FEQUFNQUF3QURBQU1BQTBBRFFBTmdBc0FEQUFEUUFLQURJQU1BQXdBREFBTUFBd0FEQUFNQUF3QURBQU1BQXdBREFBTUFBd0FEQUFOQUEwQURjQUxBQXdBQTBBQ2dBeUFEQUFNQUF3QURBQU1BQXdBREFBTUFBd0FEQUFNQUF3QURBQU1BQXdBRFFBTkFBNEFDd0FNQUFOQUFvQU1nQXdBREFBTUFBd0FEQUFNQUF3QURBQU1BQXdBREFBTUFBd0FEQUFNQUEwQURRQU9RQXNBREFBRFFBS0FESUFNQUF3QURBQU1BQXdBREFBTUFBd0FEQUFNQUF3QURBQU1BQXdBREFBTkFBMUFEQUFMQUF3QUEwQUNnQXlBREFBTUFBd0FEQUFNQUF3QURBQU1BQXdBREFBTUFBd0FEQUFNQUF3QURRQU5RQXhBQ3dBTUFBTkFBb0FNZ0F3QURBQU1BQXdBREFBTUFBd0FEQUFNQUF3QURBQU1BQXdBREFBTUFBMEFEVUFNZ0FzQURBQURRQUtBRElBTUFBd0FEQUFNQUF3QURBQU1BQXdBREFBTUFBd0FEQUFNQUF3QURBQU5BQTFBRE1BTEFBd0FBMEFDZ0F5QURBQU1BQXdBREFBTUFBd0FEQUFNQUF3QURBQU1BQXdBREFBTUFBd0FEUUFOUUEwQUN3QU1BQU5BQW9BTWdBd0FEQUFNQUF3QURBQU1BQXdBREFBTUFBd0FEQUFNQUF3QURBQU1BQTBBRFVBTlFBc0FEQUFEUUFLQURJQU1BQXdBREFBTUFBd0FEQUFNQUF3QURBQU1BQXdBREFBTUFBd0FEQUFOQUExQURZQUxBQXdBQTBBQ2dBeUFEQUFNQUF3QURBQU1BQXdBREFBTUFBd0FEQUFNQUF3QURBQU1BQXdBRFFBTlFBM0FDd0FNQUFOQUFvQU1nQXdBREFBTUFBd0FEQUFNQUF3QURBQU1BQXdBREFBTUFBd0FEQUFNQUEwQURVQU9BQXNBREFBRFFBS0FESUFNQUF3QURBQU1BQXdBREFBTUFBd0FEQUFNQUF3QURBQU1BQXdBREFBTkFBMUFEa0FMQUF3QUEwQUNnQXlBREFBTUFBd0FEQUFNQUF3QURBQU1BQXdBREFBTUFBd0FEQUFNQUF3QURRQU5nQXdBQ3dBTUFBTkFBb0FNZ0F3QURBQU1BQXdBREFBTUFBd0FEQUFNQUF3QURBQU1BQXdBREFBTUFBMEFEWUFNUUFzQURBQURRQUtBRElBTUFBd0FEQUFNQUF3QURBQU1BQXdBREFBTUFBd0FEQUFNQUF3QURBQU5BQTJBRElBTEFBd0FBMEFDZ0F5QURBQU1BQXdBREFBTUFBd0FEQUFNQUF3QURBQU1BQXdBREFBTUFBd0FEUUFOZ0F6QUN3QU1BQU5BQW9BWFFCZEFGMEFYUUErQUR3QUlRQmJBRU1BUkFCQkFGUUFRUUJiQUQ0QVBBQXZBRU1BZFFCekFIUUFid0J0QUdVQWNnQk1BR2tBY3dCMEFENEFEUUFLQUNBQUlBQWdBQ0FBSUFBOEFDOEFRd0IxQUhNQWRBQnZBRzBBWlFCeUFENEFEUUFLQUNBQUlBQWdBQ0FBSUFBOEFGQUFjZ0J2QUdRQWRRQmpBSFFBUGdBTkFBb0FJQUFnQUNBQUlBQWdBQ0FBUEFCUUFISUFid0JrQUhVQVl3QjBBRXdBYVFCekFIUUFJQUJ1QUdFQWJRQmxBRDBBSWdCUUFHVUFjZ0JqQUdVQWJnQjBBQ0FBYndCbUFHWUFJQUJEQUc4QWJnQmtBR2tBZEFCcEFHOEFiZ0JoQUd3QUlBQkhBSElBYndCMUFIQUFJZ0FnQUhVQWJnQnBBSFFBVkFCNUFIQUFaUUE5QUNJQVNRQlVBRVVBVFFCVEFDSUFJQUJ4QUhVQVlRQnVBSFFBYVFCMEFIa0FQUUFpQURFQUlnQWdBR2tBWkFBOUFDSUFJZ0ErQUR3QUlRQmJBRU1BUkFCQkFGUUFRUUJiQURFQUxBQWdBREVBRFFBS0FESUFMQUF4QUEwQUNnQXpBQ3dBTVFBTkFBb0FOQUFzQURFQURRQUtBRFVBTEFBeEFBMEFDZ0EyQUN3QU1RQU5BQW9BTndBc0FERUFEUUFLQURnQUxBQXhBQTBBQ2dBNUFDd0FNUUFOQUFvQU1RQXdBQ3dBTVFBTkFBb0FYUUJkQUYwQVhRQStBRHdBSVFCYkFFTUFSQUJCQUZRQVFRQmJBRDRBUEFBdkFGQUFjZ0J2QUdRQWRRQmpBSFFBVEFCcEFITUFkQUErQUEwQUNnQWdBQ0FBSUFBZ0FDQUFQQUF2QUZBQWNnQnZBR1FBZFFCakFIUUFQZ0FOQUFvQUlBQWdBRHdBTHdCREFHOEFiZ0JrQUdrQWRBQnBBRzhBYmdCekFENEFEUUFLQUNBQUlBQThBRklBWlFCM0FHRUFjZ0JrQUhNQVBnQWdBQTBBQ2dBZ0FDQUFJQUFnQUR3QVJBQnBBSE1BWXdCdkFIVUFiZ0IwQUQ0QURRQUtBQ0FBSUFBZ0FDQUFJQUFnQUR3QVJBQnBBSE1BWXdCdkFIVUFiZ0IwQUZRQWVRQndBR1VBUGdCSkFGUUFSUUJOQUY4QVRBQkZBRllBUlFCTUFEd0FMd0JFQUdrQWN3QmpBRzhBZFFCdUFIUUFWQUI1QUhBQVpRQStBQTBBQ2dBZ0FDQUFJQUFnQUNBQUlBQThBRkFBY2dCdkFHUUFkUUJqQUhRQVRBQnBBSE1BZEFBZ0FHNEFZUUJ0QUdVQVBRQWlBRkFBWlFCeUFHTUFaUUJ1QUhRQUlBQnZBR1lBWmdBZ0FGSUFaUUIzQUdFQWNnQmtBQ0FBUndCeUFHOEFkUUJ3QUNJQUlBQnBBR1FBUFFBaUFDSUFQZ0E4QUNFQVd3QkRBRVFBUVFCVUFFRUFXd0F4QURFQUxBQWdBREVBRFFBS0FERUFNZ0FzQURFQURRQUtBREVBTXdBc0FERUFEUUFLQURFQU5BQXNBREVBRFFBS0FERUFOUUFzQURFQURRQUtBREVBTmdBc0FERUFEUUFLQURFQU53QXNBREVBRFFBS0FERUFPQUFzQURFQURRQUtBREVBT1FBc0FERUFEUUFLQURJQU1BQXNBREVBRFFBS0FGMEFYUUJkQUYwQVBnQThBQ0VBV3dCREFFUUFRUUJVQUVFQVd3QStBRHdBTHdCUUFISUFid0JrQUhVQVl3QjBBRXdBYVFCekFIUUFQZ0FOQUFvQUlBQWdBQ0FBSUFBZ0FDQUFQQUJCQUcwQWJ3QjFBRzRBZEFCVUFIa0FjQUJsQUQ0QVVBQkZBRklBUXdCRkFFNEFWQUJmQUU4QVJnQkdBRHdBTHdCQkFHMEFid0IxQUc0QWRBQlVBSGtBY0FCbEFENEFEUUFLQUNBQUlBQWdBQ0FBSUFBZ0FEd0FSQUJwQUhNQVl3QnZBSFVBYmdCMEFFRUFiUUJ2QUhVQWJnQjBBRDRBTVFBd0FEd0FMd0JFQUdrQWN3QmpBRzhBZFFCdUFIUUFRUUJ0QUc4QWRRQnVBSFFBUGdBTkFBb0FJQUFnQUNBQUlBQThBQzhBUkFCcEFITUFZd0J2QUhVQWJnQjBBRDRBRFFBS0FDQUFJQUE4QUM4QVVnQmxBSGNBWVFCeUFHUUFjd0ErQUEwQUNnQThBQzhBVHdCbUFHWUFaUUJ5QUQ0QVhRQmRBRDRBUEFBdkFFOEFaZ0JtQUdVQWNnQllBRzBBYkFBK0FBMEFDZ0FnQUNBQUlBQWdBRHdBTHdCQkFHUUFaQUJQQUdZQVpnQmxBSElBUGdBTkFBb0FJQUFnQUR3QUx3QnpBRzhBWVFCd0FEb0FRZ0J2QUdRQWVRQStBQTBBQ2dBOEFDOEFjd0J2QUdFQWNBQTZBRVVBYmdCMkFHVUFiQUJ2QUhBQVpRQStBQT09PC9TdHJpbmdIdHRwQm9keT4NCiAgICAgICAgPC9SZXF1ZXN0Pg0KICAgICAgPC9JdGVtcz4NCiAgICA8L1RyYW5zYWN0aW9uVGltZXI+DQogICAgPFRyYW5zYWN0aW9uVGltZXIgTmFtZT0iQU1TX1ByaWNlX3BudF9XdF9Wb2wiPg0KICAgICAgPEl0ZW1zPg0KICAgICAgICA8Q29tbWVudCBDb21tZW50VGV4dD0iUHJpY2VwbnRvZmZlciIgLz4NCiAgICAgICAgPFJlcXVlc3QgTWV0aG9kPSJQT1NUIiBWZXJzaW9uPSIxLjEiIFVybD0ie3tXZWJTZXJ2ZXIxfX0vY29ubmVjdG9ycy9DUEUvRXh0ZXJuYWxPZmZlckNvbm5lY3Rvci5hc214IiBUaGlua1RpbWU9IjAiIFRpbWVvdXQ9IjMwMCIgUGFyc2VEZXBlbmRlbnRSZXF1ZXN0cz0iVHJ1ZSIgRm9sbG93UmVkaXJlY3RzPSJUcnVlIiBSZWNvcmRSZXN1bHQ9IlRydWUiIENhY2hlPSJGYWxzZSIgUmVzcG9uc2VUaW1lR29hbD0iMCIgRW5jb2Rpbmc9InV0Zi04IiBFeHBlY3RlZEh0dHBTdGF0dXNDb2RlPSIwIiBFeHBlY3RlZFJlc3BvbnNlVXJsPSIiIFJlcG9ydGluZ05hbWU9IiI+DQogICAgICAgICAgPEhlYWRlcnM+DQogICAgICAgICAgICA8SGVhZGVyIE5hbWU9IlNPQVBBY3Rpb24iIFZhbHVlPSJodHRwOi8vd3d3LmNvcGllbnR0ZWNoLmNvbS9FeHRlcm5hbE9mZmVyQ29ubmVjdG9yL0FkZE9mZmVyIiAvPg0KICAgICAgICAgIDwvSGVhZGVycz4NCiAgICAgICAgICA8VmFsaWRhdGlvblJ1bGVzPg0KICAgICAgICAgICAgPFZhbGlkYXRpb25SdWxlIENsYXNzbmFtZT0iTWljcm9zb2Z0LlZpc3VhbFN0dWRpby5UZXN0VG9vbHMuV2ViVGVzdGluZy5SdWxlcy5WYWxpZGF0aW9uUnVsZUZpbmRUZXh0LCBNaWNyb3NvZnQuVmlzdWFsU3R1ZGlvLlF1YWxpdHlUb29scy5XZWJUZXN0RnJhbWV3b3JrLCBWZXJzaW9uPTEwLjAuMC4wLCBDdWx0dXJlPW5ldXRyYWwsIFB1YmxpY0tleVRva2VuPWIwM2Y1ZjdmMTFkNTBhM2EiIERpc3BsYXlOYW1lPSJGaW5kIFRleHQiIERlc2NyaXB0aW9uPSJWZXJpZmllcyB0aGUgZXhpc3RlbmNlIG9mIHRoZSBzcGVjaWZpZWQgdGV4dCBpbiB0aGUgcmVzcG9uc2UuIiBMZXZlbD0iSGlnaCIgRXhlY3R1aW9uT3JkZXI9IkJlZm9yZURlcGVuZGVudHMiPg0KICAgICAgICAgICAgICA8UnVsZVBhcmFtZXRlcnM+DQogICAgICAgICAgICAgICAgPFJ1bGVQYXJhbWV0ZXIgTmFtZT0iRmluZFRleHQiIFZhbHVlPSJzdWNjZXNzPSZxdW90O3RydWUmcXVvdDsiIC8+DQogICAgICAgICAgICAgICAgPFJ1bGVQYXJhbWV0ZXIgTmFtZT0iSWdub3JlQ2FzZSIgVmFsdWU9IkZhbHNlIiAvPg0KICAgICAgICAgICAgICAgIDxSdWxlUGFyYW1ldGVyIE5hbWU9IlVzZVJlZ3VsYXJFeHByZXNzaW9uIiBWYWx1ZT0iRmFsc2UiIC8+DQogICAgICAgICAgICAgICAgPFJ1bGVQYXJhbWV0ZXIgTmFtZT0iUGFzc0lmVGV4dEZvdW5kIiBWYWx1ZT0iVHJ1ZSIgLz4NCiAgICAgICAgICAgICAgPC9SdWxlUGFyYW1ldGVycz4NCiAgICAgICAgICAgIDwvVmFsaWRhdGlvblJ1bGU+DQogICAgICAgICAgPC9WYWxpZGF0aW9uUnVsZXM+DQogICAgICAgICAgPFN0cmluZ0h0dHBCb2R5IENvbnRlbnRUeXBlPSJ0ZXh0L3htbCIgSW5zZXJ0Qnl0ZU9yZGVyTWFyaz0iRmFsc2UiPlBBQS9BSGdBYlFCc0FDQUFkZ0JsQUhJQWN3QnBBRzhBYmdBOUFDSUFNUUF1QURBQUlnQWdBR1VBYmdCakFHOEFaQUJwQUc0QVp3QTlBQ0lBZFFCMEFHWUFMUUE0QUNJQVB3QStBQTBBQ2dBOEFITUFid0JoQUhBQU9nQkZBRzRBZGdCbEFHd0Fid0J3QUdVQUlBQjRBRzBBYkFCdUFITUFPZ0I0QUhNQWFRQTlBQ0lBYUFCMEFIUUFjQUE2QUM4QUx3QjNBSGNBZHdBdUFIY0FNd0F1QUc4QWNnQm5BQzhBTWdBd0FEQUFNUUF2QUZnQVRRQk1BRk1BWXdCb0FHVUFiUUJoQUMwQWFRQnVBSE1BZEFCaEFHNEFZd0JsQUNJQUlBQjRBRzBBYkFCdUFITUFPZ0I0QUhNQVpBQTlBQ0lBYUFCMEFIUUFjQUE2QUM4QUx3QjNBSGNBZHdBdUFIY0FNd0F1QUc4QWNnQm5BQzhBTWdBd0FEQUFNUUF2QUZnQVRRQk1BRk1BWXdCb0FHVUFiUUJoQUNJQUlBQjRBRzBBYkFCdUFITUFPZ0J6QUc4QVlRQndBRDBBSWdCb0FIUUFkQUJ3QURvQUx3QXZBSE1BWXdCb0FHVUFiUUJoQUhNQUxnQjRBRzBBYkFCekFHOEFZUUJ3QUM0QWJ3QnlBR2NBTHdCekFHOEFZUUJ3QUM4QVpRQnVBSFlBWlFCc0FHOEFjQUJsQUM4QUlnQStBQTBBQ2dBZ0FDQUFQQUJ6QUc4QVlRQndBRG9BUWdCdkFHUUFlUUErQUEwQUNnQWdBQ0FBSUFBZ0FEd0FRUUJrQUdRQVR3Qm1BR1lBWlFCeUFDQUFlQUJ0QUd3QWJnQnpBRDBBSWdCb0FIUUFkQUJ3QURvQUx3QXZBSGNBZHdCM0FDNEFZd0J2QUhBQWFRQmxBRzRBZEFCMEFHVUFZd0JvQUM0QVl3QnZBRzBBTHdCRkFIZ0FkQUJsQUhJQWJnQmhBR3dBVHdCbUFHWUFaUUJ5QUVNQWJ3QnVBRzRBWlFCakFIUUFid0J5QUM4QUlnQStBQTBBQ2dBZ0FDQUFJQUFnQUNBQUlBQThBRVVBZUFCMEFHVUFjZ0J1QUdFQWJBQlRBRzhBZFFCeUFHTUFaUUJKQUVRQVBnQlVBR1VBY3dCMEFGTUFid0IxQUhJQVl3QmxBREVBUEFBdkFFVUFlQUIwQUdVQWNnQnVBR0VBYkFCVEFHOEFkUUJ5QUdNQVpRQkpBRVFBUGdBTkFBb0FQQUJQQUdZQVpnQmxBSElBV0FCdEFHd0FQZ0E4QUNFQVd3QkRBRVFBUVFCVUFFRUFXd0E4QUQ4QWVBQnRBR3dBSUFCMkFHVUFjZ0J6QUdrQWJ3QnVBRDBBSWdBeEFDNEFNQUFpQUNBQVpRQnVBR01BYndCa0FHa0FiZ0JuQUQwQUlnQjFBSFFBWmdBdEFEZ0FJZ0EvQUQ0QURRQUtBRHdBVHdCbUFHWUFaUUJ5QUNBQWVBQnRBR3dBYmdCekFEb0FlQUJ6QUdrQVBRQWlBR2dBZEFCMEFIQUFPZ0F2QUM4QWR3QjNBSGNBTGdCM0FETUFMZ0J2QUhJQVp3QXZBRElBTUFBd0FERUFMd0JZQUUwQVRBQlRBR01BYUFCbEFHMEFZUUF0QUdrQWJnQnpBSFFBWVFCdUFHTUFaUUFpQUNBQWVBQnpBR2tBT2dCdUFHOEFUZ0JoQUcwQVpRQnpBSEFBWVFCakFHVUFVd0JqQUdnQVpRQnRBR0VBVEFCdkFHTUFZUUIwQUdrQWJ3QnVBRDBBSWdCRUFHa0Fjd0JqQUc4QWRRQnVBSFFBWlFCa0FDNEFlQUJ6QUdRQUlnQWdBSFFBZVFCd0FHVUFQUUFpQUZBQVVnQkpBRU1BUlFCZkFGQUFUd0JKQUU0QVZBQmZBRmNBUlFCSkFFY0FTQUJVQUY4QVZnQlBBRXdBVlFCTkFFVUFJZ0ErQUEwQUNnQWdBQ0FBUEFCT0FHRUFiUUJsQUQ0QVVBQnlBR2tBWXdCbEFDQUFVQUJ2QUdrQWJnQjBBQ0FBVndCMEFDNEFJQUJXQUc4QWJBQXVBSHNBZXdCRUFHRUFkQUJoQUZNQWJ3QjFBSElBWXdCbEFERUFMZ0J2QUdZQVpnQmxBSElBY3dBakFHTUFjd0IyQUM0QVVBQnlBR2tBWXdCbEFGQUFkQUI5QUgwQVBBQXZBRTRBWVFCdEFHVUFQZ0FnQUEwQUNnQWdBQ0FBUEFCRUFHVUFjd0JqQUhJQWFRQndBSFFBYVFCdkFHNEFQZ0JOQUhrQUlBQlFBSElBYVFCakFHVUFJQUJRQUc4QWFRQnVBSFFBSUFCM0FHVUFhUUJuQUdnQWRBQWdBSFlBYndCc0FIVUFiUUJsQUNBQWJ3Qm1BR1lBWlFCeUFEd0FMd0JFQUdVQWN3QmpBSElBYVFCd0FIUUFhUUJ2QUc0QVBnQWdBQTBBQ2dBZ0FDQUFQQUJUQUhRQVlRQnlBSFFBUkFCaEFIUUFaUUErQURJQU1BQXhBRElBTFFBd0FEVUFMUUF3QURFQVBBQXZBRk1BZEFCaEFISUFkQUJFQUdFQWRBQmxBRDRBRFFBS0FDQUFJQUE4QUVVQWJnQmtBRVFBWVFCMEFHVUFQZ0F5QURBQU1RQXlBQzBBTVFBeUFDMEFNd0F4QUR3QUx3QkZBRzRBWkFCRUFHRUFkQUJsQUQ0QURRQUtBQ0FBSUFBOEFFd0FhUUJ0QUdrQWRBQnpBRDRBRFFBS0FDQUFJQUFnQUNBQVBBQkdBSElBWlFCeEFIVUFaUUJ1QUdNQWVRQStBRThBVGdCREFFVUFYd0JRQUVVQVVnQmZBRlFBVWdCQkFFNEFVd0JCQUVNQVZBQkpBRThBVGdBOEFDOEFSZ0J5QUdVQWNRQjFBR1VBYmdCakFIa0FQZ0FOQUFvQUlBQWdBRHdBTHdCTUFHa0FiUUJwQUhRQWN3QStBQTBBQ2dBZ0FDQUFQQUJEQUc4QWJnQmtBR2tBZEFCcEFHOEFiZ0J6QUQ0QURRQUtBQ0FBSUFBZ0FDQUFJQUE4QUVNQWRRQnpBSFFBYndCdEFHVUFjZ0ErQUEwQUNnQWdBQ0FBSUFBZ0FDQUFJQUFnQUR3QVF3QjFBSE1BZEFCdkFHMEFaUUJ5QUV3QWFRQnpBSFFBSUFCdUFHRUFiUUJsQUQwQUlnQlFBRkFBSUFCWEFIUUFJQUJXQUc4QWJBQWdBRlFBWlFCekFIUUFJQUJIQUhJQWJ3QjFBSEFBSWdBZ0FHa0FaQUE5QUNJQUlnQStBRHdBSVFCYkFFTUFSQUJCQUZRQVFRQmJBRElBTUFBd0FEQUFNQUF3QURBQU1BQXdBREFBTUFBd0FEQUFNQUF3QURBQU5BQXpBRFFBTEFBd0FBMEFDZ0F5QURBQU1BQXdBREFBTUFBd0FEQUFNQUF3QURBQU1BQXdBREFBTUFBd0FEUUFNd0ExQUN3QU1BQU5BQW9BTWdBd0FEQUFNQUF3QURBQU1BQXdBREFBTUFBd0FEQUFNQUF3QURBQU1BQTBBRE1BTmdBc0FEQUFEUUFLQURJQU1BQXdBREFBTUFBd0FEQUFNQUF3QURBQU1BQXdBREFBTUFBd0FEQUFOQUF6QURjQUxBQXdBQTBBQ2dBeUFEQUFNQUF3QURBQU1BQXdBREFBTUFBd0FEQUFNQUF3QURBQU1BQXdBRFFBTXdBNEFDd0FNQUFOQUFvQU1nQXdBREFBTUFBd0FEQUFNQUF3QURBQU1BQXdBREFBTUFBd0FEQUFNQUEwQURNQU9RQXNBREFBRFFBS0FESUFNQUF3QURBQU1BQXdBREFBTUFBd0FEQUFNQUF3QURBQU1BQXdBREFBTkFBMEFEQUFMQUF3QUEwQUNnQXlBREFBTUFBd0FEQUFNQUF3QURBQU1BQXdBREFBTUFBd0FEQUFNQUF3QURRQU5BQXhBQ3dBTUFBTkFBb0FNZ0F3QURBQU1BQXdBREFBTUFBd0FEQUFNQUF3QURBQU1BQXdBREFBTUFBMEFEUUFNZ0FzQURBQURRQUtBRElBTUFBd0FEQUFNQUF3QURBQU1BQXdBREFBTUFBd0FEQUFNQUF3QURBQU5BQTBBRE1BTEFBd0FBMEFDZ0F5QURBQU1BQXdBREFBTUFBd0FEQUFNQUF3QURBQU1BQXdBREFBTUFBd0FEUUFOQUEwQUN3QU1BQU5BQW9BTWdBd0FEQUFNQUF3QURBQU1BQXdBREFBTUFBd0FEQUFNQUF3QURBQU1BQTBBRFFBTlFBc0FEQUFEUUFLQURJQU1BQXdBREFBTUFBd0FEQUFNQUF3QURBQU1BQXdBREFBTUFBd0FEQUFOQUEwQURZQUxBQXdBQTBBQ2dBeUFEQUFNQUF3QURBQU1BQXdBREFBTUFBd0FEQUFNQUF3QURBQU1BQXdBRFFBTkFBM0FDd0FNQUFOQUFvQU1nQXdBREFBTUFBd0FEQUFNQUF3QURBQU1BQXdBREFBTUFBd0FEQUFNQUEwQURRQU9BQXNBREFBRFFBS0FESUFNQUF3QURBQU1BQXdBREFBTUFBd0FEQUFNQUF3QURBQU1BQXdBREFBTkFBMEFEa0FMQUF3QUEwQUNnQXlBREFBTUFBd0FEQUFNQUF3QURBQU1BQXdBREFBTUFBd0FEQUFNQUF3QURRQU5RQXdBQ3dBTUFBTkFBb0FNZ0F3QURBQU1BQXdBREFBTUFBd0FEQUFNQUF3QURBQU1BQXdBREFBTUFBMEFEVUFNUUFzQURBQURRQUtBRElBTUFBd0FEQUFNQUF3QURBQU1BQXdBREFBTUFBd0FEQUFNQUF3QURBQU5BQTFBRElBTEFBd0FBMEFDZ0F5QURBQU1BQXdBREFBTUFBd0FEQUFNQUF3QURBQU1BQXdBREFBTUFBd0FEUUFOUUF6QUN3QU1BQU5BQW9BTWdBd0FEQUFNQUF3QURBQU1BQXdBREFBTUFBd0FEQUFNQUF3QURBQU1BQTBBRFVBTkFBc0FEQUFEUUFLQURJQU1BQXdBREFBTUFBd0FEQUFNQUF3QURBQU1BQXdBREFBTUFBd0FEQUFOQUExQURVQUxBQXdBQTBBQ2dBeUFEQUFNQUF3QURBQU1BQXdBREFBTUFBd0FEQUFNQUF3QURBQU1BQXdBRFFBTlFBMkFDd0FNQUFOQUFvQU1nQXdBREFBTUFBd0FEQUFNQUF3QURBQU1BQXdBREFBTUFBd0FEQUFNQUEwQURVQU53QXNBREFBRFFBS0FESUFNQUF3QURBQU1BQXdBREFBTUFBd0FEQUFNQUF3QURBQU1BQXdBREFBTkFBMUFEZ0FMQUF3QUEwQUNnQXlBREFBTUFBd0FEQUFNQUF3QURBQU1BQXdBREFBTUFBd0FEQUFNQUF3QURRQU5RQTVBQ3dBTUFBTkFBb0FNZ0F3QURBQU1BQXdBREFBTUFBd0FEQUFNQUF3QURBQU1BQXdBREFBTUFBMEFEWUFNQUFzQURBQURRQUtBRElBTUFBd0FEQUFNQUF3QURBQU1BQXdBREFBTUFBd0FEQUFNQUF3QURBQU5BQTJBREVBTEFBd0FBMEFDZ0F5QURBQU1BQXdBREFBTUFBd0FEQUFNQUF3QURBQU1BQXdBREFBTUFBd0FEUUFOZ0F5QUN3QU1BQU5BQW9BTWdBd0FEQUFNQUF3QURBQU1BQXdBREFBTUFBd0FEQUFNQUF3QURBQU1BQTBBRFlBTXdBc0FEQUFEUUFLQUYwQVhRQmRBRjBBUGdBOEFDRUFXd0JEQUVRQVFRQlVBRUVBV3dBK0FEd0FMd0JEQUhVQWN3QjBBRzhBYlFCbEFISUFUQUJwQUhNQWRBQStBQTBBQ2dBZ0FDQUFJQUFnQUNBQVBBQXZBRU1BZFFCekFIUUFid0J0QUdVQWNnQStBQTBBQ2dBZ0FDQUFJQUFnQUNBQVBBQlFBSElBYndCa0FIVUFZd0IwQUQ0QURRQUtBQ0FBSUFBZ0FDQUFJQUFnQUR3QVVBQnlBRzhBWkFCMUFHTUFkQUJNQUdrQWN3QjBBQ0FBYmdCaEFHMEFaUUE5QUNJQVVBQlFBQ0FBVndCMEFDQUFWZ0J2QUd3QUlBQkRBRzhBYmdCa0FHa0FkQUJwQUc4QWJnQmhBR3dBSUFCSEFISUFid0IxQUhBQUlnQWdBSFVBYmdCcEFIUUFWQUI1QUhBQVpRQTlBQ0lBU1FCVUFFVUFUUUJUQUNJQUlBQnhBSFVBWVFCdUFIUUFhUUIwQUhrQVBRQWlBREVBSWdBZ0FHa0FaQUE5QUNJQUlnQStBRHdBSVFCYkFFTUFSQUJCQUZRQVFRQmJBREVBTEFBZ0FERUFEUUFLQURJQUxBQXhBQTBBQ2dBekFDd0FNUUFOQUFvQU5BQXNBREVBRFFBS0FEVUFMQUF4QUEwQUNnQTJBQ3dBTVFBTkFBb0FOd0FzQURFQURRQUtBRGdBTEFBeEFBMEFDZ0E1QUN3QU1RQU5BQW9BTVFBd0FDd0FNUUFOQUFvQVhRQmRBRjBBWFFBK0FEd0FJUUJiQUVNQVJBQkJBRlFBUVFCYkFENEFQQUF2QUZBQWNnQnZBR1FBZFFCakFIUUFUQUJwQUhNQWRBQStBQTBBQ2dBZ0FDQUFJQUFnQUNBQVBBQXZBRkFBY2dCdkFHUUFkUUJqQUhRQVBnQU5BQW9BSUFBZ0FEd0FMd0JEQUc4QWJnQmtBR2tBZEFCcEFHOEFiZ0J6QUQ0QURRQUtBQ0FBSUFBOEFGSUFaUUIzQUdFQWNnQmtBSE1BUGdBZ0FBMEFDZ0FnQUNBQUlBQWdBRHdBUkFCcEFITUFZd0J2QUhVQWJnQjBBRDRBRFFBS0FDQUFJQUFnQUNBQUlBQWdBRHdBUkFCcEFITUFZd0J2QUhVQWJnQjBBRlFBZVFCd0FHVUFQZ0JKQUZRQVJRQk5BRjhBVEFCRkFGWUFSUUJNQUR3QUx3QkVBR2tBY3dCakFHOEFkUUJ1QUhRQVZBQjVBSEFBWlFBK0FBMEFDZ0FnQUNBQUlBQWdBQ0FBSUFBOEFGQUFjZ0J2QUdRQWRRQmpBSFFBVEFCcEFITUFkQUFnQUc0QVlRQnRBR1VBUFFBaUFGQUFVQUFnQUZjQWRBQWdBRllBYndCc0FDQUFid0JtQUdZQUlBQlNBR1VBZHdCaEFISUFaQUFnQUVjQWNnQnZBSFVBY0FBaUFDQUFhUUJrQUQwQUlnQWlBRDRBUEFBaEFGc0FRd0JFQUVFQVZBQkJBRnNBTVFBeEFDd0FJQUF4QUEwQUNnQXhBRElBTEFBeEFBMEFDZ0F4QURNQUxBQXhBQTBBQ2dBeEFEUUFMQUF4QUEwQUNnQXhBRFVBTEFBeEFBMEFDZ0F4QURZQUxBQXhBQTBBQ2dBeEFEY0FMQUF4QUEwQUNnQXhBRGdBTEFBeEFBMEFDZ0F4QURrQUxBQXhBQTBBQ2dBeUFEQUFMQUF4QUEwQUNnQmRBRjBBWFFCZEFENEFQQUFoQUZzQVF3QkVBRUVBVkFCQkFGc0FQZ0E4QUM4QVVBQnlBRzhBWkFCMUFHTUFkQUJNQUdrQWN3QjBBRDRBRFFBS0FDQUFJQUFnQUNBQUlBQWdBRHdBUVFCdEFHOEFkUUJ1QUhRQVZBQjVBSEFBWlFBK0FGQUFVZ0JKQUVNQVJRQmZBRkFBVHdCSkFFNEFWQUJmQUZjQVJRQkpBRWNBU0FCVUFGOEFWZ0JQQUV3QVZRQk5BRVVBUEFBdkFFRUFiUUJ2QUhVQWJnQjBBRlFBZVFCd0FHVUFQZ0FOQUFvQUlBQWdBQ0FBSUFBZ0FDQUFQQUJFQUdrQWN3QmpBRzhBZFFCdUFIUUFRUUJ0QUc4QWRRQnVBSFFBUGdBeUFDNEFPUUE1QUR3QUx3QkVBR2tBY3dCakFHOEFkUUJ1QUhRQVFRQnRBRzhBZFFCdUFIUUFQZ0FOQUFvQUlBQWdBQ0FBSUFBZ0FDQUFQQUJYQUdVQWFRQm5BR2dBZEFCV0FHOEFiQUIxQUcwQVpRQk1BR2tBYlFCcEFIUUFQZ0F4QURBQUxnQXdBREVBUEFBdkFGY0FaUUJwQUdjQWFBQjBBRllBYndCc0FIVUFiUUJsQUV3QWFRQnRBR2tBZEFBK0FDQUFEUUFLQUNBQUlBQWdBQ0FBUEFBdkFFUUFhUUJ6QUdNQWJ3QjFBRzRBZEFBK0FBMEFDZ0FnQUNBQVBBQXZBRklBWlFCM0FHRUFjZ0JrQUhNQVBnQU5BQW9BUEFBdkFFOEFaZ0JtQUdVQWNnQStBRjBBWFFBK0FEd0FMd0JQQUdZQVpnQmxBSElBV0FCdEFHd0FQZ0FOQUFvQUlBQWdBQ0FBSUFBOEFDOEFRUUJrQUdRQVR3Qm1BR1lBWlFCeUFENEFEUUFLQUNBQUlBQThBQzhBY3dCdkFHRUFjQUE2QUVJQWJ3QmtBSGtBUGdBTkFBb0FQQUF2QUhNQWJ3QmhBSEFBT2dCRkFHNEFkZ0JsQUd3QWJ3QndBR1VBUGdBPTwvU3RyaW5nSHR0cEJvZHk+DQogICAgICAgIDwvUmVxdWVzdD4NCiAgICAgIDwvSXRlbXM+DQogICAgPC9UcmFuc2FjdGlvblRpbWVyPg0KICAgIDxUcmFuc2FjdGlvblRpbWVyIE5hbWU9IkFNU19QcmljZV9wbnRfSXRlbXNfT2ZmIj4NCiAgICAgIDxJdGVtcz4NCiAgICAgICAgPENvbW1lbnQgQ29tbWVudFRleHQ9IlByaWNlcG50aXRlbXNvZmZlciIgLz4NCiAgICAgICAgPFJlcXVlc3QgTWV0aG9kPSJQT1NUIiBWZXJzaW9uPSIxLjEiIFVybD0ie3tXZWJTZXJ2ZXIxfX0vY29ubmVjdG9ycy9DUEUvRXh0ZXJuYWxPZmZlckNvbm5lY3Rvci5hc214IiBUaGlua1RpbWU9IjAiIFRpbWVvdXQ9IjMwMCIgUGFyc2VEZXBlbmRlbnRSZXF1ZXN0cz0iVHJ1ZSIgRm9sbG93UmVkaXJlY3RzPSJUcnVlIiBSZWNvcmRSZXN1bHQ9IlRydWUiIENhY2hlPSJGYWxzZSIgUmVzcG9uc2VUaW1lR29hbD0iMCIgRW5jb2Rpbmc9InV0Zi04IiBFeHBlY3RlZEh0dHBTdGF0dXNDb2RlPSIwIiBFeHBlY3RlZFJlc3BvbnNlVXJsPSIiIFJlcG9ydGluZ05hbWU9IiI+DQogICAgICAgICAgPEhlYWRlcnM+DQogICAgICAgICAgICA8SGVhZGVyIE5hbWU9IlNPQVBBY3Rpb24iIFZhbHVlPSJodHRwOi8vd3d3LmNvcGllbnR0ZWNoLmNvbS9FeHRlcm5hbE9mZmVyQ29ubmVjdG9yL0FkZE9mZmVyIiAvPg0KICAgICAgICAgIDwvSGVhZGVycz4NCiAgICAgICAgICA8VmFsaWRhdGlvblJ1bGVzPg0KICAgICAgICAgICAgPFZhbGlkYXRpb25SdWxlIENsYXNzbmFtZT0iTWljcm9zb2Z0LlZpc3VhbFN0dWRpby5UZXN0VG9vbHMuV2ViVGVzdGluZy5SdWxlcy5WYWxpZGF0aW9uUnVsZUZpbmRUZXh0LCBNaWNyb3NvZnQuVmlzdWFsU3R1ZGlvLlF1YWxpdHlUb29scy5XZWJUZXN0RnJhbWV3b3JrLCBWZXJzaW9uPTEwLjAuMC4wLCBDdWx0dXJlPW5ldXRyYWwsIFB1YmxpY0tleVRva2VuPWIwM2Y1ZjdmMTFkNTBhM2EiIERpc3BsYXlOYW1lPSJGaW5kIFRleHQiIERlc2NyaXB0aW9uPSJWZXJpZmllcyB0aGUgZXhpc3RlbmNlIG9mIHRoZSBzcGVjaWZpZWQgdGV4dCBpbiB0aGUgcmVzcG9uc2UuIiBMZXZlbD0iSGlnaCIgRXhlY3R1aW9uT3JkZXI9IkJlZm9yZURlcGVuZGVudHMiPg0KICAgICAgICAgICAgICA8UnVsZVBhcmFtZXRlcnM+DQogICAgICAgICAgICAgICAgPFJ1bGVQYXJhbWV0ZXIgTmFtZT0iRmluZFRleHQiIFZhbHVlPSJzdWNjZXNzPSZxdW90O3RydWUmcXVvdDsiIC8+DQogICAgICAgICAgICAgICAgPFJ1bGVQYXJhbWV0ZXIgTmFtZT0iSWdub3JlQ2FzZSIgVmFsdWU9IkZhbHNlIiAvPg0KICAgICAgICAgICAgICAgIDxSdWxlUGFyYW1ldGVyIE5hbWU9IlVzZVJlZ3VsYXJFeHByZXNzaW9uIiBWYWx1ZT0iRmFsc2UiIC8+DQogICAgICAgICAgICAgICAgPFJ1bGVQYXJhbWV0ZXIgTmFtZT0iUGFzc0lmVGV4dEZvdW5kIiBWYWx1ZT0iVHJ1ZSIgLz4NCiAgICAgICAgICAgICAgPC9SdWxlUGFyYW1ldGVycz4NCiAgICAgICAgICAgIDwvVmFsaWRhdGlvblJ1bGU+DQogICAgICAgICAgPC9WYWxpZGF0aW9uUnVsZXM+DQogICAgICAgICAgPFN0cmluZ0h0dHBCb2R5IENvbnRlbnRUeXBlPSJ0ZXh0L3htbCIgSW5zZXJ0Qnl0ZU9yZGVyTWFyaz0iRmFsc2UiPlBBQS9BSGdBYlFCc0FDQUFkZ0JsQUhJQWN3QnBBRzhBYmdBOUFDSUFNUUF1QURBQUlnQWdBR1VBYmdCakFHOEFaQUJwQUc0QVp3QTlBQ0lBZFFCMEFHWUFMUUE0QUNJQVB3QStBQTBBQ2dBOEFITUFid0JoQUhBQU9nQkZBRzRBZGdCbEFHd0Fid0J3QUdVQUlBQjRBRzBBYkFCdUFITUFPZ0I0QUhNQWFRQTlBQ0lBYUFCMEFIUUFjQUE2QUM4QUx3QjNBSGNBZHdBdUFIY0FNd0F1QUc4QWNnQm5BQzhBTWdBd0FEQUFNUUF2QUZnQVRRQk1BRk1BWXdCb0FHVUFiUUJoQUMwQWFRQnVBSE1BZEFCaEFHNEFZd0JsQUNJQUlBQjRBRzBBYkFCdUFITUFPZ0I0QUhNQVpBQTlBQ0lBYUFCMEFIUUFjQUE2QUM4QUx3QjNBSGNBZHdBdUFIY0FNd0F1QUc4QWNnQm5BQzhBTWdBd0FEQUFNUUF2QUZnQVRRQk1BRk1BWXdCb0FHVUFiUUJoQUNJQUlBQjRBRzBBYkFCdUFITUFPZ0J6QUc4QVlRQndBRDBBSWdCb0FIUUFkQUJ3QURvQUx3QXZBSE1BWXdCb0FHVUFiUUJoQUhNQUxnQjRBRzBBYkFCekFHOEFZUUJ3QUM0QWJ3QnlBR2NBTHdCekFHOEFZUUJ3QUM4QVpRQnVBSFlBWlFCc0FHOEFjQUJsQUM4QUlnQStBQTBBQ2dBZ0FDQUFQQUJ6QUc4QVlRQndBRG9BUWdCdkFHUUFlUUErQUEwQUNnQWdBQ0FBSUFBZ0FEd0FRUUJrQUdRQVR3Qm1BR1lBWlFCeUFDQUFlQUJ0QUd3QWJnQnpBRDBBSWdCb0FIUUFkQUJ3QURvQUx3QXZBSGNBZHdCM0FDNEFZd0J2QUhBQWFRQmxBRzRBZEFCMEFHVUFZd0JvQUM0QVl3QnZBRzBBTHdCRkFIZ0FkQUJsQUhJQWJnQmhBR3dBVHdCbUFHWUFaUUJ5QUVNQWJ3QnVBRzRBWlFCakFIUUFid0J5QUM4QUlnQStBQTBBQ2dBZ0FDQUFJQUFnQUNBQUlBQThBRVVBZUFCMEFHVUFjZ0J1QUdFQWJBQlRBRzhBZFFCeUFHTUFaUUJKQUVRQVBnQlVBR1VBY3dCMEFGTUFid0IxQUhJQVl3QmxBREVBUEFBdkFFVUFlQUIwQUdVQWNnQnVBR0VBYkFCVEFHOEFkUUJ5QUdNQVpRQkpBRVFBUGdBTkFBb0FQQUJQQUdZQVpnQmxBSElBV0FCdEFHd0FQZ0E4QUNFQVd3QkRBRVFBUVFCVUFFRUFXd0E4QUQ4QWVBQnRBR3dBSUFCMkFHVUFjZ0J6QUdrQWJ3QnVBRDBBSWdBeEFDNEFNQUFpQUNBQVpRQnVBR01BYndCa0FHa0FiZ0JuQUQwQUlnQjFBSFFBWmdBdEFEZ0FJZ0EvQUQ0QURRQUtBRHdBVHdCbUFHWUFaUUJ5QUNBQWVBQnRBR3dBYmdCekFEb0FlQUJ6QUdrQVBRQWlBR2dBZEFCMEFIQUFPZ0F2QUM4QWR3QjNBSGNBTGdCM0FETUFMZ0J2QUhJQVp3QXZBRElBTUFBd0FERUFMd0JZQUUwQVRBQlRBR01BYUFCbEFHMEFZUUF0QUdrQWJnQnpBSFFBWVFCdUFHTUFaUUFpQUNBQWVBQnpBR2tBT2dCdUFHOEFUZ0JoQUcwQVpRQnpBSEFBWVFCakFHVUFVd0JqQUdnQVpRQnRBR0VBVEFCdkFHTUFZUUIwQUdrQWJ3QnVBRDBBSWdCRUFHa0Fjd0JqQUc4QWRRQnVBSFFBWlFCa0FDNEFlQUJ6QUdRQUlnQWdBSFFBZVFCd0FHVUFQUUFpQUZBQVVnQkpBRU1BUlFCZkFGQUFUd0JKQUU0QVZBQmZBRWtBVkFCRkFFMEFVd0FpQUQ0QURRQUtBQ0FBSUFBOEFFNEFZUUJ0QUdVQVBnQkZBRThBUXdBZ0FGQUFjZ0JwQUdNQVpRQWdBRkFBYndCcEFHNEFkQUFnQUU4QVpnQm1BR1VBY2dCN0FIc0FSQUJoQUhRQVlRQlRBRzhBZFFCeUFHTUFaUUF4QUM0QWJ3Qm1BR1lBWlFCeUFITUFJd0JqQUhNQWRnQXVBRVVBVUFCeUFHa0FZd0JsQUZBQWRBQjlBSDBBUEFBdkFFNEFZUUJ0QUdVQVBnQWdBQTBBQ2dBZ0FDQUFQQUJFQUdVQWN3QmpBSElBYVFCd0FIUUFhUUJ2QUc0QVBnQk5BSGtBSUFCUUFISUFhUUJqQUdVQUlBQlFBRzhBYVFCdUFIUUFJQUJ2QUdZQVpnQmxBSElBUEFBdkFFUUFaUUJ6QUdNQWNnQnBBSEFBZEFCcEFHOEFiZ0ErQUNBQURRQUtBQ0FBSUFBOEFGTUFkQUJoQUhJQWRBQkVBR0VBZEFCbEFENEFNZ0F3QURFQU1nQXRBREFBTVFBdEFEQUFNUUE4QUM4QVV3QjBBR0VBY2dCMEFFUUFZUUIwQUdVQVBnQU5BQW9BSUFBZ0FEd0FSUUJ1QUdRQVJBQmhBSFFBWlFBK0FESUFNQUF4QURJQUxRQXhBRElBTFFBekFERUFQQUF2QUVVQWJnQmtBRVFBWVFCMEFHVUFQZ0FOQUFvQUlBQWdBRHdBVEFCcEFHMEFhUUIwQUhNQVBnQU5BQW9BSUFBZ0FDQUFJQUE4QUVZQWNnQmxBSEVBZFFCbEFHNEFZd0I1QUQ0QVR3Qk9BRU1BUlFCZkFGQUFSUUJTQUY4QVZBQlNBRUVBVGdCVEFFRUFRd0JVQUVrQVR3Qk9BRHdBTHdCR0FISUFaUUJ4QUhVQVpRQnVBR01BZVFBK0FBMEFDZ0FnQUNBQVBBQXZBRXdBYVFCdEFHa0FkQUJ6QUQ0QURRQUtBQ0FBSUFBOEFFTUFid0J1QUdRQWFRQjBBR2tBYndCdUFITUFQZ0FOQUFvQUlBQWdBQ0FBSUFBZ0FEd0FRd0IxQUhNQWRBQnZBRzBBWlFCeUFENEFEUUFLQUNBQUlBQWdBQ0FBSUFBZ0FDQUFQQUJEQUhVQWN3QjBBRzhBYlFCbEFISUFUQUJwQUhNQWRBQWdBRzRBWVFCdEFHVUFQUUFpQUZBQWNnQnBBR01BWlFBZ0FGQUFid0JwQUc0QWRBQWdBRWtBZEFCbEFHMEFjd0FnQUZRQVpRQnpBSFFBSUFCSEFISUFid0IxQUhBQUlnQWdBR2tBWkFBOUFDSUFJZ0ErQUR3QUlRQmJBRU1BUkFCQkFGUUFRUUJiQURJQU1BQXdBREFBTUFBd0FEQUFNQUF3QURBQU1BQXdBREFBTUFBd0FEQUFOQUF6QURRQUxBQXdBQTBBQ2dBeUFEQUFNQUF3QURBQU1BQXdBREFBTUFBd0FEQUFNQUF3QURBQU1BQXdBRFFBTXdBMUFDd0FNQUFOQUFvQU1nQXdBREFBTUFBd0FEQUFNQUF3QURBQU1BQXdBREFBTUFBd0FEQUFNQUEwQURNQU5nQXNBREFBRFFBS0FESUFNQUF3QURBQU1BQXdBREFBTUFBd0FEQUFNQUF3QURBQU1BQXdBREFBTkFBekFEY0FMQUF3QUEwQUNnQXlBREFBTUFBd0FEQUFNQUF3QURBQU1BQXdBREFBTUFBd0FEQUFNQUF3QURRQU13QTRBQ3dBTUFBTkFBb0FNZ0F3QURBQU1BQXdBREFBTUFBd0FEQUFNQUF3QURBQU1BQXdBREFBTUFBMEFETUFPUUFzQURBQURRQUtBRElBTUFBd0FEQUFNQUF3QURBQU1BQXdBREFBTUFBd0FEQUFNQUF3QURBQU5BQTBBREFBTEFBd0FBMEFDZ0F5QURBQU1BQXdBREFBTUFBd0FEQUFNQUF3QURBQU1BQXdBREFBTUFBd0FEUUFOQUF4QUN3QU1BQU5BQW9BTWdBd0FEQUFNQUF3QURBQU1BQXdBREFBTUFBd0FEQUFNQUF3QURBQU1BQTBBRFFBTWdBc0FEQUFEUUFLQURJQU1BQXdBREFBTUFBd0FEQUFNQUF3QURBQU1BQXdBREFBTUFBd0FEQUFOQUEwQURNQUxBQXdBQTBBQ2dBeUFEQUFNQUF3QURBQU1BQXdBREFBTUFBd0FEQUFNQUF3QURBQU1BQXdBRFFBTkFBMEFDd0FNQUFOQUFvQU1nQXdBREFBTUFBd0FEQUFNQUF3QURBQU1BQXdBREFBTUFBd0FEQUFNQUEwQURRQU5RQXNBREFBRFFBS0FESUFNQUF3QURBQU1BQXdBREFBTUFBd0FEQUFNQUF3QURBQU1BQXdBREFBTkFBMEFEWUFMQUF3QUEwQUNnQXlBREFBTUFBd0FEQUFNQUF3QURBQU1BQXdBREFBTUFBd0FEQUFNQUF3QURRQU5BQTNBQ3dBTUFBTkFBb0FNZ0F3QURBQU1BQXdBREFBTUFBd0FEQUFNQUF3QURBQU1BQXdBREFBTUFBMEFEUUFPQUFzQURBQURRQUtBRElBTUFBd0FEQUFNQUF3QURBQU1BQXdBREFBTUFBd0FEQUFNQUF3QURBQU5BQTBBRGtBTEFBd0FBMEFDZ0F5QURBQU1BQXdBREFBTUFBd0FEQUFNQUF3QURBQU1BQXdBREFBTUFBd0FEUUFOUUF3QUN3QU1BQU5BQW9BTWdBd0FEQUFNQUF3QURBQU1BQXdBREFBTUFBd0FEQUFNQUF3QURBQU1BQTBBRFVBTVFBc0FEQUFEUUFLQURJQU1BQXdBREFBTUFBd0FEQUFNQUF3QURBQU1BQXdBREFBTUFBd0FEQUFOQUExQURJQUxBQXdBQTBBQ2dBeUFEQUFNQUF3QURBQU1BQXdBREFBTUFBd0FEQUFNQUF3QURBQU1BQXdBRFFBTlFBekFDd0FNQUFOQUFvQU1nQXdBREFBTUFBd0FEQUFNQUF3QURBQU1BQXdBREFBTUFBd0FEQUFNQUEwQURVQU5BQXNBREFBRFFBS0FESUFNQUF3QURBQU1BQXdBREFBTUFBd0FEQUFNQUF3QURBQU1BQXdBREFBTkFBMUFEVUFMQUF3QUEwQUNnQXlBREFBTUFBd0FEQUFNQUF3QURBQU1BQXdBREFBTUFBd0FEQUFNQUF3QURRQU5RQTJBQ3dBTUFBTkFBb0FNZ0F3QURBQU1BQXdBREFBTUFBd0FEQUFNQUF3QURBQU1BQXdBREFBTUFBMEFEVUFOd0FzQURBQURRQUtBRElBTUFBd0FEQUFNQUF3QURBQU1BQXdBREFBTUFBd0FEQUFNQUF3QURBQU5BQTFBRGdBTEFBd0FBMEFDZ0F5QURBQU1BQXdBREFBTUFBd0FEQUFNQUF3QURBQU1BQXdBREFBTUFBd0FEUUFOUUE1QUN3QU1BQU5BQW9BTWdBd0FEQUFNQUF3QURBQU1BQXdBREFBTUFBd0FEQUFNQUF3QURBQU1BQTBBRFlBTUFBc0FEQUFEUUFLQURJQU1BQXdBREFBTUFBd0FEQUFNQUF3QURBQU1BQXdBREFBTUFBd0FEQUFOQUEyQURFQUxBQXdBQTBBQ2dBeUFEQUFNQUF3QURBQU1BQXdBREFBTUFBd0FEQUFNQUF3QURBQU1BQXdBRFFBTmdBeUFDd0FNQUFOQUFvQU1nQXdBREFBTUFBd0FEQUFNQUF3QURBQU1BQXdBREFBTUFBd0FEQUFNQUEwQURZQU13QXNBREFBRFFBS0FGMEFYUUJkQUYwQVBnQThBQ0VBV3dCREFFUUFRUUJVQUVFQVd3QStBRHdBTHdCREFIVUFjd0IwQUc4QWJRQmxBSElBVEFCcEFITUFkQUErQUEwQUNnQWdBQ0FBSUFBZ0FDQUFQQUF2QUVNQWRRQnpBSFFBYndCdEFHVUFjZ0ErQUEwQUNnQWdBQ0FBSUFBZ0FDQUFQQUJRQUhJQWJ3QmtBSFVBWXdCMEFENEFEUUFLQUNBQUlBQWdBQ0FBSUFBZ0FEd0FVQUJ5QUc4QVpBQjFBR01BZEFCTUFHa0Fjd0IwQUNBQWJnQmhBRzBBWlFBOUFDSUFVQUJ5QUdrQVl3QmxBQ0FBVUFCdkFHa0FiZ0IwQUNBQVNRQjBBR1VBYlFCekFDQUFRd0J2QUc0QVpBQnBBSFFBYVFCdkFHNEFZUUJzQUNBQVJ3QnlBRzhBZFFCd0FDSUFJQUIxQUc0QWFRQjBBRlFBZVFCd0FHVUFQUUFpQUVrQVZBQkZBRTBBVXdBaUFDQUFjUUIxQUdFQWJnQjBBR2tBZEFCNUFEMEFJZ0F4QUNJQUlBQnBBR1FBUFFBaUFDSUFQZ0E4QUNFQVd3QkRBRVFBUVFCVUFFRUFXd0F4QUN3QUlBQXhBQTBBQ2dBeUFDd0FNUUFOQUFvQU13QXNBREVBRFFBS0FEUUFMQUF4QUEwQUNnQTFBQ3dBTVFBTkFBb0FOZ0FzQURFQURRQUtBRGNBTEFBeEFBMEFDZ0E0QUN3QU1RQU5BQW9BT1FBc0FERUFEUUFLQURFQU1BQXNBREVBRFFBS0FGMEFYUUJkQUYwQVBnQThBQ0VBV3dCREFFUUFRUUJVQUVFQVd3QStBRHdBTHdCUUFISUFid0JrQUhVQVl3QjBBRXdBYVFCekFIUUFQZ0FOQUFvQUlBQWdBQ0FBSUFBZ0FEd0FMd0JRQUhJQWJ3QmtBSFVBWXdCMEFENEFEUUFLQUNBQUlBQThBQzhBUXdCdkFHNEFaQUJwQUhRQWFRQnZBRzRBY3dBK0FBMEFDZ0FnQUNBQVBBQlNBR1VBZHdCaEFISUFaQUJ6QUQ0QUlBQU5BQW9BSUFBZ0FDQUFJQUE4QUVRQWFRQnpBR01BYndCMUFHNEFkQUErQUEwQUNnQWdBQ0FBSUFBZ0FDQUFJQUE4QUVRQWFRQnpBR01BYndCMUFHNEFkQUJVQUhrQWNBQmxBRDRBU1FCVUFFVUFUUUJmQUV3QVJRQldBRVVBVEFBOEFDOEFSQUJwQUhNQVl3QnZBSFVBYmdCMEFGUUFlUUJ3QUdVQVBnQU5BQW9BSUFBZ0FDQUFJQUFnQUNBQVBBQlFBSElBYndCa0FIVUFZd0IwQUV3QWFRQnpBSFFBSUFCdUFHRUFiUUJsQUQwQUlnQlFBSElBYVFCakFHVUFJQUJRQUc4QWFRQnVBSFFBSUFCSkFIUUFaUUJ0QUhNQUlBQlNBR1VBZHdCaEFISUFaQUFnQUVjQWNnQnZBSFVBY0FBaUFDQUFhUUJrQUQwQUlnQWlBRDRBUEFBaEFGc0FRd0JFQUVFQVZBQkJBRnNBTVFBeEFDd0FJQUF4QUEwQUNnQXhBRElBTEFBeEFBMEFDZ0F4QURNQUxBQXhBQTBBQ2dBeEFEUUFMQUF4QUEwQUNnQXhBRFVBTEFBeEFBMEFDZ0F4QURZQUxBQXhBQTBBQ2dBeEFEY0FMQUF4QUEwQUNnQXhBRGdBTEFBeEFBMEFDZ0F4QURrQUxBQXhBQTBBQ2dBeUFEQUFMQUF4QUEwQUNnQmRBRjBBWFFCZEFENEFQQUFoQUZzQVF3QkVBRUVBVkFCQkFGc0FQZ0E4QUM4QVVBQnlBRzhBWkFCMUFHTUFkQUJNQUdrQWN3QjBBRDRBRFFBS0FDQUFJQUFnQUNBQUlBQWdBRHdBUVFCdEFHOEFkUUJ1QUhRQVZBQjVBSEFBWlFBK0FGQUFVZ0JKQUVNQVJRQmZBRkFBVHdCSkFFNEFWQUJmQUVrQVZBQkZBRTBBVXdBOEFDOEFRUUJ0QUc4QWRRQnVBSFFBVkFCNUFIQUFaUUErQUEwQUNnQWdBQ0FBSUFBZ0FDQUFJQUE4QUVRQWFRQnpBR01BYndCMUFHNEFkQUJCQUcwQWJ3QjFBRzRBZEFBK0FESUFMZ0E1QURrQVBBQXZBRVFBYVFCekFHTUFid0IxQUc0QWRBQkJBRzBBYndCMUFHNEFkQUErQUEwQUNnQWdBQ0FBSUFBZ0FDQUFJQUE4QUVrQWRBQmxBRzBBVEFCcEFHMEFhUUIwQUQ0QU5nQThBQzhBU1FCMEFHVUFiUUJNQUdrQWJRQnBBSFFBUGdBTkFBb0FJQUFnQUNBQUlBQWdBQ0FBUEFCU0FHVUFZd0JsQUdrQWNBQjBBRVFBWlFCekFHTUFjZ0JwQUhBQWRBQnBBRzhBYmdBK0FGTUFjQUJsQUdNQWFRQmhBR3dBSUFCekFHRUFkZ0JwQUc0QVp3QnpBRHdBTHdCU0FHVUFZd0JsQUdrQWNBQjBBRVFBWlFCekFHTUFjZ0JwQUhBQWRBQnBBRzhBYmdBK0FBMEFDZ0FnQUNBQUlBQWdBRHdBTHdCRUFHa0Fjd0JqQUc4QWRRQnVBSFFBUGdBTkFBb0FJQUFnQUR3QUx3QlNBR1VBZHdCaEFISUFaQUJ6QUQ0QURRQUtBRHdBTHdCUEFHWUFaZ0JsQUhJQVBnQmRBRjBBUGdBOEFDOEFUd0JtQUdZQVpRQnlBRmdBYlFCc0FENEFEUUFLQUNBQUlBQWdBQ0FBUEFBdkFFRUFaQUJrQUU4QVpnQm1BR1VBY2dBK0FBMEFDZ0FnQUNBQVBBQXZBSE1BYndCaEFIQUFPZ0JDQUc4QVpBQjVBRDRBRFFBS0FEd0FMd0J6QUc4QVlRQndBRG9BUlFCdUFIWUFaUUJzQUc4QWNBQmxBRDRBPC9TdHJpbmdIdHRwQm9keT4NCiAgICAgICAgPC9SZXF1ZXN0Pg0KICAgICAgPC9JdGVtcz4NCiAgICA8L1RyYW5zYWN0aW9uVGltZXI+DQogICAgPFRyYW5zYWN0aW9uVGltZXIgTmFtZT0iQU1TX0NlbnRzX09mZl9XdF9Wb2wiPg0KICAgICAgPEl0ZW1zPg0KICAgICAgICA8Q29tbWVudCBDb21tZW50VGV4dD0iUHJpY2VwbnRpdGVtc29mZmVyIiAvPg0KICAgICAgICA8UmVxdWVzdCBNZXRob2Q9IlBPU1QiIFZlcnNpb249IjEuMSIgVXJsPSJ7e1dlYlNlcnZlcjF9fS9jb25uZWN0b3JzL0NQRS9FeHRlcm5hbE9mZmVyQ29ubmVjdG9yLmFzbXgiIFRoaW5rVGltZT0iMCIgVGltZW91dD0iMzAwIiBQYXJzZURlcGVuZGVudFJlcXVlc3RzPSJUcnVlIiBGb2xsb3dSZWRpcmVjdHM9IlRydWUiIFJlY29yZFJlc3VsdD0iVHJ1ZSIgQ2FjaGU9IkZhbHNlIiBSZXNwb25zZVRpbWVHb2FsPSIwIiBFbmNvZGluZz0idXRmLTgiIEV4cGVjdGVkSHR0cFN0YXR1c0NvZGU9IjAiIEV4cGVjdGVkUmVzcG9uc2VVcmw9IiIgUmVwb3J0aW5nTmFtZT0iIj4NCiAgICAgICAgICA8SGVhZGVycz4NCiAgICAgICAgICAgIDxIZWFkZXIgTmFtZT0iU09BUEFjdGlvbiIgVmFsdWU9Imh0dHA6Ly93d3cuY29waWVudHRlY2guY29tL0V4dGVybmFsT2ZmZXJDb25uZWN0b3IvQWRkT2ZmZXIiIC8+DQogICAgICAgICAgPC9IZWFkZXJzPg0KICAgICAgICAgIDxWYWxpZGF0aW9uUnVsZXM+DQogICAgICAgICAgICA8VmFsaWRhdGlvblJ1bGUgQ2xhc3NuYW1lPSJNaWNyb3NvZnQuVmlzdWFsU3R1ZGlvLlRlc3RUb29scy5XZWJUZXN0aW5nLlJ1bGVzLlZhbGlkYXRpb25SdWxlRmluZFRleHQsIE1pY3Jvc29mdC5WaXN1YWxTdHVkaW8uUXVhbGl0eVRvb2xzLldlYlRlc3RGcmFtZXdvcmssIFZlcnNpb249MTAuMC4wLjAsIEN1bHR1cmU9bmV1dHJhbCwgUHVibGljS2V5VG9rZW49YjAzZjVmN2YxMWQ1MGEzYSIgRGlzcGxheU5hbWU9IkZpbmQgVGV4dCIgRGVzY3JpcHRpb249IlZlcmlmaWVzIHRoZSBleGlzdGVuY2Ugb2YgdGhlIHNwZWNpZmllZCB0ZXh0IGluIHRoZSByZXNwb25zZS4iIExldmVsPSJIaWdoIiBFeGVjdHVpb25PcmRlcj0iQmVmb3JlRGVwZW5kZW50cyI+DQogICAgICAgICAgICAgIDxSdWxlUGFyYW1ldGVycz4NCiAgICAgICAgICAgICAgICA8UnVsZVBhcmFtZXRlciBOYW1lPSJGaW5kVGV4dCIgVmFsdWU9InN1Y2Nlc3M9JnF1b3Q7dHJ1ZSZxdW90OyIgLz4NCiAgICAgICAgICAgICAgICA8UnVsZVBhcmFtZXRlciBOYW1lPSJJZ25vcmVDYXNlIiBWYWx1ZT0iRmFsc2UiIC8+DQogICAgICAgICAgICAgICAgPFJ1bGVQYXJhbWV0ZXIgTmFtZT0iVXNlUmVndWxhckV4cHJlc3Npb24iIFZhbHVlPSJGYWxzZSIgLz4NCiAgICAgICAgICAgICAgICA8UnVsZVBhcmFtZXRlciBOYW1lPSJQYXNzSWZUZXh0Rm91bmQiIFZhbHVlPSJUcnVlIiAvPg0KICAgICAgICAgICAgICA8L1J1bGVQYXJhbWV0ZXJzPg0KICAgICAgICAgICAgPC9WYWxpZGF0aW9uUnVsZT4NCiAgICAgICAgICA8L1ZhbGlkYXRpb25SdWxlcz4NCiAgICAgICAgICA8U3RyaW5nSHR0cEJvZHkgQ29udGVudFR5cGU9InRleHQveG1sIiBJbnNlcnRCeXRlT3JkZXJNYXJrPSJGYWxzZSI+UEFBL0FIZ0FiUUJzQUNBQWRnQmxBSElBY3dCcEFHOEFiZ0E5QUNJQU1RQXVBREFBSWdBZ0FHVUFiZ0JqQUc4QVpBQnBBRzRBWndBOUFDSUFkUUIwQUdZQUxRQTRBQ0lBUHdBK0FBMEFDZ0E4QUhNQWJ3QmhBSEFBT2dCRkFHNEFkZ0JsQUd3QWJ3QndBR1VBSUFCNEFHMEFiQUJ1QUhNQU9nQjRBSE1BYVFBOUFDSUFhQUIwQUhRQWNBQTZBQzhBTHdCM0FIY0Fkd0F1QUhjQU13QXVBRzhBY2dCbkFDOEFNZ0F3QURBQU1RQXZBRmdBVFFCTUFGTUFZd0JvQUdVQWJRQmhBQzBBYVFCdUFITUFkQUJoQUc0QVl3QmxBQ0lBSUFCNEFHMEFiQUJ1QUhNQU9nQjRBSE1BWkFBOUFDSUFhQUIwQUhRQWNBQTZBQzhBTHdCM0FIY0Fkd0F1QUhjQU13QXVBRzhBY2dCbkFDOEFNZ0F3QURBQU1RQXZBRmdBVFFCTUFGTUFZd0JvQUdVQWJRQmhBQ0lBSUFCNEFHMEFiQUJ1QUhNQU9nQnpBRzhBWVFCd0FEMEFJZ0JvQUhRQWRBQndBRG9BTHdBdkFITUFZd0JvQUdVQWJRQmhBSE1BTGdCNEFHMEFiQUJ6QUc4QVlRQndBQzRBYndCeUFHY0FMd0J6QUc4QVlRQndBQzhBWlFCdUFIWUFaUUJzQUc4QWNBQmxBQzhBSWdBK0FBMEFDZ0FnQUNBQVBBQnpBRzhBWVFCd0FEb0FRZ0J2QUdRQWVRQStBQTBBQ2dBZ0FDQUFJQUFnQUR3QVFRQmtBR1FBVHdCbUFHWUFaUUJ5QUNBQWVBQnRBR3dBYmdCekFEMEFJZ0JvQUhRQWRBQndBRG9BTHdBdkFIY0Fkd0IzQUM0QVl3QnZBSEFBYVFCbEFHNEFkQUIwQUdVQVl3Qm9BQzRBWXdCdkFHMEFMd0JGQUhnQWRBQmxBSElBYmdCaEFHd0FUd0JtQUdZQVpRQnlBRU1BYndCdUFHNEFaUUJqQUhRQWJ3QnlBQzhBSWdBK0FBMEFDZ0FnQUNBQUlBQWdBQ0FBSUFBOEFFVUFlQUIwQUdVQWNnQnVBR0VBYkFCVEFHOEFkUUJ5QUdNQVpRQkpBRVFBUGdCVUFHVUFjd0IwQUZNQWJ3QjFBSElBWXdCbEFERUFQQUF2QUVVQWVBQjBBR1VBY2dCdUFHRUFiQUJUQUc4QWRRQnlBR01BWlFCSkFFUUFQZ0FOQUFvQVBBQlBBR1lBWmdCbEFISUFXQUJ0QUd3QVBnQThBQ0VBV3dCREFFUUFRUUJVQUVFQVd3QThBRDhBZUFCdEFHd0FJQUIyQUdVQWNnQnpBR2tBYndCdUFEMEFJZ0F4QUM0QU1BQWlBQ0FBWlFCdUFHTUFid0JrQUdrQWJnQm5BRDBBSWdCMUFIUUFaZ0F0QURnQUlnQS9BRDRBRFFBS0FEd0FUd0JtQUdZQVpRQnlBQ0FBZUFCdEFHd0FiZ0J6QURvQWVBQnpBR2tBUFFBaUFHZ0FkQUIwQUhBQU9nQXZBQzhBZHdCM0FIY0FMZ0IzQURNQUxnQnZBSElBWndBdkFESUFNQUF3QURFQUx3QllBRTBBVEFCVEFHTUFhQUJsQUcwQVlRQXRBR2tBYmdCekFIUUFZUUJ1QUdNQVpRQWlBQ0FBZUFCekFHa0FPZ0J1QUc4QVRnQmhBRzBBWlFCekFIQUFZUUJqQUdVQVV3QmpBR2dBWlFCdEFHRUFUQUJ2QUdNQVlRQjBBR2tBYndCdUFEMEFJZ0JFQUdrQWN3QmpBRzhBZFFCdUFIUUFaUUJrQUM0QWVBQnpBR1FBSWdBZ0FIUUFlUUJ3QUdVQVBRQWlBRU1BUlFCT0FGUUFVd0JmQUU4QVJnQkdBRjhBVndCRkFFa0FSd0JJQUZRQVh3QldBRThBVEFCVkFFMEFSUUFpQUQ0QURRQUtBQ0FBSUFBOEFFNEFZUUJ0QUdVQVBnQkRBR1VBYmdCMEFITUFJQUJ2QUdZQVpnQWdBRmNBZEFBdUFDQUFWZ0J2QUd3QUxnQjdBSHNBUkFCaEFIUUFZUUJUQUc4QWRRQnlBR01BWlFBeEFDNEFid0JtQUdZQVpRQnlBSE1BSXdCakFITUFkZ0F1QUVNQVpRQnVBSFFBY3dCUUFIUUFmUUI5QUR3QUx3Qk9BR0VBYlFCbEFENEFJQUFOQUFvQUlBQWdBRHdBUkFCbEFITUFZd0J5QUdrQWNBQjBBR2tBYndCdUFENEFUUUI1QUNBQVF3QmxBRzRBZEFCekFDQUFid0JtQUdZQUlBQjNBR1VBYVFCbkFHZ0FkQUFnQUhZQWJ3QnNBSFVBYlFCbEFDQUFid0JtQUdZQVpRQnlBRHdBTHdCRUFHVUFjd0JqQUhJQWFRQndBSFFBYVFCdkFHNEFQZ0FnQUEwQUNnQWdBQ0FBUEFCVEFIUUFZUUJ5QUhRQVJBQmhBSFFBWlFBK0FESUFNQUF4QURJQUxRQXdBRFVBTFFBd0FERUFQQUF2QUZNQWRBQmhBSElBZEFCRUFHRUFkQUJsQUQ0QURRQUtBQ0FBSUFBOEFFVUFiZ0JrQUVRQVlRQjBBR1VBUGdBeUFEQUFNUUF5QUMwQU1RQXlBQzBBTXdBeEFEd0FMd0JGQUc0QVpBQkVBR0VBZEFCbEFENEFEUUFLQUNBQUlBQThBRXdBYVFCdEFHa0FkQUJ6QUQ0QURRQUtBQ0FBSUFBZ0FDQUFQQUJHQUhJQVpRQnhBSFVBWlFCdUFHTUFlUUErQUU4QVRnQkRBRVVBWHdCUUFFVUFVZ0JmQUZRQVVnQkJBRTRBVXdCQkFFTUFWQUJKQUU4QVRnQThBQzhBUmdCeUFHVUFjUUIxQUdVQWJnQmpBSGtBUGdBTkFBb0FJQUFnQUR3QUx3Qk1BR2tBYlFCcEFIUUFjd0ErQUEwQUNnQWdBQ0FBUEFCREFHOEFiZ0JrQUdrQWRBQnBBRzhBYmdCekFENEFEUUFLQUNBQUlBQWdBQ0FBSUFBOEFFTUFkUUJ6QUhRQWJ3QnRBR1VBY2dBK0FBMEFDZ0FnQUNBQUlBQWdBQ0FBSUFBZ0FEd0FRd0IxQUhNQWRBQnZBRzBBWlFCeUFFd0FhUUJ6QUhRQUlBQnVBR0VBYlFCbEFEMEFJZ0JEQUdVQWJnQjBBSE1BSUFCUEFHWUFaZ0FnQUZjQWRBQldBRzhBYkFBZ0FGUUFaUUJ6QUhRQUlBQkhBSElBYndCMUFIQUFJZ0FnQUdrQVpBQTlBQ0lBSWdBK0FEd0FJUUJiQUVNQVJBQkJBRlFBUVFCYkFESUFNQUF3QURBQU1BQXdBREFBTUFBd0FEQUFNQUF3QURBQU1BQXdBREFBTkFBekFEUUFMQUF3QUEwQUNnQXlBREFBTUFBd0FEQUFNQUF3QURBQU1BQXdBREFBTUFBd0FEQUFNQUF3QURRQU13QTFBQ3dBTUFBTkFBb0FNZ0F3QURBQU1BQXdBREFBTUFBd0FEQUFNQUF3QURBQU1BQXdBREFBTUFBMEFETUFOZ0FzQURBQURRQUtBRElBTUFBd0FEQUFNQUF3QURBQU1BQXdBREFBTUFBd0FEQUFNQUF3QURBQU5BQXpBRGNBTEFBd0FBMEFDZ0F5QURBQU1BQXdBREFBTUFBd0FEQUFNQUF3QURBQU1BQXdBREFBTUFBd0FEUUFNd0E0QUN3QU1BQU5BQW9BTWdBd0FEQUFNQUF3QURBQU1BQXdBREFBTUFBd0FEQUFNQUF3QURBQU1BQTBBRE1BT1FBc0FEQUFEUUFLQURJQU1BQXdBREFBTUFBd0FEQUFNQUF3QURBQU1BQXdBREFBTUFBd0FEQUFOQUEwQURBQUxBQXdBQTBBQ2dBeUFEQUFNQUF3QURBQU1BQXdBREFBTUFBd0FEQUFNQUF3QURBQU1BQXdBRFFBTkFBeEFDd0FNQUFOQUFvQU1nQXdBREFBTUFBd0FEQUFNQUF3QURBQU1BQXdBREFBTUFBd0FEQUFNQUEwQURRQU1nQXNBREFBRFFBS0FESUFNQUF3QURBQU1BQXdBREFBTUFBd0FEQUFNQUF3QURBQU1BQXdBREFBTkFBMEFETUFMQUF3QUEwQUNnQXlBREFBTUFBd0FEQUFNQUF3QURBQU1BQXdBREFBTUFBd0FEQUFNQUF3QURRQU5BQTBBQ3dBTUFBTkFBb0FNZ0F3QURBQU1BQXdBREFBTUFBd0FEQUFNQUF3QURBQU1BQXdBREFBTUFBMEFEUUFOUUFzQURBQURRQUtBRElBTUFBd0FEQUFNQUF3QURBQU1BQXdBREFBTUFBd0FEQUFNQUF3QURBQU5BQTBBRFlBTEFBd0FBMEFDZ0F5QURBQU1BQXdBREFBTUFBd0FEQUFNQUF3QURBQU1BQXdBREFBTUFBd0FEUUFOQUEzQUN3QU1BQU5BQW9BTWdBd0FEQUFNQUF3QURBQU1BQXdBREFBTUFBd0FEQUFNQUF3QURBQU1BQTBBRFFBT0FBc0FEQUFEUUFLQURJQU1BQXdBREFBTUFBd0FEQUFNQUF3QURBQU1BQXdBREFBTUFBd0FEQUFOQUEwQURrQUxBQXdBQTBBQ2dBeUFEQUFNQUF3QURBQU1BQXdBREFBTUFBd0FEQUFNQUF3QURBQU1BQXdBRFFBTlFBd0FDd0FNQUFOQUFvQU1nQXdBREFBTUFBd0FEQUFNQUF3QURBQU1BQXdBREFBTUFBd0FEQUFNQUEwQURVQU1RQXNBREFBRFFBS0FESUFNQUF3QURBQU1BQXdBREFBTUFBd0FEQUFNQUF3QURBQU1BQXdBREFBTkFBMUFESUFMQUF3QUEwQUNnQXlBREFBTUFBd0FEQUFNQUF3QURBQU1BQXdBREFBTUFBd0FEQUFNQUF3QURRQU5RQXpBQ3dBTUFBTkFBb0FNZ0F3QURBQU1BQXdBREFBTUFBd0FEQUFNQUF3QURBQU1BQXdBREFBTUFBMEFEVUFOQUFzQURBQURRQUtBRElBTUFBd0FEQUFNQUF3QURBQU1BQXdBREFBTUFBd0FEQUFNQUF3QURBQU5BQTFBRFVBTEFBd0FBMEFDZ0F5QURBQU1BQXdBREFBTUFBd0FEQUFNQUF3QURBQU1BQXdBREFBTUFBd0FEUUFOUUEyQUN3QU1BQU5BQW9BTWdBd0FEQUFNQUF3QURBQU1BQXdBREFBTUFBd0FEQUFNQUF3QURBQU1BQTBBRFVBTndBc0FEQUFEUUFLQURJQU1BQXdBREFBTUFBd0FEQUFNQUF3QURBQU1BQXdBREFBTUFBd0FEQUFOQUExQURnQUxBQXdBQTBBQ2dBeUFEQUFNQUF3QURBQU1BQXdBREFBTUFBd0FEQUFNQUF3QURBQU1BQXdBRFFBTlFBNUFDd0FNQUFOQUFvQU1nQXdBREFBTUFBd0FEQUFNQUF3QURBQU1BQXdBREFBTUFBd0FEQUFNQUEwQURZQU1BQXNBREFBRFFBS0FESUFNQUF3QURBQU1BQXdBREFBTUFBd0FEQUFNQUF3QURBQU1BQXdBREFBTkFBMkFERUFMQUF3QUEwQUNnQXlBREFBTUFBd0FEQUFNQUF3QURBQU1BQXdBREFBTUFBd0FEQUFNQUF3QURRQU5nQXlBQ3dBTUFBTkFBb0FNZ0F3QURBQU1BQXdBREFBTUFBd0FEQUFNQUF3QURBQU1BQXdBREFBTUFBMEFEWUFNd0FzQURBQURRQUtBRjBBWFFCZEFGMEFQZ0E4QUNFQVd3QkRBRVFBUVFCVUFFRUFXd0ErQUR3QUx3QkRBSFVBY3dCMEFHOEFiUUJsQUhJQVRBQnBBSE1BZEFBK0FBMEFDZ0FnQUNBQUlBQWdBQ0FBUEFBdkFFTUFkUUJ6QUhRQWJ3QnRBR1VBY2dBK0FBMEFDZ0FnQUNBQUlBQWdBQ0FBUEFCUUFISUFid0JrQUhVQVl3QjBBRDRBRFFBS0FDQUFJQUFnQUNBQUlBQWdBRHdBVUFCeUFHOEFaQUIxQUdNQWRBQk1BR2tBY3dCMEFDQUFiZ0JoQUcwQVpRQTlBQ0lBUXdCbEFHNEFkQUJ6QUNBQWJ3Qm1BR1lBSUFCWEFIUUFWZ0J2QUd3QUlBQkRBRzhBYmdCa0FHa0FkQUJwQUc4QWJnQmhBR3dBSUFCSEFISUFid0IxQUhBQUlnQWdBSFVBYmdCcEFIUUFWQUI1QUhBQVpRQTlBQ0lBU1FCVUFFVUFUUUJUQUNJQUlBQnhBSFVBWVFCdUFIUUFhUUIwQUhrQVBRQWlBREVBSWdBZ0FHa0FaQUE5QUNJQUlnQStBRHdBSVFCYkFFTUFSQUJCQUZRQVFRQmJBREVBTEFBZ0FERUFEUUFLQURJQUxBQXhBQTBBQ2dBekFDd0FNUUFOQUFvQU5BQXNBREVBRFFBS0FEVUFMQUF4QUEwQUNnQTJBQ3dBTVFBTkFBb0FOd0FzQURFQURRQUtBRGdBTEFBeEFBMEFDZ0E1QUN3QU1RQU5BQW9BTVFBd0FDd0FNUUFOQUFvQVhRQmRBRjBBWFFBK0FEd0FJUUJiQUVNQVJBQkJBRlFBUVFCYkFENEFQQUF2QUZBQWNnQnZBR1FBZFFCakFIUUFUQUJwQUhNQWRBQStBQTBBQ2dBZ0FDQUFJQUFnQUNBQVBBQXZBRkFBY2dCdkFHUUFkUUJqQUhRQVBnQU5BQW9BSUFBZ0FEd0FMd0JEQUc4QWJnQmtBR2tBZEFCcEFHOEFiZ0J6QUQ0QURRQUtBQ0FBSUFBOEFGSUFaUUIzQUdFQWNnQmtBSE1BUGdBZ0FBMEFDZ0FnQUNBQUlBQWdBRHdBUkFCcEFITUFZd0J2QUhVQWJnQjBBRDRBRFFBS0FDQUFJQUFnQUNBQUlBQWdBRHdBUkFCcEFITUFZd0J2QUhVQWJnQjBBRlFBZVFCd0FHVUFQZ0JKQUZRQVJRQk5BRjhBVEFCRkFGWUFSUUJNQUR3QUx3QkVBR2tBY3dCakFHOEFkUUJ1QUhRQVZBQjVBSEFBWlFBK0FBMEFDZ0FnQUNBQUlBQWdBQ0FBSUFBOEFGQUFjZ0J2QUdRQWRRQmpBSFFBVEFCcEFITUFkQUFnQUc0QVlRQnRBR1VBUFFBaUFFTUFaUUJ1QUhRQWN3QWdBRzhBWmdCbUFDQUFWd0IwQUZZQWJ3QnNBQ0FBVWdCbEFIY0FZUUJ5QUdRQUlBQkhBSElBYndCMUFIQUFJZ0FnQUdrQVpBQTlBQ0lBSWdBK0FEd0FJUUJiQUVNQVJBQkJBRlFBUVFCYkFERUFNUUFzQUNBQU1RQU5BQW9BTVFBeUFDd0FNUUFOQUFvQU1RQXpBQ3dBTVFBTkFBb0FNUUEwQUN3QU1RQU5BQW9BTVFBMUFDd0FNUUFOQUFvQU1RQTJBQ3dBTVFBTkFBb0FNUUEzQUN3QU1RQU5BQW9BTVFBNEFDd0FNUUFOQUFvQU1RQTVBQ3dBTVFBTkFBb0FNZ0F3QUN3QU1RQU5BQW9BWFFCZEFGMEFYUUErQUR3QUlRQmJBRU1BUkFCQkFGUUFRUUJiQUQ0QVBBQXZBRkFBY2dCdkFHUUFkUUJqQUhRQVRBQnBBSE1BZEFBK0FBMEFDZ0FnQUNBQUlBQWdBQ0FBSUFBOEFFRUFiUUJ2QUhVQWJnQjBBRlFBZVFCd0FHVUFQZ0JHQUVrQVdBQkZBRVFBWHdCQkFFMEFUd0JWQUU0QVZBQmZBRThBUmdCR0FGOEFWd0JGQUVrQVJ3QklBRlFBWHdCV0FFOEFUQUJWQUUwQVJRQThBQzhBUVFCdEFHOEFkUUJ1QUhRQVZBQjVBSEFBWlFBK0FBMEFDZ0FnQUNBQUlBQWdBQ0FBSUFBOEFFUUFhUUJ6QUdNQWJ3QjFBRzRBZEFCQkFHMEFid0IxQUc0QWRBQStBRElBTGdBNUFEa0FQQUF2QUVRQWFRQnpBR01BYndCMUFHNEFkQUJCQUcwQWJ3QjFBRzRBZEFBK0FBMEFDZ0FnQUNBQUlBQWdBQ0FBSUFBOEFGY0FaUUJwQUdjQWFBQjBBRllBYndCc0FIVUFiUUJsQUV3QWFRQnRBR2tBZEFBK0FERUFNQUF1QURBQU1RQThBQzhBVndCbEFHa0Fad0JvQUhRQVZnQnZBR3dBZFFCdEFHVUFUQUJwQUcwQWFRQjBBRDRBSUFBTkFBb0FJQUFnQUNBQUlBQThBQzhBUkFCcEFITUFZd0J2QUhVQWJnQjBBRDRBRFFBS0FDQUFJQUE4QUM4QVVnQmxBSGNBWVFCeUFHUUFjd0ErQUEwQUNnQThBQzhBVHdCbUFHWUFaUUJ5QUQ0QVhRQmRBRDRBUEFBdkFFOEFaZ0JtQUdVQWNnQllBRzBBYkFBK0FBMEFDZ0FnQUNBQUlBQWdBRHdBTHdCQkFHUUFaQUJQQUdZQVpnQmxBSElBUGdBTkFBb0FJQUFnQUR3QUx3QnpBRzhBWVFCd0FEb0FRZ0J2QUdRQWVRQStBQTBBQ2dBOEFDOEFjd0J2QUdFQWNBQTZBRVVBYmdCMkFHVUFiQUJ2QUhBQVpRQStBQT09PC9TdHJpbmdIdHRwQm9keT4NCiAgICAgICAgPC9SZXF1ZXN0Pg0KICAgICAgPC9JdGVtcz4NCiAgICA8L1RyYW5zYWN0aW9uVGltZXI+DQogIDwvSXRlbXM+DQogIDxEYXRhU291cmNlcz4NCiAgICA8RGF0YVNvdXJjZSBOYW1lPSJEYXRhU291cmNlMSIgUHJvdmlkZXI9Ik1pY3Jvc29mdC5WaXN1YWxTdHVkaW8uVGVzdFRvb2xzLkRhdGFTb3VyY2UuQ1NWIiBDb25uZWN0aW9uPSJ8RGF0YURpcmVjdG9yeXxcb2ZmZXJzLmNzdiI+DQogICAgICA8VGFibGVzPg0KICAgICAgICA8RGF0YVNvdXJjZVRhYmxlIE5hbWU9Im9mZmVycyNjc3YiIFNlbGVjdENvbHVtbnM9IlNlbGVjdE9ubHlCb3VuZENvbHVtbnMiIEFjY2Vzc01ldGhvZD0iVW5pcXVlIiAvPg0KICAgICAgPC9UYWJsZXM+DQogICAgPC9EYXRhU291cmNlPg0KICA8L0RhdGFTb3VyY2VzPg0KICA8Q29udGV4dFBhcmFtZXRlcnM+DQogICAgPENvbnRleHRQYXJhbWV0ZXIgTmFtZT0iV2ViU2VydmVyMSIgVmFsdWU9Imh0dHA6Ly8xOTIuMTY4LjEwMi4yNTEiIC8+DQogIDwvQ29udGV4dFBhcmFtZXRlcnM+DQo8L1dlYlRlc3Q+">
    </WebTest>
    <WebTest name="ClipBundle" storage="c:\performance_test\amsproject\amsproject\clipbundle.webtest" id="acf02364-4585-4891-89a4-e38ba0f9ad0b" persistedWebTest="77u/PD94bWwgdmVyc2lvbj0iMS4wIiBlbmNvZGluZz0iVVRGLTgiIHN0YW5kYWxvbmU9InllcyI/Pg0KPFdlYlRlc3QgTmFtZT0iQ2xpcEJ1bmRsZSIgSWQ9ImFjZjAyMzY0LTQ1ODUtNDg5MS04OWE0LWUzOGJhMGY5YWQwYiIgT3duZXI9IiIgUHJpb3JpdHk9IjIxNDc0ODM2NDciIEVuYWJsZWQ9IlRydWUiIENzc1Byb2plY3RTdHJ1Y3R1cmU9IiIgQ3NzSXRlcmF0aW9uPSIiIFRpbWVvdXQ9IjAiIFdvcmtJdGVtSWRzPSIiIHhtbG5zPSJodHRwOi8vbWljcm9zb2Z0LmNvbS9zY2hlbWFzL1Zpc3VhbFN0dWRpby9UZWFtVGVzdC8yMDEwIiBEZXNjcmlwdGlvbj0iIiBDcmVkZW50aWFsVXNlck5hbWU9IiIgQ3JlZGVudGlhbFBhc3N3b3JkPSIiIFByZUF1dGhlbnRpY2F0ZT0iVHJ1ZSIgUHJveHk9IiIgU3RvcE9uRXJyb3I9IkZhbHNlIiBSZWNvcmRlZFJlc3VsdEZpbGU9IldlYlRlc3QzLmViYWNhOTY1LWY3ZmItNGI0Mi1iMDA1LTZlZDFhNmQxODViZi5yZWMud2VidGVzdHJlc3VsdCI+DQogIDxJdGVtcz4NCiAgICA8VHJhbnNhY3Rpb25UaW1lciBOYW1lPSJBTVNfNS45OV9DbGlwQnVuZGxlIj4NCiAgICAgIDxJdGVtcz4NCiAgICAgICAgPFJlcXVlc3QgTWV0aG9kPSJQT1NUIiBWZXJzaW9uPSIxLjEiIFVybD0ie3tXZWJTZXJ2ZXIxfX0vY29ubmVjdG9ycy9DUEUvRXh0ZXJuYWxPZmZlckNvbm5lY3Rvci5hc214IiBUaGlua1RpbWU9IjAiIFRpbWVvdXQ9IjMwMCIgUGFyc2VEZXBlbmRlbnRSZXF1ZXN0cz0iVHJ1ZSIgRm9sbG93UmVkaXJlY3RzPSJUcnVlIiBSZWNvcmRSZXN1bHQ9IlRydWUiIENhY2hlPSJGYWxzZSIgUmVzcG9uc2VUaW1lR29hbD0iMCIgRW5jb2Rpbmc9InV0Zi04IiBFeHBlY3RlZEh0dHBTdGF0dXNDb2RlPSIwIiBFeHBlY3RlZFJlc3BvbnNlVXJsPSIiIFJlcG9ydGluZ05hbWU9IiI+DQogICAgICAgICAgPEhlYWRlcnM+DQogICAgICAgICAgICA8SGVhZGVyIE5hbWU9IlNPQVBBY3Rpb24iIFZhbHVlPSJodHRwOi8vd3d3LmNvcGllbnR0ZWNoLmNvbS9FeHRlcm5hbE9mZmVyQ29ubmVjdG9yL0NsaXBCdW5kbGUiIC8+DQogICAgICAgICAgPC9IZWFkZXJzPg0KICAgICAgICAgIDxWYWxpZGF0aW9uUnVsZXM+DQogICAgICAgICAgICA8VmFsaWRhdGlvblJ1bGUgQ2xhc3NuYW1lPSJNaWNyb3NvZnQuVmlzdWFsU3R1ZGlvLlRlc3RUb29scy5XZWJUZXN0aW5nLlJ1bGVzLlZhbGlkYXRpb25SdWxlRmluZFRleHQsIE1pY3Jvc29mdC5WaXN1YWxTdHVkaW8uUXVhbGl0eVRvb2xzLldlYlRlc3RGcmFtZXdvcmssIFZlcnNpb249MTAuMC4wLjAsIEN1bHR1cmU9bmV1dHJhbCwgUHVibGljS2V5VG9rZW49YjAzZjVmN2YxMWQ1MGEzYSIgRGlzcGxheU5hbWU9IkZpbmQgVGV4dCIgRGVzY3JpcHRpb249IlZlcmlmaWVzIHRoZSBleGlzdGVuY2Ugb2YgdGhlIHNwZWNpZmllZCB0ZXh0IGluIHRoZSByZXNwb25zZS4iIExldmVsPSJIaWdoIiBFeGVjdHVpb25PcmRlcj0iQmVmb3JlRGVwZW5kZW50cyI+DQogICAgICAgICAgICAgIDxSdWxlUGFyYW1ldGVycz4NCiAgICAgICAgICAgICAgICA8UnVsZVBhcmFtZXRlciBOYW1lPSJGaW5kVGV4dCIgVmFsdWU9InN1Y2Nlc3M9JnF1b3Q7dHJ1ZSZxdW90OyIgLz4NCiAgICAgICAgICAgICAgICA8UnVsZVBhcmFtZXRlciBOYW1lPSJJZ25vcmVDYXNlIiBWYWx1ZT0iRmFsc2UiIC8+DQogICAgICAgICAgICAgICAgPFJ1bGVQYXJhbWV0ZXIgTmFtZT0iVXNlUmVndWxhckV4cHJlc3Npb24iIFZhbHVlPSJGYWxzZSIgLz4NCiAgICAgICAgICAgICAgICA8UnVsZVBhcmFtZXRlciBOYW1lPSJQYXNzSWZUZXh0Rm91bmQiIFZhbHVlPSJUcnVlIiAvPg0KICAgICAgICAgICAgICA8L1J1bGVQYXJhbWV0ZXJzPg0KICAgICAgICAgICAgPC9WYWxpZGF0aW9uUnVsZT4NCiAgICAgICAgICA8L1ZhbGlkYXRpb25SdWxlcz4NCiAgICAgICAgICA8U3RyaW5nSHR0cEJvZHkgQ29udGVudFR5cGU9InRleHQveG1sIiBJbnNlcnRCeXRlT3JkZXJNYXJrPSJGYWxzZSI+UEFBL0FIZ0FiUUJzQUNBQWRnQmxBSElBY3dCcEFHOEFiZ0E5QUNJQU1RQXVBREFBSWdBZ0FHVUFiZ0JqQUc4QVpBQnBBRzRBWndBOUFDSUFkUUIwQUdZQUxRQTRBQ0lBUHdBK0FBMEFDZ0E4QUhNQWJ3QmhBSEFBT2dCRkFHNEFkZ0JsQUd3QWJ3QndBR1VBSUFCNEFHMEFiQUJ1QUhNQU9nQjRBSE1BYVFBOUFDSUFhQUIwQUhRQWNBQTZBQzhBTHdCM0FIY0Fkd0F1QUhjQU13QXVBRzhBY2dCbkFDOEFNZ0F3QURBQU1RQXZBRmdBVFFCTUFGTUFZd0JvQUdVQWJRQmhBQzBBYVFCdUFITUFkQUJoQUc0QVl3QmxBQ0lBSUFCNEFHMEFiQUJ1QUhNQU9nQjRBSE1BWkFBOUFDSUFhQUIwQUhRQWNBQTZBQzhBTHdCM0FIY0Fkd0F1QUhjQU13QXVBRzhBY2dCbkFDOEFNZ0F3QURBQU1RQXZBRmdBVFFCTUFGTUFZd0JvQUdVQWJRQmhBQ0lBSUFCNEFHMEFiQUJ1QUhNQU9nQnpBRzhBWVFCd0FEMEFJZ0JvQUhRQWRBQndBRG9BTHdBdkFITUFZd0JvQUdVQWJRQmhBSE1BTGdCNEFHMEFiQUJ6QUc4QVlRQndBQzRBYndCeUFHY0FMd0J6QUc4QVlRQndBQzhBWlFCdUFIWUFaUUJzQUc4QWNBQmxBQzhBSWdBK0FBMEFDZ0FnQUNBQVBBQnpBRzhBWVFCd0FEb0FRZ0J2QUdRQWVRQStBQTBBQ2dBZ0FDQUFJQUFnQUR3QVF3QnNBR2tBY0FCQ0FIVUFiZ0JrQUd3QVpRQWdBSGdBYlFCc0FHNEFjd0E5QUNJQWFBQjBBSFFBY0FBNkFDOEFMd0IzQUhjQWR3QXVBR01BYndCd0FHa0FaUUJ1QUhRQWRBQmxBR01BYUFBdUFHTUFid0J0QUM4QVJRQjRBSFFBWlFCeUFHNEFZUUJzQUU4QVpnQm1BR1VBY2dCREFHOEFiZ0J1QUdVQVl3QjBBRzhBY2dBdkFDSUFQZ0FOQUFvQUlBQWdBQ0FBSUFBZ0FDQUFQQUJGQUhnQWRBQmxBSElBYmdCaEFHd0FVd0J2QUhVQWNnQmpBR1VBU1FCRUFENEFWQUJsQUhNQWRBQlRBRzhBZFFCeUFHTUFaUUF4QUR3QUx3QkZBSGdBZEFCbEFISUFiZ0JoQUd3QVV3QnZBSFVBY2dCakFHVUFTUUJFQUQ0QURRQUtBQ0FBSUFBZ0FDQUFJQUFnQUR3QVF3QjFBSE1BZEFCdkFHMEFaUUJ5QUU4QVpnQm1BR1VBY2dCRUFHRUFkQUJoQUQ0QVZBQmxBSE1BZEFCVEFHOEFkUUJ5QUdNQVpRQXhBQ3dBZXdCN0FFUUFZUUIwQUdFQVV3QnZBSFVBY2dCakFHVUFNUUF1QUVNQWJBQnBBSEFBSXdCakFITUFkZ0F1QUZnQVNRQkVBSDBBZlFBc0FIc0Fld0JFQUdFQWRBQmhBRk1BYndCMUFISUFZd0JsQURFQUxnQkRBR3dBYVFCd0FDTUFZd0J6QUhZQUxnQlRBR1VBY2dCcEFHRUFiQUI5QUgwQVBBQXZBRU1BZFFCekFIUUFid0J0QUdVQWNnQlBBR1lBWmdCbEFISUFSQUJoQUhRQVlRQStBQTBBQ2dBZ0FDQUFJQUFnQUR3QUx3QkRBR3dBYVFCd0FFSUFkUUJ1QUdRQWJBQmxBRDRBRFFBS0FDQUFJQUE4QUM4QWN3QnZBR0VBY0FBNkFFSUFid0JrQUhrQVBnQU5BQW9BUEFBdkFITUFid0JoQUhBQU9nQkZBRzRBZGdCbEFHd0Fid0J3QUdVQVBnQT08L1N0cmluZ0h0dHBCb2R5Pg0KICAgICAgICA8L1JlcXVlc3Q+DQogICAgICA8L0l0ZW1zPg0KICAgIDwvVHJhbnNhY3Rpb25UaW1lcj4NCiAgPC9JdGVtcz4NCiAgPERhdGFTb3VyY2VzPg0KICAgIDxEYXRhU291cmNlIE5hbWU9IkRhdGFTb3VyY2UxIiBQcm92aWRlcj0iTWljcm9zb2Z0LlZpc3VhbFN0dWRpby5UZXN0VG9vbHMuRGF0YVNvdXJjZS5DU1YiIENvbm5lY3Rpb249InxEYXRhRGlyZWN0b3J5fFxDbGlwLmNzdiI+DQogICAgICA8VGFibGVzPg0KICAgICAgICA8RGF0YVNvdXJjZVRhYmxlIE5hbWU9IkNsaXAjY3N2IiBTZWxlY3RDb2x1bW5zPSJTZWxlY3RPbmx5Qm91bmRDb2x1bW5zIiBBY2Nlc3NNZXRob2Q9IlVuaXF1ZSIgLz4NCiAgICAgIDwvVGFibGVzPg0KICAgIDwvRGF0YVNvdXJjZT4NCiAgPC9EYXRhU291cmNlcz4NCiAgPENvbnRleHRQYXJhbWV0ZXJzPg0KICAgIDxDb250ZXh0UGFyYW1ldGVyIE5hbWU9IldlYlNlcnZlcjEiIFZhbHVlPSJodHRwOi8vMTkyLjE2OC4xMDIuMjUxIiAvPg0KICA8L0NvbnRleHRQYXJhbWV0ZXJzPg0KPC9XZWJUZXN0Pg==">
    </WebTest>
    <WebTest name="AMS_5.99_All_Connectors_IPLprocess" storage="c:\performance_test\amsproject\amsproject\ams_5.99_all_connectors_iplprocess.webtest" id="385b659e-5868-4148-94d2-98166fd7899a" persistedWebTest="77u/PD94bWwgdmVyc2lvbj0iMS4wIiBlbmNvZGluZz0iVVRGLTgiIHN0YW5kYWxvbmU9InllcyI/Pg0KPFdlYlRlc3QgTmFtZT0iQU1TXzUuOTlfQWxsX0Nvbm5lY3RvcnNfSVBMcHJvY2VzcyIgSWQ9IjM4NWI2NTllLTU4NjgtNDE0OC05NGQyLTk4MTY2ZmQ3ODk5YSIgT3duZXI9IiIgUHJpb3JpdHk9IjIxNDc0ODM2NDciIEVuYWJsZWQ9IlRydWUiIENzc1Byb2plY3RTdHJ1Y3R1cmU9IiIgQ3NzSXRlcmF0aW9uPSIiIFRpbWVvdXQ9IjAiIFdvcmtJdGVtSWRzPSIiIHhtbG5zPSJodHRwOi8vbWljcm9zb2Z0LmNvbS9zY2hlbWFzL1Zpc3VhbFN0dWRpby9UZWFtVGVzdC8yMDEwIiBEZXNjcmlwdGlvbj0iIiBDcmVkZW50aWFsVXNlck5hbWU9IiIgQ3JlZGVudGlhbFBhc3N3b3JkPSIiIFByZUF1dGhlbnRpY2F0ZT0iVHJ1ZSIgUHJveHk9IiIgU3RvcE9uRXJyb3I9IkZhbHNlIiBSZWNvcmRlZFJlc3VsdEZpbGU9IkFNU181Ljk5X0lQTHByb2Nlc3MuNjM1ZmMzMGEtMWY4NS00Mzc4LWJkZjAtZTZhYTFiMmY5ZDkwLnJlYy53ZWJ0ZXN0cmVzdWx0Ij4NCiAgPEl0ZW1zPg0KICAgIDxUcmFuc2FjdGlvblRpbWVyIE5hbWU9IkFNU19JUExfT2ZmZXJzIj4NCiAgICAgIDxJdGVtcz4NCiAgICAgICAgPENvbW1lbnQgQ29tbWVudFRleHQ9IkVudGVyIFVSTCIgLz4NCiAgICAgICAgPFJlcXVlc3QgTWV0aG9kPSJHRVQiIFZlcnNpb249IjEuMSIgVXJsPSJ7e1dlYlNlcnZlcjF9fS9jb25uZWN0b3JzL2NwZS9JUEwtT2ZmZXJzLmFzcHgiIFRoaW5rVGltZT0iMCIgVGltZW91dD0iMzAwIiBQYXJzZURlcGVuZGVudFJlcXVlc3RzPSJUcnVlIiBGb2xsb3dSZWRpcmVjdHM9IlRydWUiIFJlY29yZFJlc3VsdD0iVHJ1ZSIgQ2FjaGU9IkZhbHNlIiBSZXNwb25zZVRpbWVHb2FsPSIwIiBFbmNvZGluZz0idXRmLTgiIEV4cGVjdGVkSHR0cFN0YXR1c0NvZGU9IjAiIEV4cGVjdGVkUmVzcG9uc2VVcmw9IiIgUmVwb3J0aW5nTmFtZT0iIj4NCiAgICAgICAgICA8UXVlcnlTdHJpbmdQYXJhbWV0ZXJzPg0KICAgICAgICAgICAgPFF1ZXJ5U3RyaW5nUGFyYW1ldGVyIE5hbWU9Im1vZGUiIFZhbHVlPSJpcGwiIFJlY29yZGVkVmFsdWU9ImlwbCIgQ29ycmVsYXRpb25CaW5kaW5nPSIiIFVybEVuY29kZT0iRmFsc2UiIFVzZVRvR3JvdXBSZXN1bHRzPSJGYWxzZSIgLz4NCiAgICAgICAgICAgIDxRdWVyeVN0cmluZ1BhcmFtZXRlciBOYW1lPSJzZXJpYWwiIFZhbHVlPSJ7e0RhdGFTb3VyY2UxLklQTEluaXQjY3N2LlNlcmlhbH19IiBSZWNvcmRlZFZhbHVlPSIxIiBDb3JyZWxhdGlvbkJpbmRpbmc9IiIgVXJsRW5jb2RlPSJGYWxzZSIgVXNlVG9Hcm91cFJlc3VsdHM9IkZhbHNlIiAvPg0KICAgICAgICAgIDwvUXVlcnlTdHJpbmdQYXJhbWV0ZXJzPg0KICAgICAgICA8L1JlcXVlc3Q+DQogICAgICA8L0l0ZW1zPg0KICAgIDwvVHJhbnNhY3Rpb25UaW1lcj4NCiAgICA8VHJhbnNhY3Rpb25UaW1lciBOYW1lPSJBTVNfSVBMX1BHIj4NCiAgICAgIDxJdGVtcz4NCiAgICAgICAgPENvbW1lbnQgQ29tbWVudFRleHQ9IklQTC1QRyIgLz4NCiAgICAgICAgPFJlcXVlc3QgTWV0aG9kPSJHRVQiIFZlcnNpb249IjEuMSIgVXJsPSJ7e1dlYlNlcnZlcjF9fS9jb25uZWN0b3JzL2NwZS9JUEwtUEcuYXNweCIgVGhpbmtUaW1lPSIwIiBUaW1lb3V0PSIzMDAiIFBhcnNlRGVwZW5kZW50UmVxdWVzdHM9IlRydWUiIEZvbGxvd1JlZGlyZWN0cz0iVHJ1ZSIgUmVjb3JkUmVzdWx0PSJUcnVlIiBDYWNoZT0iRmFsc2UiIFJlc3BvbnNlVGltZUdvYWw9IjAiIEVuY29kaW5nPSJ1dGYtOCIgRXhwZWN0ZWRIdHRwU3RhdHVzQ29kZT0iMCIgRXhwZWN0ZWRSZXNwb25zZVVybD0iIiBSZXBvcnRpbmdOYW1lPSIiPg0KICAgICAgICAgIDxRdWVyeVN0cmluZ1BhcmFtZXRlcnM+DQogICAgICAgICAgICA8UXVlcnlTdHJpbmdQYXJhbWV0ZXIgTmFtZT0ibW9kZSIgVmFsdWU9ImlwbCIgUmVjb3JkZWRWYWx1ZT0iaXBsIiBDb3JyZWxhdGlvbkJpbmRpbmc9IiIgVXJsRW5jb2RlPSJGYWxzZSIgVXNlVG9Hcm91cFJlc3VsdHM9IkZhbHNlIiAvPg0KICAgICAgICAgICAgPFF1ZXJ5U3RyaW5nUGFyYW1ldGVyIE5hbWU9InNlcmlhbCIgVmFsdWU9Int7RGF0YVNvdXJjZTEuSVBMSW5pdCNjc3YuU2VyaWFsfX0iIFJlY29yZGVkVmFsdWU9IjEiIENvcnJlbGF0aW9uQmluZGluZz0iIiBVcmxFbmNvZGU9IkZhbHNlIiBVc2VUb0dyb3VwUmVzdWx0cz0iRmFsc2UiIC8+DQogICAgICAgICAgPC9RdWVyeVN0cmluZ1BhcmFtZXRlcnM+DQogICAgICAgIDwvUmVxdWVzdD4NCiAgICAgIDwvSXRlbXM+DQogICAgPC9UcmFuc2FjdGlvblRpbWVyPg0KICAgIDxUcmFuc2FjdGlvblRpbWVyIE5hbWU9IkFNU19JUExfQ3VzdCI+DQogICAgICA8SXRlbXM+DQogICAgICAgIDxDb21tZW50IENvbW1lbnRUZXh0PSJJUEwtQ3VzdG9tZXJzIiAvPg0KICAgICAgICA8UmVxdWVzdCBNZXRob2Q9IkdFVCIgVmVyc2lvbj0iMS4xIiBVcmw9Int7V2ViU2VydmVyMX19L2Nvbm5lY3RvcnMvY3BlL0lQTC1DdXN0b21lcnMuYXNweCIgVGhpbmtUaW1lPSIwIiBUaW1lb3V0PSIzMDAiIFBhcnNlRGVwZW5kZW50UmVxdWVzdHM9IlRydWUiIEZvbGxvd1JlZGlyZWN0cz0iVHJ1ZSIgUmVjb3JkUmVzdWx0PSJUcnVlIiBDYWNoZT0iRmFsc2UiIFJlc3BvbnNlVGltZUdvYWw9IjAiIEVuY29kaW5nPSJ1dGYtOCIgRXhwZWN0ZWRIdHRwU3RhdHVzQ29kZT0iMCIgRXhwZWN0ZWRSZXNwb25zZVVybD0iIiBSZXBvcnRpbmdOYW1lPSIiPg0KICAgICAgICAgIDxRdWVyeVN0cmluZ1BhcmFtZXRlcnM+DQogICAgICAgICAgICA8UXVlcnlTdHJpbmdQYXJhbWV0ZXIgTmFtZT0ibW9kZSIgVmFsdWU9ImlwbCIgUmVjb3JkZWRWYWx1ZT0iaXBsIiBDb3JyZWxhdGlvbkJpbmRpbmc9IiIgVXJsRW5jb2RlPSJGYWxzZSIgVXNlVG9Hcm91cFJlc3VsdHM9IkZhbHNlIiAvPg0KICAgICAgICAgICAgPFF1ZXJ5U3RyaW5nUGFyYW1ldGVyIE5hbWU9InNlcmlhbCIgVmFsdWU9Int7RGF0YVNvdXJjZTEuSVBMSW5pdCNjc3YuU2VyaWFsfX0iIFJlY29yZGVkVmFsdWU9IjEiIENvcnJlbGF0aW9uQmluZGluZz0iIiBVcmxFbmNvZGU9IkZhbHNlIiBVc2VUb0dyb3VwUmVzdWx0cz0iRmFsc2UiIC8+DQogICAgICAgICAgPC9RdWVyeVN0cmluZ1BhcmFtZXRlcnM+DQogICAgICAgIDwvUmVxdWVzdD4NCiAgICAgIDwvSXRlbXM+DQogICAgPC9UcmFuc2FjdGlvblRpbWVyPg0KICAgIDxUcmFuc2FjdGlvblRpbWVyIE5hbWU9IkFNU19JUExfQ0ciPg0KICAgICAgPEl0ZW1zPg0KICAgICAgICA8Q29tbWVudCBDb21tZW50VGV4dD0iSVBMLUNHIiAvPg0KICAgICAgICA8UmVxdWVzdCBNZXRob2Q9IkdFVCIgVmVyc2lvbj0iMS4xIiBVcmw9Int7V2ViU2VydmVyMX19L2Nvbm5lY3RvcnMvY3BlL0lQTC1DRy5hc3B4IiBUaGlua1RpbWU9IjAiIFRpbWVvdXQ9IjMwMCIgUGFyc2VEZXBlbmRlbnRSZXF1ZXN0cz0iVHJ1ZSIgRm9sbG93UmVkaXJlY3RzPSJUcnVlIiBSZWNvcmRSZXN1bHQ9IlRydWUiIENhY2hlPSJGYWxzZSIgUmVzcG9uc2VUaW1lR29hbD0iMCIgRW5jb2Rpbmc9InV0Zi04IiBFeHBlY3RlZEh0dHBTdGF0dXNDb2RlPSIwIiBFeHBlY3RlZFJlc3BvbnNlVXJsPSIiIFJlcG9ydGluZ05hbWU9IiI+DQogICAgICAgICAgPFF1ZXJ5U3RyaW5nUGFyYW1ldGVycz4NCiAgICAgICAgICAgIDxRdWVyeVN0cmluZ1BhcmFtZXRlciBOYW1lPSJtb2RlIiBWYWx1ZT0iaXBsIiBSZWNvcmRlZFZhbHVlPSJpcGwiIENvcnJlbGF0aW9uQmluZGluZz0iIiBVcmxFbmNvZGU9IkZhbHNlIiBVc2VUb0dyb3VwUmVzdWx0cz0iRmFsc2UiIC8+DQogICAgICAgICAgICA8UXVlcnlTdHJpbmdQYXJhbWV0ZXIgTmFtZT0ic2VyaWFsIiBWYWx1ZT0ie3tEYXRhU291cmNlMS5JUExJbml0I2Nzdi5TZXJpYWx9fSIgUmVjb3JkZWRWYWx1ZT0iMSIgQ29ycmVsYXRpb25CaW5kaW5nPSIiIFVybEVuY29kZT0iRmFsc2UiIFVzZVRvR3JvdXBSZXN1bHRzPSJGYWxzZSIgLz4NCiAgICAgICAgICA8L1F1ZXJ5U3RyaW5nUGFyYW1ldGVycz4NCiAgICAgICAgPC9SZXF1ZXN0Pg0KICAgICAgPC9JdGVtcz4NCiAgICA8L1RyYW5zYWN0aW9uVGltZXI+DQogICAgPFRyYW5zYWN0aW9uVGltZXIgTmFtZT0iQU1TX0lQTF9Qb2ludHMiPg0KICAgICAgPEl0ZW1zPg0KICAgICAgICA8Q29tbWVudCBDb21tZW50VGV4dD0iSVBMLVBvaW50cyIgLz4NCiAgICAgICAgPFJlcXVlc3QgTWV0aG9kPSJHRVQiIFZlcnNpb249IjEuMSIgVXJsPSJ7e1dlYlNlcnZlcjF9fS9jb25uZWN0b3JzL2NwZS9JUEwtUG9pbnRzLmFzcHgiIFRoaW5rVGltZT0iMCIgVGltZW91dD0iMzAwIiBQYXJzZURlcGVuZGVudFJlcXVlc3RzPSJUcnVlIiBGb2xsb3dSZWRpcmVjdHM9IlRydWUiIFJlY29yZFJlc3VsdD0iVHJ1ZSIgQ2FjaGU9IkZhbHNlIiBSZXNwb25zZVRpbWVHb2FsPSIwIiBFbmNvZGluZz0idXRmLTgiIEV4cGVjdGVkSHR0cFN0YXR1c0NvZGU9IjAiIEV4cGVjdGVkUmVzcG9uc2VVcmw9IiIgUmVwb3J0aW5nTmFtZT0iIj4NCiAgICAgICAgICA8UXVlcnlTdHJpbmdQYXJhbWV0ZXJzPg0KICAgICAgICAgICAgPFF1ZXJ5U3RyaW5nUGFyYW1ldGVyIE5hbWU9Im1vZGUiIFZhbHVlPSJpcGwiIFJlY29yZGVkVmFsdWU9ImlwbCIgQ29ycmVsYXRpb25CaW5kaW5nPSIiIFVybEVuY29kZT0iRmFsc2UiIFVzZVRvR3JvdXBSZXN1bHRzPSJGYWxzZSIgLz4NCiAgICAgICAgICAgIDxRdWVyeVN0cmluZ1BhcmFtZXRlciBOYW1lPSJzZXJpYWwiIFZhbHVlPSJ7e0RhdGFTb3VyY2UxLklQTEluaXQjY3N2LlNlcmlhbH19IiBSZWNvcmRlZFZhbHVlPSIxIiBDb3JyZWxhdGlvbkJpbmRpbmc9IiIgVXJsRW5jb2RlPSJGYWxzZSIgVXNlVG9Hcm91cFJlc3VsdHM9IkZhbHNlIiAvPg0KICAgICAgICAgIDwvUXVlcnlTdHJpbmdQYXJhbWV0ZXJzPg0KICAgICAgICA8L1JlcXVlc3Q+DQogICAgICA8L0l0ZW1zPg0KICAgIDwvVHJhbnNhY3Rpb25UaW1lcj4NCiAgICA8VHJhbnNhY3Rpb25UaW1lciBOYW1lPSJBTVNfSVBMX1JEIj4NCiAgICAgIDxJdGVtcz4NCiAgICAgICAgPENvbW1lbnQgQ29tbWVudFRleHQ9IklQTC1SRCIgLz4NCiAgICAgICAgPFJlcXVlc3QgTWV0aG9kPSJHRVQiIFZlcnNpb249IjEuMSIgVXJsPSJ7e1dlYlNlcnZlcjF9fS9jb25uZWN0b3JzL2NwZS9JUEwtUkQuYXNweCIgVGhpbmtUaW1lPSIwIiBUaW1lb3V0PSIzMDAiIFBhcnNlRGVwZW5kZW50UmVxdWVzdHM9IlRydWUiIEZvbGxvd1JlZGlyZWN0cz0iVHJ1ZSIgUmVjb3JkUmVzdWx0PSJUcnVlIiBDYWNoZT0iRmFsc2UiIFJlc3BvbnNlVGltZUdvYWw9IjAiIEVuY29kaW5nPSJ1dGYtOCIgRXhwZWN0ZWRIdHRwU3RhdHVzQ29kZT0iMCIgRXhwZWN0ZWRSZXNwb25zZVVybD0iIiBSZXBvcnRpbmdOYW1lPSIiPg0KICAgICAgICAgIDxRdWVyeVN0cmluZ1BhcmFtZXRlcnM+DQogICAgICAgICAgICA8UXVlcnlTdHJpbmdQYXJhbWV0ZXIgTmFtZT0ibW9kZSIgVmFsdWU9ImlwbCIgUmVjb3JkZWRWYWx1ZT0iaXBsIiBDb3JyZWxhdGlvbkJpbmRpbmc9IiIgVXJsRW5jb2RlPSJGYWxzZSIgVXNlVG9Hcm91cFJlc3VsdHM9IkZhbHNlIiAvPg0KICAgICAgICAgICAgPFF1ZXJ5U3RyaW5nUGFyYW1ldGVyIE5hbWU9InNlcmlhbCIgVmFsdWU9Int7RGF0YVNvdXJjZTEuSVBMSW5pdCNjc3YuU2VyaWFsfX0iIFJlY29yZGVkVmFsdWU9IjEiIENvcnJlbGF0aW9uQmluZGluZz0iIiBVcmxFbmNvZGU9IkZhbHNlIiBVc2VUb0dyb3VwUmVzdWx0cz0iRmFsc2UiIC8+DQogICAgICAgICAgPC9RdWVyeVN0cmluZ1BhcmFtZXRlcnM+DQogICAgICAgIDwvUmVxdWVzdD4NCiAgICAgIDwvSXRlbXM+DQogICAgPC9UcmFuc2FjdGlvblRpbWVyPg0KICAgIDxUcmFuc2FjdGlvblRpbWVyIE5hbWU9IkFNU19JUExfUkEiPg0KICAgICAgPEl0ZW1zPg0KICAgICAgICA8Q29tbWVudCBDb21tZW50VGV4dD0iSVBMLVJBIiAvPg0KICAgICAgICA8UmVxdWVzdCBNZXRob2Q9IkdFVCIgVmVyc2lvbj0iMS4xIiBVcmw9Int7V2ViU2VydmVyMX19L2Nvbm5lY3RvcnMvY3BlL0lQTC1SQS5hc3B4IiBUaGlua1RpbWU9IjAiIFRpbWVvdXQ9IjMwMCIgUGFyc2VEZXBlbmRlbnRSZXF1ZXN0cz0iVHJ1ZSIgRm9sbG93UmVkaXJlY3RzPSJUcnVlIiBSZWNvcmRSZXN1bHQ9IlRydWUiIENhY2hlPSJGYWxzZSIgUmVzcG9uc2VUaW1lR29hbD0iMCIgRW5jb2Rpbmc9InV0Zi04IiBFeHBlY3RlZEh0dHBTdGF0dXNDb2RlPSIwIiBFeHBlY3RlZFJlc3BvbnNlVXJsPSIiIFJlcG9ydGluZ05hbWU9IiI+DQogICAgICAgICAgPFF1ZXJ5U3RyaW5nUGFyYW1ldGVycz4NCiAgICAgICAgICAgIDxRdWVyeVN0cmluZ1BhcmFtZXRlciBOYW1lPSJtb2RlIiBWYWx1ZT0iaXBsIiBSZWNvcmRlZFZhbHVlPSJpcGwiIENvcnJlbGF0aW9uQmluZGluZz0iIiBVcmxFbmNvZGU9IkZhbHNlIiBVc2VUb0dyb3VwUmVzdWx0cz0iRmFsc2UiIC8+DQogICAgICAgICAgICA8UXVlcnlTdHJpbmdQYXJhbWV0ZXIgTmFtZT0ic2VyaWFsIiBWYWx1ZT0ie3tEYXRhU291cmNlMS5JUExJbml0I2Nzdi5TZXJpYWx9fSIgUmVjb3JkZWRWYWx1ZT0iMSIgQ29ycmVsYXRpb25CaW5kaW5nPSIiIFVybEVuY29kZT0iRmFsc2UiIFVzZVRvR3JvdXBSZXN1bHRzPSJGYWxzZSIgLz4NCiAgICAgICAgICA8L1F1ZXJ5U3RyaW5nUGFyYW1ldGVycz4NCiAgICAgICAgPC9SZXF1ZXN0Pg0KICAgICAgPC9JdGVtcz4NCiAgICA8L1RyYW5zYWN0aW9uVGltZXI+DQogICAgPFRyYW5zYWN0aW9uVGltZXIgTmFtZT0iQU1TX0lQTF9TViI+DQogICAgICA8SXRlbXM+DQogICAgICAgIDxDb21tZW50IENvbW1lbnRUZXh0PSJJUEwtU1YiIC8+DQogICAgICAgIDxSZXF1ZXN0IE1ldGhvZD0iR0VUIiBWZXJzaW9uPSIxLjEiIFVybD0ie3tXZWJTZXJ2ZXIxfX0vY29ubmVjdG9ycy9jcGUvSVBMLVNWLmFzcHgiIFRoaW5rVGltZT0iMCIgVGltZW91dD0iMzAwIiBQYXJzZURlcGVuZGVudFJlcXVlc3RzPSJUcnVlIiBGb2xsb3dSZWRpcmVjdHM9IlRydWUiIFJlY29yZFJlc3VsdD0iVHJ1ZSIgQ2FjaGU9IkZhbHNlIiBSZXNwb25zZVRpbWVHb2FsPSIwIiBFbmNvZGluZz0idXRmLTgiIEV4cGVjdGVkSHR0cFN0YXR1c0NvZGU9IjAiIEV4cGVjdGVkUmVzcG9uc2VVcmw9IiIgUmVwb3J0aW5nTmFtZT0iIj4NCiAgICAgICAgICA8UXVlcnlTdHJpbmdQYXJhbWV0ZXJzPg0KICAgICAgICAgICAgPFF1ZXJ5U3RyaW5nUGFyYW1ldGVyIE5hbWU9Im1vZGUiIFZhbHVlPSJpcGwiIFJlY29yZGVkVmFsdWU9ImlwbCIgQ29ycmVsYXRpb25CaW5kaW5nPSIiIFVybEVuY29kZT0iRmFsc2UiIFVzZVRvR3JvdXBSZXN1bHRzPSJGYWxzZSIgLz4NCiAgICAgICAgICAgIDxRdWVyeVN0cmluZ1BhcmFtZXRlciBOYW1lPSJzZXJpYWwiIFZhbHVlPSJ7e0RhdGFTb3VyY2UxLklQTEluaXQjY3N2LlNlcmlhbH19IiBSZWNvcmRlZFZhbHVlPSIxIiBDb3JyZWxhdGlvbkJpbmRpbmc9IiIgVXJsRW5jb2RlPSJGYWxzZSIgVXNlVG9Hcm91cFJlc3VsdHM9IkZhbHNlIiAvPg0KICAgICAgICAgIDwvUXVlcnlTdHJpbmdQYXJhbWV0ZXJzPg0KICAgICAgICA8L1JlcXVlc3Q+DQogICAgICA8L0l0ZW1zPg0KICAgIDwvVHJhbnNhY3Rpb25UaW1lcj4NCiAgICA8VHJhbnNhY3Rpb25UaW1lciBOYW1lPSJBTVNfSVBMX1VSIj4NCiAgICAgIDxJdGVtcz4NCiAgICAgICAgPENvbW1lbnQgQ29tbWVudFRleHQ9IklQTC1VUiIgLz4NCiAgICAgICAgPFJlcXVlc3QgTWV0aG9kPSJHRVQiIFZlcnNpb249IjEuMSIgVXJsPSJ7e1dlYlNlcnZlcjF9fS9jb25uZWN0b3JzL2NwZS9JUEwtVVIuYXNweCIgVGhpbmtUaW1lPSIwIiBUaW1lb3V0PSIzMDAiIFBhcnNlRGVwZW5kZW50UmVxdWVzdHM9IlRydWUiIEZvbGxvd1JlZGlyZWN0cz0iVHJ1ZSIgUmVjb3JkUmVzdWx0PSJUcnVlIiBDYWNoZT0iRmFsc2UiIFJlc3BvbnNlVGltZUdvYWw9IjAiIEVuY29kaW5nPSJ1dGYtOCIgRXhwZWN0ZWRIdHRwU3RhdHVzQ29kZT0iMCIgRXhwZWN0ZWRSZXNwb25zZVVybD0iIiBSZXBvcnRpbmdOYW1lPSIiPg0KICAgICAgICAgIDxRdWVyeVN0cmluZ1BhcmFtZXRlcnM+DQogICAgICAgICAgICA8UXVlcnlTdHJpbmdQYXJhbWV0ZXIgTmFtZT0ibW9kZSIgVmFsdWU9ImlwbCIgUmVjb3JkZWRWYWx1ZT0iaXBsIiBDb3JyZWxhdGlvbkJpbmRpbmc9IiIgVXJsRW5jb2RlPSJGYWxzZSIgVXNlVG9Hcm91cFJlc3VsdHM9IkZhbHNlIiAvPg0KICAgICAgICAgICAgPFF1ZXJ5U3RyaW5nUGFyYW1ldGVyIE5hbWU9InNlcmlhbCIgVmFsdWU9Int7RGF0YVNvdXJjZTEuSVBMSW5pdCNjc3YuU2VyaWFsfX0iIFJlY29yZGVkVmFsdWU9IjEiIENvcnJlbGF0aW9uQmluZGluZz0iIiBVcmxFbmNvZGU9IkZhbHNlIiBVc2VUb0dyb3VwUmVzdWx0cz0iRmFsc2UiIC8+DQogICAgICAgICAgPC9RdWVyeVN0cmluZ1BhcmFtZXRlcnM+DQogICAgICAgIDwvUmVxdWVzdD4NCiAgICAgIDwvSXRlbXM+DQogICAgPC9UcmFuc2FjdGlvblRpbWVyPg0KICAgIDxUcmFuc2FjdGlvblRpbWVyIE5hbWU9IkFNU19JUExfQ0EiPg0KICAgICAgPEl0ZW1zPg0KICAgICAgICA8Q29tbWVudCBDb21tZW50VGV4dD0iSVBMLUNBIiAvPg0KICAgICAgICA8UmVxdWVzdCBNZXRob2Q9IkdFVCIgVmVyc2lvbj0iMS4xIiBVcmw9Int7V2ViU2VydmVyMX19L2Nvbm5lY3RvcnMvY3BlL0lQTC1DQS5hc3B4IiBUaGlua1RpbWU9IjAiIFRpbWVvdXQ9IjMwMCIgUGFyc2VEZXBlbmRlbnRSZXF1ZXN0cz0iVHJ1ZSIgRm9sbG93UmVkaXJlY3RzPSJUcnVlIiBSZWNvcmRSZXN1bHQ9IlRydWUiIENhY2hlPSJGYWxzZSIgUmVzcG9uc2VUaW1lR29hbD0iMCIgRW5jb2Rpbmc9InV0Zi04IiBFeHBlY3RlZEh0dHBTdGF0dXNDb2RlPSIwIiBFeHBlY3RlZFJlc3BvbnNlVXJsPSIiIFJlcG9ydGluZ05hbWU9IiI+DQogICAgICAgICAgPFF1ZXJ5U3RyaW5nUGFyYW1ldGVycz4NCiAgICAgICAgICAgIDxRdWVyeVN0cmluZ1BhcmFtZXRlciBOYW1lPSJtb2RlIiBWYWx1ZT0iaXBsIiBSZWNvcmRlZFZhbHVlPSJpcGwiIENvcnJlbGF0aW9uQmluZGluZz0iIiBVcmxFbmNvZGU9IkZhbHNlIiBVc2VUb0dyb3VwUmVzdWx0cz0iRmFsc2UiIC8+DQogICAgICAgICAgICA8UXVlcnlTdHJpbmdQYXJhbWV0ZXIgTmFtZT0ic2VyaWFsIiBWYWx1ZT0ie3tEYXRhU291cmNlMS5JUExJbml0I2Nzdi5TZXJpYWx9fSIgUmVjb3JkZWRWYWx1ZT0iMSIgQ29ycmVsYXRpb25CaW5kaW5nPSIiIFVybEVuY29kZT0iRmFsc2UiIFVzZVRvR3JvdXBSZXN1bHRzPSJGYWxzZSIgLz4NCiAgICAgICAgICA8L1F1ZXJ5U3RyaW5nUGFyYW1ldGVycz4NCiAgICAgICAgPC9SZXF1ZXN0Pg0KICAgICAgPC9JdGVtcz4NCiAgICA8L1RyYW5zYWN0aW9uVGltZXI+DQogICAgPFRyYW5zYWN0aW9uVGltZXIgTmFtZT0iQU1TX0lQTF9TRiI+DQogICAgICA8SXRlbXM+DQogICAgICAgIDxDb21tZW50IENvbW1lbnRUZXh0PSJJUEwtU0YiIC8+DQogICAgICAgIDxSZXF1ZXN0IE1ldGhvZD0iR0VUIiBWZXJzaW9uPSIxLjEiIFVybD0ie3tXZWJTZXJ2ZXIxfX0vY29ubmVjdG9ycy9jcGUvSVBMLVNGLmFzcHgiIFRoaW5rVGltZT0iMCIgVGltZW91dD0iMzAwIiBQYXJzZURlcGVuZGVudFJlcXVlc3RzPSJUcnVlIiBGb2xsb3dSZWRpcmVjdHM9IlRydWUiIFJlY29yZFJlc3VsdD0iVHJ1ZSIgQ2FjaGU9IkZhbHNlIiBSZXNwb25zZVRpbWVHb2FsPSIwIiBFbmNvZGluZz0idXRmLTgiIEV4cGVjdGVkSHR0cFN0YXR1c0NvZGU9IjAiIEV4cGVjdGVkUmVzcG9uc2VVcmw9IiIgUmVwb3J0aW5nTmFtZT0iIj4NCiAgICAgICAgICA8UXVlcnlTdHJpbmdQYXJhbWV0ZXJzPg0KICAgICAgICAgICAgPFF1ZXJ5U3RyaW5nUGFyYW1ldGVyIE5hbWU9Im1vZGUiIFZhbHVlPSJpcGwiIFJlY29yZGVkVmFsdWU9ImlwbCIgQ29ycmVsYXRpb25CaW5kaW5nPSIiIFVybEVuY29kZT0iRmFsc2UiIFVzZVRvR3JvdXBSZXN1bHRzPSJGYWxzZSIgLz4NCiAgICAgICAgICAgIDxRdWVyeVN0cmluZ1BhcmFtZXRlciBOYW1lPSJzZXJpYWwiIFZhbHVlPSJ7e0RhdGFTb3VyY2UxLklQTEluaXQjY3N2LlNlcmlhbH19IiBSZWNvcmRlZFZhbHVlPSIxIiBDb3JyZWxhdGlvbkJpbmRpbmc9IiIgVXJsRW5jb2RlPSJGYWxzZSIgVXNlVG9Hcm91cFJlc3VsdHM9IkZhbHNlIiAvPg0KICAgICAgICAgIDwvUXVlcnlTdHJpbmdQYXJhbWV0ZXJzPg0KICAgICAgICA8L1JlcXVlc3Q+DQogICAgICA8L0l0ZW1zPg0KICAgIDwvVHJhbnNhY3Rpb25UaW1lcj4NCiAgPC9JdGVtcz4NCiAgPERhdGFTb3VyY2VzPg0KICAgIDxEYXRhU291cmNlIE5hbWU9IkRhdGFTb3VyY2UxIiBQcm92aWRlcj0iTWljcm9zb2Z0LlZpc3VhbFN0dWRpby5UZXN0VG9vbHMuRGF0YVNvdXJjZS5DU1YiIENvbm5lY3Rpb249InxEYXRhRGlyZWN0b3J5fFxJUExJbml0LmNzdiI+DQogICAgICA8VGFibGVzPg0KICAgICAgICA8RGF0YVNvdXJjZVRhYmxlIE5hbWU9IklQTEluaXQjY3N2IiBTZWxlY3RDb2x1bW5zPSJTZWxlY3RPbmx5Qm91bmRDb2x1bW5zIiBBY2Nlc3NNZXRob2Q9IlVuaXF1ZSIgLz4NCiAgICAgIDwvVGFibGVzPg0KICAgIDwvRGF0YVNvdXJjZT4NCiAgPC9EYXRhU291cmNlcz4NCiAgPENvbnRleHRQYXJhbWV0ZXJzPg0KICAgIDxDb250ZXh0UGFyYW1ldGVyIE5hbWU9IldlYlNlcnZlcjEiIFZhbHVlPSJodHRwOi8vMTkyLjE2OC4xMDIuMjUxIiAvPg0KICA8L0NvbnRleHRQYXJhbWV0ZXJzPg0KICA8VmFsaWRhdGlvblJ1bGVzPg0KICAgIDxWYWxpZGF0aW9uUnVsZSBDbGFzc25hbWU9Ik1pY3Jvc29mdC5WaXN1YWxTdHVkaW8uVGVzdFRvb2xzLldlYlRlc3RpbmcuUnVsZXMuVmFsaWRhdGVSZXNwb25zZVVybCwgTWljcm9zb2Z0LlZpc3VhbFN0dWRpby5RdWFsaXR5VG9vbHMuV2ViVGVzdEZyYW1ld29yaywgVmVyc2lvbj0xMC4wLjAuMCwgQ3VsdHVyZT1uZXV0cmFsLCBQdWJsaWNLZXlUb2tlbj1iMDNmNWY3ZjExZDUwYTNhIiBEaXNwbGF5TmFtZT0iUmVzcG9uc2UgVVJMIiBEZXNjcmlwdGlvbj0iVmFsaWRhdGVzIHRoYXQgdGhlIHJlc3BvbnNlIFVSTCBhZnRlciByZWRpcmVjdHMgYXJlIGZvbGxvd2VkIGlzIHRoZSBzYW1lIGFzIHRoZSByZWNvcmRlZCByZXNwb25zZSBVUkwuICBRdWVyeVN0cmluZyBwYXJhbWV0ZXJzIGFyZSBpZ25vcmVkLiIgTGV2ZWw9IkxvdyIgRXhlY3R1aW9uT3JkZXI9IkJlZm9yZURlcGVuZGVudHMiIC8+DQogICAgPFZhbGlkYXRpb25SdWxlIENsYXNzbmFtZT0iTWljcm9zb2Z0LlZpc3VhbFN0dWRpby5UZXN0VG9vbHMuV2ViVGVzdGluZy5SdWxlcy5WYWxpZGF0aW9uUnVsZVJlc3BvbnNlVGltZUdvYWwsIE1pY3Jvc29mdC5WaXN1YWxTdHVkaW8uUXVhbGl0eVRvb2xzLldlYlRlc3RGcmFtZXdvcmssIFZlcnNpb249MTAuMC4wLjAsIEN1bHR1cmU9bmV1dHJhbCwgUHVibGljS2V5VG9rZW49YjAzZjVmN2YxMWQ1MGEzYSIgRGlzcGxheU5hbWU9IlJlc3BvbnNlIFRpbWUgR29hbCIgRGVzY3JpcHRpb249IlZhbGlkYXRlcyB0aGF0IHRoZSByZXNwb25zZSB0aW1lIGZvciB0aGUgcmVxdWVzdCBpcyBsZXNzIHRoYW4gb3IgZXF1YWwgdG8gdGhlIHJlc3BvbnNlIHRpbWUgZ29hbCBhcyBzcGVjaWZpZWQgb24gdGhlIHJlcXVlc3QuICBSZXNwb25zZSB0aW1lIGdvYWxzIG9mIHplcm8gd2lsbCBiZSBpZ25vcmVkLiIgTGV2ZWw9IkxvdyIgRXhlY3R1aW9uT3JkZXI9IkFmdGVyRGVwZW5kZW50cyI+DQogICAgICA8UnVsZVBhcmFtZXRlcnM+DQogICAgICAgIDxSdWxlUGFyYW1ldGVyIE5hbWU9IlRvbGVyYW5jZSIgVmFsdWU9IjAiIC8+DQogICAgICA8L1J1bGVQYXJhbWV0ZXJzPg0KICAgIDwvVmFsaWRhdGlvblJ1bGU+DQogIDwvVmFsaWRhdGlvblJ1bGVzPg0KPC9XZWJUZXN0Pg==">
    </WebTest>
    <LoadTest Name="LiveLoadTest_2" Description="" Owner="" storage="c:\performance_test\amsproject\amsproject\liveloadtest_2.loadtest" Priority="2147483647" Enabled="true" CssProjectStructure="" CssIteration="" DeploymentItemsEditable="" WorkItemIds="" TraceLevel="None" CurrentRunConfig="Run Settings1" Id="bc86d87d-8b34-4258-85bf-df21bd9f04c8">
      <Scenarios>
        <Scenario Name="ClipBundle" DelayBetweenIterations="5" PercentNewUsers="0" IPSwitching="true" TestMixType="PercentageOfUsersRunning" ApplyDistributionToPacingDelay="true" MaxTestIterations="0" DisableDuringWarmup="false" DelayStartTime="0" AllowedAgents="">
          <ThinkProfile Value="0" Pattern="On" />
          <LoadProfile Pattern="Step" InitialUsers="1" MaxUsers="868" StepUsers="2" StepDuration="5" StepRampTime="0" />
          <TestMix>
            <TestProfile Name="ClipBundle" Path="c:\performance_test\amsproject\amsproject\clipbundle.webtest" Id="acf02364-4585-4891-89a4-e38ba0f9ad0b" Percentage="100" Type="Microsoft.VisualStudio.TestTools.WebStress.DeclarativeWebTestElement, Microsoft.VisualStudio.QualityTools.LoadTest, Version=10.0.0.0, Culture=neutral, PublicKeyToken=b03f5f7f11d50a3a" />
          </TestMix>
          <BrowserMix>
            <BrowserProfile Percentage="100">
              <Browser Name="Internet Explorer 8.0" MaxConnections="6">
                <Headers>
                  <Header Name="User-Agent" Value="Mozilla/4.0 (compatible; MSIE 8.0; Windows NT 5.1)" />
                  <Header Name="Accept" Value="*/*" />
                  <Header Name="Accept-Language" Value="{{$IEAcceptLanguage}}" />
                  <Header Name="Accept-Encoding" Value="GZIP" />
                </Headers>
              </Browser>
            </BrowserProfile>
          </BrowserMix>
          <NetworkMix>
            <NetworkProfile Percentage="100">
              <Network Name="LAN" BandwidthInKbps="1000000" NetworkProfileConfigurationXml="&lt;Emulation&gt;&lt;VirtualChannel name=&quot;defaultChannel&quot;&gt;&lt;FilterList/&gt;&lt;VirtualLink instances=&quot;1&quot; name=&quot;defaultLink&quot;&gt;&lt;LinkRule dir=&quot;upstream&quot;&gt;&lt;Bandwidth&gt;&lt;Speed unit=&quot;kbps&quot;&gt;1000000&lt;/Speed&gt;&lt;/Bandwidth&gt;&lt;/LinkRule&gt;&lt;LinkRule dir=&quot;downstream&quot;&gt;&lt;Bandwidth&gt;&lt;Speed unit=&quot;kbps&quot;&gt;1000000&lt;/Speed&gt;&lt;/Bandwidth&gt;&lt;/LinkRule&gt;&lt;/VirtualLink&gt;&lt;/VirtualChannel&gt;&lt;/Emulation&gt;" />
            </NetworkProfile>
          </NetworkMix>
        </Scenario>
        <Scenario Name="Issuance" DelayBetweenIterations="60" PercentNewUsers="0" IPSwitching="true" TestMixType="PercentageOfUsersRunning" ApplyDistributionToPacingDelay="true" MaxTestIterations="0" DisableDuringWarmup="false" DelayStartTime="0" AllowedAgents="">
          <ThinkProfile Value="0" Pattern="On" />
          <LoadProfile Pattern="Step" InitialUsers="1" MaxUsers="47" StepUsers="2" StepDuration="10" StepRampTime="0" />
          <TestMix>
            <TestProfile Name="AMS_5.99_Issuance" Path="c:\performance_test\amsproject\amsproject\ams_5.99_issuance.webtest" Id="0f8d20b0-bdee-45a4-b38c-e190c0c1aea4" Percentage="100" Type="Microsoft.VisualStudio.TestTools.WebStress.DeclarativeWebTestElement, Microsoft.VisualStudio.QualityTools.LoadTest, Version=10.0.0.0, Culture=neutral, PublicKeyToken=b03f5f7f11d50a3a" />
          </TestMix>
          <BrowserMix>
            <BrowserProfile Percentage="100">
              <Browser Name="Internet Explorer 8.0" MaxConnections="6">
                <Headers>
                  <Header Name="User-Agent" Value="Mozilla/4.0 (compatible; MSIE 8.0; Windows NT 5.1)" />
                  <Header Name="Accept" Value="*/*" />
                  <Header Name="Accept-Language" Value="{{$IEAcceptLanguage}}" />
                  <Header Name="Accept-Encoding" Value="GZIP" />
                </Headers>
              </Browser>
            </BrowserProfile>
          </BrowserMix>
          <NetworkMix>
            <NetworkProfile Percentage="100">
              <Network Name="LAN" BandwidthInKbps="1000000" NetworkProfileConfigurationXml="&lt;Emulation&gt;&lt;VirtualChannel name=&quot;defaultChannel&quot;&gt;&lt;FilterList/&gt;&lt;VirtualLink instances=&quot;1&quot; name=&quot;defaultLink&quot;&gt;&lt;LinkRule dir=&quot;upstream&quot;&gt;&lt;Bandwidth&gt;&lt;Speed unit=&quot;kbps&quot;&gt;1000000&lt;/Speed&gt;&lt;/Bandwidth&gt;&lt;/LinkRule&gt;&lt;LinkRule dir=&quot;downstream&quot;&gt;&lt;Bandwidth&gt;&lt;Speed unit=&quot;kbps&quot;&gt;1000000&lt;/Speed&gt;&lt;/Bandwidth&gt;&lt;/LinkRule&gt;&lt;/VirtualLink&gt;&lt;/VirtualChannel&gt;&lt;/Emulation&gt;" />
            </NetworkProfile>
          </NetworkMix>
        </Scenario>
        <Scenario Name="TransUpload" DelayBetweenIterations="50" PercentNewUsers="0" IPSwitching="true" TestMixType="PercentageOfUsersRunning" ApplyDistributionToPacingDelay="true" MaxTestIterations="0" DisableDuringWarmup="false" DelayStartTime="0" AllowedAgents="">
          <ThinkProfile Value="0" Pattern="On" />
          <LoadProfile Pattern="Step" InitialUsers="1" MaxUsers="225" StepUsers="2" StepDuration="10" StepRampTime="0" />
          <TestMix>
            <TestProfile Name="AMS_5.99_TransUpload" Path="c:\performance_test\amsproject\amsproject\ams_5.99_transupload.webtest" Id="e2546ca8-a776-4229-a207-e1e72674a447" Percentage="100" Type="Microsoft.VisualStudio.TestTools.WebStress.DeclarativeWebTestElement, Microsoft.VisualStudio.QualityTools.LoadTest, Version=10.0.0.0, Culture=neutral, PublicKeyToken=b03f5f7f11d50a3a" />
          </TestMix>
          <BrowserMix>
            <BrowserProfile Percentage="100">
              <Browser Name="Internet Explorer 8.0" MaxConnections="6">
                <Headers>
                  <Header Name="User-Agent" Value="Mozilla/4.0 (compatible; MSIE 8.0; Windows NT 5.1)" />
                  <Header Name="Accept" Value="*/*" />
                  <Header Name="Accept-Language" Value="{{$IEAcceptLanguage}}" />
                  <Header Name="Accept-Encoding" Value="GZIP" />
                </Headers>
              </Browser>
            </BrowserProfile>
          </BrowserMix>
          <NetworkMix>
            <NetworkProfile Percentage="100">
              <Network Name="LAN" BandwidthInKbps="1000000" NetworkProfileConfigurationXml="&lt;Emulation&gt;&lt;VirtualChannel name=&quot;defaultChannel&quot;&gt;&lt;FilterList/&gt;&lt;VirtualLink instances=&quot;1&quot; name=&quot;defaultLink&quot;&gt;&lt;LinkRule dir=&quot;upstream&quot;&gt;&lt;Bandwidth&gt;&lt;Speed unit=&quot;kbps&quot;&gt;1000000&lt;/Speed&gt;&lt;/Bandwidth&gt;&lt;/LinkRule&gt;&lt;LinkRule dir=&quot;downstream&quot;&gt;&lt;Bandwidth&gt;&lt;Speed unit=&quot;kbps&quot;&gt;1000000&lt;/Speed&gt;&lt;/Bandwidth&gt;&lt;/LinkRule&gt;&lt;/VirtualLink&gt;&lt;/VirtualChannel&gt;&lt;/Emulation&gt;" />
            </NetworkProfile>
          </NetworkMix>
        </Scenario>
        <Scenario Name="Reporting_Impressions" DelayBetweenIterations="60" PercentNewUsers="0" IPSwitching="true" TestMixType="PercentageOfUsersRunning" ApplyDistributionToPacingDelay="true" MaxTestIterations="0" DisableDuringWarmup="false" DelayStartTime="0" AllowedAgents="">
          <ThinkProfile Value="0" Pattern="On" />
          <LoadProfile Pattern="Step" InitialUsers="1" MaxUsers="38" StepUsers="2" StepDuration="10" StepRampTime="0" />
          <TestMix>
            <TestProfile Name="AMS_5.99_ReportingUpload_Impressions" Path="c:\performance_test\amsproject\amsproject\ams_5.99_reportingupload_impressions.webtest" Id="a8ae2975-cb52-42c9-908a-3a21bbfd82b0" Percentage="100" Type="Microsoft.VisualStudio.TestTools.WebStress.DeclarativeWebTestElement, Microsoft.VisualStudio.QualityTools.LoadTest, Version=10.0.0.0, Culture=neutral, PublicKeyToken=b03f5f7f11d50a3a" />
          </TestMix>
          <BrowserMix>
            <BrowserProfile Percentage="100">
              <Browser Name="Internet Explorer 8.0" MaxConnections="6">
                <Headers>
                  <Header Name="User-Agent" Value="Mozilla/4.0 (compatible; MSIE 8.0; Windows NT 5.1)" />
                  <Header Name="Accept" Value="*/*" />
                  <Header Name="Accept-Language" Value="{{$IEAcceptLanguage}}" />
                  <Header Name="Accept-Encoding" Value="GZIP" />
                </Headers>
              </Browser>
            </BrowserProfile>
          </BrowserMix>
          <NetworkMix>
            <NetworkProfile Percentage="100">
              <Network Name="LAN" BandwidthInKbps="1000000" NetworkProfileConfigurationXml="&lt;Emulation&gt;&lt;VirtualChannel name=&quot;defaultChannel&quot;&gt;&lt;FilterList/&gt;&lt;VirtualLink instances=&quot;1&quot; name=&quot;defaultLink&quot;&gt;&lt;LinkRule dir=&quot;upstream&quot;&gt;&lt;Bandwidth&gt;&lt;Speed unit=&quot;kbps&quot;&gt;1000000&lt;/Speed&gt;&lt;/Bandwidth&gt;&lt;/LinkRule&gt;&lt;LinkRule dir=&quot;downstream&quot;&gt;&lt;Bandwidth&gt;&lt;Speed unit=&quot;kbps&quot;&gt;1000000&lt;/Speed&gt;&lt;/Bandwidth&gt;&lt;/LinkRule&gt;&lt;/VirtualLink&gt;&lt;/VirtualChannel&gt;&lt;/Emulation&gt;" />
            </NetworkProfile>
          </NetworkMix>
        </Scenario>
        <Scenario Name="Reporting_TransHist" DelayBetweenIterations="60" PercentNewUsers="0" IPSwitching="true" TestMixType="PercentageOfUsersRunning" ApplyDistributionToPacingDelay="true" MaxTestIterations="0" DisableDuringWarmup="false" DelayStartTime="0" AllowedAgents="">
          <ThinkProfile Value="0" Pattern="On" />
          <LoadProfile Pattern="Step" InitialUsers="1" MaxUsers="38" StepUsers="2" StepDuration="10" StepRampTime="0" />
          <TestMix>
            <TestProfile Name="AMS_5.99_ReportingUpload_NewTransHist" Path="c:\performance_test\amsproject\amsproject\ams_5.99_reportingupload_newtranshist.webtest" Id="8119ab20-88d3-4c24-9ecf-77e375054569" Percentage="100" Type="Microsoft.VisualStudio.TestTools.WebStress.DeclarativeWebTestElement, Microsoft.VisualStudio.QualityTools.LoadTest, Version=10.0.0.0, Culture=neutral, PublicKeyToken=b03f5f7f11d50a3a" />
          </TestMix>
          <BrowserMix>
            <BrowserProfile Percentage="100">
              <Browser Name="Internet Explorer 8.0" MaxConnections="6">
                <Headers>
                  <Header Name="User-Agent" Value="Mozilla/4.0 (compatible; MSIE 8.0; Windows NT 5.1)" />
                  <Header Name="Accept" Value="*/*" />
                  <Header Name="Accept-Language" Value="{{$IEAcceptLanguage}}" />
                  <Header Name="Accept-Encoding" Value="GZIP" />
                </Headers>
              </Browser>
            </BrowserProfile>
          </BrowserMix>
          <NetworkMix>
            <NetworkProfile Percentage="100">
              <Network Name="LAN" BandwidthInKbps="1000000" NetworkProfileConfigurationXml="&lt;Emulation&gt;&lt;VirtualChannel name=&quot;defaultChannel&quot;&gt;&lt;FilterList/&gt;&lt;VirtualLink instances=&quot;1&quot; name=&quot;defaultLink&quot;&gt;&lt;LinkRule dir=&quot;upstream&quot;&gt;&lt;Bandwidth&gt;&lt;Speed unit=&quot;kbps&quot;&gt;1000000&lt;/Speed&gt;&lt;/Bandwidth&gt;&lt;/LinkRule&gt;&lt;LinkRule dir=&quot;downstream&quot;&gt;&lt;Bandwidth&gt;&lt;Speed unit=&quot;kbps&quot;&gt;1000000&lt;/Speed&gt;&lt;/Bandwidth&gt;&lt;/LinkRule&gt;&lt;/VirtualLink&gt;&lt;/VirtualChannel&gt;&lt;/Emulation&gt;" />
            </NetworkProfile>
          </NetworkMix>
        </Scenario>
        <Scenario Name="Reporting_TransRedemptn" DelayBetweenIterations="60" PercentNewUsers="0" IPSwitching="true" TestMixType="PercentageOfUsersRunning" ApplyDistributionToPacingDelay="true" MaxTestIterations="0" DisableDuringWarmup="false" DelayStartTime="0" AllowedAgents="">
          <ThinkProfile Value="0" Pattern="On" />
          <LoadProfile Pattern="Step" InitialUsers="1" MaxUsers="38" StepUsers="2" StepDuration="10" StepRampTime="0" />
          <TestMix>
            <TestProfile Name="AMS_5.99_ReportingUpload_TnsRdmptn" Path="c:\performance_test\amsproject\amsproject\ams_5.99_reportingupload_tnsrdmptn.webtest" Id="cfbf3277-1d9d-45d0-9bcf-00ae9ad3a503" Percentage="100" Type="Microsoft.VisualStudio.TestTools.WebStress.DeclarativeWebTestElement, Microsoft.VisualStudio.QualityTools.LoadTest, Version=10.0.0.0, Culture=neutral, PublicKeyToken=b03f5f7f11d50a3a" />
          </TestMix>
          <BrowserMix>
            <BrowserProfile Percentage="100">
              <Browser Name="Internet Explorer 8.0" MaxConnections="6">
                <Headers>
                  <Header Name="User-Agent" Value="Mozilla/4.0 (compatible; MSIE 8.0; Windows NT 5.1)" />
                  <Header Name="Accept" Value="*/*" />
                  <Header Name="Accept-Language" Value="{{$IEAcceptLanguage}}" />
                  <Header Name="Accept-Encoding" Value="GZIP" />
                </Headers>
              </Browser>
            </BrowserProfile>
          </BrowserMix>
          <NetworkMix>
            <NetworkProfile Percentage="100">
              <Network Name="LAN" BandwidthInKbps="1000000" NetworkProfileConfigurationXml="&lt;Emulation&gt;&lt;VirtualChannel name=&quot;defaultChannel&quot;&gt;&lt;FilterList/&gt;&lt;VirtualLink instances=&quot;1&quot; name=&quot;defaultLink&quot;&gt;&lt;LinkRule dir=&quot;upstream&quot;&gt;&lt;Bandwidth&gt;&lt;Speed unit=&quot;kbps&quot;&gt;1000000&lt;/Speed&gt;&lt;/Bandwidth&gt;&lt;/LinkRule&gt;&lt;LinkRule dir=&quot;downstream&quot;&gt;&lt;Bandwidth&gt;&lt;Speed unit=&quot;kbps&quot;&gt;1000000&lt;/Speed&gt;&lt;/Bandwidth&gt;&lt;/LinkRule&gt;&lt;/VirtualLink&gt;&lt;/VirtualChannel&gt;&lt;/Emulation&gt;" />
            </NetworkProfile>
          </NetworkMix>
        </Scenario>
        <Scenario Name="TranDownload" DelayBetweenIterations="35" PercentNewUsers="0" IPSwitching="true" TestMixType="PercentageOfUsersRunning" ApplyDistributionToPacingDelay="true" MaxTestIterations="0" DisableDuringWarmup="false" DelayStartTime="0" AllowedAgents="">
          <ThinkProfile Value="0" Pattern="On" />
          <LoadProfile Pattern="Step" InitialUsers="1" MaxUsers="38" StepUsers="2" StepDuration="10" StepRampTime="0" />
          <TestMix>
            <TestProfile Name="AMS_5.99_TransDownload" Path="c:\performance_test\amsproject\amsproject\ams_5.99_transdownload.webtest" Id="82aaf15c-266a-42ee-b87e-46825e866cbb" Percentage="100" Type="Microsoft.VisualStudio.TestTools.WebStress.DeclarativeWebTestElement, Microsoft.VisualStudio.QualityTools.LoadTest, Version=10.0.0.0, Culture=neutral, PublicKeyToken=b03f5f7f11d50a3a" />
          </TestMix>
          <BrowserMix>
            <BrowserProfile Percentage="100">
              <Browser Name="Internet Explorer 8.0" MaxConnections="6">
                <Headers>
                  <Header Name="User-Agent" Value="Mozilla/4.0 (compatible; MSIE 8.0; Windows NT 5.1)" />
                  <Header Name="Accept" Value="*/*" />
                  <Header Name="Accept-Language" Value="{{$IEAcceptLanguage}}" />
                  <Header Name="Accept-Encoding" Value="GZIP" />
                </Headers>
              </Browser>
            </BrowserProfile>
          </BrowserMix>
          <NetworkMix>
            <NetworkProfile Percentage="100">
              <Network Name="LAN" BandwidthInKbps="1000000" NetworkProfileConfigurationXml="&lt;Emulation&gt;&lt;VirtualChannel name=&quot;defaultChannel&quot;&gt;&lt;FilterList/&gt;&lt;VirtualLink instances=&quot;1&quot; name=&quot;defaultLink&quot;&gt;&lt;LinkRule dir=&quot;upstream&quot;&gt;&lt;Bandwidth&gt;&lt;Speed unit=&quot;kbps&quot;&gt;1000000&lt;/Speed&gt;&lt;/Bandwidth&gt;&lt;/LinkRule&gt;&lt;LinkRule dir=&quot;downstream&quot;&gt;&lt;Bandwidth&gt;&lt;Speed unit=&quot;kbps&quot;&gt;1000000&lt;/Speed&gt;&lt;/Bandwidth&gt;&lt;/LinkRule&gt;&lt;/VirtualLink&gt;&lt;/VirtualChannel&gt;&lt;/Emulation&gt;" />
            </NetworkProfile>
          </NetworkMix>
        </Scenario>
        <Scenario Name="IncentiveFetch" DelayBetweenIterations="35" PercentNewUsers="0" IPSwitching="true" TestMixType="PercentageOfUsersRunning" ApplyDistributionToPacingDelay="true" MaxTestIterations="0" DisableDuringWarmup="false" DelayStartTime="0" AllowedAgents="">
          <ThinkProfile Value="0" Pattern="On" />
          <LoadProfile Pattern="Step" InitialUsers="1" MaxUsers="42" StepUsers="2" StepDuration="10" StepRampTime="0" />
          <TestMix>
            <TestProfile Name="AMS_5.99_IncentiveFetch" Path="c:\performance_test\amsproject\amsproject\ams_5.99_incentivefetch.webtest" Id="2174fb59-ef6d-40fe-a700-d8319a27130a" Percentage="100" Type="Microsoft.VisualStudio.TestTools.WebStress.DeclarativeWebTestElement, Microsoft.VisualStudio.QualityTools.LoadTest, Version=10.0.0.0, Culture=neutral, PublicKeyToken=b03f5f7f11d50a3a" />
          </TestMix>
          <BrowserMix>
            <BrowserProfile Percentage="100">
              <Browser Name="Internet Explorer 8.0" MaxConnections="6">
                <Headers>
                  <Header Name="User-Agent" Value="Mozilla/4.0 (compatible; MSIE 8.0; Windows NT 5.1)" />
                  <Header Name="Accept" Value="*/*" />
                  <Header Name="Accept-Language" Value="{{$IEAcceptLanguage}}" />
                  <Header Name="Accept-Encoding" Value="GZIP" />
                </Headers>
              </Browser>
            </BrowserProfile>
          </BrowserMix>
          <NetworkMix>
            <NetworkProfile Percentage="100">
              <Network Name="LAN" BandwidthInKbps="1000000" NetworkProfileConfigurationXml="&lt;Emulation&gt;&lt;VirtualChannel name=&quot;defaultChannel&quot;&gt;&lt;FilterList/&gt;&lt;VirtualLink instances=&quot;1&quot; name=&quot;defaultLink&quot;&gt;&lt;LinkRule dir=&quot;upstream&quot;&gt;&lt;Bandwidth&gt;&lt;Speed unit=&quot;kbps&quot;&gt;1000000&lt;/Speed&gt;&lt;/Bandwidth&gt;&lt;/LinkRule&gt;&lt;LinkRule dir=&quot;downstream&quot;&gt;&lt;Bandwidth&gt;&lt;Speed unit=&quot;kbps&quot;&gt;1000000&lt;/Speed&gt;&lt;/Bandwidth&gt;&lt;/LinkRule&gt;&lt;/VirtualLink&gt;&lt;/VirtualChannel&gt;&lt;/Emulation&gt;" />
            </NetworkProfile>
          </NetworkMix>
        </Scenario>
        <Scenario Name="Addoffer" DelayBetweenIterations="50" PercentNewUsers="0" IPSwitching="true" TestMixType="PercentageOfUsersRunning" ApplyDistributionToPacingDelay="true" MaxTestIterations="0" DisableDuringWarmup="false" DelayStartTime="0" AllowedAgents="">
          <ThinkProfile Value="0" Pattern="On" />
          <LoadProfile Pattern="Step" InitialUsers="1" MaxUsers="1" StepUsers="1" StepDuration="10" StepRampTime="0" />
          <TestMix>
            <TestProfile Name="AMS_5.99_EOC_AddOffer" Path="c:\performance_test\amsproject\amsproject\ams_5.99_eoc_addoffer.webtest" Id="7f02b49d-7d8a-4a0a-aab0-71c9f588943b" Percentage="100" Type="Microsoft.VisualStudio.TestTools.WebStress.DeclarativeWebTestElement, Microsoft.VisualStudio.QualityTools.LoadTest, Version=10.0.0.0, Culture=neutral, PublicKeyToken=b03f5f7f11d50a3a" />
          </TestMix>
          <BrowserMix>
            <BrowserProfile Percentage="100">
              <Browser Name="Internet Explorer 8.0" MaxConnections="6">
                <Headers>
                  <Header Name="User-Agent" Value="Mozilla/4.0 (compatible; MSIE 8.0; Windows NT 5.1)" />
                  <Header Name="Accept" Value="*/*" />
                  <Header Name="Accept-Language" Value="{{$IEAcceptLanguage}}" />
                  <Header Name="Accept-Encoding" Value="GZIP" />
                </Headers>
              </Browser>
            </BrowserProfile>
          </BrowserMix>
          <NetworkMix>
            <NetworkProfile Percentage="100">
              <Network Name="LAN" BandwidthInKbps="1000000" NetworkProfileConfigurationXml="&lt;Emulation&gt;&lt;VirtualChannel name=&quot;defaultChannel&quot;&gt;&lt;FilterList/&gt;&lt;VirtualLink instances=&quot;1&quot; name=&quot;defaultLink&quot;&gt;&lt;LinkRule dir=&quot;upstream&quot;&gt;&lt;Bandwidth&gt;&lt;Speed unit=&quot;kbps&quot;&gt;1000000&lt;/Speed&gt;&lt;/Bandwidth&gt;&lt;/LinkRule&gt;&lt;LinkRule dir=&quot;downstream&quot;&gt;&lt;Bandwidth&gt;&lt;Speed unit=&quot;kbps&quot;&gt;1000000&lt;/Speed&gt;&lt;/Bandwidth&gt;&lt;/LinkRule&gt;&lt;/VirtualLink&gt;&lt;/VirtualChannel&gt;&lt;/Emulation&gt;" />
            </NetworkProfile>
          </NetworkMix>
        </Scenario>
        <Scenario Name="Phonehome" DelayBetweenIterations="45" PercentNewUsers="0" IPSwitching="true" TestMixType="PercentageOfUsersRunning" ApplyDistributionToPacingDelay="true" MaxTestIterations="0" DisableDuringWarmup="false" DelayStartTime="0" AllowedAgents="">
          <ThinkProfile Value="0" Pattern="On" />
          <LoadProfile Pattern="Step" InitialUsers="1" MaxUsers="262" StepUsers="2" StepDuration="10" StepRampTime="0" />
          <TestMix>
            <TestProfile Name="AMS_5.99_PhoneHome" Path="c:\performance_test\amsproject\amsproject\ams_5.99_phonehome.webtest" Id="b16bfa18-7a00-41a6-86de-c2397ed04d44" Percentage="100" Type="Microsoft.VisualStudio.TestTools.WebStress.DeclarativeWebTestElement, Microsoft.VisualStudio.QualityTools.LoadTest, Version=10.0.0.0, Culture=neutral, PublicKeyToken=b03f5f7f11d50a3a" />
          </TestMix>
          <BrowserMix>
            <BrowserProfile Percentage="100">
              <Browser Name="Internet Explorer 8.0" MaxConnections="6">
                <Headers>
                  <Header Name="User-Agent" Value="Mozilla/4.0 (compatible; MSIE 8.0; Windows NT 5.1)" />
                  <Header Name="Accept" Value="*/*" />
                  <Header Name="Accept-Language" Value="{{$IEAcceptLanguage}}" />
                  <Header Name="Accept-Encoding" Value="GZIP" />
                </Headers>
              </Browser>
            </BrowserProfile>
          </BrowserMix>
          <NetworkMix>
            <NetworkProfile Percentage="100">
              <Network Name="LAN" BandwidthInKbps="1000000" NetworkProfileConfigurationXml="&lt;Emulation&gt;&lt;VirtualChannel name=&quot;defaultChannel&quot;&gt;&lt;FilterList/&gt;&lt;VirtualLink instances=&quot;1&quot; name=&quot;defaultLink&quot;&gt;&lt;LinkRule dir=&quot;upstream&quot;&gt;&lt;Bandwidth&gt;&lt;Speed unit=&quot;kbps&quot;&gt;1000000&lt;/Speed&gt;&lt;/Bandwidth&gt;&lt;/LinkRule&gt;&lt;LinkRule dir=&quot;downstream&quot;&gt;&lt;Bandwidth&gt;&lt;Speed unit=&quot;kbps&quot;&gt;1000000&lt;/Speed&gt;&lt;/Bandwidth&gt;&lt;/LinkRule&gt;&lt;/VirtualLink&gt;&lt;/VirtualChannel&gt;&lt;/Emulation&gt;" />
            </NetworkProfile>
          </NetworkMix>
        </Scenario>
        <Scenario Name="IPL" DelayBetweenIterations="15" PercentNewUsers="0" IPSwitching="true" TestMixType="PercentageOfUsersRunning" ApplyDistributionToPacingDelay="true" MaxTestIterations="0" DisableDuringWarmup="false" DelayStartTime="0" AllowedAgents="">
          <ThinkProfile Value="0" Pattern="On" />
          <LoadProfile Pattern="Step" InitialUsers="1" MaxUsers="19" StepUsers="2" StepDuration="10" StepRampTime="0" />
          <TestMix>
            <TestProfile Name="AMS_5.99_All_Connectors_IPLprocess" Path="c:\performance_test\amsproject\amsproject\ams_5.99_all_connectors_iplprocess.webtest" Id="385b659e-5868-4148-94d2-98166fd7899a" Percentage="100" Type="Microsoft.VisualStudio.TestTools.WebStress.DeclarativeWebTestElement, Microsoft.VisualStudio.QualityTools.LoadTest, Version=10.0.0.0, Culture=neutral, PublicKeyToken=b03f5f7f11d50a3a" />
          </TestMix>
          <BrowserMix>
            <BrowserProfile Percentage="100">
              <Browser Name="Internet Explorer 8.0" MaxConnections="6">
                <Headers>
                  <Header Name="User-Agent" Value="Mozilla/4.0 (compatible; MSIE 8.0; Windows NT 5.1)" />
                  <Header Name="Accept" Value="*/*" />
                  <Header Name="Accept-Language" Value="{{$IEAcceptLanguage}}" />
                  <Header Name="Accept-Encoding" Value="GZIP" />
                </Headers>
              </Browser>
            </BrowserProfile>
          </BrowserMix>
          <NetworkMix>
            <NetworkProfile Percentage="100">
              <Network Name="LAN" BandwidthInKbps="1000000" NetworkProfileConfigurationXml="&lt;Emulation&gt;&lt;VirtualChannel name=&quot;defaultChannel&quot;&gt;&lt;FilterList/&gt;&lt;VirtualLink instances=&quot;1&quot; name=&quot;defaultLink&quot;&gt;&lt;LinkRule dir=&quot;upstream&quot;&gt;&lt;Bandwidth&gt;&lt;Speed unit=&quot;kbps&quot;&gt;1000000&lt;/Speed&gt;&lt;/Bandwidth&gt;&lt;/LinkRule&gt;&lt;LinkRule dir=&quot;downstream&quot;&gt;&lt;Bandwidth&gt;&lt;Speed unit=&quot;kbps&quot;&gt;1000000&lt;/Speed&gt;&lt;/Bandwidth&gt;&lt;/LinkRule&gt;&lt;/VirtualLink&gt;&lt;/VirtualChannel&gt;&lt;/Emulation&gt;" />
            </NetworkProfile>
          </NetworkMix>
        </Scenario>
      </Scenarios>
      <CounterSets>
        <CounterSet Name="LoadTest" CounterSetType="LoadTest" LocId="">
          <CounterCategories>
            <CounterCategory Name="LoadTest:Scenario">
              <Counters>
                <Counter Name="User Load" HigherIsBetter="true" />
                <Counter Name="Tests Running" HigherIsBetter="true" />
              </Counters>
            </CounterCategory>
            <CounterCategory Name="LoadTest:Test">
              <Counters>
                <Counter Name="Total Tests" HigherIsBetter="true" />
                <Counter Name="Passed Tests" HigherIsBetter="true" />
                <Counter Name="Failed Tests" />
                <Counter Name="Tests/Sec" HigherIsBetter="true" />
                <Counter Name="Passed Tests/Sec" HigherIsBetter="true" />
                <Counter Name="Failed Tests/Sec" />
                <Counter Name="Avg. Requests/Test" HigherIsBetter="true" />
                <Counter Name="Avg. Test Time" />
                <Counter Name="% Time in LoadTestPlugin" />
                <Counter Name="% Time in WebTest code" />
                <Counter Name="% Time in Rules" />
              </Counters>
            </CounterCategory>
            <CounterCategory Name="LoadTest:Transaction">
              <Counters>
                <Counter Name="Total Transactions" HigherIsBetter="true" />
                <Counter Name="Avg. Transaction Time" />
                <Counter Name="Avg. Response Time" />
                <Counter Name="Transactions/Sec" HigherIsBetter="true" />
              </Counters>
            </CounterCategory>
            <CounterCategory Name="LoadTest:Errors">
              <Counters>
                <Counter Name="Http Errors" />
                <Counter Name="Validation Rule Errors" />
                <Counter Name="Extraction Rule Errors" />
                <Counter Name="Requests Timed Out" />
                <Counter Name="Exceptions" />
                <Counter Name="Total Errors" />
                <Counter Name="Errors/Sec" />
                <Counter Name="Threshold Violations/Sec" />
              </Counters>
            </CounterCategory>
            <CounterCategory Name="LoadTest:Page">
              <Counters>
                <Counter Name="Total Pages" HigherIsBetter="true" />
                <Counter Name="Avg. Page Time" />
                <Counter Name="Page Response Time Goal" HigherIsBetter="true" />
                <Counter Name="% Pages Meeting Goal" HigherIsBetter="true" />
                <Counter Name="Pages/Sec" HigherIsBetter="true" />
              </Counters>
            </CounterCategory>
            <CounterCategory Name="LoadTest:Request">
              <Counters>
                <Counter Name="Total Requests" HigherIsBetter="true" />
                <Counter Name="Passed Requests" HigherIsBetter="true" />
                <Counter Name="Failed Requests" />
                <Counter Name="Cached Requests" HigherIsBetter="true" />
                <Counter Name="Requests/Sec" HigherIsBetter="true" />
                <Counter Name="Passed Requests/Sec" HigherIsBetter="true" />
                <Counter Name="Failed Requests/Sec" />
                <Counter Name="Avg. First Byte Time" />
                <Counter Name="Avg. Response Time" />
                <Counter Name="Avg. Connection Wait Time">
                  <ThresholdRules>
                    <ThresholdRule Classname="Microsoft.VisualStudio.TestTools.WebStress.Rules.ThresholdRuleCompareCounters, Microsoft.VisualStudio.QualityTools.LoadTest, Version=10.0.0.0, Culture=neutral, PublicKeyToken=b03f5f7f11d50a3a">
                      <RuleParameters>
                        <RuleParameter Name="DependentCategory" Value="LoadTest:Page" />
                        <RuleParameter Name="DependentCounter" Value="Avg. Page Time" />
                        <RuleParameter Name="DependentInstance" Value="_Total" />
                        <RuleParameter Name="AlertIfOver" Value="True" />
                        <RuleParameter Name="WarningThreshold" Value="0.25" />
                        <RuleParameter Name="CriticalThreshold" Value="0.5" />
                      </RuleParameters>
                    </ThresholdRule>
                  </ThresholdRules>
                </Counter>
                <Counter Name="Avg. Content Length" />
              </Counters>
            </CounterCategory>
            <CounterCategory Name="LoadTest:LogEntries">
              <Counters>
                <Counter Name="Total Log Entries" />
                <Counter Name="Log Entries/Sec" />
              </Counters>
            </CounterCategory>
          </CounterCategories>
        </CounterSet>
        <CounterSet Name="Controller" CounterSetType="Controller" LocId="CounterSet_Controller">
          <CounterCategories>
            <CounterCategory Name="Memory">
              <Counters>
                <Counter Name="% Committed Bytes In Use" Range="100" />
                <Counter Name="Available MBytes" RangeGroup="Memory Bytes" HigherIsBetter="true">
                  <ThresholdRules>
                    <ThresholdRule Classname="Microsoft.VisualStudio.TestTools.WebStress.Rules.ThresholdRuleCompareConstant, Microsoft.VisualStudio.QualityTools.LoadTest">
                      <RuleParameters>
                        <RuleParameter Name="AlertIfOver" Value="False" />
                        <RuleParameter Name="WarningThreshold" Value="100" />
                        <RuleParameter Name="CriticalThreshold" Value="50" />
                      </RuleParameters>
                    </ThresholdRule>
                  </ThresholdRules>
                </Counter>
                <Counter Name="Page Faults/sec" />
                <Counter Name="Pages/sec" />
                <Counter Name="Pool Paged Bytes" RangeGroup="Memory Bytes" />
                <Counter Name="Pool Nonpaged bytes" RangeGroup="Memory Bytes" />
              </Counters>
            </CounterCategory>
            <CounterCategory Name="Network Interface">
              <Counters>
                <Counter Name="Bytes Received/sec" RangeGroup="Network Bytes" />
                <Counter Name="Bytes Sent/sec" RangeGroup="Network Bytes" />
                <Counter Name="Output Queue Length">
                  <ThresholdRules>
                    <ThresholdRule Classname="Microsoft.VisualStudio.TestTools.WebStress.Rules.ThresholdRuleCompareConstant, Microsoft.VisualStudio.QualityTools.LoadTest">
                      <RuleParameters>
                        <RuleParameter Name="AlertIfOver" Value="True" />
                        <RuleParameter Name="WarningThreshold" Value="1.5" />
                        <RuleParameter Name="CriticalThreshold" Value="2" />
                      </RuleParameters>
                    </ThresholdRule>
                  </ThresholdRules>
                </Counter>
                <Counter Name="Packets Received/sec" RangeGroup="Network Packets" />
                <Counter Name="Packets Sent/sec" RangeGroup="Network Packets" />
                <Counter Name="Current Bandwidth" RangeGroup="Network Bytes" />
                <Counter Name="Bytes Total/sec" RangeGroup="Network Bytes">
                  <ThresholdRules>
                    <ThresholdRule Classname="Microsoft.VisualStudio.TestTools.WebStress.Rules.ThresholdRuleCompareCounters, Microsoft.VisualStudio.QualityTools.LoadTest, Version=10.0.0.0, Culture=neutral, PublicKeyToken=b03f5f7f11d50a3a">
                      <RuleParameters>
                        <RuleParameter Name="DependentCategory" Value="Network Interface" />
                        <RuleParameter Name="DependentCounter" Value="Current Bandwidth" />
                        <RuleParameter Name="DependentInstance" Value="" />
                        <RuleParameter Name="AlertIfOver" Value="True" />
                        <RuleParameter Name="WarningThreshold" Value="0.6" />
                        <RuleParameter Name="CriticalThreshold" Value="0.7" />
                      </RuleParameters>
                    </ThresholdRule>
                  </ThresholdRules>
                </Counter>
              </Counters>
              <Instances>
                <Instance Name="*" />
              </Instances>
            </CounterCategory>
            <CounterCategory Name="PhysicalDisk">
              <Counters>
                <Counter Name="% Disk Read Time" Range="100" />
                <Counter Name="% Disk Time" Range="100" />
                <Counter Name="% Disk Write Time" Range="100" />
                <Counter Name="% Idle Time" Range="100" HigherIsBetter="true">
                  <ThresholdRules>
                    <ThresholdRule Classname="Microsoft.VisualStudio.TestTools.WebStress.Rules.ThresholdRuleCompareConstant, Microsoft.VisualStudio.QualityTools.LoadTest">
                      <RuleParameters>
                        <RuleParameter Name="AlertIfOver" Value="False" />
                        <RuleParameter Name="WarningThreshold" Value="40" />
                        <RuleParameter Name="CriticalThreshold" Value="20" />
                      </RuleParameters>
                    </ThresholdRule>
                  </ThresholdRules>
                </Counter>
                <Counter Name="Avg. Disk Bytes/Read" RangeGroup="DiskBytesRate" />
                <Counter Name="Avg. Disk Bytes/Transfer" RangeGroup="DiskBytesRate" />
                <Counter Name="Avg. Disk Bytes/Write" RangeGroup="DiskBytesRate" />
                <Counter Name="Avg. Disk Queue Length" RangeGroup="Disk Queue Length" />
                <Counter Name="Avg. Disk Read Queue Length" RangeGroup="Disk Queue Length" />
                <Counter Name="Avg. Disk Write Queue Length" RangeGroup="Disk Queue Length" />
                <Counter Name="Current Disk Queue Length" RangeGroup="Disk Queue Length" />
                <Counter Name="Avg. Disk sec/Read" RangeGroup="Disk sec" />
                <Counter Name="Avg. Disk sec/Transfer" RangeGroup="Disk sec" />
                <Counter Name="Avg. Disk sec/Write" RangeGroup="Disk sec" />
                <Counter Name="Disk Bytes/sec" RangeGroup="Disk Bytes sec" />
                <Counter Name="Disk Read Bytes/sec" RangeGroup="Disk Bytes sec" />
                <Counter Name="Disk Reads/sec" RangeGroup="Disk Transfers sec" />
                <Counter Name="Disk Transfers/sec" RangeGroup="Disk Transfers sec" />
                <Counter Name="Disk Write Bytes/sec" RangeGroup="Disk Bytes sec" />
                <Counter Name="Disk Writes/sec" RangeGroup="Disk Transfers sec" />
                <Counter Name="Split IO/Sec" RangeGroup="Disk Transfers sec" />
              </Counters>
              <Instances>
                <Instance Name="*" />
              </Instances>
            </CounterCategory>
            <CounterCategory Name="Processor">
              <Counters>
                <Counter Name="% Processor Time" Range="100">
                  <ThresholdRules>
                    <ThresholdRule Classname="Microsoft.VisualStudio.TestTools.WebStress.Rules.ThresholdRuleCompareConstant, Microsoft.VisualStudio.QualityTools.LoadTest">
                      <RuleParameters>
                        <RuleParameter Name="AlertIfOver" Value="True" />
                        <RuleParameter Name="WarningThreshold" Value="75" />
                        <RuleParameter Name="CriticalThreshold" Value="90" />
                      </RuleParameters>
                    </ThresholdRule>
                  </ThresholdRules>
                </Counter>
                <Counter Name="% Privileged Time" Range="100" />
                <Counter Name="% User Time" Range="100" />
              </Counters>
              <Instances>
                <Instance Name="_Total" />
              </Instances>
            </CounterCategory>
            <CounterCategory Name="System">
              <Counters>
                <Counter Name="Context Switches/sec" />
                <Counter Name="Processes" />
                <Counter Name="Processor Queue Length" />
                <Counter Name="Threads" />
              </Counters>
            </CounterCategory>
            <CounterCategory Name="Process">
              <Counters>
                <Counter Name="% Processor Time" RangeGroup="Processor Time" />
                <Counter Name="% Privileged Time" RangeGroup="Processor Time" />
                <Counter Name="% User Time" RangeGroup="Processor Time" />
                <Counter Name="Handle Count" />
                <Counter Name="Thread Count" />
                <Counter Name="Private Bytes" RangeGroup="Memory Bytes" />
                <Counter Name="Virtual Bytes" RangeGroup="Memory Bytes" />
                <Counter Name="Working Set" RangeGroup="Memory Bytes" />
              </Counters>
              <Instances>
                <Instance Name="QTController" />
              </Instances>
            </CounterCategory>
          </CounterCategories>
          <DefaultCountersForAutomaticGraphs>
            <DefaultCounter CategoryName="Processor" CounterName="% Processor Time" InstanceName="_Total" GraphName="" />
            <DefaultCounter CategoryName="Memory" CounterName="Available MBytes" InstanceName="" GraphName="" />
          </DefaultCountersForAutomaticGraphs>
        </CounterSet>
        <CounterSet Name="Agent" CounterSetType="Agent" LocId="CounterSet_Agent">
          <CounterCategories>
            <CounterCategory Name="Memory">
              <Counters>
                <Counter Name="% Committed Bytes In Use" Range="100" />
                <Counter Name="Available MBytes" RangeGroup="Memory Bytes" HigherIsBetter="true">
                  <ThresholdRules>
                    <ThresholdRule Classname="Microsoft.VisualStudio.TestTools.WebStress.Rules.ThresholdRuleCompareConstant, Microsoft.VisualStudio.QualityTools.LoadTest">
                      <RuleParameters>
                        <RuleParameter Name="AlertIfOver" Value="False" />
                        <RuleParameter Name="WarningThreshold" Value="100" />
                        <RuleParameter Name="CriticalThreshold" Value="50" />
                      </RuleParameters>
                    </ThresholdRule>
                  </ThresholdRules>
                </Counter>
                <Counter Name="Page Faults/sec" />
                <Counter Name="Pages/sec" />
                <Counter Name="Pool Paged Bytes" RangeGroup="Memory Bytes" />
                <Counter Name="Pool Nonpaged bytes" RangeGroup="Memory Bytes" />
              </Counters>
            </CounterCategory>
            <CounterCategory Name="Network Interface">
              <Counters>
                <Counter Name="Bytes Received/sec" RangeGroup="Network Bytes" />
                <Counter Name="Bytes Sent/sec" RangeGroup="Network Bytes" />
                <Counter Name="Output Queue Length">
                  <ThresholdRules>
                    <ThresholdRule Classname="Microsoft.VisualStudio.TestTools.WebStress.Rules.ThresholdRuleCompareConstant, Microsoft.VisualStudio.QualityTools.LoadTest">
                      <RuleParameters>
                        <RuleParameter Name="AlertIfOver" Value="True" />
                        <RuleParameter Name="WarningThreshold" Value="1.5" />
                        <RuleParameter Name="CriticalThreshold" Value="2" />
                      </RuleParameters>
                    </ThresholdRule>
                  </ThresholdRules>
                </Counter>
                <Counter Name="Packets Received/sec" RangeGroup="Network Packets" />
                <Counter Name="Packets Sent/sec" RangeGroup="Network Packets" />
                <Counter Name="Current Bandwidth" RangeGroup="Network Bytes" />
                <Counter Name="Bytes Total/sec" RangeGroup="Network Bytes">
                  <ThresholdRules>
                    <ThresholdRule Classname="Microsoft.VisualStudio.TestTools.WebStress.Rules.ThresholdRuleCompareCounters, Microsoft.VisualStudio.QualityTools.LoadTest, Version=10.0.0.0, Culture=neutral, PublicKeyToken=b03f5f7f11d50a3a">
                      <RuleParameters>
                        <RuleParameter Name="DependentCategory" Value="Network Interface" />
                        <RuleParameter Name="DependentCounter" Value="Current Bandwidth" />
                        <RuleParameter Name="DependentInstance" Value="" />
                        <RuleParameter Name="AlertIfOver" Value="True" />
                        <RuleParameter Name="WarningThreshold" Value="0.6" />
                        <RuleParameter Name="CriticalThreshold" Value="0.7" />
                      </RuleParameters>
                    </ThresholdRule>
                  </ThresholdRules>
                </Counter>
              </Counters>
              <Instances>
                <Instance Name="*" />
              </Instances>
            </CounterCategory>
            <CounterCategory Name="PhysicalDisk">
              <Counters>
                <Counter Name="% Disk Read Time" Range="100" />
                <Counter Name="% Disk Time" Range="100" />
                <Counter Name="% Disk Write Time" Range="100" />
                <Counter Name="% Idle Time" Range="100" HigherIsBetter="true">
                  <ThresholdRules>
                    <ThresholdRule Classname="Microsoft.VisualStudio.TestTools.WebStress.Rules.ThresholdRuleCompareConstant, Microsoft.VisualStudio.QualityTools.LoadTest">
                      <RuleParameters>
                        <RuleParameter Name="AlertIfOver" Value="False" />
                        <RuleParameter Name="WarningThreshold" Value="40" />
                        <RuleParameter Name="CriticalThreshold" Value="20" />
                      </RuleParameters>
                    </ThresholdRule>
                  </ThresholdRules>
                </Counter>
                <Counter Name="Avg. Disk Bytes/Read" RangeGroup="DiskBytesRate" />
                <Counter Name="Avg. Disk Bytes/Transfer" RangeGroup="DiskBytesRate" />
                <Counter Name="Avg. Disk Bytes/Write" RangeGroup="DiskBytesRate" />
                <Counter Name="Avg. Disk Queue Length" RangeGroup="Disk Queue Length" />
                <Counter Name="Avg. Disk Read Queue Length" RangeGroup="Disk Queue Length" />
                <Counter Name="Avg. Disk Write Queue Length" RangeGroup="Disk Queue Length" />
                <Counter Name="Current Disk Queue Length" RangeGroup="Disk Queue Length" />
                <Counter Name="Avg. Disk sec/Read" RangeGroup="Disk sec" />
                <Counter Name="Avg. Disk sec/Transfer" RangeGroup="Disk sec" />
                <Counter Name="Avg. Disk sec/Write" RangeGroup="Disk sec" />
                <Counter Name="Disk Bytes/sec" RangeGroup="Disk Bytes sec" />
                <Counter Name="Disk Read Bytes/sec" RangeGroup="Disk Bytes sec" />
                <Counter Name="Disk Reads/sec" RangeGroup="Disk Transfers sec" />
                <Counter Name="Disk Transfers/sec" RangeGroup="Disk Transfers sec" />
                <Counter Name="Disk Write Bytes/sec" RangeGroup="Disk Bytes sec" />
                <Counter Name="Disk Writes/sec" RangeGroup="Disk Transfers sec" />
                <Counter Name="Split IO/Sec" RangeGroup="Disk Transfers sec" />
              </Counters>
              <Instances>
                <Instance Name="*" />
              </Instances>
            </CounterCategory>
            <CounterCategory Name="Processor">
              <Counters>
                <Counter Name="% Processor Time" Range="100">
                  <ThresholdRules>
                    <ThresholdRule Classname="Microsoft.VisualStudio.TestTools.WebStress.Rules.ThresholdRuleCompareConstant, Microsoft.VisualStudio.QualityTools.LoadTest">
                      <RuleParameters>
                        <RuleParameter Name="AlertIfOver" Value="True" />
                        <RuleParameter Name="WarningThreshold" Value="75" />
                        <RuleParameter Name="CriticalThreshold" Value="90" />
                      </RuleParameters>
                    </ThresholdRule>
                  </ThresholdRules>
                </Counter>
                <Counter Name="% Privileged Time" Range="100" />
                <Counter Name="% User Time" Range="100" />
              </Counters>
              <Instances>
                <Instance Name="0" />
                <Instance Name="_Total" />
              </Instances>
            </CounterCategory>
            <CounterCategory Name="System">
              <Counters>
                <Counter Name="Context Switches/sec" />
                <Counter Name="Processes" />
                <Counter Name="Processor Queue Length" />
                <Counter Name="Threads" />
              </Counters>
            </CounterCategory>
            <CounterCategory Name="Process">
              <Counters>
                <Counter Name="% Processor Time" RangeGroup="Processor Time" />
                <Counter Name="% Privileged Time" RangeGroup="Processor Time" />
                <Counter Name="% User Time" RangeGroup="Processor Time" />
                <Counter Name="Handle Count" />
                <Counter Name="Thread Count" />
                <Counter Name="Private Bytes" RangeGroup="Memory Bytes" />
                <Counter Name="Virtual Bytes" RangeGroup="Memory Bytes" />
                <Counter Name="Working Set" RangeGroup="Memory Bytes" />
              </Counters>
              <Instances>
                <Instance Name="devenv" />
                <Instance Name="QTAgentService" />
                <Instance Name="QTAgent" />
                <Instance Name="QTAgent32" />
                <Instance Name="QTDCAgent" />
                <Instance Name="QTDCAgent32" />
              </Instances>
            </CounterCategory>
          </CounterCategories>
          <DefaultCountersForAutomaticGraphs>
            <DefaultCounter CategoryName="Processor" CounterName="% Processor Time" InstanceName="0" GraphName="" RunType="Local" />
            <DefaultCounter CategoryName="Processor" CounterName="% Processor Time" InstanceName="_Total" GraphName="" RunType="Remote" />
            <DefaultCounter CategoryName="Memory" CounterName="Available MBytes" InstanceName="" GraphName="" />
          </DefaultCountersForAutomaticGraphs>
        </CounterSet>
      </CounterSets>
      <RunConfigurations>
        <RunConfiguration Name="Run Settings1" Description="" ResultsStoreType="Database" TimingDetailsStorage="AllIndividualDetails" SaveTestLogsOnError="true" SaveTestLogsFrequency="0" MaxErrorDetails="200" MaxErrorsPerType="1000" MaxThresholdViolations="1000" MaxRequestUrlsReported="1000" UseTestIterations="false" RunDuration="3600" WarmupTime="120" CoolDownTime="600" TestIterations="100" WebTestConnectionModel="ConnectionPerUser" WebTestConnectionPoolSize="50" SampleRate="5" ValidationLevel="High" SqlTracingConnectString="" SqlTracingConnectStringDisplayValue="" SqlTracingDirectory="" SqlTracingEnabled="false" SqlTracingMinimumDuration="500" RunUnitTestsInAppDomain="true">
          <CounterSetMappings>
            <CounterSetMapping ComputerName="[CONTROLLER MACHINE]">
              <CounterSetReferences>
                <CounterSetReference CounterSetName="LoadTest" />
                <CounterSetReference CounterSetName="Controller" />
              </CounterSetReferences>
            </CounterSetMapping>
            <CounterSetMapping ComputerName="[AGENT MACHINES]">
              <CounterSetReferences>
                <CounterSetReference CounterSetName="Agent" />
              </CounterSetReferences>
            </CounterSetMapping>
          </CounterSetMappings>
        </RunConfiguration>
      </RunConfigurations>
    </LoadTest>
    <WebTest name="AMS_5.99_PhoneHome" storage="c:\performance_test\amsproject\amsproject\ams_5.99_phonehome.webtest" id="b16bfa18-7a00-41a6-86de-c2397ed04d44" persistedWebTest="77u/PD94bWwgdmVyc2lvbj0iMS4wIiBlbmNvZGluZz0iVVRGLTgiIHN0YW5kYWxvbmU9InllcyI/Pg0KPFdlYlRlc3QgTmFtZT0iQU1TXzUuOTlfUGhvbmVIb21lIiBJZD0iYjE2YmZhMTgtN2EwMC00MWE2LTg2ZGUtYzIzOTdlZDA0ZDQ0IiBPd25lcj0iIiBQcmlvcml0eT0iMjE0NzQ4MzY0NyIgRW5hYmxlZD0iVHJ1ZSIgQ3NzUHJvamVjdFN0cnVjdHVyZT0iIiBDc3NJdGVyYXRpb249IiIgVGltZW91dD0iMCIgV29ya0l0ZW1JZHM9IiIgeG1sbnM9Imh0dHA6Ly9taWNyb3NvZnQuY29tL3NjaGVtYXMvVmlzdWFsU3R1ZGlvL1RlYW1UZXN0LzIwMTAiIERlc2NyaXB0aW9uPSIiIENyZWRlbnRpYWxVc2VyTmFtZT0iIiBDcmVkZW50aWFsUGFzc3dvcmQ9IiIgUHJlQXV0aGVudGljYXRlPSJUcnVlIiBQcm94eT0iIiBTdG9wT25FcnJvcj0iRmFsc2UiIFJlY29yZGVkUmVzdWx0RmlsZT0iQU1TXzUuOTlfUGhvbmVIb21lLjIxYjUzNjdkLWY4YjMtNDRjZC1hYzAwLTQ1Nzk0YTI0YmRmYi5yZWMud2VidGVzdHJlc3VsdCI+DQogIDxJdGVtcz4NCiAgICA8VHJhbnNhY3Rpb25UaW1lciBOYW1lPSJBTVNfUGhvbmVIb21lIj4NCiAgICAgIDxJdGVtcz4NCiAgICAgICAgPENvbW1lbnQgQ29tbWVudFRleHQ9IkVudGVyIFVSTCIgLz4NCiAgICAgICAgPFJlcXVlc3QgTWV0aG9kPSJHRVQiIFZlcnNpb249IjEuMSIgVXJsPSJ7e1dlYlNlcnZlcjF9fS9jb25uZWN0b3JzL2NwZS9waG9uZWhvbWUuYXNweCIgVGhpbmtUaW1lPSIwIiBUaW1lb3V0PSIzMDAiIFBhcnNlRGVwZW5kZW50UmVxdWVzdHM9IlRydWUiIEZvbGxvd1JlZGlyZWN0cz0iVHJ1ZSIgUmVjb3JkUmVzdWx0PSJUcnVlIiBDYWNoZT0iRmFsc2UiIFJlc3BvbnNlVGltZUdvYWw9IjAiIEVuY29kaW5nPSJ1dGYtOCIgRXhwZWN0ZWRIdHRwU3RhdHVzQ29kZT0iMCIgRXhwZWN0ZWRSZXNwb25zZVVybD0iIiBSZXBvcnRpbmdOYW1lPSIiPg0KICAgICAgICAgIDxWYWxpZGF0aW9uUnVsZXM+DQogICAgICAgICAgICA8VmFsaWRhdGlvblJ1bGUgQ2xhc3NuYW1lPSJNaWNyb3NvZnQuVmlzdWFsU3R1ZGlvLlRlc3RUb29scy5XZWJUZXN0aW5nLlJ1bGVzLlZhbGlkYXRpb25SdWxlRmluZFRleHQsIE1pY3Jvc29mdC5WaXN1YWxTdHVkaW8uUXVhbGl0eVRvb2xzLldlYlRlc3RGcmFtZXdvcmssIFZlcnNpb249MTAuMC4wLjAsIEN1bHR1cmU9bmV1dHJhbCwgUHVibGljS2V5VG9rZW49YjAzZjVmN2YxMWQ1MGEzYSIgRGlzcGxheU5hbWU9IkZpbmQgVGV4dCIgRGVzY3JpcHRpb249IlZlcmlmaWVzIHRoZSBleGlzdGVuY2Ugb2YgdGhlIHNwZWNpZmllZCB0ZXh0IGluIHRoZSByZXNwb25zZS4iIExldmVsPSJIaWdoIiBFeGVjdHVpb25PcmRlcj0iQmVmb3JlRGVwZW5kZW50cyI+DQogICAgICAgICAgICAgIDxSdWxlUGFyYW1ldGVycz4NCiAgICAgICAgICAgICAgICA8UnVsZVBhcmFtZXRlciBOYW1lPSJGaW5kVGV4dCIgVmFsdWU9IjE6VXNlcnMiIC8+DQogICAgICAgICAgICAgICAgPFJ1bGVQYXJhbWV0ZXIgTmFtZT0iSWdub3JlQ2FzZSIgVmFsdWU9IkZhbHNlIiAvPg0KICAgICAgICAgICAgICAgIDxSdWxlUGFyYW1ldGVyIE5hbWU9IlVzZVJlZ3VsYXJFeHByZXNzaW9uIiBWYWx1ZT0iRmFsc2UiIC8+DQogICAgICAgICAgICAgICAgPFJ1bGVQYXJhbWV0ZXIgTmFtZT0iUGFzc0lmVGV4dEZvdW5kIiBWYWx1ZT0iVHJ1ZSIgLz4NCiAgICAgICAgICAgICAgPC9SdWxlUGFyYW1ldGVycz4NCiAgICAgICAgICAgIDwvVmFsaWRhdGlvblJ1bGU+DQogICAgICAgICAgPC9WYWxpZGF0aW9uUnVsZXM+DQogICAgICAgICAgPFF1ZXJ5U3RyaW5nUGFyYW1ldGVycz4NCiAgICAgICAgICAgIDxRdWVyeVN0cmluZ1BhcmFtZXRlciBOYW1lPSJtb2RlIiBWYWx1ZT0idXNlciIgUmVjb3JkZWRWYWx1ZT0idXNlciIgQ29ycmVsYXRpb25CaW5kaW5nPSIiIFVybEVuY29kZT0iRmFsc2UiIFVzZVRvR3JvdXBSZXN1bHRzPSJGYWxzZSIgLz4NCiAgICAgICAgICAgIDxRdWVyeVN0cmluZ1BhcmFtZXRlciBOYW1lPSJzZXJpYWwiIFZhbHVlPSJ7e0RhdGFTb3VyY2UxLlBob25laG9tZSNjc3YuU2VyaWFsfX0iIFJlY29yZGVkVmFsdWU9IjQ4IiBDb3JyZWxhdGlvbkJpbmRpbmc9IiIgVXJsRW5jb2RlPSJGYWxzZSIgVXNlVG9Hcm91cFJlc3VsdHM9IkZhbHNlIiAvPg0KICAgICAgICAgICAgPFF1ZXJ5U3RyaW5nUGFyYW1ldGVyIE5hbWU9ImlkIiBWYWx1ZT0ie3tEYXRhU291cmNlMS5QaG9uZWhvbWUjY3N2LlVzZXIgSUR9fSIgUmVjb3JkZWRWYWx1ZT0iMjIyMjIyMjIyMjIyMjIyMjIyMiIgQ29ycmVsYXRpb25CaW5kaW5nPSIiIFVybEVuY29kZT0iRmFsc2UiIFVzZVRvR3JvdXBSZXN1bHRzPSJGYWxzZSIgLz4NCiAgICAgICAgICAgIDxRdWVyeVN0cmluZ1BhcmFtZXRlciBOYW1lPSJoaHJlYyIgVmFsdWU9IjAiIFJlY29yZGVkVmFsdWU9IjAiIENvcnJlbGF0aW9uQmluZGluZz0iIiBVcmxFbmNvZGU9IkZhbHNlIiBVc2VUb0dyb3VwUmVzdWx0cz0iRmFsc2UiIC8+DQogICAgICAgICAgPC9RdWVyeVN0cmluZ1BhcmFtZXRlcnM+DQogICAgICAgIDwvUmVxdWVzdD4NCiAgICAgIDwvSXRlbXM+DQogICAgPC9UcmFuc2FjdGlvblRpbWVyPg0KICA8L0l0ZW1zPg0KICA8RGF0YVNvdXJjZXM+DQogICAgPERhdGFTb3VyY2UgTmFtZT0iRGF0YVNvdXJjZTEiIFByb3ZpZGVyPSJNaWNyb3NvZnQuVmlzdWFsU3R1ZGlvLlRlc3RUb29scy5EYXRhU291cmNlLkNTViIgQ29ubmVjdGlvbj0ifERhdGFEaXJlY3Rvcnl8XFBob25laG9tZS5jc3YiPg0KICAgICAgPFRhYmxlcz4NCiAgICAgICAgPERhdGFTb3VyY2VUYWJsZSBOYW1lPSJQaG9uZWhvbWUjY3N2IiBTZWxlY3RDb2x1bW5zPSJTZWxlY3RPbmx5Qm91bmRDb2x1bW5zIiBBY2Nlc3NNZXRob2Q9IlVuaXF1ZSIgLz4NCiAgICAgIDwvVGFibGVzPg0KICAgIDwvRGF0YVNvdXJjZT4NCiAgPC9EYXRhU291cmNlcz4NCiAgPENvbnRleHRQYXJhbWV0ZXJzPg0KICAgIDxDb250ZXh0UGFyYW1ldGVyIE5hbWU9IldlYlNlcnZlcjEiIFZhbHVlPSJodHRwOi8vMTkyLjE2OC4xMDIuMjUxIiAvPg0KICA8L0NvbnRleHRQYXJhbWV0ZXJzPg0KICA8VmFsaWRhdGlvblJ1bGVzPg0KICAgIDxWYWxpZGF0aW9uUnVsZSBDbGFzc25hbWU9Ik1pY3Jvc29mdC5WaXN1YWxTdHVkaW8uVGVzdFRvb2xzLldlYlRlc3RpbmcuUnVsZXMuVmFsaWRhdGVSZXNwb25zZVVybCwgTWljcm9zb2Z0LlZpc3VhbFN0dWRpby5RdWFsaXR5VG9vbHMuV2ViVGVzdEZyYW1ld29yaywgVmVyc2lvbj0xMC4wLjAuMCwgQ3VsdHVyZT1uZXV0cmFsLCBQdWJsaWNLZXlUb2tlbj1iMDNmNWY3ZjExZDUwYTNhIiBEaXNwbGF5TmFtZT0iUmVzcG9uc2UgVVJMIiBEZXNjcmlwdGlvbj0iVmFsaWRhdGVzIHRoYXQgdGhlIHJlc3BvbnNlIFVSTCBhZnRlciByZWRpcmVjdHMgYXJlIGZvbGxvd2VkIGlzIHRoZSBzYW1lIGFzIHRoZSByZWNvcmRlZCByZXNwb25zZSBVUkwuICBRdWVyeVN0cmluZyBwYXJhbWV0ZXJzIGFyZSBpZ25vcmVkLiIgTGV2ZWw9IkxvdyIgRXhlY3R1aW9uT3JkZXI9IkJlZm9yZURlcGVuZGVudHMiIC8+DQogICAgPFZhbGlkYXRpb25SdWxlIENsYXNzbmFtZT0iTWljcm9zb2Z0LlZpc3VhbFN0dWRpby5UZXN0VG9vbHMuV2ViVGVzdGluZy5SdWxlcy5WYWxpZGF0aW9uUnVsZVJlc3BvbnNlVGltZUdvYWwsIE1pY3Jvc29mdC5WaXN1YWxTdHVkaW8uUXVhbGl0eVRvb2xzLldlYlRlc3RGcmFtZXdvcmssIFZlcnNpb249MTAuMC4wLjAsIEN1bHR1cmU9bmV1dHJhbCwgUHVibGljS2V5VG9rZW49YjAzZjVmN2YxMWQ1MGEzYSIgRGlzcGxheU5hbWU9IlJlc3BvbnNlIFRpbWUgR29hbCIgRGVzY3JpcHRpb249IlZhbGlkYXRlcyB0aGF0IHRoZSByZXNwb25zZSB0aW1lIGZvciB0aGUgcmVxdWVzdCBpcyBsZXNzIHRoYW4gb3IgZXF1YWwgdG8gdGhlIHJlc3BvbnNlIHRpbWUgZ29hbCBhcyBzcGVjaWZpZWQgb24gdGhlIHJlcXVlc3QuICBSZXNwb25zZSB0aW1lIGdvYWxzIG9mIHplcm8gd2lsbCBiZSBpZ25vcmVkLiIgTGV2ZWw9IkxvdyIgRXhlY3R1aW9uT3JkZXI9IkFmdGVyRGVwZW5kZW50cyI+DQogICAgICA8UnVsZVBhcmFtZXRlcnM+DQogICAgICAgIDxSdWxlUGFyYW1ldGVyIE5hbWU9IlRvbGVyYW5jZSIgVmFsdWU9IjAiIC8+DQogICAgICA8L1J1bGVQYXJhbWV0ZXJzPg0KICAgIDwvVmFsaWRhdGlvblJ1bGU+DQogIDwvVmFsaWRhdGlvblJ1bGVzPg0KPC9XZWJUZXN0Pg==">
    </WebTest>
    <WebTest name="AMS_5.99_TransUpload" storage="c:\performance_test\amsproject\amsproject\ams_5.99_transupload.webtest" id="e2546ca8-a776-4229-a207-e1e72674a447" persistedWebTest="77u/PD94bWwgdmVyc2lvbj0iMS4wIiBlbmNvZGluZz0iVVRGLTgiIHN0YW5kYWxvbmU9InllcyI/Pg0KPFdlYlRlc3QgTmFtZT0iQU1TXzUuOTlfVHJhbnNVcGxvYWQiIElkPSJlMjU0NmNhOC1hNzc2LTQyMjktYTIwNy1lMWU3MjY3NGE0NDciIE93bmVyPSIiIFByaW9yaXR5PSIyMTQ3NDgzNjQ3IiBFbmFibGVkPSJUcnVlIiBDc3NQcm9qZWN0U3RydWN0dXJlPSIiIENzc0l0ZXJhdGlvbj0iIiBUaW1lb3V0PSIwIiBXb3JrSXRlbUlkcz0iIiB4bWxucz0iaHR0cDovL21pY3Jvc29mdC5jb20vc2NoZW1hcy9WaXN1YWxTdHVkaW8vVGVhbVRlc3QvMjAxMCIgRGVzY3JpcHRpb249IiIgQ3JlZGVudGlhbFVzZXJOYW1lPSIiIENyZWRlbnRpYWxQYXNzd29yZD0iIiBQcmVBdXRoZW50aWNhdGU9IlRydWUiIFByb3h5PSIiIFN0b3BPbkVycm9yPSJGYWxzZSIgUmVjb3JkZWRSZXN1bHRGaWxlPSJBTVNfNS45OV9UcmFuc1VwbG9hZC5lZWFlYmYzYy0xMDNiLTQyYzktYmFiOC05ODJiZDYwZDMzNDYucmVjLndlYnRlc3RyZXN1bHQiPg0KICA8SXRlbXM+DQogICAgPFRyYW5zYWN0aW9uVGltZXIgTmFtZT0iQU1TX1RyYW5zVXBsb2FkIj4NCiAgICAgIDxJdGVtcz4NCiAgICAgICAgPENvbW1lbnQgQ29tbWVudFRleHQ9IkVudGVyIFVSTCIgLz4NCiAgICAgICAgPFJlcXVlc3QgTWV0aG9kPSJQT1NUIiBWZXJzaW9uPSIxLjEiIFVybD0ie3tXZWJTZXJ2ZXIxfX0vY29ubmVjdG9ycy9jcGUvVHJhbnNVcGxvYWQuYXNweCIgVGhpbmtUaW1lPSIwIiBUaW1lb3V0PSIzMDAiIFBhcnNlRGVwZW5kZW50UmVxdWVzdHM9IlRydWUiIEZvbGxvd1JlZGlyZWN0cz0iVHJ1ZSIgUmVjb3JkUmVzdWx0PSJUcnVlIiBDYWNoZT0iRmFsc2UiIFJlc3BvbnNlVGltZUdvYWw9IjAiIEVuY29kaW5nPSJ1dGYtOCIgRXhwZWN0ZWRIdHRwU3RhdHVzQ29kZT0iMCIgRXhwZWN0ZWRSZXNwb25zZVVybD0iIiBSZXBvcnRpbmdOYW1lPSIiPg0KICAgICAgICAgIDxWYWxpZGF0aW9uUnVsZXM+DQogICAgICAgICAgICA8VmFsaWRhdGlvblJ1bGUgQ2xhc3NuYW1lPSJNaWNyb3NvZnQuVmlzdWFsU3R1ZGlvLlRlc3RUb29scy5XZWJUZXN0aW5nLlJ1bGVzLlZhbGlkYXRpb25SdWxlRmluZFRleHQsIE1pY3Jvc29mdC5WaXN1YWxTdHVkaW8uUXVhbGl0eVRvb2xzLldlYlRlc3RGcmFtZXdvcmssIFZlcnNpb249MTAuMC4wLjAsIEN1bHR1cmU9bmV1dHJhbCwgUHVibGljS2V5VG9rZW49YjAzZjVmN2YxMWQ1MGEzYSIgRGlzcGxheU5hbWU9IkZpbmQgVGV4dCIgRGVzY3JpcHRpb249IlZlcmlmaWVzIHRoZSBleGlzdGVuY2Ugb2YgdGhlIHNwZWNpZmllZCB0ZXh0IGluIHRoZSByZXNwb25zZS4iIExldmVsPSJIaWdoIiBFeGVjdHVpb25PcmRlcj0iQmVmb3JlRGVwZW5kZW50cyI+DQogICAgICAgICAgICAgIDxSdWxlUGFyYW1ldGVycz4NCiAgICAgICAgICAgICAgICA8UnVsZVBhcmFtZXRlciBOYW1lPSJGaW5kVGV4dCIgVmFsdWU9IkFDSyIgLz4NCiAgICAgICAgICAgICAgICA8UnVsZVBhcmFtZXRlciBOYW1lPSJJZ25vcmVDYXNlIiBWYWx1ZT0iRmFsc2UiIC8+DQogICAgICAgICAgICAgICAgPFJ1bGVQYXJhbWV0ZXIgTmFtZT0iVXNlUmVndWxhckV4cHJlc3Npb24iIFZhbHVlPSJGYWxzZSIgLz4NCiAgICAgICAgICAgICAgICA8UnVsZVBhcmFtZXRlciBOYW1lPSJQYXNzSWZUZXh0Rm91bmQiIFZhbHVlPSJUcnVlIiAvPg0KICAgICAgICAgICAgICA8L1J1bGVQYXJhbWV0ZXJzPg0KICAgICAgICAgICAgPC9WYWxpZGF0aW9uUnVsZT4NCiAgICAgICAgICA8L1ZhbGlkYXRpb25SdWxlcz4NCiAgICAgICAgICA8UXVlcnlTdHJpbmdQYXJhbWV0ZXJzPg0KICAgICAgICAgICAgPFF1ZXJ5U3RyaW5nUGFyYW1ldGVyIE5hbWU9InNlcmlhbCIgVmFsdWU9Int7RGF0YVNvdXJjZTEuVHJhbnNVcGxvYWQjY3N2LlNlcmlhbH19IiBSZWNvcmRlZFZhbHVlPSIxIiBDb3JyZWxhdGlvbkJpbmRpbmc9IiIgVXJsRW5jb2RlPSJGYWxzZSIgVXNlVG9Hcm91cFJlc3VsdHM9IkZhbHNlIiAvPg0KICAgICAgICAgICAgPFF1ZXJ5U3RyaW5nUGFyYW1ldGVyIE5hbWU9Im1vZGUiIFZhbHVlPSJmZXRjaCIgUmVjb3JkZWRWYWx1ZT0iZmV0Y2giIENvcnJlbGF0aW9uQmluZGluZz0iIiBVcmxFbmNvZGU9IkZhbHNlIiBVc2VUb0dyb3VwUmVzdWx0cz0iRmFsc2UiIC8+DQogICAgICAgICAgICA8UXVlcnlTdHJpbmdQYXJhbWV0ZXIgTmFtZT0ibHN2ZXJzaW9uIiBWYWx1ZT0iNS45OSIgUmVjb3JkZWRWYWx1ZT0iNS45OSIgQ29ycmVsYXRpb25CaW5kaW5nPSIiIFVybEVuY29kZT0iRmFsc2UiIFVzZVRvR3JvdXBSZXN1bHRzPSJGYWxzZSIgLz4NCiAgICAgICAgICAgIDxRdWVyeVN0cmluZ1BhcmFtZXRlciBOYW1lPSJsc2J1aWxkIiBWYWx1ZT0iMS4wIiBSZWNvcmRlZFZhbHVlPSIxLjAiIENvcnJlbGF0aW9uQmluZGluZz0iIiBVcmxFbmNvZGU9IkZhbHNlIiBVc2VUb0dyb3VwUmVzdWx0cz0iRmFsc2UiIC8+DQogICAgICAgICAgPC9RdWVyeVN0cmluZ1BhcmFtZXRlcnM+DQogICAgICAgICAgPEZvcm1Qb3N0SHR0cEJvZHk+DQogICAgICAgICAgICA8Rm9ybVBvc3RQYXJhbWV0ZXIgTmFtZT0idXBsb2FkIiBWYWx1ZT0iVXBsb2FkIiBSZWNvcmRlZFZhbHVlPSIiIENvcnJlbGF0aW9uQmluZGluZz0iIiBVcmxFbmNvZGU9IlRydWUiIC8+DQogICAgICAgICAgICA8RmlsZVVwbG9hZFBhcmFtZXRlciBOYW1lPSJCcm93c2UiIEZpbGVOYW1lPSJDOlxUZXN0IERhdGEgQ3JlYXRvclxUZXN0IERhdGEgQ3JlYXRvclxiaW5cRGVidWdcU2NhbGUgVGVzdGluZ1xTdG9yZXNce3tEYXRhU291cmNlMS5UcmFuc1VwbG9hZCNjc3YuRm9sZGVyfX1cVHJhbnMgVXBsb2Fke3tEYXRhU291cmNlMS5UcmFuc1VwbG9hZCNjc3YuRmlsZX19Lmd6IiBDb250ZW50VHlwZT0iYXBwbGljYXRpb24vb2N0ZXQtc3RyZWFtIiBHZW5lcmF0ZVVuaXF1ZU5hbWU9IlRydWUiIC8+DQogICAgICAgICAgPC9Gb3JtUG9zdEh0dHBCb2R5Pg0KICAgICAgICA8L1JlcXVlc3Q+DQogICAgICA8L0l0ZW1zPg0KICAgIDwvVHJhbnNhY3Rpb25UaW1lcj4NCiAgPC9JdGVtcz4NCiAgPERhdGFTb3VyY2VzPg0KICAgIDxEYXRhU291cmNlIE5hbWU9IkRhdGFTb3VyY2UxIiBQcm92aWRlcj0iTWljcm9zb2Z0LlZpc3VhbFN0dWRpby5UZXN0VG9vbHMuRGF0YVNvdXJjZS5DU1YiIENvbm5lY3Rpb249InxEYXRhRGlyZWN0b3J5fFxUcmFuc1VwbG9hZC5jc3YiPg0KICAgICAgPFRhYmxlcz4NCiAgICAgICAgPERhdGFTb3VyY2VUYWJsZSBOYW1lPSJUcmFuc1VwbG9hZCNjc3YiIFNlbGVjdENvbHVtbnM9IlNlbGVjdE9ubHlCb3VuZENvbHVtbnMiIEFjY2Vzc01ldGhvZD0iVW5pcXVlIiAvPg0KICAgICAgPC9UYWJsZXM+DQogICAgPC9EYXRhU291cmNlPg0KICA8L0RhdGFTb3VyY2VzPg0KICA8Q29udGV4dFBhcmFtZXRlcnM+DQogICAgPENvbnRleHRQYXJhbWV0ZXIgTmFtZT0iV2ViU2VydmVyMSIgVmFsdWU9Imh0dHA6Ly8xOTIuMTY4LjEwMi4yNTEiIC8+DQogIDwvQ29udGV4dFBhcmFtZXRlcnM+DQogIDxWYWxpZGF0aW9uUnVsZXM+DQogICAgPFZhbGlkYXRpb25SdWxlIENsYXNzbmFtZT0iTWljcm9zb2Z0LlZpc3VhbFN0dWRpby5UZXN0VG9vbHMuV2ViVGVzdGluZy5SdWxlcy5WYWxpZGF0ZVJlc3BvbnNlVXJsLCBNaWNyb3NvZnQuVmlzdWFsU3R1ZGlvLlF1YWxpdHlUb29scy5XZWJUZXN0RnJhbWV3b3JrLCBWZXJzaW9uPTEwLjAuMC4wLCBDdWx0dXJlPW5ldXRyYWwsIFB1YmxpY0tleVRva2VuPWIwM2Y1ZjdmMTFkNTBhM2EiIERpc3BsYXlOYW1lPSJSZXNwb25zZSBVUkwiIERlc2NyaXB0aW9uPSJWYWxpZGF0ZXMgdGhhdCB0aGUgcmVzcG9uc2UgVVJMIGFmdGVyIHJlZGlyZWN0cyBhcmUgZm9sbG93ZWQgaXMgdGhlIHNhbWUgYXMgdGhlIHJlY29yZGVkIHJlc3BvbnNlIFVSTC4gIFF1ZXJ5U3RyaW5nIHBhcmFtZXRlcnMgYXJlIGlnbm9yZWQuIiBMZXZlbD0iTG93IiBFeGVjdHVpb25PcmRlcj0iQmVmb3JlRGVwZW5kZW50cyIgLz4NCiAgICA8VmFsaWRhdGlvblJ1bGUgQ2xhc3NuYW1lPSJNaWNyb3NvZnQuVmlzdWFsU3R1ZGlvLlRlc3RUb29scy5XZWJUZXN0aW5nLlJ1bGVzLlZhbGlkYXRpb25SdWxlUmVzcG9uc2VUaW1lR29hbCwgTWljcm9zb2Z0LlZpc3VhbFN0dWRpby5RdWFsaXR5VG9vbHMuV2ViVGVzdEZyYW1ld29yaywgVmVyc2lvbj0xMC4wLjAuMCwgQ3VsdHVyZT1uZXV0cmFsLCBQdWJsaWNLZXlUb2tlbj1iMDNmNWY3ZjExZDUwYTNhIiBEaXNwbGF5TmFtZT0iUmVzcG9uc2UgVGltZSBHb2FsIiBEZXNjcmlwdGlvbj0iVmFsaWRhdGVzIHRoYXQgdGhlIHJlc3BvbnNlIHRpbWUgZm9yIHRoZSByZXF1ZXN0IGlzIGxlc3MgdGhhbiBvciBlcXVhbCB0byB0aGUgcmVzcG9uc2UgdGltZSBnb2FsIGFzIHNwZWNpZmllZCBvbiB0aGUgcmVxdWVzdC4gIFJlc3BvbnNlIHRpbWUgZ29hbHMgb2YgemVybyB3aWxsIGJlIGlnbm9yZWQuIiBMZXZlbD0iTG93IiBFeGVjdHVpb25PcmRlcj0iQWZ0ZXJEZXBlbmRlbnRzIj4NCiAgICAgIDxSdWxlUGFyYW1ldGVycz4NCiAgICAgICAgPFJ1bGVQYXJhbWV0ZXIgTmFtZT0iVG9sZXJhbmNlIiBWYWx1ZT0iMCIgLz4NCiAgICAgIDwvUnVsZVBhcmFtZXRlcnM+DQogICAgPC9WYWxpZGF0aW9uUnVsZT4NCiAgPC9WYWxpZGF0aW9uUnVsZXM+DQo8L1dlYlRlc3Q+">
    </WebTest>
    <WebTest name="AMS_5.99_ReportingUpload_TnsRdmptn" storage="c:\performance_test\amsproject\amsproject\ams_5.99_reportingupload_tnsrdmptn.webtest" id="cfbf3277-1d9d-45d0-9bcf-00ae9ad3a503" persistedWebTest="77u/PD94bWwgdmVyc2lvbj0iMS4wIiBlbmNvZGluZz0iVVRGLTgiIHN0YW5kYWxvbmU9InllcyI/Pg0KPFdlYlRlc3QgTmFtZT0iQU1TXzUuOTlfUmVwb3J0aW5nVXBsb2FkX1Ruc1JkbXB0biIgSWQ9ImNmYmYzMjc3LTFkOWQtNDVkMC05YmNmLTAwYWU5YWQzYTUwMyIgT3duZXI9IiIgUHJpb3JpdHk9IjIxNDc0ODM2NDciIEVuYWJsZWQ9IlRydWUiIENzc1Byb2plY3RTdHJ1Y3R1cmU9IiIgQ3NzSXRlcmF0aW9uPSIiIFRpbWVvdXQ9IjAiIFdvcmtJdGVtSWRzPSIiIHhtbG5zPSJodHRwOi8vbWljcm9zb2Z0LmNvbS9zY2hlbWFzL1Zpc3VhbFN0dWRpby9UZWFtVGVzdC8yMDEwIiBEZXNjcmlwdGlvbj0iIiBDcmVkZW50aWFsVXNlck5hbWU9IiIgQ3JlZGVudGlhbFBhc3N3b3JkPSIiIFByZUF1dGhlbnRpY2F0ZT0iVHJ1ZSIgUHJveHk9IiIgU3RvcE9uRXJyb3I9IkZhbHNlIiBSZWNvcmRlZFJlc3VsdEZpbGU9IkFNU181LjUyX1JlcG9ydGluZ1VwbG9hZF9UbnNSZG1wdG4uNTAyYTE4YmEtYjM2ZC00MThmLWE1ZjAtNGM1ZDMyMDU4Y2Q4LnJlYy53ZWJ0ZXN0cmVzdWx0Ij4NCiAgPEl0ZW1zPg0KICAgIDxUcmFuc2FjdGlvblRpbWVyIE5hbWU9IkFNU19ScHJ0bmdVcGxvYWRfVG5zUmRtcHRuIj4NCiAgICAgIDxJdGVtcz4NCiAgICAgICAgPENvbW1lbnQgQ29tbWVudFRleHQ9IkVudGVyIFVSTCIgLz4NCiAgICAgICAgPFJlcXVlc3QgTWV0aG9kPSJQT1NUIiBWZXJzaW9uPSIxLjEiIFVybD0ie3tXZWJTZXJ2ZXIxfX0vY29ubmVjdG9ycy9jcGUvUmVwb3J0aW5nVXBsb2FkLmFzcHgiIFRoaW5rVGltZT0iMCIgVGltZW91dD0iMzAwIiBQYXJzZURlcGVuZGVudFJlcXVlc3RzPSJUcnVlIiBGb2xsb3dSZWRpcmVjdHM9IlRydWUiIFJlY29yZFJlc3VsdD0iVHJ1ZSIgQ2FjaGU9IkZhbHNlIiBSZXNwb25zZVRpbWVHb2FsPSIwIiBFbmNvZGluZz0idXRmLTgiIEV4cGVjdGVkSHR0cFN0YXR1c0NvZGU9IjAiIEV4cGVjdGVkUmVzcG9uc2VVcmw9IiIgUmVwb3J0aW5nTmFtZT0iIj4NCiAgICAgICAgICA8VmFsaWRhdGlvblJ1bGVzPg0KICAgICAgICAgICAgPFZhbGlkYXRpb25SdWxlIENsYXNzbmFtZT0iTWljcm9zb2Z0LlZpc3VhbFN0dWRpby5UZXN0VG9vbHMuV2ViVGVzdGluZy5SdWxlcy5WYWxpZGF0aW9uUnVsZUZpbmRUZXh0LCBNaWNyb3NvZnQuVmlzdWFsU3R1ZGlvLlF1YWxpdHlUb29scy5XZWJUZXN0RnJhbWV3b3JrLCBWZXJzaW9uPTEwLjAuMC4wLCBDdWx0dXJlPW5ldXRyYWwsIFB1YmxpY0tleVRva2VuPWIwM2Y1ZjdmMTFkNTBhM2EiIERpc3BsYXlOYW1lPSJGaW5kIFRleHQiIERlc2NyaXB0aW9uPSJWZXJpZmllcyB0aGUgZXhpc3RlbmNlIG9mIHRoZSBzcGVjaWZpZWQgdGV4dCBpbiB0aGUgcmVzcG9uc2UuIiBMZXZlbD0iSGlnaCIgRXhlY3R1aW9uT3JkZXI9IkJlZm9yZURlcGVuZGVudHMiPg0KICAgICAgICAgICAgICA8UnVsZVBhcmFtZXRlcnM+DQogICAgICAgICAgICAgICAgPFJ1bGVQYXJhbWV0ZXIgTmFtZT0iRmluZFRleHQiIFZhbHVlPSJBQ0siIC8+DQogICAgICAgICAgICAgICAgPFJ1bGVQYXJhbWV0ZXIgTmFtZT0iSWdub3JlQ2FzZSIgVmFsdWU9IkZhbHNlIiAvPg0KICAgICAgICAgICAgICAgIDxSdWxlUGFyYW1ldGVyIE5hbWU9IlVzZVJlZ3VsYXJFeHByZXNzaW9uIiBWYWx1ZT0iRmFsc2UiIC8+DQogICAgICAgICAgICAgICAgPFJ1bGVQYXJhbWV0ZXIgTmFtZT0iUGFzc0lmVGV4dEZvdW5kIiBWYWx1ZT0iVHJ1ZSIgLz4NCiAgICAgICAgICAgICAgPC9SdWxlUGFyYW1ldGVycz4NCiAgICAgICAgICAgIDwvVmFsaWRhdGlvblJ1bGU+DQogICAgICAgICAgPC9WYWxpZGF0aW9uUnVsZXM+DQogICAgICAgICAgPFF1ZXJ5U3RyaW5nUGFyYW1ldGVycz4NCiAgICAgICAgICAgIDxRdWVyeVN0cmluZ1BhcmFtZXRlciBOYW1lPSJzZXJpYWwiIFZhbHVlPSJ7e0RhdGFTb3VyY2UxLlJVX1RSZWRlbXB0aW9uI2Nzdi5TZXJpYWx9fSIgUmVjb3JkZWRWYWx1ZT0iMSIgQ29ycmVsYXRpb25CaW5kaW5nPSIiIFVybEVuY29kZT0iRmFsc2UiIFVzZVRvR3JvdXBSZXN1bHRzPSJGYWxzZSIgLz4NCiAgICAgICAgICAgIDxRdWVyeVN0cmluZ1BhcmFtZXRlciBOYW1lPSJtb2RlIiBWYWx1ZT0iVFJBTlNSRURFTVBUSU9OIiBSZWNvcmRlZFZhbHVlPSJUUkFOU1JFREVNUFRJT04iIENvcnJlbGF0aW9uQmluZGluZz0iIiBVcmxFbmNvZGU9IkZhbHNlIiBVc2VUb0dyb3VwUmVzdWx0cz0iRmFsc2UiIC8+DQogICAgICAgICAgICA8UXVlcnlTdHJpbmdQYXJhbWV0ZXIgTmFtZT0idmVyIiBWYWx1ZT0iNiIgUmVjb3JkZWRWYWx1ZT0iNiIgQ29ycmVsYXRpb25CaW5kaW5nPSIiIFVybEVuY29kZT0iRmFsc2UiIFVzZVRvR3JvdXBSZXN1bHRzPSJGYWxzZSIgLz4NCiAgICAgICAgICAgIDxRdWVyeVN0cmluZ1BhcmFtZXRlciBOYW1lPSJsc3ZlcnNpb24iIFZhbHVlPSI1Ljk5IiBSZWNvcmRlZFZhbHVlPSI1Ljk5IiBDb3JyZWxhdGlvbkJpbmRpbmc9IiIgVXJsRW5jb2RlPSJGYWxzZSIgVXNlVG9Hcm91cFJlc3VsdHM9IkZhbHNlIiAvPg0KICAgICAgICAgICAgPFF1ZXJ5U3RyaW5nUGFyYW1ldGVyIE5hbWU9ImxzYnVpbGQiIFZhbHVlPSIxLjAiIFJlY29yZGVkVmFsdWU9IjEuMCIgQ29ycmVsYXRpb25CaW5kaW5nPSIiIFVybEVuY29kZT0iRmFsc2UiIFVzZVRvR3JvdXBSZXN1bHRzPSJGYWxzZSIgLz4NCiAgICAgICAgICA8L1F1ZXJ5U3RyaW5nUGFyYW1ldGVycz4NCiAgICAgICAgICA8Rm9ybVBvc3RIdHRwQm9keT4NCiAgICAgICAgICAgIDxGb3JtUG9zdFBhcmFtZXRlciBOYW1lPSJ1cGxvYWQiIFZhbHVlPSJVcGxvYWQiIFJlY29yZGVkVmFsdWU9IiIgQ29ycmVsYXRpb25CaW5kaW5nPSIiIFVybEVuY29kZT0iVHJ1ZSIgLz4NCiAgICAgICAgICAgIDxGaWxlVXBsb2FkUGFyYW1ldGVyIE5hbWU9IkJyb3dzZSIgRmlsZU5hbWU9IkM6XFRlc3QgRGF0YSBDcmVhdG9yXFRlc3QgRGF0YSBDcmVhdG9yXGJpblxEZWJ1Z1xTY2FsZSBUZXN0aW5nXFN0b3Jlc1x7e0RhdGFTb3VyY2UxLlJVX1RSZWRlbXB0aW9uI2Nzdi5Gb2xkZXJ9fVxUcmFuc2FjdGlvbiBSZWRlbXB0aW9uMS5neiIgQ29udGVudFR5cGU9ImFwcGxpY2F0aW9uL29jdGV0LXN0cmVhbSIgR2VuZXJhdGVVbmlxdWVOYW1lPSJUcnVlIiAvPg0KICAgICAgICAgIDwvRm9ybVBvc3RIdHRwQm9keT4NCiAgICAgICAgPC9SZXF1ZXN0Pg0KICAgICAgPC9JdGVtcz4NCiAgICA8L1RyYW5zYWN0aW9uVGltZXI+DQogIDwvSXRlbXM+DQogIDxEYXRhU291cmNlcz4NCiAgICA8RGF0YVNvdXJjZSBOYW1lPSJEYXRhU291cmNlMSIgUHJvdmlkZXI9Ik1pY3Jvc29mdC5WaXN1YWxTdHVkaW8uVGVzdFRvb2xzLkRhdGFTb3VyY2UuQ1NWIiBDb25uZWN0aW9uPSJ8RGF0YURpcmVjdG9yeXxcUlVfVFJlZGVtcHRpb24uY3N2Ij4NCiAgICAgIDxUYWJsZXM+DQogICAgICAgIDxEYXRhU291cmNlVGFibGUgTmFtZT0iUlVfVFJlZGVtcHRpb24jY3N2IiBTZWxlY3RDb2x1bW5zPSJTZWxlY3RPbmx5Qm91bmRDb2x1bW5zIiBBY2Nlc3NNZXRob2Q9IlVuaXF1ZSIgLz4NCiAgICAgIDwvVGFibGVzPg0KICAgIDwvRGF0YVNvdXJjZT4NCiAgPC9EYXRhU291cmNlcz4NCiAgPENvbnRleHRQYXJhbWV0ZXJzPg0KICAgIDxDb250ZXh0UGFyYW1ldGVyIE5hbWU9IldlYlNlcnZlcjEiIFZhbHVlPSJodHRwOi8vMTkyLjE2OC4xMDIuMjUxIiAvPg0KICA8L0NvbnRleHRQYXJhbWV0ZXJzPg0KICA8VmFsaWRhdGlvblJ1bGVzPg0KICAgIDxWYWxpZGF0aW9uUnVsZSBDbGFzc25hbWU9Ik1pY3Jvc29mdC5WaXN1YWxTdHVkaW8uVGVzdFRvb2xzLldlYlRlc3RpbmcuUnVsZXMuVmFsaWRhdGVSZXNwb25zZVVybCwgTWljcm9zb2Z0LlZpc3VhbFN0dWRpby5RdWFsaXR5VG9vbHMuV2ViVGVzdEZyYW1ld29yaywgVmVyc2lvbj0xMC4wLjAuMCwgQ3VsdHVyZT1uZXV0cmFsLCBQdWJsaWNLZXlUb2tlbj1iMDNmNWY3ZjExZDUwYTNhIiBEaXNwbGF5TmFtZT0iUmVzcG9uc2UgVVJMIiBEZXNjcmlwdGlvbj0iVmFsaWRhdGVzIHRoYXQgdGhlIHJlc3BvbnNlIFVSTCBhZnRlciByZWRpcmVjdHMgYXJlIGZvbGxvd2VkIGlzIHRoZSBzYW1lIGFzIHRoZSByZWNvcmRlZCByZXNwb25zZSBVUkwuICBRdWVyeVN0cmluZyBwYXJhbWV0ZXJzIGFyZSBpZ25vcmVkLiIgTGV2ZWw9IkxvdyIgRXhlY3R1aW9uT3JkZXI9IkJlZm9yZURlcGVuZGVudHMiIC8+DQogICAgPFZhbGlkYXRpb25SdWxlIENsYXNzbmFtZT0iTWljcm9zb2Z0LlZpc3VhbFN0dWRpby5UZXN0VG9vbHMuV2ViVGVzdGluZy5SdWxlcy5WYWxpZGF0aW9uUnVsZVJlc3BvbnNlVGltZUdvYWwsIE1pY3Jvc29mdC5WaXN1YWxTdHVkaW8uUXVhbGl0eVRvb2xzLldlYlRlc3RGcmFtZXdvcmssIFZlcnNpb249MTAuMC4wLjAsIEN1bHR1cmU9bmV1dHJhbCwgUHVibGljS2V5VG9rZW49YjAzZjVmN2YxMWQ1MGEzYSIgRGlzcGxheU5hbWU9IlJlc3BvbnNlIFRpbWUgR29hbCIgRGVzY3JpcHRpb249IlZhbGlkYXRlcyB0aGF0IHRoZSByZXNwb25zZSB0aW1lIGZvciB0aGUgcmVxdWVzdCBpcyBsZXNzIHRoYW4gb3IgZXF1YWwgdG8gdGhlIHJlc3BvbnNlIHRpbWUgZ29hbCBhcyBzcGVjaWZpZWQgb24gdGhlIHJlcXVlc3QuICBSZXNwb25zZSB0aW1lIGdvYWxzIG9mIHplcm8gd2lsbCBiZSBpZ25vcmVkLiIgTGV2ZWw9IkxvdyIgRXhlY3R1aW9uT3JkZXI9IkFmdGVyRGVwZW5kZW50cyI+DQogICAgICA8UnVsZVBhcmFtZXRlcnM+DQogICAgICAgIDxSdWxlUGFyYW1ldGVyIE5hbWU9IlRvbGVyYW5jZSIgVmFsdWU9IjAiIC8+DQogICAgICA8L1J1bGVQYXJhbWV0ZXJzPg0KICAgIDwvVmFsaWRhdGlvblJ1bGU+DQogIDwvVmFsaWRhdGlvblJ1bGVzPg0KPC9XZWJUZXN0Pg==">
    </WebTest>
    <WebTest name="AMS_5.99_ReportingUpload_NewTransHist" storage="c:\performance_test\amsproject\amsproject\ams_5.99_reportingupload_newtranshist.webtest" id="8119ab20-88d3-4c24-9ecf-77e375054569" persistedWebTest="77u/PD94bWwgdmVyc2lvbj0iMS4wIiBlbmNvZGluZz0iVVRGLTgiIHN0YW5kYWxvbmU9InllcyI/Pg0KPFdlYlRlc3QgTmFtZT0iQU1TXzUuOTlfUmVwb3J0aW5nVXBsb2FkX05ld1RyYW5zSGlzdCIgSWQ9IjgxMTlhYjIwLTg4ZDMtNGMyNC05ZWNmLTc3ZTM3NTA1NDU2OSIgT3duZXI9IiIgUHJpb3JpdHk9IjIxNDc0ODM2NDciIEVuYWJsZWQ9IlRydWUiIENzc1Byb2plY3RTdHJ1Y3R1cmU9IiIgQ3NzSXRlcmF0aW9uPSIiIFRpbWVvdXQ9IjAiIFdvcmtJdGVtSWRzPSIiIHhtbG5zPSJodHRwOi8vbWljcm9zb2Z0LmNvbS9zY2hlbWFzL1Zpc3VhbFN0dWRpby9UZWFtVGVzdC8yMDEwIiBEZXNjcmlwdGlvbj0iIiBDcmVkZW50aWFsVXNlck5hbWU9IiIgQ3JlZGVudGlhbFBhc3N3b3JkPSIiIFByZUF1dGhlbnRpY2F0ZT0iVHJ1ZSIgUHJveHk9IiIgU3RvcE9uRXJyb3I9IkZhbHNlIiBSZWNvcmRlZFJlc3VsdEZpbGU9IkFNU181Ljk5X1JlcG9ydGluZ1VwbG9hZF9OZXdUcmFuc0hpc3QuOWI4MzYzMjMtZTQ3YS00ZDQwLTk0M2ItZTBhZTVhMGU4Yzg2LnJlYy53ZWJ0ZXN0cmVzdWx0Ij4NCiAgPEl0ZW1zPg0KICAgIDxUcmFuc2FjdGlvblRpbWVyIE5hbWU9IkFNU19ScHJ0bmdVcGxvYWRfVHJhbnNIaXN0Ij4NCiAgICAgIDxJdGVtcz4NCiAgICAgICAgPENvbW1lbnQgQ29tbWVudFRleHQ9IkVudGVyIFVSTCIgLz4NCiAgICAgICAgPFJlcXVlc3QgTWV0aG9kPSJQT1NUIiBWZXJzaW9uPSIxLjEiIFVybD0ie3tXZWJTZXJ2ZXIxfX0vY29ubmVjdG9ycy9jcGUvUmVwb3J0aW5nVXBsb2FkLmFzcHgiIFRoaW5rVGltZT0iMCIgVGltZW91dD0iMzAwIiBQYXJzZURlcGVuZGVudFJlcXVlc3RzPSJUcnVlIiBGb2xsb3dSZWRpcmVjdHM9IlRydWUiIFJlY29yZFJlc3VsdD0iVHJ1ZSIgQ2FjaGU9IkZhbHNlIiBSZXNwb25zZVRpbWVHb2FsPSIwIiBFbmNvZGluZz0idXRmLTgiIEV4cGVjdGVkSHR0cFN0YXR1c0NvZGU9IjAiIEV4cGVjdGVkUmVzcG9uc2VVcmw9IiIgUmVwb3J0aW5nTmFtZT0iIj4NCiAgICAgICAgICA8VmFsaWRhdGlvblJ1bGVzPg0KICAgICAgICAgICAgPFZhbGlkYXRpb25SdWxlIENsYXNzbmFtZT0iTWljcm9zb2Z0LlZpc3VhbFN0dWRpby5UZXN0VG9vbHMuV2ViVGVzdGluZy5SdWxlcy5WYWxpZGF0aW9uUnVsZUZpbmRUZXh0LCBNaWNyb3NvZnQuVmlzdWFsU3R1ZGlvLlF1YWxpdHlUb29scy5XZWJUZXN0RnJhbWV3b3JrLCBWZXJzaW9uPTEwLjAuMC4wLCBDdWx0dXJlPW5ldXRyYWwsIFB1YmxpY0tleVRva2VuPWIwM2Y1ZjdmMTFkNTBhM2EiIERpc3BsYXlOYW1lPSJGaW5kIFRleHQiIERlc2NyaXB0aW9uPSJWZXJpZmllcyB0aGUgZXhpc3RlbmNlIG9mIHRoZSBzcGVjaWZpZWQgdGV4dCBpbiB0aGUgcmVzcG9uc2UuIiBMZXZlbD0iSGlnaCIgRXhlY3R1aW9uT3JkZXI9IkJlZm9yZURlcGVuZGVudHMiPg0KICAgICAgICAgICAgICA8UnVsZVBhcmFtZXRlcnM+DQogICAgICAgICAgICAgICAgPFJ1bGVQYXJhbWV0ZXIgTmFtZT0iRmluZFRleHQiIFZhbHVlPSJBQ0siIC8+DQogICAgICAgICAgICAgICAgPFJ1bGVQYXJhbWV0ZXIgTmFtZT0iSWdub3JlQ2FzZSIgVmFsdWU9IkZhbHNlIiAvPg0KICAgICAgICAgICAgICAgIDxSdWxlUGFyYW1ldGVyIE5hbWU9IlVzZVJlZ3VsYXJFeHByZXNzaW9uIiBWYWx1ZT0iRmFsc2UiIC8+DQogICAgICAgICAgICAgICAgPFJ1bGVQYXJhbWV0ZXIgTmFtZT0iUGFzc0lmVGV4dEZvdW5kIiBWYWx1ZT0iVHJ1ZSIgLz4NCiAgICAgICAgICAgICAgPC9SdWxlUGFyYW1ldGVycz4NCiAgICAgICAgICAgIDwvVmFsaWRhdGlvblJ1bGU+DQogICAgICAgICAgPC9WYWxpZGF0aW9uUnVsZXM+DQogICAgICAgICAgPFF1ZXJ5U3RyaW5nUGFyYW1ldGVycz4NCiAgICAgICAgICAgIDxRdWVyeVN0cmluZ1BhcmFtZXRlciBOYW1lPSJzZXJpYWwiIFZhbHVlPSJ7e0RhdGFTb3VyY2UxLlJVX05UcmFuc0hpc3QjY3N2LlNlcmlhbH19IiBSZWNvcmRlZFZhbHVlPSIxIiBDb3JyZWxhdGlvbkJpbmRpbmc9IiIgVXJsRW5jb2RlPSJGYWxzZSIgVXNlVG9Hcm91cFJlc3VsdHM9IkZhbHNlIiAvPg0KICAgICAgICAgICAgPFF1ZXJ5U3RyaW5nUGFyYW1ldGVyIE5hbWU9Im1vZGUiIFZhbHVlPSJORVdUUkFOU0hJU1QiIFJlY29yZGVkVmFsdWU9Ik5FV1RSQU5TSElTVCIgQ29ycmVsYXRpb25CaW5kaW5nPSIiIFVybEVuY29kZT0iRmFsc2UiIFVzZVRvR3JvdXBSZXN1bHRzPSJGYWxzZSIgLz4NCiAgICAgICAgICAgIDxRdWVyeVN0cmluZ1BhcmFtZXRlciBOYW1lPSJ2ZXIiIFZhbHVlPSI2IiBSZWNvcmRlZFZhbHVlPSI2IiBDb3JyZWxhdGlvbkJpbmRpbmc9IiIgVXJsRW5jb2RlPSJGYWxzZSIgVXNlVG9Hcm91cFJlc3VsdHM9IkZhbHNlIiAvPg0KICAgICAgICAgICAgPFF1ZXJ5U3RyaW5nUGFyYW1ldGVyIE5hbWU9ImxzdmVyc2lvbiIgVmFsdWU9IjUuOTkiIFJlY29yZGVkVmFsdWU9IjUuOTkiIENvcnJlbGF0aW9uQmluZGluZz0iIiBVcmxFbmNvZGU9IkZhbHNlIiBVc2VUb0dyb3VwUmVzdWx0cz0iRmFsc2UiIC8+DQogICAgICAgICAgICA8UXVlcnlTdHJpbmdQYXJhbWV0ZXIgTmFtZT0ibHNidWlsZCIgVmFsdWU9IjEuMCIgUmVjb3JkZWRWYWx1ZT0iMS4wIiBDb3JyZWxhdGlvbkJpbmRpbmc9IiIgVXJsRW5jb2RlPSJGYWxzZSIgVXNlVG9Hcm91cFJlc3VsdHM9IkZhbHNlIiAvPg0KICAgICAgICAgIDwvUXVlcnlTdHJpbmdQYXJhbWV0ZXJzPg0KICAgICAgICAgIDxGb3JtUG9zdEh0dHBCb2R5Pg0KICAgICAgICAgICAgPEZvcm1Qb3N0UGFyYW1ldGVyIE5hbWU9InVwbG9hZCIgVmFsdWU9IlVwbG9hZCIgUmVjb3JkZWRWYWx1ZT0iIiBDb3JyZWxhdGlvbkJpbmRpbmc9IiIgVXJsRW5jb2RlPSJUcnVlIiAvPg0KICAgICAgICAgICAgPEZpbGVVcGxvYWRQYXJhbWV0ZXIgTmFtZT0iQnJvd3NlIiBGaWxlTmFtZT0iQzpcVGVzdCBEYXRhIENyZWF0b3JcVGVzdCBEYXRhIENyZWF0b3JcYmluXERlYnVnXFNjYWxlIFRlc3RpbmdcU3RvcmVzXHt7RGF0YVNvdXJjZTEuUlVfTlRyYW5zSGlzdCNjc3YuRm9sZGVyfX1cVHJhbnNhY3Rpb24gSGlzdG9yeTEuZ3oiIENvbnRlbnRUeXBlPSJhcHBsaWNhdGlvbi9vY3RldC1zdHJlYW0iIEdlbmVyYXRlVW5pcXVlTmFtZT0iVHJ1ZSIgLz4NCiAgICAgICAgICA8L0Zvcm1Qb3N0SHR0cEJvZHk+DQogICAgICAgIDwvUmVxdWVzdD4NCiAgICAgIDwvSXRlbXM+DQogICAgPC9UcmFuc2FjdGlvblRpbWVyPg0KICA8L0l0ZW1zPg0KICA8RGF0YVNvdXJjZXM+DQogICAgPERhdGFTb3VyY2UgTmFtZT0iRGF0YVNvdXJjZTEiIFByb3ZpZGVyPSJNaWNyb3NvZnQuVmlzdWFsU3R1ZGlvLlRlc3RUb29scy5EYXRhU291cmNlLkNTViIgQ29ubmVjdGlvbj0ifERhdGFEaXJlY3Rvcnl8XFJVX05UcmFuc0hpc3QuY3N2Ij4NCiAgICAgIDxUYWJsZXM+DQogICAgICAgIDxEYXRhU291cmNlVGFibGUgTmFtZT0iUlVfTlRyYW5zSGlzdCNjc3YiIFNlbGVjdENvbHVtbnM9IlNlbGVjdE9ubHlCb3VuZENvbHVtbnMiIEFjY2Vzc01ldGhvZD0iVW5pcXVlIiAvPg0KICAgICAgPC9UYWJsZXM+DQogICAgPC9EYXRhU291cmNlPg0KICA8L0RhdGFTb3VyY2VzPg0KICA8Q29udGV4dFBhcmFtZXRlcnM+DQogICAgPENvbnRleHRQYXJhbWV0ZXIgTmFtZT0iV2ViU2VydmVyMSIgVmFsdWU9Imh0dHA6Ly8xOTIuMTY4LjEwMi4yNTEiIC8+DQogIDwvQ29udGV4dFBhcmFtZXRlcnM+DQogIDxWYWxpZGF0aW9uUnVsZXM+DQogICAgPFZhbGlkYXRpb25SdWxlIENsYXNzbmFtZT0iTWljcm9zb2Z0LlZpc3VhbFN0dWRpby5UZXN0VG9vbHMuV2ViVGVzdGluZy5SdWxlcy5WYWxpZGF0ZVJlc3BvbnNlVXJsLCBNaWNyb3NvZnQuVmlzdWFsU3R1ZGlvLlF1YWxpdHlUb29scy5XZWJUZXN0RnJhbWV3b3JrLCBWZXJzaW9uPTEwLjAuMC4wLCBDdWx0dXJlPW5ldXRyYWwsIFB1YmxpY0tleVRva2VuPWIwM2Y1ZjdmMTFkNTBhM2EiIERpc3BsYXlOYW1lPSJSZXNwb25zZSBVUkwiIERlc2NyaXB0aW9uPSJWYWxpZGF0ZXMgdGhhdCB0aGUgcmVzcG9uc2UgVVJMIGFmdGVyIHJlZGlyZWN0cyBhcmUgZm9sbG93ZWQgaXMgdGhlIHNhbWUgYXMgdGhlIHJlY29yZGVkIHJlc3BvbnNlIFVSTC4gIFF1ZXJ5U3RyaW5nIHBhcmFtZXRlcnMgYXJlIGlnbm9yZWQuIiBMZXZlbD0iTG93IiBFeGVjdHVpb25PcmRlcj0iQmVmb3JlRGVwZW5kZW50cyIgLz4NCiAgICA8VmFsaWRhdGlvblJ1bGUgQ2xhc3NuYW1lPSJNaWNyb3NvZnQuVmlzdWFsU3R1ZGlvLlRlc3RUb29scy5XZWJUZXN0aW5nLlJ1bGVzLlZhbGlkYXRpb25SdWxlUmVzcG9uc2VUaW1lR29hbCwgTWljcm9zb2Z0LlZpc3VhbFN0dWRpby5RdWFsaXR5VG9vbHMuV2ViVGVzdEZyYW1ld29yaywgVmVyc2lvbj0xMC4wLjAuMCwgQ3VsdHVyZT1uZXV0cmFsLCBQdWJsaWNLZXlUb2tlbj1iMDNmNWY3ZjExZDUwYTNhIiBEaXNwbGF5TmFtZT0iUmVzcG9uc2UgVGltZSBHb2FsIiBEZXNjcmlwdGlvbj0iVmFsaWRhdGVzIHRoYXQgdGhlIHJlc3BvbnNlIHRpbWUgZm9yIHRoZSByZXF1ZXN0IGlzIGxlc3MgdGhhbiBvciBlcXVhbCB0byB0aGUgcmVzcG9uc2UgdGltZSBnb2FsIGFzIHNwZWNpZmllZCBvbiB0aGUgcmVxdWVzdC4gIFJlc3BvbnNlIHRpbWUgZ29hbHMgb2YgemVybyB3aWxsIGJlIGlnbm9yZWQuIiBMZXZlbD0iTG93IiBFeGVjdHVpb25PcmRlcj0iQWZ0ZXJEZXBlbmRlbnRzIj4NCiAgICAgIDxSdWxlUGFyYW1ldGVycz4NCiAgICAgICAgPFJ1bGVQYXJhbWV0ZXIgTmFtZT0iVG9sZXJhbmNlIiBWYWx1ZT0iMCIgLz4NCiAgICAgIDwvUnVsZVBhcmFtZXRlcnM+DQogICAgPC9WYWxpZGF0aW9uUnVsZT4NCiAgPC9WYWxpZGF0aW9uUnVsZXM+DQo8L1dlYlRlc3Q+">
    </WebTest>
    <WebTest name="AMS_5.99_TransDownload" storage="c:\performance_test\amsproject\amsproject\ams_5.99_transdownload.webtest" id="82aaf15c-266a-42ee-b87e-46825e866cbb" persistedWebTest="77u/PD94bWwgdmVyc2lvbj0iMS4wIiBlbmNvZGluZz0iVVRGLTgiIHN0YW5kYWxvbmU9InllcyI/Pg0KPFdlYlRlc3QgTmFtZT0iQU1TXzUuOTlfVHJhbnNEb3dubG9hZCIgSWQ9IjgyYWFmMTVjLTI2NmEtNDJlZS1iODdlLTQ2ODI1ZTg2NmNiYiIgT3duZXI9IiIgUHJpb3JpdHk9IjIxNDc0ODM2NDciIEVuYWJsZWQ9IlRydWUiIENzc1Byb2plY3RTdHJ1Y3R1cmU9IiIgQ3NzSXRlcmF0aW9uPSIiIFRpbWVvdXQ9IjAiIFdvcmtJdGVtSWRzPSIiIHhtbG5zPSJodHRwOi8vbWljcm9zb2Z0LmNvbS9zY2hlbWFzL1Zpc3VhbFN0dWRpby9UZWFtVGVzdC8yMDEwIiBEZXNjcmlwdGlvbj0iIiBDcmVkZW50aWFsVXNlck5hbWU9IiIgQ3JlZGVudGlhbFBhc3N3b3JkPSIiIFByZUF1dGhlbnRpY2F0ZT0iVHJ1ZSIgUHJveHk9IiIgU3RvcE9uRXJyb3I9IkZhbHNlIiBSZWNvcmRlZFJlc3VsdEZpbGU9IkFNU181Ljk5X1RyYW5zRG93bmxvYWQuMDFjODhjMGEtMjE2Yi00ZjRhLWEwY2YtMzY1YmIwM2YzMDRhLnJlYy53ZWJ0ZXN0cmVzdWx0Ij4NCiAgPEl0ZW1zPg0KICAgIDxUcmFuc2FjdGlvblRpbWVyIE5hbWU9IkFNU19UcmFuc0R3bmxkX0ZldGNoIj4NCiAgICAgIDxJdGVtcz4NCiAgICAgICAgPENvbW1lbnQgQ29tbWVudFRleHQ9IkVudGVyIFVSTCIgLz4NCiAgICAgICAgPFJlcXVlc3QgTWV0aG9kPSJHRVQiIFZlcnNpb249IjEuMSIgVXJsPSJ7e1dlYlNlcnZlcjF9fS9jb25uZWN0b3JzL2NwZS90cmFuc2Rvd25sb2FkLmFzcHgiIFRoaW5rVGltZT0iMTciIFRpbWVvdXQ9IjMwMCIgUGFyc2VEZXBlbmRlbnRSZXF1ZXN0cz0iVHJ1ZSIgRm9sbG93UmVkaXJlY3RzPSJUcnVlIiBSZWNvcmRSZXN1bHQ9IlRydWUiIENhY2hlPSJGYWxzZSIgUmVzcG9uc2VUaW1lR29hbD0iMCIgRW5jb2Rpbmc9InV0Zi04IiBFeHBlY3RlZEh0dHBTdGF0dXNDb2RlPSIwIiBFeHBlY3RlZFJlc3BvbnNlVXJsPSIiIFJlcG9ydGluZ05hbWU9IiI+DQogICAgICAgICAgPFF1ZXJ5U3RyaW5nUGFyYW1ldGVycz4NCiAgICAgICAgICAgIDxRdWVyeVN0cmluZ1BhcmFtZXRlciBOYW1lPSJtb2RlIiBWYWx1ZT0iZmV0Y2giIFJlY29yZGVkVmFsdWU9ImZldGNoIiBDb3JyZWxhdGlvbkJpbmRpbmc9IiIgVXJsRW5jb2RlPSJGYWxzZSIgVXNlVG9Hcm91cFJlc3VsdHM9IkZhbHNlIiAvPg0KICAgICAgICAgICAgPFF1ZXJ5U3RyaW5nUGFyYW1ldGVyIE5hbWU9InNlcmlhbCIgVmFsdWU9Int7RGF0YVNvdXJjZTEuVHJhbnNEd2xkI2Nzdi5TZXJpYWx9fSIgUmVjb3JkZWRWYWx1ZT0iMSIgQ29ycmVsYXRpb25CaW5kaW5nPSIiIFVybEVuY29kZT0iRmFsc2UiIFVzZVRvR3JvdXBSZXN1bHRzPSJGYWxzZSIgLz4NCiAgICAgICAgICA8L1F1ZXJ5U3RyaW5nUGFyYW1ldGVycz4NCiAgICAgICAgPC9SZXF1ZXN0Pg0KICAgICAgPC9JdGVtcz4NCiAgICA8L1RyYW5zYWN0aW9uVGltZXI+DQogICAgPFRyYW5zYWN0aW9uVGltZXIgTmFtZT0iQU1TX1RyYW5zRHdubGRfQWNrIj4NCiAgICAgIDxJdGVtcz4NCiAgICAgICAgPENvbW1lbnQgQ29tbWVudFRleHQ9IkFjayBtb2RlIiAvPg0KICAgICAgICA8UmVxdWVzdCBNZXRob2Q9IkdFVCIgVmVyc2lvbj0iMS4xIiBVcmw9Int7V2ViU2VydmVyMX19L2Nvbm5lY3RvcnMvY3BlL3RyYW5zZG93bmxvYWQuYXNweCIgVGhpbmtUaW1lPSIwIiBUaW1lb3V0PSIzMDAiIFBhcnNlRGVwZW5kZW50UmVxdWVzdHM9IlRydWUiIEZvbGxvd1JlZGlyZWN0cz0iVHJ1ZSIgUmVjb3JkUmVzdWx0PSJUcnVlIiBDYWNoZT0iRmFsc2UiIFJlc3BvbnNlVGltZUdvYWw9IjAiIEVuY29kaW5nPSJXaW5kb3dzLTEyNTIiIEV4cGVjdGVkSHR0cFN0YXR1c0NvZGU9IjAiIEV4cGVjdGVkUmVzcG9uc2VVcmw9IiIgUmVwb3J0aW5nTmFtZT0iIj4NCiAgICAgICAgICA8VmFsaWRhdGlvblJ1bGVzPg0KICAgICAgICAgICAgPFZhbGlkYXRpb25SdWxlIENsYXNzbmFtZT0iTWljcm9zb2Z0LlZpc3VhbFN0dWRpby5UZXN0VG9vbHMuV2ViVGVzdGluZy5SdWxlcy5WYWxpZGF0aW9uUnVsZUZpbmRUZXh0LCBNaWNyb3NvZnQuVmlzdWFsU3R1ZGlvLlF1YWxpdHlUb29scy5XZWJUZXN0RnJhbWV3b3JrLCBWZXJzaW9uPTEwLjAuMC4wLCBDdWx0dXJlPW5ldXRyYWwsIFB1YmxpY0tleVRva2VuPWIwM2Y1ZjdmMTFkNTBhM2EiIERpc3BsYXlOYW1lPSJGaW5kIFRleHQiIERlc2NyaXB0aW9uPSJWZXJpZmllcyB0aGUgZXhpc3RlbmNlIG9mIHRoZSBzcGVjaWZpZWQgdGV4dCBpbiB0aGUgcmVzcG9uc2UuIiBMZXZlbD0iSGlnaCIgRXhlY3R1aW9uT3JkZXI9IkJlZm9yZURlcGVuZGVudHMiPg0KICAgICAgICAgICAgICA8UnVsZVBhcmFtZXRlcnM+DQogICAgICAgICAgICAgICAgPFJ1bGVQYXJhbWV0ZXIgTmFtZT0iRmluZFRleHQiIFZhbHVlPSJBQ0siIC8+DQogICAgICAgICAgICAgICAgPFJ1bGVQYXJhbWV0ZXIgTmFtZT0iSWdub3JlQ2FzZSIgVmFsdWU9IkZhbHNlIiAvPg0KICAgICAgICAgICAgICAgIDxSdWxlUGFyYW1ldGVyIE5hbWU9IlVzZVJlZ3VsYXJFeHByZXNzaW9uIiBWYWx1ZT0iRmFsc2UiIC8+DQogICAgICAgICAgICAgICAgPFJ1bGVQYXJhbWV0ZXIgTmFtZT0iUGFzc0lmVGV4dEZvdW5kIiBWYWx1ZT0iVHJ1ZSIgLz4NCiAgICAgICAgICAgICAgPC9SdWxlUGFyYW1ldGVycz4NCiAgICAgICAgICAgIDwvVmFsaWRhdGlvblJ1bGU+DQogICAgICAgICAgPC9WYWxpZGF0aW9uUnVsZXM+DQogICAgICAgICAgPFF1ZXJ5U3RyaW5nUGFyYW1ldGVycz4NCiAgICAgICAgICAgIDxRdWVyeVN0cmluZ1BhcmFtZXRlciBOYW1lPSJtb2RlIiBWYWx1ZT0iYWNrIiBSZWNvcmRlZFZhbHVlPSJhY2siIENvcnJlbGF0aW9uQmluZGluZz0iIiBVcmxFbmNvZGU9IkZhbHNlIiBVc2VUb0dyb3VwUmVzdWx0cz0iRmFsc2UiIC8+DQogICAgICAgICAgICA8UXVlcnlTdHJpbmdQYXJhbWV0ZXIgTmFtZT0ic2VyaWFsIiBWYWx1ZT0ie3tEYXRhU291cmNlMS5UcmFuc0R3bGQjY3N2LlNlcmlhbH19IiBSZWNvcmRlZFZhbHVlPSIxIiBDb3JyZWxhdGlvbkJpbmRpbmc9IiIgVXJsRW5jb2RlPSJGYWxzZSIgVXNlVG9Hcm91cFJlc3VsdHM9IkZhbHNlIiAvPg0KICAgICAgICAgIDwvUXVlcnlTdHJpbmdQYXJhbWV0ZXJzPg0KICAgICAgICA8L1JlcXVlc3Q+DQogICAgICA8L0l0ZW1zPg0KICAgIDwvVHJhbnNhY3Rpb25UaW1lcj4NCiAgPC9JdGVtcz4NCiAgPERhdGFTb3VyY2VzPg0KICAgIDxEYXRhU291cmNlIE5hbWU9IkRhdGFTb3VyY2UxIiBQcm92aWRlcj0iTWljcm9zb2Z0LlZpc3VhbFN0dWRpby5UZXN0VG9vbHMuRGF0YVNvdXJjZS5DU1YiIENvbm5lY3Rpb249InxEYXRhRGlyZWN0b3J5fFxUcmFuc0R3bGQuY3N2Ij4NCiAgICAgIDxUYWJsZXM+DQogICAgICAgIDxEYXRhU291cmNlVGFibGUgTmFtZT0iVHJhbnNEd2xkI2NzdiIgU2VsZWN0Q29sdW1ucz0iU2VsZWN0T25seUJvdW5kQ29sdW1ucyIgQWNjZXNzTWV0aG9kPSJVbmlxdWUiIC8+DQogICAgICA8L1RhYmxlcz4NCiAgICA8L0RhdGFTb3VyY2U+DQogIDwvRGF0YVNvdXJjZXM+DQogIDxDb250ZXh0UGFyYW1ldGVycz4NCiAgICA8Q29udGV4dFBhcmFtZXRlciBOYW1lPSJXZWJTZXJ2ZXIxIiBWYWx1ZT0iaHR0cDovLzE5Mi4xNjguMTAyLjI1MSIgLz4NCiAgPC9Db250ZXh0UGFyYW1ldGVycz4NCiAgPFZhbGlkYXRpb25SdWxlcz4NCiAgICA8VmFsaWRhdGlvblJ1bGUgQ2xhc3NuYW1lPSJNaWNyb3NvZnQuVmlzdWFsU3R1ZGlvLlRlc3RUb29scy5XZWJUZXN0aW5nLlJ1bGVzLlZhbGlkYXRlUmVzcG9uc2VVcmwsIE1pY3Jvc29mdC5WaXN1YWxTdHVkaW8uUXVhbGl0eVRvb2xzLldlYlRlc3RGcmFtZXdvcmssIFZlcnNpb249MTAuMC4wLjAsIEN1bHR1cmU9bmV1dHJhbCwgUHVibGljS2V5VG9rZW49YjAzZjVmN2YxMWQ1MGEzYSIgRGlzcGxheU5hbWU9IlJlc3BvbnNlIFVSTCIgRGVzY3JpcHRpb249IlZhbGlkYXRlcyB0aGF0IHRoZSByZXNwb25zZSBVUkwgYWZ0ZXIgcmVkaXJlY3RzIGFyZSBmb2xsb3dlZCBpcyB0aGUgc2FtZSBhcyB0aGUgcmVjb3JkZWQgcmVzcG9uc2UgVVJMLiAgUXVlcnlTdHJpbmcgcGFyYW1ldGVycyBhcmUgaWdub3JlZC4iIExldmVsPSJMb3ciIEV4ZWN0dWlvbk9yZGVyPSJCZWZvcmVEZXBlbmRlbnRzIiAvPg0KICAgIDxWYWxpZGF0aW9uUnVsZSBDbGFzc25hbWU9Ik1pY3Jvc29mdC5WaXN1YWxTdHVkaW8uVGVzdFRvb2xzLldlYlRlc3RpbmcuUnVsZXMuVmFsaWRhdGlvblJ1bGVSZXNwb25zZVRpbWVHb2FsLCBNaWNyb3NvZnQuVmlzdWFsU3R1ZGlvLlF1YWxpdHlUb29scy5XZWJUZXN0RnJhbWV3b3JrLCBWZXJzaW9uPTEwLjAuMC4wLCBDdWx0dXJlPW5ldXRyYWwsIFB1YmxpY0tleVRva2VuPWIwM2Y1ZjdmMTFkNTBhM2EiIERpc3BsYXlOYW1lPSJSZXNwb25zZSBUaW1lIEdvYWwiIERlc2NyaXB0aW9uPSJWYWxpZGF0ZXMgdGhhdCB0aGUgcmVzcG9uc2UgdGltZSBmb3IgdGhlIHJlcXVlc3QgaXMgbGVzcyB0aGFuIG9yIGVxdWFsIHRvIHRoZSByZXNwb25zZSB0aW1lIGdvYWwgYXMgc3BlY2lmaWVkIG9uIHRoZSByZXF1ZXN0LiAgUmVzcG9uc2UgdGltZSBnb2FscyBvZiB6ZXJvIHdpbGwgYmUgaWdub3JlZC4iIExldmVsPSJMb3ciIEV4ZWN0dWlvbk9yZGVyPSJBZnRlckRlcGVuZGVudHMiPg0KICAgICAgPFJ1bGVQYXJhbWV0ZXJzPg0KICAgICAgICA8UnVsZVBhcmFtZXRlciBOYW1lPSJUb2xlcmFuY2UiIFZhbHVlPSIwIiAvPg0KICAgICAgPC9SdWxlUGFyYW1ldGVycz4NCiAgICA8L1ZhbGlkYXRpb25SdWxlPg0KICA8L1ZhbGlkYXRpb25SdWxlcz4NCjwvV2ViVGVzdD4=">
    </WebTest>
    <WebTest name="AMS_5.99_ReportingUpload_Impressions" storage="c:\performance_test\amsproject\amsproject\ams_5.99_reportingupload_impressions.webtest" id="a8ae2975-cb52-42c9-908a-3a21bbfd82b0" persistedWebTest="77u/PD94bWwgdmVyc2lvbj0iMS4wIiBlbmNvZGluZz0iVVRGLTgiIHN0YW5kYWxvbmU9InllcyI/Pg0KPFdlYlRlc3QgTmFtZT0iQU1TXzUuOTlfUmVwb3J0aW5nVXBsb2FkX0ltcHJlc3Npb25zIiBJZD0iYThhZTI5NzUtY2I1Mi00MmM5LTkwOGEtM2EyMWJiZmQ4MmIwIiBPd25lcj0iIiBQcmlvcml0eT0iMjE0NzQ4MzY0NyIgRW5hYmxlZD0iVHJ1ZSIgQ3NzUHJvamVjdFN0cnVjdHVyZT0iIiBDc3NJdGVyYXRpb249IiIgVGltZW91dD0iMCIgV29ya0l0ZW1JZHM9IiIgeG1sbnM9Imh0dHA6Ly9taWNyb3NvZnQuY29tL3NjaGVtYXMvVmlzdWFsU3R1ZGlvL1RlYW1UZXN0LzIwMTAiIERlc2NyaXB0aW9uPSIiIENyZWRlbnRpYWxVc2VyTmFtZT0iIiBDcmVkZW50aWFsUGFzc3dvcmQ9IiIgUHJlQXV0aGVudGljYXRlPSJUcnVlIiBQcm94eT0iIiBTdG9wT25FcnJvcj0iRmFsc2UiIFJlY29yZGVkUmVzdWx0RmlsZT0iQU1TXzUuOTlfUmVwb3J0aW5nVXBsb2FkX0ltcHJlc3Npb25zLjdhOTc5ZTYwLWZiM2EtNGYwNy04ZmYyLTg4YTUxZDNmNTcwNy5yZWMud2VidGVzdHJlc3VsdCI+DQogIDxJdGVtcz4NCiAgICA8VHJhbnNhY3Rpb25UaW1lciBOYW1lPSJBTVNfUnBydG5nVXBsb2FkX0ltcHJlc3Npb25zIj4NCiAgICAgIDxJdGVtcz4NCiAgICAgICAgPENvbW1lbnQgQ29tbWVudFRleHQ9IkVudGVyIFVSTCIgLz4NCiAgICAgICAgPFJlcXVlc3QgTWV0aG9kPSJQT1NUIiBWZXJzaW9uPSIxLjEiIFVybD0ie3tXZWJTZXJ2ZXIxfX0vY29ubmVjdG9ycy9jcGUvUmVwb3J0aW5nVXBsb2FkLmFzcHgiIFRoaW5rVGltZT0iMCIgVGltZW91dD0iMzAwIiBQYXJzZURlcGVuZGVudFJlcXVlc3RzPSJUcnVlIiBGb2xsb3dSZWRpcmVjdHM9IlRydWUiIFJlY29yZFJlc3VsdD0iVHJ1ZSIgQ2FjaGU9IkZhbHNlIiBSZXNwb25zZVRpbWVHb2FsPSIwIiBFbmNvZGluZz0idXRmLTgiIEV4cGVjdGVkSHR0cFN0YXR1c0NvZGU9IjAiIEV4cGVjdGVkUmVzcG9uc2VVcmw9IiIgUmVwb3J0aW5nTmFtZT0iIj4NCiAgICAgICAgICA8VmFsaWRhdGlvblJ1bGVzPg0KICAgICAgICAgICAgPFZhbGlkYXRpb25SdWxlIENsYXNzbmFtZT0iTWljcm9zb2Z0LlZpc3VhbFN0dWRpby5UZXN0VG9vbHMuV2ViVGVzdGluZy5SdWxlcy5WYWxpZGF0aW9uUnVsZUZpbmRUZXh0LCBNaWNyb3NvZnQuVmlzdWFsU3R1ZGlvLlF1YWxpdHlUb29scy5XZWJUZXN0RnJhbWV3b3JrLCBWZXJzaW9uPTEwLjAuMC4wLCBDdWx0dXJlPW5ldXRyYWwsIFB1YmxpY0tleVRva2VuPWIwM2Y1ZjdmMTFkNTBhM2EiIERpc3BsYXlOYW1lPSJGaW5kIFRleHQiIERlc2NyaXB0aW9uPSJWZXJpZmllcyB0aGUgZXhpc3RlbmNlIG9mIHRoZSBzcGVjaWZpZWQgdGV4dCBpbiB0aGUgcmVzcG9uc2UuIiBMZXZlbD0iSGlnaCIgRXhlY3R1aW9uT3JkZXI9IkJlZm9yZURlcGVuZGVudHMiPg0KICAgICAgICAgICAgICA8UnVsZVBhcmFtZXRlcnM+DQogICAgICAgICAgICAgICAgPFJ1bGVQYXJhbWV0ZXIgTmFtZT0iRmluZFRleHQiIFZhbHVlPSJBQ0siIC8+DQogICAgICAgICAgICAgICAgPFJ1bGVQYXJhbWV0ZXIgTmFtZT0iSWdub3JlQ2FzZSIgVmFsdWU9IkZhbHNlIiAvPg0KICAgICAgICAgICAgICAgIDxSdWxlUGFyYW1ldGVyIE5hbWU9IlVzZVJlZ3VsYXJFeHByZXNzaW9uIiBWYWx1ZT0iRmFsc2UiIC8+DQogICAgICAgICAgICAgICAgPFJ1bGVQYXJhbWV0ZXIgTmFtZT0iUGFzc0lmVGV4dEZvdW5kIiBWYWx1ZT0iVHJ1ZSIgLz4NCiAgICAgICAgICAgICAgPC9SdWxlUGFyYW1ldGVycz4NCiAgICAgICAgICAgIDwvVmFsaWRhdGlvblJ1bGU+DQogICAgICAgICAgPC9WYWxpZGF0aW9uUnVsZXM+DQogICAgICAgICAgPFF1ZXJ5U3RyaW5nUGFyYW1ldGVycz4NCiAgICAgICAgICAgIDxRdWVyeVN0cmluZ1BhcmFtZXRlciBOYW1lPSJzZXJpYWwiIFZhbHVlPSJ7e0RhdGFTb3VyY2UxLlJVX0ltcHJlc3Npb25zI2Nzdi5TZXJpYWx9fSIgUmVjb3JkZWRWYWx1ZT0iMSIgQ29ycmVsYXRpb25CaW5kaW5nPSIiIFVybEVuY29kZT0iRmFsc2UiIFVzZVRvR3JvdXBSZXN1bHRzPSJGYWxzZSIgLz4NCiAgICAgICAgICAgIDxRdWVyeVN0cmluZ1BhcmFtZXRlciBOYW1lPSJtb2RlIiBWYWx1ZT0iSU1QUkVTU0lPTlMiIFJlY29yZGVkVmFsdWU9IklNUFJFU1NJT05TIiBDb3JyZWxhdGlvbkJpbmRpbmc9IiIgVXJsRW5jb2RlPSJGYWxzZSIgVXNlVG9Hcm91cFJlc3VsdHM9IkZhbHNlIiAvPg0KICAgICAgICAgICAgPFF1ZXJ5U3RyaW5nUGFyYW1ldGVyIE5hbWU9InZlciIgVmFsdWU9IjYiIFJlY29yZGVkVmFsdWU9IjYiIENvcnJlbGF0aW9uQmluZGluZz0iIiBVcmxFbmNvZGU9IkZhbHNlIiBVc2VUb0dyb3VwUmVzdWx0cz0iRmFsc2UiIC8+DQogICAgICAgICAgICA8UXVlcnlTdHJpbmdQYXJhbWV0ZXIgTmFtZT0ibHN2ZXJzaW9uIiBWYWx1ZT0iNS45OSIgUmVjb3JkZWRWYWx1ZT0iNS45OSIgQ29ycmVsYXRpb25CaW5kaW5nPSIiIFVybEVuY29kZT0iRmFsc2UiIFVzZVRvR3JvdXBSZXN1bHRzPSJGYWxzZSIgLz4NCiAgICAgICAgICAgIDxRdWVyeVN0cmluZ1BhcmFtZXRlciBOYW1lPSJsc2J1aWxkIiBWYWx1ZT0iMS4wIiBSZWNvcmRlZFZhbHVlPSIxLjAiIENvcnJlbGF0aW9uQmluZGluZz0iIiBVcmxFbmNvZGU9IkZhbHNlIiBVc2VUb0dyb3VwUmVzdWx0cz0iRmFsc2UiIC8+DQogICAgICAgICAgPC9RdWVyeVN0cmluZ1BhcmFtZXRlcnM+DQogICAgICAgICAgPEZvcm1Qb3N0SHR0cEJvZHk+DQogICAgICAgICAgICA8Rm9ybVBvc3RQYXJhbWV0ZXIgTmFtZT0idXBsb2FkIiBWYWx1ZT0iVXBsb2FkIiBSZWNvcmRlZFZhbHVlPSIiIENvcnJlbGF0aW9uQmluZGluZz0iIiBVcmxFbmNvZGU9IlRydWUiIC8+DQogICAgICAgICAgICA8RmlsZVVwbG9hZFBhcmFtZXRlciBOYW1lPSJCcm93c2UiIEZpbGVOYW1lPSJDOlxUZXN0IERhdGEgQ3JlYXRvclxUZXN0IERhdGEgQ3JlYXRvclxiaW5cRGVidWdcU2NhbGUgVGVzdGluZ1xTdG9yZXNce3tEYXRhU291cmNlMS5SVV9JbXByZXNzaW9ucyNjc3YuRm9sZGVyfX1cSW1wcmVzc2lvbnMyLmd6IiBDb250ZW50VHlwZT0iYXBwbGljYXRpb24vb2N0ZXQtc3RyZWFtIiBHZW5lcmF0ZVVuaXF1ZU5hbWU9IlRydWUiIC8+DQogICAgICAgICAgPC9Gb3JtUG9zdEh0dHBCb2R5Pg0KICAgICAgICA8L1JlcXVlc3Q+DQogICAgICA8L0l0ZW1zPg0KICAgIDwvVHJhbnNhY3Rpb25UaW1lcj4NCiAgPC9JdGVtcz4NCiAgPERhdGFTb3VyY2VzPg0KICAgIDxEYXRhU291cmNlIE5hbWU9IkRhdGFTb3VyY2UxIiBQcm92aWRlcj0iTWljcm9zb2Z0LlZpc3VhbFN0dWRpby5UZXN0VG9vbHMuRGF0YVNvdXJjZS5DU1YiIENvbm5lY3Rpb249InxEYXRhRGlyZWN0b3J5fFxSVV9JbXByZXNzaW9ucy5jc3YiPg0KICAgICAgPFRhYmxlcz4NCiAgICAgICAgPERhdGFTb3VyY2VUYWJsZSBOYW1lPSJSVV9JbXByZXNzaW9ucyNjc3YiIFNlbGVjdENvbHVtbnM9IlNlbGVjdE9ubHlCb3VuZENvbHVtbnMiIEFjY2Vzc01ldGhvZD0iVW5pcXVlIiAvPg0KICAgICAgPC9UYWJsZXM+DQogICAgPC9EYXRhU291cmNlPg0KICA8L0RhdGFTb3VyY2VzPg0KICA8Q29udGV4dFBhcmFtZXRlcnM+DQogICAgPENvbnRleHRQYXJhbWV0ZXIgTmFtZT0iV2ViU2VydmVyMSIgVmFsdWU9Imh0dHA6Ly8xOTIuMTY4LjEwMi4yNTEiIC8+DQogIDwvQ29udGV4dFBhcmFtZXRlcnM+DQogIDxWYWxpZGF0aW9uUnVsZXM+DQogICAgPFZhbGlkYXRpb25SdWxlIENsYXNzbmFtZT0iTWljcm9zb2Z0LlZpc3VhbFN0dWRpby5UZXN0VG9vbHMuV2ViVGVzdGluZy5SdWxlcy5WYWxpZGF0ZVJlc3BvbnNlVXJsLCBNaWNyb3NvZnQuVmlzdWFsU3R1ZGlvLlF1YWxpdHlUb29scy5XZWJUZXN0RnJhbWV3b3JrLCBWZXJzaW9uPTEwLjAuMC4wLCBDdWx0dXJlPW5ldXRyYWwsIFB1YmxpY0tleVRva2VuPWIwM2Y1ZjdmMTFkNTBhM2EiIERpc3BsYXlOYW1lPSJSZXNwb25zZSBVUkwiIERlc2NyaXB0aW9uPSJWYWxpZGF0ZXMgdGhhdCB0aGUgcmVzcG9uc2UgVVJMIGFmdGVyIHJlZGlyZWN0cyBhcmUgZm9sbG93ZWQgaXMgdGhlIHNhbWUgYXMgdGhlIHJlY29yZGVkIHJlc3BvbnNlIFVSTC4gIFF1ZXJ5U3RyaW5nIHBhcmFtZXRlcnMgYXJlIGlnbm9yZWQuIiBMZXZlbD0iTG93IiBFeGVjdHVpb25PcmRlcj0iQmVmb3JlRGVwZW5kZW50cyIgLz4NCiAgICA8VmFsaWRhdGlvblJ1bGUgQ2xhc3NuYW1lPSJNaWNyb3NvZnQuVmlzdWFsU3R1ZGlvLlRlc3RUb29scy5XZWJUZXN0aW5nLlJ1bGVzLlZhbGlkYXRpb25SdWxlUmVzcG9uc2VUaW1lR29hbCwgTWljcm9zb2Z0LlZpc3VhbFN0dWRpby5RdWFsaXR5VG9vbHMuV2ViVGVzdEZyYW1ld29yaywgVmVyc2lvbj0xMC4wLjAuMCwgQ3VsdHVyZT1uZXV0cmFsLCBQdWJsaWNLZXlUb2tlbj1iMDNmNWY3ZjExZDUwYTNhIiBEaXNwbGF5TmFtZT0iUmVzcG9uc2UgVGltZSBHb2FsIiBEZXNjcmlwdGlvbj0iVmFsaWRhdGVzIHRoYXQgdGhlIHJlc3BvbnNlIHRpbWUgZm9yIHRoZSByZXF1ZXN0IGlzIGxlc3MgdGhhbiBvciBlcXVhbCB0byB0aGUgcmVzcG9uc2UgdGltZSBnb2FsIGFzIHNwZWNpZmllZCBvbiB0aGUgcmVxdWVzdC4gIFJlc3BvbnNlIHRpbWUgZ29hbHMgb2YgemVybyB3aWxsIGJlIGlnbm9yZWQuIiBMZXZlbD0iTG93IiBFeGVjdHVpb25PcmRlcj0iQWZ0ZXJEZXBlbmRlbnRzIj4NCiAgICAgIDxSdWxlUGFyYW1ldGVycz4NCiAgICAgICAgPFJ1bGVQYXJhbWV0ZXIgTmFtZT0iVG9sZXJhbmNlIiBWYWx1ZT0iMCIgLz4NCiAgICAgIDwvUnVsZVBhcmFtZXRlcnM+DQogICAgPC9WYWxpZGF0aW9uUnVsZT4NCiAgPC9WYWxpZGF0aW9uUnVsZXM+DQo8L1dlYlRlc3Q+">
    </WebTest>
    <WebTest name="AMS_5.99_Issuance" storage="c:\performance_test\amsproject\amsproject\ams_5.99_issuance.webtest" id="0f8d20b0-bdee-45a4-b38c-e190c0c1aea4" persistedWebTest="77u/PD94bWwgdmVyc2lvbj0iMS4wIiBlbmNvZGluZz0iVVRGLTgiIHN0YW5kYWxvbmU9InllcyI/Pg0KPFdlYlRlc3QgTmFtZT0iQU1TXzUuOTlfSXNzdWFuY2UiIElkPSIwZjhkMjBiMC1iZGVlLTQ1YTQtYjM4Yy1lMTkwYzBjMWFlYTQiIE93bmVyPSIiIFByaW9yaXR5PSIyMTQ3NDgzNjQ3IiBFbmFibGVkPSJUcnVlIiBDc3NQcm9qZWN0U3RydWN0dXJlPSIiIENzc0l0ZXJhdGlvbj0iIiBUaW1lb3V0PSIwIiBXb3JrSXRlbUlkcz0iIiB4bWxucz0iaHR0cDovL21pY3Jvc29mdC5jb20vc2NoZW1hcy9WaXN1YWxTdHVkaW8vVGVhbVRlc3QvMjAxMCIgRGVzY3JpcHRpb249IiIgQ3JlZGVudGlhbFVzZXJOYW1lPSIiIENyZWRlbnRpYWxQYXNzd29yZD0iIiBQcmVBdXRoZW50aWNhdGU9IlRydWUiIFByb3h5PSIiIFN0b3BPbkVycm9yPSJGYWxzZSIgUmVjb3JkZWRSZXN1bHRGaWxlPSJBTVNfNS45OV9Jc3N1YW5jZS4wZmZlZGU2MS1hNjg1LTRhMjYtYWVhZC0yY2FlYWU0MWRhZjMucmVjLndlYnRlc3RyZXN1bHQiPg0KICA8SXRlbXM+DQogICAgPFRyYW5zYWN0aW9uVGltZXIgTmFtZT0iQU1TX0lzc3VhbmNlIj4NCiAgICAgIDxJdGVtcz4NCiAgICAgICAgPENvbW1lbnQgQ29tbWVudFRleHQ9IkVudGVyIFVSTCIgLz4NCiAgICAgICAgPFJlcXVlc3QgTWV0aG9kPSJQT1NUIiBWZXJzaW9uPSIxLjEiIFVybD0ie3tXZWJTZXJ2ZXIxfX0vY29ubmVjdG9ycy9jcGUvQ1BFLVJlbW90ZURhdGEuYXNweCIgVGhpbmtUaW1lPSIwIiBUaW1lb3V0PSIzMDAiIFBhcnNlRGVwZW5kZW50UmVxdWVzdHM9IlRydWUiIEZvbGxvd1JlZGlyZWN0cz0iVHJ1ZSIgUmVjb3JkUmVzdWx0PSJUcnVlIiBDYWNoZT0iRmFsc2UiIFJlc3BvbnNlVGltZUdvYWw9IjAiIEVuY29kaW5nPSJ1dGYtOCIgRXhwZWN0ZWRIdHRwU3RhdHVzQ29kZT0iMCIgRXhwZWN0ZWRSZXNwb25zZVVybD0iIiBSZXBvcnRpbmdOYW1lPSIiPg0KICAgICAgICAgIDxWYWxpZGF0aW9uUnVsZXM+DQogICAgICAgICAgICA8VmFsaWRhdGlvblJ1bGUgQ2xhc3NuYW1lPSJNaWNyb3NvZnQuVmlzdWFsU3R1ZGlvLlRlc3RUb29scy5XZWJUZXN0aW5nLlJ1bGVzLlZhbGlkYXRpb25SdWxlRmluZFRleHQsIE1pY3Jvc29mdC5WaXN1YWxTdHVkaW8uUXVhbGl0eVRvb2xzLldlYlRlc3RGcmFtZXdvcmssIFZlcnNpb249MTAuMC4wLjAsIEN1bHR1cmU9bmV1dHJhbCwgUHVibGljS2V5VG9rZW49YjAzZjVmN2YxMWQ1MGEzYSIgRGlzcGxheU5hbWU9IkZpbmQgVGV4dCIgRGVzY3JpcHRpb249IlZlcmlmaWVzIHRoZSBleGlzdGVuY2Ugb2YgdGhlIHNwZWNpZmllZCB0ZXh0IGluIHRoZSByZXNwb25zZS4iIExldmVsPSJIaWdoIiBFeGVjdHVpb25PcmRlcj0iQmVmb3JlRGVwZW5kZW50cyI+DQogICAgICAgICAgICAgIDxSdWxlUGFyYW1ldGVycz4NCiAgICAgICAgICAgICAgICA8UnVsZVBhcmFtZXRlciBOYW1lPSJGaW5kVGV4dCIgVmFsdWU9IkFDSyIgLz4NCiAgICAgICAgICAgICAgICA8UnVsZVBhcmFtZXRlciBOYW1lPSJJZ25vcmVDYXNlIiBWYWx1ZT0iRmFsc2UiIC8+DQogICAgICAgICAgICAgICAgPFJ1bGVQYXJhbWV0ZXIgTmFtZT0iVXNlUmVndWxhckV4cHJlc3Npb24iIFZhbHVlPSJGYWxzZSIgLz4NCiAgICAgICAgICAgICAgICA8UnVsZVBhcmFtZXRlciBOYW1lPSJQYXNzSWZUZXh0Rm91bmQiIFZhbHVlPSJUcnVlIiAvPg0KICAgICAgICAgICAgICA8L1J1bGVQYXJhbWV0ZXJzPg0KICAgICAgICAgICAgPC9WYWxpZGF0aW9uUnVsZT4NCiAgICAgICAgICA8L1ZhbGlkYXRpb25SdWxlcz4NCiAgICAgICAgICA8UXVlcnlTdHJpbmdQYXJhbWV0ZXJzPg0KICAgICAgICAgICAgPFF1ZXJ5U3RyaW5nUGFyYW1ldGVyIE5hbWU9InNlcmlhbCIgVmFsdWU9Int7RGF0YVNvdXJjZTEuSXNzdWFuY2UjY3N2LlNlcmlhbH19IiBSZWNvcmRlZFZhbHVlPSI3IiBDb3JyZWxhdGlvbkJpbmRpbmc9IiIgVXJsRW5jb2RlPSJGYWxzZSIgVXNlVG9Hcm91cFJlc3VsdHM9IkZhbHNlIiAvPg0KICAgICAgICAgICAgPFF1ZXJ5U3RyaW5nUGFyYW1ldGVyIE5hbWU9Im1vZGUiIFZhbHVlPSJmZXRjaCIgUmVjb3JkZWRWYWx1ZT0iZmV0Y2giIENvcnJlbGF0aW9uQmluZGluZz0iIiBVcmxFbmNvZGU9IkZhbHNlIiBVc2VUb0dyb3VwUmVzdWx0cz0iRmFsc2UiIC8+DQogICAgICAgICAgICA8UXVlcnlTdHJpbmdQYXJhbWV0ZXIgTmFtZT0idmVyIiBWYWx1ZT0iNiIgUmVjb3JkZWRWYWx1ZT0iNiIgQ29ycmVsYXRpb25CaW5kaW5nPSIiIFVybEVuY29kZT0iRmFsc2UiIFVzZVRvR3JvdXBSZXN1bHRzPSJGYWxzZSIgLz4NCiAgICAgICAgICAgIDxRdWVyeVN0cmluZ1BhcmFtZXRlciBOYW1lPSJzdHlsZSIgVmFsdWU9IjAiIFJlY29yZGVkVmFsdWU9IjAiIENvcnJlbGF0aW9uQmluZGluZz0iIiBVcmxFbmNvZGU9IkZhbHNlIiBVc2VUb0dyb3VwUmVzdWx0cz0iRmFsc2UiIC8+DQogICAgICAgICAgICA8UXVlcnlTdHJpbmdQYXJhbWV0ZXIgTmFtZT0icmR0eXBlIiBWYWx1ZT0iMSIgUmVjb3JkZWRWYWx1ZT0iMSIgQ29ycmVsYXRpb25CaW5kaW5nPSIiIFVybEVuY29kZT0iRmFsc2UiIFVzZVRvR3JvdXBSZXN1bHRzPSJGYWxzZSIgLz4NCiAgICAgICAgICAgIDxRdWVyeVN0cmluZ1BhcmFtZXRlciBOYW1lPSJsc3ZlcnNpb24iIFZhbHVlPSI1Ljk5IiBSZWNvcmRlZFZhbHVlPSI1Ljk5IiBDb3JyZWxhdGlvbkJpbmRpbmc9IiIgVXJsRW5jb2RlPSJGYWxzZSIgVXNlVG9Hcm91cFJlc3VsdHM9IkZhbHNlIiAvPg0KICAgICAgICAgICAgPFF1ZXJ5U3RyaW5nUGFyYW1ldGVyIE5hbWU9ImxzYnVpbGQiIFZhbHVlPSIxLjAiIFJlY29yZGVkVmFsdWU9IjEuMCIgQ29ycmVsYXRpb25CaW5kaW5nPSIiIFVybEVuY29kZT0iRmFsc2UiIFVzZVRvR3JvdXBSZXN1bHRzPSJGYWxzZSIgLz4NCiAgICAgICAgICA8L1F1ZXJ5U3RyaW5nUGFyYW1ldGVycz4NCiAgICAgICAgICA8Rm9ybVBvc3RIdHRwQm9keT4NCiAgICAgICAgICAgIDxGb3JtUG9zdFBhcmFtZXRlciBOYW1lPSJ1cGxvYWQiIFZhbHVlPSJVcGxvYWQiIFJlY29yZGVkVmFsdWU9IiIgQ29ycmVsYXRpb25CaW5kaW5nPSIiIFVybEVuY29kZT0iVHJ1ZSIgLz4NCiAgICAgICAgICAgIDxGaWxlVXBsb2FkUGFyYW1ldGVyIE5hbWU9IkJyb3dzZSIgRmlsZU5hbWU9IkM6XFRlc3QgRGF0YSBDcmVhdG9yXFRlc3QgRGF0YSBDcmVhdG9yXGJpblxEZWJ1Z1xTY2FsZSBUZXN0aW5nXFN0b3Jlc1x7e0RhdGFTb3VyY2UxLklzc3VhbmNlI2Nzdi5Gb2xkZXJ9fVxJc3N1YW5jZTEuZ3oiIENvbnRlbnRUeXBlPSJhcHBsaWNhdGlvbi9vY3RldC1zdHJlYW0iIEdlbmVyYXRlVW5pcXVlTmFtZT0iVHJ1ZSIgLz4NCiAgICAgICAgICA8L0Zvcm1Qb3N0SHR0cEJvZHk+DQogICAgICAgIDwvUmVxdWVzdD4NCiAgICAgIDwvSXRlbXM+DQogICAgPC9UcmFuc2FjdGlvblRpbWVyPg0KICA8L0l0ZW1zPg0KICA8RGF0YVNvdXJjZXM+DQogICAgPERhdGFTb3VyY2UgTmFtZT0iRGF0YVNvdXJjZTEiIFByb3ZpZGVyPSJNaWNyb3NvZnQuVmlzdWFsU3R1ZGlvLlRlc3RUb29scy5EYXRhU291cmNlLkNTViIgQ29ubmVjdGlvbj0ifERhdGFEaXJlY3Rvcnl8XElzc3VhbmNlLmNzdiI+DQogICAgICA8VGFibGVzPg0KICAgICAgICA8RGF0YVNvdXJjZVRhYmxlIE5hbWU9Iklzc3VhbmNlI2NzdiIgU2VsZWN0Q29sdW1ucz0iU2VsZWN0T25seUJvdW5kQ29sdW1ucyIgQWNjZXNzTWV0aG9kPSJVbmlxdWUiIC8+DQogICAgICA8L1RhYmxlcz4NCiAgICA8L0RhdGFTb3VyY2U+DQogIDwvRGF0YVNvdXJjZXM+DQogIDxDb250ZXh0UGFyYW1ldGVycz4NCiAgICA8Q29udGV4dFBhcmFtZXRlciBOYW1lPSJXZWJTZXJ2ZXIxIiBWYWx1ZT0iaHR0cDovLzE5Mi4xNjguMTAyLjI1MSIgLz4NCiAgPC9Db250ZXh0UGFyYW1ldGVycz4NCiAgPFZhbGlkYXRpb25SdWxlcz4NCiAgICA8VmFsaWRhdGlvblJ1bGUgQ2xhc3NuYW1lPSJNaWNyb3NvZnQuVmlzdWFsU3R1ZGlvLlRlc3RUb29scy5XZWJUZXN0aW5nLlJ1bGVzLlZhbGlkYXRlUmVzcG9uc2VVcmwsIE1pY3Jvc29mdC5WaXN1YWxTdHVkaW8uUXVhbGl0eVRvb2xzLldlYlRlc3RGcmFtZXdvcmssIFZlcnNpb249MTAuMC4wLjAsIEN1bHR1cmU9bmV1dHJhbCwgUHVibGljS2V5VG9rZW49YjAzZjVmN2YxMWQ1MGEzYSIgRGlzcGxheU5hbWU9IlJlc3BvbnNlIFVSTCIgRGVzY3JpcHRpb249IlZhbGlkYXRlcyB0aGF0IHRoZSByZXNwb25zZSBVUkwgYWZ0ZXIgcmVkaXJlY3RzIGFyZSBmb2xsb3dlZCBpcyB0aGUgc2FtZSBhcyB0aGUgcmVjb3JkZWQgcmVzcG9uc2UgVVJMLiAgUXVlcnlTdHJpbmcgcGFyYW1ldGVycyBhcmUgaWdub3JlZC4iIExldmVsPSJMb3ciIEV4ZWN0dWlvbk9yZGVyPSJCZWZvcmVEZXBlbmRlbnRzIiAvPg0KICAgIDxWYWxpZGF0aW9uUnVsZSBDbGFzc25hbWU9Ik1pY3Jvc29mdC5WaXN1YWxTdHVkaW8uVGVzdFRvb2xzLldlYlRlc3RpbmcuUnVsZXMuVmFsaWRhdGlvblJ1bGVSZXNwb25zZVRpbWVHb2FsLCBNaWNyb3NvZnQuVmlzdWFsU3R1ZGlvLlF1YWxpdHlUb29scy5XZWJUZXN0RnJhbWV3b3JrLCBWZXJzaW9uPTEwLjAuMC4wLCBDdWx0dXJlPW5ldXRyYWwsIFB1YmxpY0tleVRva2VuPWIwM2Y1ZjdmMTFkNTBhM2EiIERpc3BsYXlOYW1lPSJSZXNwb25zZSBUaW1lIEdvYWwiIERlc2NyaXB0aW9uPSJWYWxpZGF0ZXMgdGhhdCB0aGUgcmVzcG9uc2UgdGltZSBmb3IgdGhlIHJlcXVlc3QgaXMgbGVzcyB0aGFuIG9yIGVxdWFsIHRvIHRoZSByZXNwb25zZSB0aW1lIGdvYWwgYXMgc3BlY2lmaWVkIG9uIHRoZSByZXF1ZXN0LiAgUmVzcG9uc2UgdGltZSBnb2FscyBvZiB6ZXJvIHdpbGwgYmUgaWdub3JlZC4iIExldmVsPSJMb3ciIEV4ZWN0dWlvbk9yZGVyPSJBZnRlckRlcGVuZGVudHMiPg0KICAgICAgPFJ1bGVQYXJhbWV0ZXJzPg0KICAgICAgICA8UnVsZVBhcmFtZXRlciBOYW1lPSJUb2xlcmFuY2UiIFZhbHVlPSIwIiAvPg0KICAgICAgPC9SdWxlUGFyYW1ldGVycz4NCiAgICA8L1ZhbGlkYXRpb25SdWxlPg0KICA8L1ZhbGlkYXRpb25SdWxlcz4NCjwvV2ViVGVzdD4=">
    </WebTest>
  </TestDefinitions>
  <TestLists>
    <TestList name="Results Not in a List" id="8c84fa94-04c1-424b-9868-57a2d4851a1d" />
    <TestList name="All Loaded Results" id="19431567-8539-422a-85d7-44ee4e166bda" />
  </TestLists>
  <TestEntries>
    <TestEntry isTransparent="false" testId="bc86d87d-8b34-4258-85bf-df21bd9f04c8" executionId="eda0ecd8-8165-4290-b0dc-bf489f6d6ada" testListId="8c84fa94-04c1-424b-9868-57a2d4851a1d">
      <TestEntries>
        <TestEntry isTransparent="false" testId="acf02364-4585-4891-89a4-e38ba0f9ad0b" executionId="4d94adb5-b209-41d7-83ac-ae04296ae803" parentExecutionId="eda0ecd8-8165-4290-b0dc-bf489f6d6ada" testListId="8c84fa94-04c1-424b-9868-57a2d4851a1d" />
        <TestEntry isTransparent="false" testId="0f8d20b0-bdee-45a4-b38c-e190c0c1aea4" executionId="7b48b585-e755-4f86-872a-f7f62e63a90e" parentExecutionId="eda0ecd8-8165-4290-b0dc-bf489f6d6ada" testListId="8c84fa94-04c1-424b-9868-57a2d4851a1d" />
        <TestEntry isTransparent="false" testId="e2546ca8-a776-4229-a207-e1e72674a447" executionId="8d089dfc-f439-4fb1-baae-35628c651691" parentExecutionId="eda0ecd8-8165-4290-b0dc-bf489f6d6ada" testListId="8c84fa94-04c1-424b-9868-57a2d4851a1d" />
        <TestEntry isTransparent="false" testId="a8ae2975-cb52-42c9-908a-3a21bbfd82b0" executionId="1339e905-2947-4f34-9f69-c1a9a1a6a906" parentExecutionId="eda0ecd8-8165-4290-b0dc-bf489f6d6ada" testListId="8c84fa94-04c1-424b-9868-57a2d4851a1d" />
        <TestEntry isTransparent="false" testId="8119ab20-88d3-4c24-9ecf-77e375054569" executionId="a4ea7ae9-dd15-46af-86c2-c3bfa045ed00" parentExecutionId="eda0ecd8-8165-4290-b0dc-bf489f6d6ada" testListId="8c84fa94-04c1-424b-9868-57a2d4851a1d" />
        <TestEntry isTransparent="false" testId="cfbf3277-1d9d-45d0-9bcf-00ae9ad3a503" executionId="6643ca3a-dfa6-45b3-bf71-4736e7681ef0" parentExecutionId="eda0ecd8-8165-4290-b0dc-bf489f6d6ada" testListId="8c84fa94-04c1-424b-9868-57a2d4851a1d" />
        <TestEntry isTransparent="false" testId="82aaf15c-266a-42ee-b87e-46825e866cbb" executionId="af8d79d4-19c1-4b61-a967-bf7eaccac9a9" parentExecutionId="eda0ecd8-8165-4290-b0dc-bf489f6d6ada" testListId="8c84fa94-04c1-424b-9868-57a2d4851a1d" />
        <TestEntry isTransparent="false" testId="2174fb59-ef6d-40fe-a700-d8319a27130a" executionId="2c5afa72-c99e-4adf-9cda-d71c80782413" parentExecutionId="eda0ecd8-8165-4290-b0dc-bf489f6d6ada" testListId="8c84fa94-04c1-424b-9868-57a2d4851a1d" />
        <TestEntry isTransparent="false" testId="7f02b49d-7d8a-4a0a-aab0-71c9f588943b" executionId="a56063ea-0d44-4ce5-9e1e-2108f651dd54" parentExecutionId="eda0ecd8-8165-4290-b0dc-bf489f6d6ada" testListId="8c84fa94-04c1-424b-9868-57a2d4851a1d" />
        <TestEntry isTransparent="false" testId="b16bfa18-7a00-41a6-86de-c2397ed04d44" executionId="9a7786d6-a1a9-4e2f-abff-ecc7662f03fb" parentExecutionId="eda0ecd8-8165-4290-b0dc-bf489f6d6ada" testListId="8c84fa94-04c1-424b-9868-57a2d4851a1d" />
        <TestEntry isTransparent="false" testId="385b659e-5868-4148-94d2-98166fd7899a" executionId="c95559b7-54b1-48f2-95ba-4e2c0323b0b5" parentExecutionId="eda0ecd8-8165-4290-b0dc-bf489f6d6ada" testListId="8c84fa94-04c1-424b-9868-57a2d4851a1d" />
      </TestEntries>
    </TestEntry>
  </TestEntries>
  <Results>
    <LoadTestResult executionId="eda0ecd8-8165-4290-b0dc-bf489f6d6ada" testId="bc86d87d-8b34-4258-85bf-df21bd9f04c8" testName="LiveLoadTest_2" computerName="SEM03XVP-004" duration="01:04:55.0487840" startTime="2013-01-04T03:10:05.7983426-05:00" endTime="2013-01-04T04:15:00.8471266-05:00" testType="fa4c85ff-1236-4463-b954-3ba2f0eabd95" outcome="Completed" testListId="8c84fa94-04c1-424b-9868-57a2d4851a1d" relativeResultsDirectory="eda0ecd8-8165-4290-b0dc-bf489f6d6ada" runId="74" controllerStartTime="2013-01-04T03:10:05.7983426-05:00" runStatus="Stopped" resultsStoreType="Database" resultsRepositoryConnectString="LAs4ogoKlDcrSNMk4ccMZvZ4D/fyI+EPFFfORYqCaak3InbIxT2o9Wo4Uo5BU1wk6F+ToXovE8xHDaIT0W+0Xm2GVSl6EohN3BkPZlAw0Qxn+7mYFivb/n03LnLAumP6" loadTestDuration="3600" loadTestWarmupTime="120" previouslyViewed="true">
      <AnalyzerViewState>
        <LoadTestRunDescriptor isLegendPanelVisible="true" isOverviewPanelVisible="true" isCounterPanelVisible="true" scrollingGraph="false" minMaxGraph="false" showHorizontalGridOnGraph="true" showThresholdsOnGraph="true" showComparison="false" showZoom="true" lockZoom="true" activeConsoleView="Table" selectedGraphPanel1="Key Indicators" selectedGraphPanel2="Page Response Time" selectedGraphPanel3="System under Test" selectedGraphPanel4="Controller and Agents" graphPanelLayout="FourGrid" tablePanelLayout="TwoHorizontal" selectedTablePanel1="Tests" selectedTablePanel2="Errors" selectedTablePanel3="Thresholds" selectedTablePanel4="Transactions" controllerName="SEM03VVM-020" isLocalRun="false" testRunId="23ae3c1c-cb97-4ea6-939c-cb34a49046a0" repositoryRunId="0">
          <GraphDescriptors>
            <GraphDescriptor graphName="Key Indicators">
              <HorizontalZoomRange lower="-1" upper="-1" />
              <VerticalZoomRange lower="0" upper="100" />
              <PlotDescriptors>
                <PlotDescriptor colorArgb="-65536" lineStyle="0" fixedRange="0" rangeGroup="User Load" showOnGraph="true" isSelected="false">
                  <CounterDescriptor machineName="SEM03VVM-020" categoryName="LoadTest:Scenario" counterName="User Load" instanceName="_Total" baseInstanceName="_Total" loadTestItemId="-1" />
                </PlotDescriptor>
                <PlotDescriptor colorArgb="-16744448" lineStyle="0" fixedRange="0" rangeGroup="Pages/Sec" showOnGraph="true" isSelected="false">
                  <CounterDescriptor machineName="SEM03VVM-020" categoryName="LoadTest:Page" counterName="Pages/Sec" instanceName="_Total" baseInstanceName="_Total" loadTestItemId="-1" />
                </PlotDescriptor>
                <PlotDescriptor colorArgb="-16776961" lineStyle="0" fixedRange="0" rangeGroup="Avg. Page Time" showOnGraph="true" isSelected="false">
                  <CounterDescriptor machineName="SEM03VVM-020" categoryName="LoadTest:Page" counterName="Avg. Page Time" instanceName="_Total" baseInstanceName="_Total" loadTestItemId="-1" />
                </PlotDescriptor>
                <PlotDescriptor colorArgb="-8388480" lineStyle="0" fixedRange="0" rangeGroup="Errors/Sec" showOnGraph="true" isSelected="false">
                  <CounterDescriptor machineName="SEM03VVM-020" categoryName="LoadTest:Errors" counterName="Errors/Sec" instanceName="_Total" baseInstanceName="_Total" loadTestItemId="-1" />
                </PlotDescriptor>
                <PlotDescriptor colorArgb="-23296" lineStyle="0" fixedRange="0" rangeGroup="Threshold Violations/Sec" showOnGraph="true" isSelected="false">
                  <CounterDescriptor machineName="SEM03VVM-020" categoryName="LoadTest:Errors" counterName="Threshold Violations/Sec" instanceName="_Total" baseInstanceName="_Total" loadTestItemId="-1" />
                </PlotDescriptor>
              </PlotDescriptors>
            </GraphDescriptor>
            <GraphDescriptor graphName="System under Test">
              <HorizontalZoomRange lower="-1" upper="-1" />
              <VerticalZoomRange lower="0" upper="100" />
            </GraphDescriptor>
            <GraphDescriptor graphName="Controller and Agents">
              <HorizontalZoomRange lower="-1" upper="-1" />
              <VerticalZoomRange lower="0" upper="100" />
              <PlotDescriptors>
                <PlotDescriptor colorArgb="-65536" lineStyle="0" fixedRange="100" rangeGroup="% Processor Time" showOnGraph="true" isSelected="false">
                  <CounterDescriptor machineName="SEM03XVP-004" categoryName="Processor" counterName="% Processor Time" instanceName="_Total" baseInstanceName="_Total" loadTestItemId="-1" />
                </PlotDescriptor>
                <PlotDescriptor colorArgb="-16744448" lineStyle="0" fixedRange="0" rangeGroup="Memory Bytes" showOnGraph="true" isSelected="false">
                  <CounterDescriptor machineName="SEM03XVP-004" categoryName="Memory" counterName="Available MBytes" instanceName="systemdiagnosticsperfcounterlibsingleinstance" baseInstanceName="systemdiagnosticsperfcounterlibsingleinstance" loadTestItemId="-1" />
                </PlotDescriptor>
                <PlotDescriptor colorArgb="-16776961" lineStyle="0" fixedRange="100" rangeGroup="% Processor Time" showOnGraph="true" isSelected="false">
                  <CounterDescriptor machineName="SEM03VVM-020" categoryName="Processor" counterName="% Processor Time" instanceName="_Total" baseInstanceName="_Total" loadTestItemId="-1" />
                </PlotDescriptor>
                <PlotDescriptor colorArgb="-8388480" lineStyle="0" fixedRange="0" rangeGroup="Memory Bytes" showOnGraph="true" isSelected="false">
                  <CounterDescriptor machineName="SEM03VVM-020" categoryName="Memory" counterName="Available MBytes" instanceName="systemdiagnosticsperfcounterlibsingleinstance" baseInstanceName="systemdiagnosticsperfcounterlibsingleinstance" loadTestItemId="-1" />
                </PlotDescriptor>
              </PlotDescriptors>
            </GraphDescriptor>
            <GraphDescriptor graphName="Test Response Time">
              <HorizontalZoomRange lower="-1" upper="-1" />
              <VerticalZoomRange lower="0" upper="199" />
              <PlotDescriptors>
                <PlotDescriptor colorArgb="-65536" lineStyle="0" fixedRange="199" rangeGroup="Avg. Test Time" showOnGraph="true" isSelected="false" counterMetadata="AMS_5.99_ReportingUpload_TnsRdmptn;Reporting_TransRedemptn">
                  <CounterDescriptor machineName="SEM03VVM-020" categoryName="LoadTest:Test" counterName="Avg. Test Time" instanceName="AMS_5.99_ReportingUpload_TnsRdmptn(005)" baseInstanceName="AMS_5.99_ReportingUpload_TnsRdmptn" loadTestItemId="5" />
                </PlotDescriptor>
                <PlotDescriptor colorArgb="-16744448" lineStyle="0" fixedRange="199" rangeGroup="Avg. Test Time" showOnGraph="true" isSelected="false" counterMetadata="AMS_5.99_TransUpload;TransUpload">
                  <CounterDescriptor machineName="SEM03VVM-020" categoryName="LoadTest:Test" counterName="Avg. Test Time" instanceName="AMS_5.99_TransUpload(002)" baseInstanceName="AMS_5.99_TransUpload" loadTestItemId="2" />
                </PlotDescriptor>
                <PlotDescriptor colorArgb="-16776961" lineStyle="0" fixedRange="199" rangeGroup="Avg. Test Time" showOnGraph="true" isSelected="false" counterMetadata="AMS_5.99_IncentiveFetch;IncentiveFetch">
                  <CounterDescriptor machineName="SEM03VVM-020" categoryName="LoadTest:Test" counterName="Avg. Test Time" instanceName="AMS_5.99_IncentiveFetch(007)" baseInstanceName="AMS_5.99_IncentiveFetch" loadTestItemId="7" />
                </PlotDescriptor>
                <PlotDescriptor colorArgb="-8388480" lineStyle="0" fixedRange="199" rangeGroup="Avg. Test Time" showOnGraph="true" isSelected="false" counterMetadata="AMS_5.99_EOC_AddOffer;Addoffer">
                  <CounterDescriptor machineName="SEM03VVM-020" categoryName="LoadTest:Test" counterName="Avg. Test Time" instanceName="AMS_5.99_EOC_AddOffer(008)" baseInstanceName="AMS_5.99_EOC_AddOffer" loadTestItemId="8" />
                </PlotDescriptor>
                <PlotDescriptor colorArgb="-23296" lineStyle="0" fixedRange="199" rangeGroup="Avg. Test Time" showOnGraph="true" isSelected="false" counterMetadata="AMS_5.99_PhoneHome;Phonehome">
                  <CounterDescriptor machineName="SEM03VVM-020" categoryName="LoadTest:Test" counterName="Avg. Test Time" instanceName="AMS_5.99_PhoneHome(009)" baseInstanceName="AMS_5.99_PhoneHome" loadTestItemId="9" />
                </PlotDescriptor>
                <PlotDescriptor colorArgb="-16744320" lineStyle="0" fixedRange="199" rangeGroup="Avg. Test Time" showOnGraph="true" isSelected="false" counterMetadata="ClipBundle;ClipBundle">
                  <CounterDescriptor machineName="SEM03VVM-020" categoryName="LoadTest:Test" counterName="Avg. Test Time" instanceName="ClipBundle(000)" baseInstanceName="ClipBundle" loadTestItemId="0" />
                </PlotDescriptor>
                <PlotDescriptor colorArgb="-7667712" lineStyle="0" fixedRange="199" rangeGroup="Avg. Test Time" showOnGraph="true" isSelected="false" counterMetadata="AMS_5.99_ReportingUpload_NewTransHist;Reporting_TransHist">
                  <CounterDescriptor machineName="SEM03VVM-020" categoryName="LoadTest:Test" counterName="Avg. Test Time" instanceName="AMS_5.99_ReportingUpload_NewTransHist(004)" baseInstanceName="AMS_5.99_ReportingUpload_NewTransHist" loadTestItemId="4" />
                </PlotDescriptor>
                <PlotDescriptor colorArgb="-16751616" lineStyle="0" fixedRange="199" rangeGroup="Avg. Test Time" showOnGraph="true" isSelected="false" counterMetadata="AMS_5.99_All_Connectors_IPLprocess;IPL">
                  <CounterDescriptor machineName="SEM03VVM-020" categoryName="LoadTest:Test" counterName="Avg. Test Time" instanceName="AMS_5.99_All_Connectors_IPLprocess(010)" baseInstanceName="AMS_5.99_All_Connectors_IPLprocess" loadTestItemId="10" />
                </PlotDescriptor>
                <PlotDescriptor colorArgb="-16777077" lineStyle="0" fixedRange="199" rangeGroup="Avg. Test Time" showOnGraph="true" isSelected="false" counterMetadata="AMS_5.99_ReportingUpload_Impressions;Reporting_Impressions">
                  <CounterDescriptor machineName="SEM03VVM-020" categoryName="LoadTest:Test" counterName="Avg. Test Time" instanceName="AMS_5.99_ReportingUpload_Impressions(003)" baseInstanceName="AMS_5.99_ReportingUpload_Impressions" loadTestItemId="3" />
                </PlotDescriptor>
                <PlotDescriptor colorArgb="-16741493" lineStyle="0" fixedRange="199" rangeGroup="Avg. Test Time" showOnGraph="true" isSelected="false" counterMetadata="AMS_5.99_TransDownload;TranDownload">
                  <CounterDescriptor machineName="SEM03VVM-020" categoryName="LoadTest:Test" counterName="Avg. Test Time" instanceName="AMS_5.99_TransDownload(006)" baseInstanceName="AMS_5.99_TransDownload" loadTestItemId="6" />
                </PlotDescriptor>
                <PlotDescriptor colorArgb="-5383962" lineStyle="0" fixedRange="199" rangeGroup="Avg. Test Time" showOnGraph="true" isSelected="false" counterMetadata="AMS_5.99_Issuance;Issuance">
                  <CounterDescriptor machineName="SEM03VVM-020" categoryName="LoadTest:Test" counterName="Avg. Test Time" instanceName="AMS_5.99_Issuance(001)" baseInstanceName="AMS_5.99_Issuance" loadTestItemId="1" />
                </PlotDescriptor>
              </PlotDescriptors>
            </GraphDescriptor>
            <GraphDescriptor graphName="Transaction Response Time">
              <HorizontalZoomRange lower="-1" upper="-1" />
              <VerticalZoomRange lower="0" upper="152" />
              <PlotDescriptors>
                <PlotDescriptor colorArgb="-65536" lineStyle="0" fixedRange="152" rangeGroup="Avg. Response Time" showOnGraph="true" isSelected="false" counterMetadata="AMS_5.99_ReportingUpload_TnsRdmptn;Reporting_TransRedemptn;AMS_RprtngUpload_TnsRdmptn">
                  <CounterDescriptor machineName="SEM03VVM-020" categoryName="LoadTest:Transaction" counterName="Avg. Response Time" instanceName="AMS_RprtngUpload_TnsRdmptn(000)" baseInstanceName="AMS_RprtngUpload_TnsRdmptn" loadTestItemId="0" />
                </PlotDescriptor>
                <PlotDescriptor colorArgb="-16744448" lineStyle="0" fixedRange="152" rangeGroup="Avg. Response Time" showOnGraph="true" isSelected="false" counterMetadata="AMS_5.99_TransUpload;TransUpload;AMS_TransUpload">
                  <CounterDescriptor machineName="SEM03VVM-020" categoryName="LoadTest:Transaction" counterName="Avg. Response Time" instanceName="AMS_TransUpload(001)" baseInstanceName="AMS_TransUpload" loadTestItemId="1" />
                </PlotDescriptor>
                <PlotDescriptor colorArgb="-16776961" lineStyle="0" fixedRange="152" rangeGroup="Avg. Response Time" showOnGraph="true" isSelected="false" counterMetadata="AMS_5.99_EOC_AddOffer;Addoffer;AMS_Cents_Off">
                  <CounterDescriptor machineName="SEM03VVM-020" categoryName="LoadTest:Transaction" counterName="Avg. Response Time" instanceName="AMS_Cents_Off(002)" baseInstanceName="AMS_Cents_Off" loadTestItemId="2" />
                </PlotDescriptor>
                <PlotDescriptor colorArgb="-8388480" lineStyle="0" fixedRange="152" rangeGroup="Avg. Response Time" showOnGraph="true" isSelected="false" counterMetadata="AMS_5.99_EOC_AddOffer;Addoffer;AMS_Free_Off">
                  <CounterDescriptor machineName="SEM03VVM-020" categoryName="LoadTest:Transaction" counterName="Avg. Response Time" instanceName="AMS_Free_Off(003)" baseInstanceName="AMS_Free_Off" loadTestItemId="3" />
                </PlotDescriptor>
                <PlotDescriptor colorArgb="-23296" lineStyle="0" fixedRange="152" rangeGroup="Avg. Response Time" showOnGraph="true" isSelected="false" counterMetadata="AMS_5.99_EOC_AddOffer;Addoffer;AMS_Percent_Off">
                  <CounterDescriptor machineName="SEM03VVM-020" categoryName="LoadTest:Transaction" counterName="Avg. Response Time" instanceName="AMS_Percent_Off(004)" baseInstanceName="AMS_Percent_Off" loadTestItemId="4" />
                </PlotDescriptor>
                <PlotDescriptor colorArgb="-16744320" lineStyle="0" fixedRange="152" rangeGroup="Avg. Response Time" showOnGraph="true" isSelected="false" counterMetadata="AMS_5.99_EOC_AddOffer;Addoffer;AMS_Price_pnt_Wt_Vol">
                  <CounterDescriptor machineName="SEM03VVM-020" categoryName="LoadTest:Transaction" counterName="Avg. Response Time" instanceName="AMS_Price_pnt_Wt_Vol(005)" baseInstanceName="AMS_Price_pnt_Wt_Vol" loadTestItemId="5" />
                </PlotDescriptor>
                <PlotDescriptor colorArgb="-7667712" lineStyle="0" fixedRange="152" rangeGroup="Avg. Response Time" showOnGraph="true" isSelected="false" counterMetadata="AMS_5.99_EOC_AddOffer;Addoffer;AMS_Price_pnt_Items_Off">
                  <CounterDescriptor machineName="SEM03VVM-020" categoryName="LoadTest:Transaction" counterName="Avg. Response Time" instanceName="AMS_Price_pnt_Items_Off(006)" baseInstanceName="AMS_Price_pnt_Items_Off" loadTestItemId="6" />
                </PlotDescriptor>
                <PlotDescriptor colorArgb="-16751616" lineStyle="0" fixedRange="152" rangeGroup="Avg. Response Time" showOnGraph="true" isSelected="false" counterMetadata="AMS_5.99_EOC_AddOffer;Addoffer;AMS_Cents_Off_Wt_Vol">
                  <CounterDescriptor machineName="SEM03VVM-020" categoryName="LoadTest:Transaction" counterName="Avg. Response Time" instanceName="AMS_Cents_Off_Wt_Vol(007)" baseInstanceName="AMS_Cents_Off_Wt_Vol" loadTestItemId="7" />
                </PlotDescriptor>
                <PlotDescriptor colorArgb="-16777077" lineStyle="0" fixedRange="152" rangeGroup="Avg. Response Time" showOnGraph="true" isSelected="false" counterMetadata="AMS_5.99_PhoneHome;Phonehome;AMS_PhoneHome">
                  <CounterDescriptor machineName="SEM03VVM-020" categoryName="LoadTest:Transaction" counterName="Avg. Response Time" instanceName="AMS_PhoneHome(008)" baseInstanceName="AMS_PhoneHome" loadTestItemId="8" />
                </PlotDescriptor>
                <PlotDescriptor colorArgb="-16741493" lineStyle="0" fixedRange="152" rangeGroup="Avg. Response Time" showOnGraph="true" isSelected="false" counterMetadata="ClipBundle;ClipBundle;AMS_5.99_ClipBundle">
                  <CounterDescriptor machineName="SEM03VVM-020" categoryName="LoadTest:Transaction" counterName="Avg. Response Time" instanceName="AMS_5.99_ClipBundle(009)" baseInstanceName="AMS_5.99_ClipBundle" loadTestItemId="9" />
                </PlotDescriptor>
                <PlotDescriptor colorArgb="-5383962" lineStyle="0" fixedRange="152" rangeGroup="Avg. Response Time" showOnGraph="true" isSelected="false" counterMetadata="AMS_5.99_ReportingUpload_NewTransHist;Reporting_TransHist;AMS_RprtngUpload_TransHist">
                  <CounterDescriptor machineName="SEM03VVM-020" categoryName="LoadTest:Transaction" counterName="Avg. Response Time" instanceName="AMS_RprtngUpload_TransHist(010)" baseInstanceName="AMS_RprtngUpload_TransHist" loadTestItemId="10" />
                </PlotDescriptor>
                <PlotDescriptor colorArgb="-7278960" lineStyle="0" fixedRange="152" rangeGroup="Avg. Response Time" showOnGraph="true" isSelected="false" counterMetadata="AMS_5.99_All_Connectors_IPLprocess;IPL;AMS_IPL_Offers">
                  <CounterDescriptor machineName="SEM03VVM-020" categoryName="LoadTest:Transaction" counterName="Avg. Response Time" instanceName="AMS_IPL_Offers(011)" baseInstanceName="AMS_IPL_Offers" loadTestItemId="11" />
                </PlotDescriptor>
                <PlotDescriptor colorArgb="-38476" lineStyle="0" fixedRange="152" rangeGroup="Avg. Response Time" showOnGraph="true" isSelected="false" counterMetadata="AMS_5.99_All_Connectors_IPLprocess;IPL;AMS_IPL_PG">
                  <CounterDescriptor machineName="SEM03VVM-020" categoryName="LoadTest:Transaction" counterName="Avg. Response Time" instanceName="AMS_IPL_PG(012)" baseInstanceName="AMS_IPL_PG" loadTestItemId="12" />
                </PlotDescriptor>
                <PlotDescriptor colorArgb="-10496" lineStyle="0" fixedRange="152" rangeGroup="Avg. Response Time" showOnGraph="true" isSelected="false" counterMetadata="AMS_5.99_ReportingUpload_Impressions;Reporting_Impressions;AMS_RprtngUpload_Impressions">
                  <CounterDescriptor machineName="SEM03VVM-020" categoryName="LoadTest:Transaction" counterName="Avg. Response Time" instanceName="AMS_RprtngUpload_Impressions(013)" baseInstanceName="AMS_RprtngUpload_Impressions" loadTestItemId="13" />
                </PlotDescriptor>
                <PlotDescriptor colorArgb="-16777216" lineStyle="0" fixedRange="152" rangeGroup="Avg. Response Time" showOnGraph="true" isSelected="false" counterMetadata="AMS_5.99_TransDownload;TranDownload;AMS_TransDwnld_Fetch">
                  <CounterDescriptor machineName="SEM03VVM-020" categoryName="LoadTest:Transaction" counterName="Avg. Response Time" instanceName="AMS_TransDwnld_Fetch(014)" baseInstanceName="AMS_TransDwnld_Fetch" loadTestItemId="14" />
                </PlotDescriptor>
                <PlotDescriptor colorArgb="-65536" lineStyle="0" fixedRange="152" rangeGroup="Avg. Response Time" showOnGraph="true" isSelected="false" counterMetadata="AMS_5.99_TransDownload;TranDownload;AMS_TransDwnld_Ack">
                  <CounterDescriptor machineName="SEM03VVM-020" categoryName="LoadTest:Transaction" counterName="Avg. Response Time" instanceName="AMS_TransDwnld_Ack(015)" baseInstanceName="AMS_TransDwnld_Ack" loadTestItemId="15" />
                </PlotDescriptor>
                <PlotDescriptor colorArgb="-16744448" lineStyle="0" fixedRange="152" rangeGroup="Avg. Response Time" showOnGraph="true" isSelected="false" counterMetadata="AMS_5.99_IncentiveFetch;IncentiveFetch;AMS_InctFetch_Fetch">
                  <CounterDescriptor machineName="SEM03VVM-020" categoryName="LoadTest:Transaction" counterName="Avg. Response Time" instanceName="AMS_InctFetch_Fetch(016)" baseInstanceName="AMS_InctFetch_Fetch" loadTestItemId="16" />
                </PlotDescriptor>
                <PlotDescriptor colorArgb="-16776961" lineStyle="0" fixedRange="152" rangeGroup="Avg. Response Time" showOnGraph="true" isSelected="false" counterMetadata="AMS_5.99_IncentiveFetch;IncentiveFetch;AMS_InctFetch_Ack">
                  <CounterDescriptor machineName="SEM03VVM-020" categoryName="LoadTest:Transaction" counterName="Avg. Response Time" instanceName="AMS_InctFetch_Ack(017)" baseInstanceName="AMS_InctFetch_Ack" loadTestItemId="17" />
                </PlotDescriptor>
                <PlotDescriptor colorArgb="-8388480" lineStyle="0" fixedRange="152" rangeGroup="Avg. Response Time" showOnGraph="true" isSelected="false" counterMetadata="AMS_5.99_Issuance;Issuance;AMS_Issuance">
                  <CounterDescriptor machineName="SEM03VVM-020" categoryName="LoadTest:Transaction" counterName="Avg. Response Time" instanceName="AMS_Issuance(018)" baseInstanceName="AMS_Issuance" loadTestItemId="18" />
                </PlotDescriptor>
                <PlotDescriptor colorArgb="-23296" lineStyle="0" fixedRange="152" rangeGroup="Avg. Response Time" showOnGraph="true" isSelected="false" counterMetadata="AMS_5.99_All_Connectors_IPLprocess;IPL;AMS_IPL_Cust">
                  <CounterDescriptor machineName="SEM03VVM-020" categoryName="LoadTest:Transaction" counterName="Avg. Response Time" instanceName="AMS_IPL_Cust(019)" baseInstanceName="AMS_IPL_Cust" loadTestItemId="19" />
                </PlotDescriptor>
                <PlotDescriptor colorArgb="-16744320" lineStyle="0" fixedRange="152" rangeGroup="Avg. Response Time" showOnGraph="true" isSelected="false" counterMetadata="AMS_5.99_All_Connectors_IPLprocess;IPL;AMS_IPL_CG">
                  <CounterDescriptor machineName="SEM03VVM-020" categoryName="LoadTest:Transaction" counterName="Avg. Response Time" instanceName="AMS_IPL_CG(020)" baseInstanceName="AMS_IPL_CG" loadTestItemId="20" />
                </PlotDescriptor>
                <PlotDescriptor colorArgb="-7667712" lineStyle="0" fixedRange="152" rangeGroup="Avg. Response Time" showOnGraph="true" isSelected="false" counterMetadata="AMS_5.99_All_Connectors_IPLprocess;IPL;AMS_IPL_Points">
                  <CounterDescriptor machineName="SEM03VVM-020" categoryName="LoadTest:Transaction" counterName="Avg. Response Time" instanceName="AMS_IPL_Points(021)" baseInstanceName="AMS_IPL_Points" loadTestItemId="21" />
                </PlotDescriptor>
                <PlotDescriptor colorArgb="-16751616" lineStyle="0" fixedRange="152" rangeGroup="Avg. Response Time" showOnGraph="true" isSelected="false" counterMetadata="AMS_5.99_All_Connectors_IPLprocess;IPL;AMS_IPL_RD">
                  <CounterDescriptor machineName="SEM03VVM-020" categoryName="LoadTest:Transaction" counterName="Avg. Response Time" instanceName="AMS_IPL_RD(022)" baseInstanceName="AMS_IPL_RD" loadTestItemId="22" />
                </PlotDescriptor>
                <PlotDescriptor colorArgb="-16777077" lineStyle="0" fixedRange="152" rangeGroup="Avg. Response Time" showOnGraph="true" isSelected="false" counterMetadata="AMS_5.99_All_Connectors_IPLprocess;IPL;AMS_IPL_RA">
                  <CounterDescriptor machineName="SEM03VVM-020" categoryName="LoadTest:Transaction" counterName="Avg. Response Time" instanceName="AMS_IPL_RA(023)" baseInstanceName="AMS_IPL_RA" loadTestItemId="23" />
                </PlotDescriptor>
                <PlotDescriptor colorArgb="-16741493" lineStyle="0" fixedRange="152" rangeGroup="Avg. Response Time" showOnGraph="true" isSelected="false" counterMetadata="AMS_5.99_All_Connectors_IPLprocess;IPL;AMS_IPL_SV">
                  <CounterDescriptor machineName="SEM03VVM-020" categoryName="LoadTest:Transaction" counterName="Avg. Response Time" instanceName="AMS_IPL_SV(024)" baseInstanceName="AMS_IPL_SV" loadTestItemId="24" />
                </PlotDescriptor>
                <PlotDescriptor colorArgb="-5383962" lineStyle="0" fixedRange="152" rangeGroup="Avg. Response Time" showOnGraph="true" isSelected="false" counterMetadata="AMS_5.99_All_Connectors_IPLprocess;IPL;AMS_IPL_UR">
                  <CounterDescriptor machineName="SEM03VVM-020" categoryName="LoadTest:Transaction" counterName="Avg. Response Time" instanceName="AMS_IPL_UR(025)" baseInstanceName="AMS_IPL_UR" loadTestItemId="25" />
                </PlotDescriptor>
                <PlotDescriptor colorArgb="-7278960" lineStyle="0" fixedRange="152" rangeGroup="Avg. Response Time" showOnGraph="true" isSelected="false" counterMetadata="AMS_5.99_All_Connectors_IPLprocess;IPL;AMS_IPL_CA">
                  <CounterDescriptor machineName="SEM03VVM-020" categoryName="LoadTest:Transaction" counterName="Avg. Response Time" instanceName="AMS_IPL_CA(026)" baseInstanceName="AMS_IPL_CA" loadTestItemId="26" />
                </PlotDescriptor>
                <PlotDescriptor colorArgb="-38476" lineStyle="0" fixedRange="152" rangeGroup="Avg. Response Time" showOnGraph="true" isSelected="false" counterMetadata="AMS_5.99_All_Connectors_IPLprocess;IPL;AMS_IPL_SF">
                  <CounterDescriptor machineName="SEM03VVM-020" categoryName="LoadTest:Transaction" counterName="Avg. Response Time" instanceName="AMS_IPL_SF(027)" baseInstanceName="AMS_IPL_SF" loadTestItemId="27" />
                </PlotDescriptor>
              </PlotDescriptors>
            </GraphDescriptor>
            <GraphDescriptor graphName="Page Response Time">
              <HorizontalZoomRange lower="-1" upper="-1" />
              <VerticalZoomRange lower="0" upper="152" />
              <PlotDescriptors>
                <PlotDescriptor colorArgb="-65536" lineStyle="0" fixedRange="152" rangeGroup="Avg. Page Time" showOnGraph="true" isSelected="false" counterMetadata="AMS_5.99_ReportingUpload_TnsRdmptn;Reporting_TransRedemptn;http://192.168.102.251/connectors/cpe/ReportingUpload.aspx----{POST}">
                  <CounterDescriptor machineName="SEM03VVM-020" categoryName="LoadTest:Page" counterName="Avg. Page Time" instanceName="ReportingUpload-aspx{POST}(000)" baseInstanceName="ReportingUpload-aspx{POST}" loadTestItemId="0" />
                </PlotDescriptor>
                <PlotDescriptor colorArgb="-16744448" lineStyle="0" fixedRange="152" rangeGroup="Avg. Page Time" showOnGraph="true" isSelected="false" counterMetadata="AMS_5.99_TransUpload;TransUpload;http://192.168.102.251/connectors/cpe/TransUpload.aspx----{POST}">
                  <CounterDescriptor machineName="SEM03VVM-020" categoryName="LoadTest:Page" counterName="Avg. Page Time" instanceName="TransUpload-aspx{POST}(001)" baseInstanceName="TransUpload-aspx{POST}" loadTestItemId="1" />
                </PlotDescriptor>
                <PlotDescriptor colorArgb="-16776961" lineStyle="0" fixedRange="152" rangeGroup="Avg. Page Time" showOnGraph="true" isSelected="false" counterMetadata="AMS_5.99_IncentiveFetch;IncentiveFetch;http://192.168.102.251/connectors/CPE/incentivefetch.aspx----{GET}">
                  <CounterDescriptor machineName="SEM03VVM-020" categoryName="LoadTest:Page" counterName="Avg. Page Time" instanceName="incentivefetch-aspx{GET}(002)" baseInstanceName="incentivefetch-aspx{GET}" loadTestItemId="2" />
                </PlotDescriptor>
                <PlotDescriptor colorArgb="-8388480" lineStyle="0" fixedRange="152" rangeGroup="Avg. Page Time" showOnGraph="true" isSelected="false" counterMetadata="AMS_5.99_EOC_AddOffer;Addoffer;http://192.168.102.251/connectors/CPE/ExternalOfferConnector.asmx----{POST}">
                  <CounterDescriptor machineName="SEM03VVM-020" categoryName="LoadTest:Page" counterName="Avg. Page Time" instanceName="ExternalOfferConnector-asmx{POST}(003)" baseInstanceName="ExternalOfferConnector-asmx{POST}" loadTestItemId="3" />
                </PlotDescriptor>
                <PlotDescriptor colorArgb="-23296" lineStyle="0" fixedRange="152" rangeGroup="Avg. Page Time" showOnGraph="true" isSelected="false" counterMetadata="AMS_5.99_PhoneHome;Phonehome;http://192.168.102.251/connectors/cpe/phonehome.aspx----{GET}">
                  <CounterDescriptor machineName="SEM03VVM-020" categoryName="LoadTest:Page" counterName="Avg. Page Time" instanceName="phonehome-aspx{GET}(004)" baseInstanceName="phonehome-aspx{GET}" loadTestItemId="4" />
                </PlotDescriptor>
                <PlotDescriptor colorArgb="-16744320" lineStyle="0" fixedRange="152" rangeGroup="Avg. Page Time" showOnGraph="true" isSelected="false" counterMetadata="ClipBundle;ClipBundle;http://192.168.102.251/connectors/CPE/ExternalOfferConnector.asmx----{POST}">
                  <CounterDescriptor machineName="SEM03VVM-020" categoryName="LoadTest:Page" counterName="Avg. Page Time" instanceName="ExternalOfferConnector-asmx{POST}(005)" baseInstanceName="ExternalOfferConnector-asmx{POST}" loadTestItemId="5" />
                </PlotDescriptor>
                <PlotDescriptor colorArgb="-7667712" lineStyle="0" fixedRange="152" rangeGroup="Avg. Page Time" showOnGraph="true" isSelected="false" counterMetadata="AMS_5.99_ReportingUpload_NewTransHist;Reporting_TransHist;http://192.168.102.251/connectors/cpe/ReportingUpload.aspx----{POST}">
                  <CounterDescriptor machineName="SEM03VVM-020" categoryName="LoadTest:Page" counterName="Avg. Page Time" instanceName="ReportingUpload-aspx{POST}(006)" baseInstanceName="ReportingUpload-aspx{POST}" loadTestItemId="6" />
                </PlotDescriptor>
                <PlotDescriptor colorArgb="-16751616" lineStyle="0" fixedRange="152" rangeGroup="Avg. Page Time" showOnGraph="true" isSelected="false" counterMetadata="AMS_5.99_All_Connectors_IPLprocess;IPL;http://192.168.102.251/connectors/cpe/IPL-Offers.aspx----{GET}">
                  <CounterDescriptor machineName="SEM03VVM-020" categoryName="LoadTest:Page" counterName="Avg. Page Time" instanceName="IPL-Offers-aspx{GET}(008)" baseInstanceName="IPL-Offers-aspx{GET}" loadTestItemId="8" />
                </PlotDescriptor>
                <PlotDescriptor colorArgb="-16777077" lineStyle="0" fixedRange="152" rangeGroup="Avg. Page Time" showOnGraph="true" isSelected="false" counterMetadata="AMS_5.99_All_Connectors_IPLprocess;IPL;http://192.168.102.251/connectors/cpe/IPL-PG.aspx----{GET}">
                  <CounterDescriptor machineName="SEM03VVM-020" categoryName="LoadTest:Page" counterName="Avg. Page Time" instanceName="IPL-PG-aspx{GET}(007)" baseInstanceName="IPL-PG-aspx{GET}" loadTestItemId="7" />
                </PlotDescriptor>
                <PlotDescriptor colorArgb="-16741493" lineStyle="0" fixedRange="152" rangeGroup="Avg. Page Time" showOnGraph="true" isSelected="false" counterMetadata="AMS_5.99_ReportingUpload_Impressions;Reporting_Impressions;http://192.168.102.251/connectors/cpe/ReportingUpload.aspx----{POST}">
                  <CounterDescriptor machineName="SEM03VVM-020" categoryName="LoadTest:Page" counterName="Avg. Page Time" instanceName="ReportingUpload-aspx{POST}(009)" baseInstanceName="ReportingUpload-aspx{POST}" loadTestItemId="9" />
                </PlotDescriptor>
                <PlotDescriptor colorArgb="-5383962" lineStyle="0" fixedRange="152" rangeGroup="Avg. Page Time" showOnGraph="true" isSelected="false" counterMetadata="AMS_5.99_TransDownload;TranDownload;http://192.168.102.251/connectors/cpe/transdownload.aspx----{GET}">
                  <CounterDescriptor machineName="SEM03VVM-020" categoryName="LoadTest:Page" counterName="Avg. Page Time" instanceName="transdownload-aspx{GET}(010)" baseInstanceName="transdownload-aspx{GET}" loadTestItemId="10" />
                </PlotDescriptor>
                <PlotDescriptor colorArgb="-7278960" lineStyle="0" fixedRange="152" rangeGroup="Avg. Page Time" showOnGraph="true" isSelected="false" counterMetadata="AMS_5.99_Issuance;Issuance;http://192.168.102.251/connectors/cpe/CPE-RemoteData.aspx----{POST}">
                  <CounterDescriptor machineName="SEM03VVM-020" categoryName="LoadTest:Page" counterName="Avg. Page Time" instanceName="CPE-RemoteData-aspx{POST}(011)" baseInstanceName="CPE-RemoteData-aspx{POST}" loadTestItemId="11" />
                </PlotDescriptor>
                <PlotDescriptor colorArgb="-38476" lineStyle="0" fixedRange="152" rangeGroup="Avg. Page Time" showOnGraph="true" isSelected="false" counterMetadata="AMS_5.99_All_Connectors_IPLprocess;IPL;http://192.168.102.251/connectors/cpe/IPL-Customers.aspx----{GET}">
                  <CounterDescriptor machineName="SEM03VVM-020" categoryName="LoadTest:Page" counterName="Avg. Page Time" instanceName="IPL-Customers-aspx{GET}(014)" baseInstanceName="IPL-Customers-aspx{GET}" loadTestItemId="14" />
                </PlotDescriptor>
                <PlotDescriptor colorArgb="-10496" lineStyle="0" fixedRange="152" rangeGroup="Avg. Page Time" showOnGraph="true" isSelected="false" counterMetadata="AMS_5.99_All_Connectors_IPLprocess;IPL;http://192.168.102.251/connectors/cpe/IPL-CG.aspx----{GET}">
                  <CounterDescriptor machineName="SEM03VVM-020" categoryName="LoadTest:Page" counterName="Avg. Page Time" instanceName="IPL-CG-aspx{GET}(013)" baseInstanceName="IPL-CG-aspx{GET}" loadTestItemId="13" />
                </PlotDescriptor>
                <PlotDescriptor colorArgb="-16777216" lineStyle="0" fixedRange="152" rangeGroup="Avg. Page Time" showOnGraph="true" isSelected="false" counterMetadata="AMS_5.99_All_Connectors_IPLprocess;IPL;http://192.168.102.251/connectors/cpe/IPL-Points.aspx----{GET}">
                  <CounterDescriptor machineName="SEM03VVM-020" categoryName="LoadTest:Page" counterName="Avg. Page Time" instanceName="IPL-Points-aspx{GET}(012)" baseInstanceName="IPL-Points-aspx{GET}" loadTestItemId="12" />
                </PlotDescriptor>
                <PlotDescriptor colorArgb="-65536" lineStyle="0" fixedRange="152" rangeGroup="Avg. Page Time" showOnGraph="true" isSelected="false" counterMetadata="AMS_5.99_All_Connectors_IPLprocess;IPL;http://192.168.102.251/connectors/cpe/IPL-RD.aspx----{GET}">
                  <CounterDescriptor machineName="SEM03VVM-020" categoryName="LoadTest:Page" counterName="Avg. Page Time" instanceName="IPL-RD-aspx{GET}(015)" baseInstanceName="IPL-RD-aspx{GET}" loadTestItemId="15" />
                </PlotDescriptor>
                <PlotDescriptor colorArgb="-16744448" lineStyle="0" fixedRange="152" rangeGroup="Avg. Page Time" showOnGraph="true" isSelected="true" counterMetadata="AMS_5.99_All_Connectors_IPLprocess;IPL;http://192.168.102.251/connectors/cpe/IPL-RA.aspx----{GET}">
                  <CounterDescriptor machineName="SEM03VVM-020" categoryName="LoadTest:Page" counterName="Avg. Page Time" instanceName="IPL-RA-aspx{GET}(019)" baseInstanceName="IPL-RA-aspx{GET}" loadTestItemId="19" />
                </PlotDescriptor>
                <PlotDescriptor colorArgb="-16776961" lineStyle="0" fixedRange="152" rangeGroup="Avg. Page Time" showOnGraph="true" isSelected="false" counterMetadata="AMS_5.99_All_Connectors_IPLprocess;IPL;http://192.168.102.251/connectors/cpe/IPL-SV.aspx----{GET}">
                  <CounterDescriptor machineName="SEM03VVM-020" categoryName="LoadTest:Page" counterName="Avg. Page Time" instanceName="IPL-SV-aspx{GET}(017)" baseInstanceName="IPL-SV-aspx{GET}" loadTestItemId="17" />
                </PlotDescriptor>
                <PlotDescriptor colorArgb="-8388480" lineStyle="0" fixedRange="152" rangeGroup="Avg. Page Time" showOnGraph="true" isSelected="false" counterMetadata="AMS_5.99_All_Connectors_IPLprocess;IPL;http://192.168.102.251/connectors/cpe/IPL-UR.aspx----{GET}">
                  <CounterDescriptor machineName="SEM03VVM-020" categoryName="LoadTest:Page" counterName="Avg. Page Time" instanceName="IPL-UR-aspx{GET}(016)" baseInstanceName="IPL-UR-aspx{GET}" loadTestItemId="16" />
                </PlotDescriptor>
                <PlotDescriptor colorArgb="-23296" lineStyle="0" fixedRange="152" rangeGroup="Avg. Page Time" showOnGraph="true" isSelected="false" counterMetadata="AMS_5.99_All_Connectors_IPLprocess;IPL;http://192.168.102.251/connectors/cpe/IPL-CA.aspx----{GET}">
                  <CounterDescriptor machineName="SEM03VVM-020" categoryName="LoadTest:Page" counterName="Avg. Page Time" instanceName="IPL-CA-aspx{GET}(018)" baseInstanceName="IPL-CA-aspx{GET}" loadTestItemId="18" />
                </PlotDescriptor>
                <PlotDescriptor colorArgb="-16744320" lineStyle="0" fixedRange="152" rangeGroup="Avg. Page Time" showOnGraph="true" isSelected="false" counterMetadata="AMS_5.99_All_Connectors_IPLprocess;IPL;http://192.168.102.251/connectors/cpe/IPL-SF.aspx----{GET}">
                  <CounterDescriptor machineName="SEM03VVM-020" categoryName="LoadTest:Page" counterName="Avg. Page Time" instanceName="IPL-SF-aspx{GET}(020)" baseInstanceName="IPL-SF-aspx{GET}" loadTestItemId="20" />
                </PlotDescriptor>
              </PlotDescriptors>
            </GraphDescriptor>
          </GraphDescriptors>
        </LoadTestRunDescriptor>
      </AnalyzerViewState>
      <Summary>
        <PerformanceCounterResults>
          <PerformanceCounterResult isOverallResultCounter="true" higherIsBetter="true" machineName="SEM03VVM-020" categoryName="LoadTest:Scenario" counterName="User Load" instanceName="_Total" value="1616" />
          <PerformanceCounterResult isOverallResultCounter="true" higherIsBetter="true" machineName="SEM03VVM-020" categoryName="LoadTest:Test" counterName="Total Tests" instanceName="_Total" value="434580" />
          <PerformanceCounterResult isOverallResultCounter="true" higherIsBetter="false" machineName="SEM03VVM-020" categoryName="LoadTest:Test" counterName="Failed Tests" instanceName="_Total" value="1564" />
          <PerformanceCounterResult isOverallResultCounter="true" higherIsBetter="true" machineName="SEM03VVM-020" categoryName="LoadTest:Test" counterName="Tests/Sec" instanceName="_Total" value="120.716667" />
          <PerformanceCounterResult isOverallResultCounter="true" higherIsBetter="false" machineName="SEM03VVM-020" categoryName="LoadTest:Test" counterName="Avg. Test Time" instanceName="_Total" value="0.6271174" />
          <PerformanceCounterResult isOverallResultCounter="true" higherIsBetter="true" machineName="SEM03VVM-020" categoryName="LoadTest:Request" counterName="Total Requests" instanceName="_Total" value="444366" />
          <PerformanceCounterResult isOverallResultCounter="true" higherIsBetter="false" machineName="SEM03VVM-020" categoryName="LoadTest:Request" counterName="Failed Requests" instanceName="_Total" value="1564" />
          <PerformanceCounterResult isOverallResultCounter="true" higherIsBetter="true" machineName="SEM03VVM-020" categoryName="LoadTest:Request" counterName="Cached Requests" instanceName="_Total" value="0" />
          <PerformanceCounterResult isOverallResultCounter="true" higherIsBetter="true" machineName="SEM03VVM-020" categoryName="LoadTest:Request" counterName="Requests/Sec" instanceName="_Total" value="123.435" />
          <PerformanceCounterResult isOverallResultCounter="true" higherIsBetter="false" machineName="SEM03VVM-020" categoryName="LoadTest:Request" counterName="Avg. Response Time" instanceName="_Total" value="0.454810917" />
          <PerformanceCounterResult isOverallResultCounter="false" higherIsBetter="false" machineName="SEM03VVM-020" categoryName="Processor" counterName="% Processor Time" instanceName="_Total" value="7.181569" />
          <PerformanceCounterResult isOverallResultCounter="false" higherIsBetter="true" machineName="SEM03VVM-020" categoryName="Memory" counterName="Available MBytes" instanceName="-" value="1559" />
          <PerformanceCounterResult isOverallResultCounter="false" higherIsBetter="false" machineName="SEM03VVM-020" categoryName="Network Interface" counterName="Bytes Received/sec" instanceName="6to4 adapter" value="0.086666666" />
          <PerformanceCounterResult isOverallResultCounter="false" higherIsBetter="false" machineName="SEM03VVM-020" categoryName="Network Interface" counterName="Bytes Received/sec" instanceName="intel[r] pro_1000 mt network connection" value="9626.716" />
          <PerformanceCounterResult isOverallResultCounter="false" higherIsBetter="false" machineName="SEM03VVM-020" categoryName="Network Interface" counterName="Bytes Received/sec" instanceName="isatap.{aaf1aba2-fc1e-4573-9c5c-5d30e99f2588}" value="0" />
          <PerformanceCounterResult isOverallResultCounter="false" higherIsBetter="false" machineName="SEM03VVM-020" categoryName="Network Interface" counterName="Bytes Received/sec" instanceName="isatap.{d33e08c3-1e37-4843-a8fd-ef602b64ae41}" value="0" />
          <PerformanceCounterResult isOverallResultCounter="false" higherIsBetter="false" machineName="SEM03VVM-020" categoryName="Network Interface" counterName="Bytes Received/sec" instanceName="local area connection* 9" value="0" />
          <PerformanceCounterResult isOverallResultCounter="false" higherIsBetter="false" machineName="SEM03VVM-020" categoryName="Network Interface" counterName="Bytes Received/sec" instanceName="vmxnet3 ethernet adapter _3" value="246.704163" />
          <PerformanceCounterResult isOverallResultCounter="false" higherIsBetter="false" machineName="SEM03VVM-020" categoryName="Network Interface" counterName="Bytes Sent/sec" instanceName="6to4 adapter" value="0.197777778" />
          <PerformanceCounterResult isOverallResultCounter="false" higherIsBetter="false" machineName="SEM03VVM-020" categoryName="Network Interface" counterName="Bytes Sent/sec" instanceName="intel[r] pro_1000 mt network connection" value="253.870834" />
          <PerformanceCounterResult isOverallResultCounter="false" higherIsBetter="false" machineName="SEM03VVM-020" categoryName="Network Interface" counterName="Bytes Sent/sec" instanceName="isatap.{aaf1aba2-fc1e-4573-9c5c-5d30e99f2588}" value="0" />
          <PerformanceCounterResult isOverallResultCounter="false" higherIsBetter="false" machineName="SEM03VVM-020" categoryName="Network Interface" counterName="Bytes Sent/sec" instanceName="isatap.{d33e08c3-1e37-4843-a8fd-ef602b64ae41}" value="0" />
          <PerformanceCounterResult isOverallResultCounter="false" higherIsBetter="false" machineName="SEM03VVM-020" categoryName="Network Interface" counterName="Bytes Sent/sec" instanceName="local area connection* 9" value="0" />
          <PerformanceCounterResult isOverallResultCounter="false" higherIsBetter="false" machineName="SEM03VVM-020" categoryName="Network Interface" counterName="Bytes Sent/sec" instanceName="vmxnet3 ethernet adapter _3" value="1028.96838" />
        </PerformanceCounterResults>
        <PageSummaries>
          <PageSummary scenarioName="Reporting_TransRedemptn" testName="AMS_5.99_ReportingUpload_TnsRdmptn" url="ReportingUpload.aspx{POST}" pageCount="1799" responseTime="277" />
          <PageSummary scenarioName="TransUpload" testName="AMS_5.99_TransUpload" url="TransUpload.aspx{POST}" pageCount="10798" responseTime="705" />
          <PageSummary scenarioName="IncentiveFetch" testName="AMS_5.99_IncentiveFetch" url="incentivefetch.aspx{GET}" pageCount="3597" responseTime="51" />
          <PageSummary scenarioName="Addoffer" testName="AMS_5.99_EOC_AddOffer" url="ExternalOfferConnector.asmx{POST}" pageCount="408" responseTime="395" />
          <PageSummary scenarioName="Phonehome" testName="AMS_5.99_PhoneHome" url="phonehome.aspx{GET}" pageCount="12598" responseTime="90" />
          <PageSummary scenarioName="ClipBundle" testName="ClipBundle" url="ExternalOfferConnector.asmx{POST}" pageCount="399988" responseTime="156" />
          <PageSummary scenarioName="Reporting_TransHist" testName="AMS_5.99_ReportingUpload_NewTransHist" url="ReportingUpload.aspx{POST}" pageCount="1799" responseTime="466" />
          <PageSummary scenarioName="IPL" testName="AMS_5.99_All_Connectors_IPLprocess" url="IPL-Offers.aspx{GET}" pageCount="597" responseTime="1173" />
          <PageSummary scenarioName="IPL" testName="AMS_5.99_All_Connectors_IPLprocess" url="IPL-PG.aspx{GET}" pageCount="597" responseTime="1006" />
          <PageSummary scenarioName="Reporting_Impressions" testName="AMS_5.99_ReportingUpload_Impressions" url="ReportingUpload.aspx{POST}" pageCount="1799" responseTime="246" />
          <PageSummary scenarioName="TranDownload" testName="AMS_5.99_TransDownload" url="transdownload.aspx{GET}" pageCount="3597" responseTime="63" />
          <PageSummary scenarioName="Issuance" testName="AMS_5.99_Issuance" url="CPE-RemoteData.aspx{POST}" pageCount="1551" responseTime="45410" />
          <PageSummary scenarioName="IPL" testName="AMS_5.99_All_Connectors_IPLprocess" url="IPL-Customers.aspx{GET}" pageCount="582" responseTime="89856" />
          <PageSummary scenarioName="IPL" testName="AMS_5.99_All_Connectors_IPLprocess" url="IPL-CG.aspx{GET}" pageCount="582" responseTime="961" />
          <PageSummary scenarioName="IPL" testName="AMS_5.99_All_Connectors_IPLprocess" url="IPL-Points.aspx{GET}" pageCount="582" responseTime="248" />
          <PageSummary scenarioName="IPL" testName="AMS_5.99_All_Connectors_IPLprocess" url="IPL-RD.aspx{GET}" pageCount="582" responseTime="3806" />
          <PageSummary scenarioName="IPL" testName="AMS_5.99_All_Connectors_IPLprocess" url="IPL-RA.aspx{GET}" pageCount="582" responseTime="794" />
          <PageSummary scenarioName="IPL" testName="AMS_5.99_All_Connectors_IPLprocess" url="IPL-SV.aspx{GET}" pageCount="582" responseTime="740" />
          <PageSummary scenarioName="IPL" testName="AMS_5.99_All_Connectors_IPLprocess" url="IPL-UR.aspx{GET}" pageCount="582" responseTime="739" />
          <PageSummary scenarioName="IPL" testName="AMS_5.99_All_Connectors_IPLprocess" url="IPL-CA.aspx{GET}" pageCount="582" responseTime="119" />
          <PageSummary scenarioName="IPL" testName="AMS_5.99_All_Connectors_IPLprocess" url="IPL-SF.aspx{GET}" pageCount="582" responseTime="236" />
        </PageSummaries>
        <TestSummaries>
          <TestSummary scenarioName="Reporting_TransRedemptn" testName="AMS_5.99_ReportingUpload_TnsRdmptn" totalTests="1799" testsFailed="0" averageDuration="278" />
          <TestSummary scenarioName="TransUpload" testName="AMS_5.99_TransUpload" totalTests="10798" testsFailed="0" averageDuration="706" />
          <TestSummary scenarioName="IncentiveFetch" testName="AMS_5.99_IncentiveFetch" totalTests="1799" testsFailed="0" averageDuration="22104" />
          <TestSummary scenarioName="Addoffer" testName="AMS_5.99_EOC_AddOffer" totalTests="68" testsFailed="0" averageDuration="2376" />
          <TestSummary scenarioName="Phonehome" testName="AMS_5.99_PhoneHome" totalTests="12598" testsFailed="0" averageDuration="91" />
          <TestSummary scenarioName="ClipBundle" testName="ClipBundle" totalTests="399988" testsFailed="11" averageDuration="156" />
          <TestSummary scenarioName="Reporting_TransHist" testName="AMS_5.99_ReportingUpload_NewTransHist" totalTests="1799" testsFailed="0" averageDuration="467" />
          <TestSummary scenarioName="IPL" testName="AMS_5.99_All_Connectors_IPLprocess" totalTests="582" testsFailed="2" averageDuration="99699" />
          <TestSummary scenarioName="Reporting_Impressions" testName="AMS_5.99_ReportingUpload_Impressions" totalTests="1799" testsFailed="0" averageDuration="247" />
          <TestSummary scenarioName="TranDownload" testName="AMS_5.99_TransDownload" totalTests="1799" testsFailed="0" averageDuration="17128" />
          <TestSummary scenarioName="Issuance" testName="AMS_5.99_Issuance" totalTests="1551" testsFailed="1551" averageDuration="45411" />
        </TestSummaries>
        <TransactionSummaries>
          <TransactionSummary scenarioName="Reporting_TransRedemptn" testName="AMS_5.99_ReportingUpload_TnsRdmptn" transactionName="AMS_RprtngUpload_TnsRdmptn" transactionCount="1799" elapsedTime="277" responseTime="277" />
          <TransactionSummary scenarioName="TransUpload" testName="AMS_5.99_TransUpload" transactionName="AMS_TransUpload" transactionCount="10798" elapsedTime="705" responseTime="705" />
          <TransactionSummary scenarioName="Addoffer" testName="AMS_5.99_EOC_AddOffer" transactionName="AMS_Cents_Off" transactionCount="68" elapsedTime="473" responseTime="473" />
          <TransactionSummary scenarioName="Addoffer" testName="AMS_5.99_EOC_AddOffer" transactionName="AMS_Free_Off" transactionCount="68" elapsedTime="350" responseTime="350" />
          <TransactionSummary scenarioName="Addoffer" testName="AMS_5.99_EOC_AddOffer" transactionName="AMS_Percent_Off" transactionCount="68" elapsedTime="361" responseTime="361" />
          <TransactionSummary scenarioName="Addoffer" testName="AMS_5.99_EOC_AddOffer" transactionName="AMS_Price_pnt_Wt_Vol" transactionCount="68" elapsedTime="392" responseTime="392" />
          <TransactionSummary scenarioName="Addoffer" testName="AMS_5.99_EOC_AddOffer" transactionName="AMS_Price_pnt_Items_Off" transactionCount="68" elapsedTime="375" responseTime="375" />
          <TransactionSummary scenarioName="Addoffer" testName="AMS_5.99_EOC_AddOffer" transactionName="AMS_Cents_Off_Wt_Vol" transactionCount="68" elapsedTime="417" responseTime="417" />
          <TransactionSummary scenarioName="Phonehome" testName="AMS_5.99_PhoneHome" transactionName="AMS_PhoneHome" transactionCount="12598" elapsedTime="90" responseTime="90" />
          <TransactionSummary scenarioName="ClipBundle" testName="ClipBundle" transactionName="AMS_5.99_ClipBundle" transactionCount="399988" elapsedTime="156" responseTime="156" />
          <TransactionSummary scenarioName="Reporting_TransHist" testName="AMS_5.99_ReportingUpload_NewTransHist" transactionName="AMS_RprtngUpload_TransHist" transactionCount="1799" elapsedTime="466" responseTime="466" />
          <TransactionSummary scenarioName="IPL" testName="AMS_5.99_All_Connectors_IPLprocess" transactionName="AMS_IPL_Offers" transactionCount="597" elapsedTime="1173" responseTime="1173" />
          <TransactionSummary scenarioName="IPL" testName="AMS_5.99_All_Connectors_IPLprocess" transactionName="AMS_IPL_PG" transactionCount="597" elapsedTime="1006" responseTime="1006" />
          <TransactionSummary scenarioName="Reporting_Impressions" testName="AMS_5.99_ReportingUpload_Impressions" transactionName="AMS_RprtngUpload_Impressions" transactionCount="1799" elapsedTime="246" responseTime="246" />
          <TransactionSummary scenarioName="TranDownload" testName="AMS_5.99_TransDownload" transactionName="AMS_TransDwnld_Fetch" transactionCount="1799" elapsedTime="17075" responseTime="75" />
          <TransactionSummary scenarioName="TranDownload" testName="AMS_5.99_TransDownload" transactionName="AMS_TransDwnld_Ack" transactionCount="1799" elapsedTime="50" responseTime="50" />
          <TransactionSummary scenarioName="IncentiveFetch" testName="AMS_5.99_IncentiveFetch" transactionName="AMS_InctFetch_Fetch" transactionCount="1799" elapsedTime="22056" responseTime="57" />
          <TransactionSummary scenarioName="IncentiveFetch" testName="AMS_5.99_IncentiveFetch" transactionName="AMS_InctFetch_Ack" transactionCount="1799" elapsedTime="44" responseTime="44" />
          <TransactionSummary scenarioName="Issuance" testName="AMS_5.99_Issuance" transactionName="AMS_Issuance" transactionCount="1551" elapsedTime="45410" responseTime="45410" />
          <TransactionSummary scenarioName="IPL" testName="AMS_5.99_All_Connectors_IPLprocess" transactionName="AMS_IPL_Cust" transactionCount="582" elapsedTime="89856" responseTime="89856" />
          <TransactionSummary scenarioName="IPL" testName="AMS_5.99_All_Connectors_IPLprocess" transactionName="AMS_IPL_CG" transactionCount="582" elapsedTime="961" responseTime="961" />
          <TransactionSummary scenarioName="IPL" testName="AMS_5.99_All_Connectors_IPLprocess" transactionName="AMS_IPL_Points" transactionCount="582" elapsedTime="248" responseTime="248" />
          <TransactionSummary scenarioName="IPL" testName="AMS_5.99_All_Connectors_IPLprocess" transactionName="AMS_IPL_RD" transactionCount="582" elapsedTime="3806" responseTime="3806" />
          <TransactionSummary scenarioName="IPL" testName="AMS_5.99_All_Connectors_IPLprocess" transactionName="AMS_IPL_RA" transactionCount="582" elapsedTime="794" responseTime="794" />
          <TransactionSummary scenarioName="IPL" testName="AMS_5.99_All_Connectors_IPLprocess" transactionName="AMS_IPL_SV" transactionCount="582" elapsedTime="740" responseTime="740" />
          <TransactionSummary scenarioName="IPL" testName="AMS_5.99_All_Connectors_IPLprocess" transactionName="AMS_IPL_UR" transactionCount="582" elapsedTime="739" responseTime="739" />
          <TransactionSummary scenarioName="IPL" testName="AMS_5.99_All_Connectors_IPLprocess" transactionName="AMS_IPL_CA" transactionCount="582" elapsedTime="119" responseTime="119" />
          <TransactionSummary scenarioName="IPL" testName="AMS_5.99_All_Connectors_IPLprocess" transactionName="AMS_IPL_SF" transactionCount="582" elapsedTime="236" responseTime="236" />
        </TransactionSummaries>
      </Summary>
    </LoadTestResult>
  </Results>
</TestRun>